[ 2016-02-24T09:23:14+08:00 ] 27.115.63.14 /index.php?m=Admin&c=Public&a=index
INFO: [ app_init ] --START--
INFO: Run Behavior\BuildLiteBehavior [ RunTime:0.000013s ]
INFO: [ app_init ] --END-- [ RunTime:0.000267s ]
INFO: [ app_begin ] --START--
INFO: Run Behavior\ReadHtmlCacheBehavior [ RunTime:0.000358s ]
INFO: [ app_begin ] --END-- [ RunTime:0.000398s ]
INFO: [ view_parse ] --START--
INFO: [ template_filter ] --START--
INFO: Run Behavior\ContentReplaceBehavior [ RunTime:0.000038s ]
INFO: [ template_filter ] --END-- [ RunTime:0.000090s ]
INFO: Run Behavior\ParseTemplateBehavior [ RunTime:0.005979s ]
INFO: [ view_parse ] --END-- [ RunTime:0.006017s ]
INFO: [ view_filter ] --START--
INFO: Run Behavior\WriteHtmlCacheBehavior [ RunTime:0.000117s ]
INFO: [ view_filter ] --END-- [ RunTime:0.000150s ]
INFO: [ app_end ] --START--
INFO: Run Behavior\ShowPageTraceBehavior [ RunTime:0.000368s ]
INFO: [ app_end ] --END-- [ RunTime:0.000431s ]

[ 2016-02-24T09:23:15+08:00 ] 27.115.63.14 /index.php?m=Admin&c=Public&a=index
INFO: [ app_init ] --START--
INFO: Run Behavior\BuildLiteBehavior [ RunTime:0.000012s ]
INFO: [ app_init ] --END-- [ RunTime:0.000265s ]
INFO: [ app_begin ] --START--
INFO: Run Behavior\ReadHtmlCacheBehavior [ RunTime:0.000348s ]
INFO: [ app_begin ] --END-- [ RunTime:0.000386s ]
INFO: [ view_parse ] --START--
INFO: [ template_filter ] --START--
INFO: Run Behavior\ContentReplaceBehavior [ RunTime:0.000038s ]
INFO: [ template_filter ] --END-- [ RunTime:0.000078s ]
INFO: Run Behavior\ParseTemplateBehavior [ RunTime:0.005956s ]
INFO: [ view_parse ] --END-- [ RunTime:0.005993s ]
INFO: [ view_filter ] --START--
INFO: Run Behavior\WriteHtmlCacheBehavior [ RunTime:0.000117s ]
INFO: [ view_filter ] --END-- [ RunTime:0.000150s ]
INFO: [ app_end ] --START--
INFO: Run Behavior\ShowPageTraceBehavior [ RunTime:0.000367s ]
INFO: [ app_end ] --END-- [ RunTime:0.000414s ]

[ 2016-02-24T12:09:31+08:00 ] 119.147.207.158 /index.php?m=Admin&c=Index&a=index
INFO: [ app_init ] --START--
INFO: Run Behavior\BuildLiteBehavior [ RunTime:0.000012s ]
INFO: [ app_init ] --END-- [ RunTime:0.000265s ]
INFO: [ app_begin ] --START--
INFO: Run Behavior\ReadHtmlCacheBehavior [ RunTime:0.000348s ]
INFO: [ app_begin ] --END-- [ RunTime:0.000388s ]

[ 2016-02-24T12:09:31+08:00 ] 112.90.78.22 /index.php?m=Admin&c=Index&a=index
INFO: [ app_init ] --START--
INFO: Run Behavior\BuildLiteBehavior [ RunTime:0.000011s ]
INFO: [ app_init ] --END-- [ RunTime:0.000250s ]
INFO: [ app_begin ] --START--
INFO: Run Behavior\ReadHtmlCacheBehavior [ RunTime:0.000357s ]
INFO: [ app_begin ] --END-- [ RunTime:0.000397s ]

[ 2016-02-24T12:09:33+08:00 ] 119.147.207.158 /index.php?m=Admin&c=Public&a=index
INFO: [ app_init ] --START--
INFO: Run Behavior\BuildLiteBehavior [ RunTime:0.000013s ]
INFO: [ app_init ] --END-- [ RunTime:0.000263s ]
INFO: [ app_begin ] --START--
INFO: Run Behavior\ReadHtmlCacheBehavior [ RunTime:0.000350s ]
INFO: [ app_begin ] --END-- [ RunTime:0.000389s ]
INFO: [ view_parse ] --START--
INFO: [ template_filter ] --START--
INFO: Run Behavior\ContentReplaceBehavior [ RunTime:0.000038s ]
INFO: [ template_filter ] --END-- [ RunTime:0.000078s ]
INFO: Run Behavior\ParseTemplateBehavior [ RunTime:0.006019s ]
INFO: [ view_parse ] --END-- [ RunTime:0.006057s ]
INFO: [ view_filter ] --START--
INFO: Run Behavior\WriteHtmlCacheBehavior [ RunTime:0.000116s ]
INFO: [ view_filter ] --END-- [ RunTime:0.000149s ]
INFO: [ app_end ] --START--
INFO: Run Behavior\ShowPageTraceBehavior [ RunTime:0.000361s ]
INFO: [ app_end ] --END-- [ RunTime:0.000411s ]

[ 2016-02-24T12:09:33+08:00 ] 119.147.21.145 /index.php?m=Admin&c=Public&a=index
INFO: [ app_init ] --START--
INFO: Run Behavior\BuildLiteBehavior [ RunTime:0.000011s ]
INFO: [ app_init ] --END-- [ RunTime:0.000254s ]
INFO: [ app_begin ] --START--
INFO: Run Behavior\ReadHtmlCacheBehavior [ RunTime:0.000347s ]
INFO: [ app_begin ] --END-- [ RunTime:0.000399s ]
INFO: [ view_parse ] --START--
INFO: [ template_filter ] --START--
INFO: Run Behavior\ContentReplaceBehavior [ RunTime:0.000039s ]
INFO: [ template_filter ] --END-- [ RunTime:0.000079s ]
INFO: Run Behavior\ParseTemplateBehavior [ RunTime:0.005956s ]
INFO: [ view_parse ] --END-- [ RunTime:0.005993s ]
INFO: [ view_filter ] --START--
INFO: Run Behavior\WriteHtmlCacheBehavior [ RunTime:0.000127s ]
INFO: [ view_filter ] --END-- [ RunTime:0.000159s ]
INFO: [ app_end ] --START--
INFO: Run Behavior\ShowPageTraceBehavior [ RunTime:0.000369s ]
INFO: [ app_end ] --END-- [ RunTime:0.000416s ]

[ 2016-02-24T12:09:33+08:00 ] 180.153.4.19 /index.php?m=Admin&c=Public&a=index
INFO: [ app_init ] --START--
INFO: Run Behavior\BuildLiteBehavior [ RunTime:0.000013s ]
INFO: [ app_init ] --END-- [ RunTime:0.000255s ]
INFO: [ app_begin ] --START--
INFO: Run Behavior\ReadHtmlCacheBehavior [ RunTime:0.000358s ]
INFO: [ app_begin ] --END-- [ RunTime:0.000398s ]
INFO: [ view_parse ] --START--
INFO: [ template_filter ] --START--
INFO: Run Behavior\ContentReplaceBehavior [ RunTime:0.000038s ]
INFO: [ template_filter ] --END-- [ RunTime:0.000078s ]
INFO: Run Behavior\ParseTemplateBehavior [ RunTime:0.005914s ]
INFO: [ view_parse ] --END-- [ RunTime:0.005951s ]
INFO: [ view_filter ] --START--
INFO: Run Behavior\WriteHtmlCacheBehavior [ RunTime:0.000113s ]
INFO: [ view_filter ] --END-- [ RunTime:0.000146s ]
INFO: [ app_end ] --START--
INFO: Run Behavior\ShowPageTraceBehavior [ RunTime:0.000365s ]
INFO: [ app_end ] --END-- [ RunTime:0.000414s ]

[ 2016-02-24T12:09:36+08:00 ] 112.90.78.22 /index.php?m=Admin&c=Public&a=index
INFO: [ app_init ] --START--
INFO: Run Behavior\BuildLiteBehavior [ RunTime:0.000024s ]
INFO: [ app_init ] --END-- [ RunTime:0.000280s ]
INFO: [ app_begin ] --START--
INFO: Run Behavior\ReadHtmlCacheBehavior [ RunTime:0.000348s ]
INFO: [ app_begin ] --END-- [ RunTime:0.000387s ]
INFO: [ view_parse ] --START--
INFO: [ template_filter ] --START--
INFO: Run Behavior\ContentReplaceBehavior [ RunTime:0.000040s ]
INFO: [ template_filter ] --END-- [ RunTime:0.000079s ]
INFO: Run Behavior\ParseTemplateBehavior [ RunTime:0.013176s ]
INFO: [ view_parse ] --END-- [ RunTime:0.013214s ]
INFO: [ view_filter ] --START--
INFO: Run Behavior\WriteHtmlCacheBehavior [ RunTime:0.000120s ]
INFO: [ view_filter ] --END-- [ RunTime:0.000154s ]
INFO: [ app_end ] --START--
INFO: Run Behavior\ShowPageTraceBehavior [ RunTime:0.000386s ]
INFO: [ app_end ] --END-- [ RunTime:0.000435s ]

[ 2016-02-24T12:09:48+08:00 ] 112.90.78.22 /index.php?m=Admin&c=Public&a=index
INFO: [ app_init ] --START--
INFO: Run Behavior\BuildLiteBehavior [ RunTime:0.000012s ]
INFO: [ app_init ] --END-- [ RunTime:0.000266s ]
INFO: [ app_begin ] --START--
INFO: Run Behavior\ReadHtmlCacheBehavior [ RunTime:0.000351s ]
INFO: [ app_begin ] --END-- [ RunTime:0.000402s ]
INFO: [ view_parse ] --START--
INFO: [ template_filter ] --START--
INFO: Run Behavior\ContentReplaceBehavior [ RunTime:0.000039s ]
INFO: [ template_filter ] --END-- [ RunTime:0.000078s ]
INFO: Run Behavior\ParseTemplateBehavior [ RunTime:0.006016s ]
INFO: [ view_parse ] --END-- [ RunTime:0.006054s ]
INFO: [ view_filter ] --START--
INFO: Run Behavior\WriteHtmlCacheBehavior [ RunTime:0.000127s ]
INFO: [ view_filter ] --END-- [ RunTime:0.000159s ]
INFO: [ app_end ] --START--
INFO: Run Behavior\ShowPageTraceBehavior [ RunTime:0.000370s ]
INFO: [ app_end ] --END-- [ RunTime:0.000414s ]

[ 2016-02-24T17:03:20+08:00 ] 27.115.63.14 /index.php?m=Admin&c=Public&a=index
INFO: [ app_init ] --START--
INFO: Run Behavior\BuildLiteBehavior [ RunTime:0.000012s ]
INFO: [ app_init ] --END-- [ RunTime:0.000269s ]
INFO: [ app_begin ] --START--
INFO: Run Behavior\ReadHtmlCacheBehavior [ RunTime:0.000349s ]
INFO: [ app_begin ] --END-- [ RunTime:0.000390s ]
INFO: [ view_parse ] --START--
INFO: [ template_filter ] --START--
INFO: Run Behavior\ContentReplaceBehavior [ RunTime:0.000040s ]
INFO: [ template_filter ] --END-- [ RunTime:0.000079s ]
INFO: Run Behavior\ParseTemplateBehavior [ RunTime:0.005964s ]
INFO: [ view_parse ] --END-- [ RunTime:0.006002s ]
INFO: [ view_filter ] --START--
INFO: Run Behavior\WriteHtmlCacheBehavior [ RunTime:0.000115s ]
INFO: [ view_filter ] --END-- [ RunTime:0.000148s ]
INFO: [ app_end ] --START--
INFO: Run Behavior\ShowPageTraceBehavior [ RunTime:0.000368s ]
INFO: [ app_end ] --END-- [ RunTime:0.000418s ]

[ 2016-02-24T17:03:26+08:00 ] 27.115.63.14 /index.php?m=Admin&c=Public&a=verify_code
INFO: [ app_init ] --START--
INFO: Run Behavior\BuildLiteBehavior [ RunTime:0.000013s ]
INFO: [ app_init ] --END-- [ RunTime:0.000264s ]
INFO: [ app_begin ] --START--
INFO: Run Behavior\ReadHtmlCacheBehavior [ RunTime:0.000361s ]
INFO: [ app_begin ] --END-- [ RunTime:0.000400s ]
INFO: [ app_end ] --START--
INFO: Run Behavior\ShowPageTraceBehavior [ RunTime:0.000368s ]
INFO: [ app_end ] --END-- [ RunTime:0.000411s ]

[ 2016-02-24T17:03:30+08:00 ] 27.115.63.14 /index.php?m=Admin&c=Public&a=verify_code&rand=0.4308151265140623
INFO: [ app_init ] --START--
INFO: Run Behavior\BuildLiteBehavior [ RunTime:0.000012s ]
INFO: [ app_init ] --END-- [ RunTime:0.000263s ]
INFO: [ app_begin ] --START--
INFO: Run Behavior\ReadHtmlCacheBehavior [ RunTime:0.000361s ]
INFO: [ app_begin ] --END-- [ RunTime:0.000400s ]
INFO: [ app_end ] --START--
INFO: Run Behavior\ShowPageTraceBehavior [ RunTime:0.000392s ]
INFO: [ app_end ] --END-- [ RunTime:0.000435s ]

[ 2016-02-24T17:03:35+08:00 ] 27.115.63.14 /index.php?m=Admin&c=Public&a=index
INFO: [ app_init ] --START--
INFO: Run Behavior\BuildLiteBehavior [ RunTime:0.000013s ]
INFO: [ app_init ] --END-- [ RunTime:0.000278s ]
INFO: [ app_begin ] --START--
INFO: Run Behavior\ReadHtmlCacheBehavior [ RunTime:0.000343s ]
INFO: [ app_begin ] --END-- [ RunTime:0.000383s ]
SQL: SHOW COLUMNS FROM `ec_staffs` [ RunTime:0.0011s ]
NOTIC: [2] Missing argument 1 for Admin\Model\PublicModel::auth(), called in /userdata/www/syinix/App/Admin/Controller/PublicController.class.php on line 37 and defined /userdata/www/syinix/App/Admin/Model/PublicModel.class.php 第 11 行.
SQL: SELECT COUNT(*) AS tp_count FROM `ec_staffs` WHERE ( `loginName`='admin' ) LIMIT 1   [ RunTime:0.0003s ]
SQL: SELECT * FROM `ec_staffs` WHERE ( `loginName`='admin' ) LIMIT 1   [ RunTime:0.0003s ]
NOTIC: [8] Undefined variable: infoList /userdata/www/syinix/App/Admin/Model/PublicModel.class.php 第 21 行.
NOTIC: [2] Invalid argument supplied for foreach() /userdata/www/syinix/App/Admin/Model/PublicModel.class.php 第 21 行.
NOTIC: [8] Undefined index: op_type /userdata/www/syinix/App/Admin/Model/PublicModel.class.php 第 27 行.
NOTIC: [8] Undefined index: loginId /userdata/www/syinix/App/Admin/Model/PublicModel.class.php 第 45 行.
SQL: UPDATE `ec_staffs` SET `staffId`='1',`loginName`='admin',`loginPwd`='93b9eaeef5117bd47082078f2ba11d93',`secretKey`='9365',`staffName`='admin',`staffNo`='001',`staffPhoto`='Uploads/staffs/2015-10/5632d1a0dc660.jpg',`workStatus`='1',`staffStatus`='1',`staffFlag`='1',`createTime`='2014-04-06 11:47:20',`lastTime`='2016-02-24 17:03:35',`lastIP`='27.115.63.14' WHERE (  staffId=1 ) [ RunTime:0.0003s ]
SQL: SHOW COLUMNS FROM `ec_log_staff_logins` [ RunTime:0.0007s ]
SQL: INSERT INTO `ec_log_staff_logins` (`staffId`,`loginTime`,`loginIp`) VALUES ('1','2016-02-24 17:03:35','27.115.63.14') [ RunTime:0.0002s ]

[ 2016-02-24T17:03:36+08:00 ] 27.115.63.14 /index.php?m=Admin&c=Index&a=index
INFO: [ app_init ] --START--
INFO: Run Behavior\BuildLiteBehavior [ RunTime:0.000013s ]
INFO: [ app_init ] --END-- [ RunTime:0.000268s ]
INFO: [ app_begin ] --START--
INFO: Run Behavior\ReadHtmlCacheBehavior [ RunTime:0.000364s ]
INFO: [ app_begin ] --END-- [ RunTime:0.000404s ]
NOTIC: [8192] Non-static method Common\Model\CommonModel::leftMenu() should not be called statically, assuming $this from incompatible context /userdata/www/syinix/App/Admin/Controller/IndexController.class.php 第 21 行.
SQL: SHOW COLUMNS FROM `ec_leftmenu` [ RunTime:0.0010s ]
SQL: SELECT `id`,`level`,`name`,`fullname` FROM `ec_leftmenu` WHERE `pid` = 0 AND `status` = 1 ORDER BY oid ASC  [ RunTime:0.0003s ]
SQL: SELECT * FROM `ec_leftmenu` WHERE `status` = 1 AND `id` <> '2' AND `level` = 2 ORDER BY oid ASC  [ RunTime:0.0004s ]
SQL: SELECT * FROM `ec_leftmenu` WHERE `status` = 1 AND `id` <> '12' AND `level` = 12 ORDER BY oid ASC  [ RunTime:0.0003s ]
SQL: SELECT * FROM `ec_leftmenu` WHERE `status` = 1 AND `id` <> '57' AND `level` = 57 ORDER BY oid ASC  [ RunTime:0.0003s ]
INFO: [ view_parse ] --START--
INFO: [ template_filter ] --START--
INFO: Run Behavior\ContentReplaceBehavior [ RunTime:0.000090s ]
INFO: [ template_filter ] --END-- [ RunTime:0.000130s ]
NOTIC: [8] Undefined variable: currArea /userdata/www/syinix/App/Runtime/Cache/Admin/220f72f7e6ae0a9673378392936f2785.php 第 153 行.
NOTIC: [8] Undefined variable: currArea /userdata/www/syinix/App/Runtime/Cache/Admin/220f72f7e6ae0a9673378392936f2785.php 第 154 行.
NOTIC: [8] Use of undefined constant url - assumed 'url' /userdata/www/syinix/App/Runtime/Cache/Admin/220f72f7e6ae0a9673378392936f2785.php 第 313 行.
NOTIC: [8] Use of undefined constant url - assumed 'url' /userdata/www/syinix/App/Runtime/Cache/Admin/220f72f7e6ae0a9673378392936f2785.php 第 313 行.
NOTIC: [8] Use of undefined constant url - assumed 'url' /userdata/www/syinix/App/Runtime/Cache/Admin/220f72f7e6ae0a9673378392936f2785.php 第 313 行.
NOTIC: [8] Use of undefined constant url - assumed 'url' /userdata/www/syinix/App/Runtime/Cache/Admin/220f72f7e6ae0a9673378392936f2785.php 第 313 行.
NOTIC: [8] Use of undefined constant url - assumed 'url' /userdata/www/syinix/App/Runtime/Cache/Admin/220f72f7e6ae0a9673378392936f2785.php 第 313 行.
NOTIC: [8] Use of undefined constant url - assumed 'url' /userdata/www/syinix/App/Runtime/Cache/Admin/220f72f7e6ae0a9673378392936f2785.php 第 313 行.
INFO: Run Behavior\ParseTemplateBehavior [ RunTime:0.013545s ]
INFO: [ view_parse ] --END-- [ RunTime:0.013581s ]
INFO: [ view_filter ] --START--
INFO: Run Behavior\WriteHtmlCacheBehavior [ RunTime:0.000117s ]
INFO: [ view_filter ] --END-- [ RunTime:0.000150s ]
INFO: [ app_end ] --START--
INFO: Run Behavior\ShowPageTraceBehavior [ RunTime:0.000379s ]
INFO: [ app_end ] --END-- [ RunTime:0.000418s ]

[ 2016-02-24T17:04:42+08:00 ] 27.115.63.14 /index.php?m=Admin&c=Goods&a=index&_=1456304514015
INFO: [ app_init ] --START--
INFO: Run Behavior\BuildLiteBehavior [ RunTime:0.000013s ]
INFO: [ app_init ] --END-- [ RunTime:0.000265s ]
INFO: [ app_begin ] --START--
INFO: Run Behavior\ReadHtmlCacheBehavior [ RunTime:0.000359s ]
INFO: [ app_begin ] --END-- [ RunTime:0.000395s ]
SQL: SHOW COLUMNS FROM `ec_areas` [ RunTime:0.0010s ]
SQL: SHOW COLUMNS FROM `ec_goods` [ RunTime:0.0012s ]
NOTIC: [8] Undefined index: goodsName /userdata/www/syinix/App/Admin/Controller/GoodsController.class.php 第 115 行.
SQL: SHOW COLUMNS FROM `ec_goods` [ RunTime:0.0011s ]
SQL: select count(*) counts from (select g.*,gc.catName from ec_goods g 
	 	      left join ec_goods_cats gc on g.goodsCatId3=gc.catId 
	 	      
	 	      where goodsStatus=1 and goodsFlag=1   order by goodsId desc) as a [ RunTime:0.0013s ]
SQL: select g.*,gc.catName from ec_goods g 
	 	      left join ec_goods_cats gc on g.goodsCatId3=gc.catId 
	 	      
	 	      where goodsStatus=1 and goodsFlag=1   order by goodsId desc limit 0,20 [ RunTime:0.0008s ]
SQL: SHOW COLUMNS FROM `ec_goods_cats` [ RunTime:0.0007s ]
SQL: SHOW COLUMNS FROM `ec_goods_cats` [ RunTime:0.0007s ]
SQL: SELECT * FROM `ec_goods_cats` WHERE ( catId=343 ) LIMIT 1   [ RunTime:0.0002s ]
SQL: SELECT * FROM `ec_goods_cats` WHERE ( catId=343 ) LIMIT 1   [ RunTime:0.0002s ]
SQL: SELECT * FROM `ec_goods_cats` WHERE ( catId=346 ) LIMIT 1   [ RunTime:0.0002s ]
SQL: SELECT * FROM `ec_goods_cats` WHERE ( catId=346 ) LIMIT 1   [ RunTime:0.0002s ]
SQL: SELECT * FROM `ec_goods_cats` WHERE ( catId=345 ) LIMIT 1   [ RunTime:0.0002s ]
SQL: SELECT * FROM `ec_goods_cats` WHERE ( catId=345 ) LIMIT 1   [ RunTime:0.0002s ]
SQL: SELECT * FROM `ec_goods_cats` WHERE ( catId=342 ) LIMIT 1   [ RunTime:0.0002s ]
SQL: SELECT * FROM `ec_goods_cats` WHERE ( catId=350 ) LIMIT 1   [ RunTime:0.0002s ]
SQL: SELECT * FROM `ec_goods_cats` WHERE ( catId=344 ) LIMIT 1   [ RunTime:0.0002s ]
SQL: SELECT * FROM `ec_goods_cats` WHERE ( catId=352 ) LIMIT 1   [ RunTime:0.0002s ]
SQL: SELECT * FROM `ec_goods_cats` WHERE ( catId=344 ) LIMIT 1   [ RunTime:0.0002s ]
SQL: SELECT * FROM `ec_goods_cats` WHERE ( catId=351 ) LIMIT 1   [ RunTime:0.0002s ]
SQL: SELECT * FROM `ec_goods_cats` WHERE ( catId=344 ) LIMIT 1   [ RunTime:0.0002s ]
SQL: SELECT * FROM `ec_goods_cats` WHERE ( catId=351 ) LIMIT 1   [ RunTime:0.0002s ]
SQL: SELECT * FROM `ec_goods_cats` WHERE ( catId=347 ) LIMIT 1   [ RunTime:0.0002s ]
SQL: SELECT * FROM `ec_goods_cats` WHERE ( catId=344 ) LIMIT 1   [ RunTime:0.0002s ]
SQL: SELECT * FROM `ec_goods_cats` WHERE ( catId=351 ) LIMIT 1   [ RunTime:0.0002s ]
SQL: SELECT * FROM `ec_goods_cats` WHERE ( catId=342 ) LIMIT 1   [ RunTime:0.0002s ]
SQL: SELECT * FROM `ec_goods_cats` WHERE ( catId=349 ) LIMIT 1   [ RunTime:0.0002s ]
SQL: SELECT * FROM `ec_goods_cats` WHERE ( catId=343 ) LIMIT 1   [ RunTime:0.0002s ]
INFO: [ view_parse ] --START--
INFO: [ template_filter ] --START--
INFO: Run Behavior\ContentReplaceBehavior [ RunTime:0.000042s ]
INFO: [ template_filter ] --END-- [ RunTime:0.000078s ]
NOTIC: [8] Undefined variable: Think /userdata/www/syinix/App/Runtime/Cache/Admin/c093a29689c5e4d707375f22db50fa53.php 第 2 行.
NOTIC: [8] Undefined variable: object /userdata/www/syinix/App/Runtime/Cache/Admin/c093a29689c5e4d707375f22db50fa53.php 第 7 行.
NOTIC: [8] Undefined variable: shopCatsList /userdata/www/syinix/App/Runtime/Cache/Admin/c093a29689c5e4d707375f22db50fa53.php 第 9 行.
NOTIC: [8] Use of undefined constant goodsId - assumed 'goodsId' /userdata/www/syinix/App/Runtime/Cache/Admin/c093a29689c5e4d707375f22db50fa53.php 第 76 行.
NOTIC: [8] Use of undefined constant goodsId - assumed 'goodsId' /userdata/www/syinix/App/Runtime/Cache/Admin/c093a29689c5e4d707375f22db50fa53.php 第 76 行.
NOTIC: [8] Use of undefined constant goodsId - assumed 'goodsId' /userdata/www/syinix/App/Runtime/Cache/Admin/c093a29689c5e4d707375f22db50fa53.php 第 76 行.
NOTIC: [8] Use of undefined constant goodsId - assumed 'goodsId' /userdata/www/syinix/App/Runtime/Cache/Admin/c093a29689c5e4d707375f22db50fa53.php 第 76 行.
NOTIC: [8] Use of undefined constant goodsId - assumed 'goodsId' /userdata/www/syinix/App/Runtime/Cache/Admin/c093a29689c5e4d707375f22db50fa53.php 第 76 行.
NOTIC: [8] Use of undefined constant goodsId - assumed 'goodsId' /userdata/www/syinix/App/Runtime/Cache/Admin/c093a29689c5e4d707375f22db50fa53.php 第 76 行.
NOTIC: [8] Use of undefined constant goodsId - assumed 'goodsId' /userdata/www/syinix/App/Runtime/Cache/Admin/c093a29689c5e4d707375f22db50fa53.php 第 76 行.
NOTIC: [8] Use of undefined constant goodsId - assumed 'goodsId' /userdata/www/syinix/App/Runtime/Cache/Admin/c093a29689c5e4d707375f22db50fa53.php 第 76 行.
NOTIC: [8] Use of undefined constant goodsId - assumed 'goodsId' /userdata/www/syinix/App/Runtime/Cache/Admin/c093a29689c5e4d707375f22db50fa53.php 第 76 行.
NOTIC: [8] Use of undefined constant goodsId - assumed 'goodsId' /userdata/www/syinix/App/Runtime/Cache/Admin/c093a29689c5e4d707375f22db50fa53.php 第 76 行.
NOTIC: [8] Use of undefined constant goodsId - assumed 'goodsId' /userdata/www/syinix/App/Runtime/Cache/Admin/c093a29689c5e4d707375f22db50fa53.php 第 76 行.
NOTIC: [8] Use of undefined constant goodsId - assumed 'goodsId' /userdata/www/syinix/App/Runtime/Cache/Admin/c093a29689c5e4d707375f22db50fa53.php 第 76 行.
NOTIC: [8] Use of undefined constant goodsId - assumed 'goodsId' /userdata/www/syinix/App/Runtime/Cache/Admin/c093a29689c5e4d707375f22db50fa53.php 第 76 行.
NOTIC: [8] Use of undefined constant goodsId - assumed 'goodsId' /userdata/www/syinix/App/Runtime/Cache/Admin/c093a29689c5e4d707375f22db50fa53.php 第 76 行.
INFO: Run Behavior\ParseTemplateBehavior [ RunTime:0.011402s ]
INFO: [ view_parse ] --END-- [ RunTime:0.011438s ]
INFO: [ view_filter ] --START--
INFO: Run Behavior\WriteHtmlCacheBehavior [ RunTime:0.000118s ]
INFO: [ view_filter ] --END-- [ RunTime:0.000149s ]
INFO: [ app_end ] --START--
INFO: Run Behavior\ShowPageTraceBehavior [ RunTime:0.000364s ]
INFO: [ app_end ] --END-- [ RunTime:0.000409s ]

[ 2016-02-24T17:05:05+08:00 ] 27.115.63.14 /index.php?m=Admin&c=Brands&a=index&_=1456304514016
INFO: [ app_init ] --START--
INFO: Run Behavior\BuildLiteBehavior [ RunTime:0.000013s ]
INFO: [ app_init ] --END-- [ RunTime:0.000281s ]
INFO: [ app_begin ] --START--
INFO: Run Behavior\ReadHtmlCacheBehavior [ RunTime:0.000346s ]
INFO: [ app_begin ] --END-- [ RunTime:0.000383s ]
SQL: SHOW COLUMNS FROM `ec_goods_cats` [ RunTime:0.0010s ]
SQL: SHOW COLUMNS FROM `ec_goods_cats` [ RunTime:0.0007s ]
SQL: SELECT * FROM `ec_goods_cats` WHERE ( catFlag=1 and parentId=0 )  [ RunTime:0.0004s ]
SQL: SHOW COLUMNS FROM `ec_brands` [ RunTime:0.0007s ]
NOTIC: [8] Undefined index: search /userdata/www/syinix/App/Common/Controller/CommonController.class.php 第 56 行.
NOTIC: [8] Undefined index: search /userdata/www/syinix/App/Common/Controller/CommonController.class.php 第 56 行.
NOTIC: [2] Invalid argument supplied for foreach() /userdata/www/syinix/App/Common/Controller/CommonController.class.php 第 66 行.
NOTIC: [8] Undefined variable: condition /userdata/www/syinix/App/Common/Controller/CommonController.class.php 第 69 行.
NOTIC: [8] Undefined index: orderField /userdata/www/syinix/App/Common/Model/BaseModel.class.php 第 84 行.
NOTIC: [8] Undefined index: pageCurrent /userdata/www/syinix/App/Common/Model/BaseModel.class.php 第 91 行.
NOTIC: [8] Undefined index: pageSize /userdata/www/syinix/App/Common/Model/BaseModel.class.php 第 93 行.
NOTIC: [8] Undefined index: pageSize /userdata/www/syinix/App/Common/Model/BaseModel.class.php 第 96 行.
SQL: SHOW COLUMNS FROM `ec_brands` [ RunTime:0.0007s ]
NOTIC: [8] Undefined index: modelType /userdata/www/syinix/App/Common/Model/BaseModel.class.php 第 106 行.
SQL: SELECT COUNT(*) AS tp_count FROM `ec_brands` WHERE `brandFlag` = 1 LIMIT 1   [ RunTime:0.0002s ]
NOTIC: [8] Undefined index: modelType /userdata/www/syinix/App/Common/Model/BaseModel.class.php 第 113 行.
NOTIC: [8] Undefined index: pageCurrent /userdata/www/syinix/App/Common/Model/BaseModel.class.php 第 117 行.
SQL: SELECT * FROM `ec_brands` WHERE `brandFlag` = 1 ORDER BY brandId desc LIMIT 0,20   [ RunTime:0.0003s ]
INFO: [ view_parse ] --START--
INFO: [ template_filter ] --START--
INFO: Run Behavior\ContentReplaceBehavior [ RunTime:0.000034s ]
INFO: [ template_filter ] --END-- [ RunTime:0.000069s ]
NOTIC: [8] Undefined variable: Think /userdata/www/syinix/App/Runtime/Cache/Admin/ddecd7df46507b9c403ed17f3c89f0eb.php 第 2 行.
NOTIC: [8] Use of undefined constant catId - assumed 'catId' /userdata/www/syinix/App/Runtime/Cache/Admin/ddecd7df46507b9c403ed17f3c89f0eb.php 第 10 行.
NOTIC: [8] Use of undefined constant catId - assumed 'catId' /userdata/www/syinix/App/Runtime/Cache/Admin/ddecd7df46507b9c403ed17f3c89f0eb.php 第 10 行.
NOTIC: [8] Use of undefined constant catId - assumed 'catId' /userdata/www/syinix/App/Runtime/Cache/Admin/ddecd7df46507b9c403ed17f3c89f0eb.php 第 10 行.
NOTIC: [8] Use of undefined constant catId - assumed 'catId' /userdata/www/syinix/App/Runtime/Cache/Admin/ddecd7df46507b9c403ed17f3c89f0eb.php 第 10 行.
NOTIC: [8] Use of undefined constant catId - assumed 'catId' /userdata/www/syinix/App/Runtime/Cache/Admin/ddecd7df46507b9c403ed17f3c89f0eb.php 第 10 行.
NOTIC: [8] Use of undefined constant catId - assumed 'catId' /userdata/www/syinix/App/Runtime/Cache/Admin/ddecd7df46507b9c403ed17f3c89f0eb.php 第 10 行.
NOTIC: [8] Use of undefined constant catId - assumed 'catId' /userdata/www/syinix/App/Runtime/Cache/Admin/ddecd7df46507b9c403ed17f3c89f0eb.php 第 10 行.
NOTIC: [8] Use of undefined constant catId - assumed 'catId' /userdata/www/syinix/App/Runtime/Cache/Admin/ddecd7df46507b9c403ed17f3c89f0eb.php 第 10 行.
NOTIC: [8] Use of undefined constant brandId - assumed 'brandId' /userdata/www/syinix/App/Runtime/Cache/Admin/ddecd7df46507b9c403ed17f3c89f0eb.php 第 46 行.
NOTIC: [8] Use of undefined constant brandId - assumed 'brandId' /userdata/www/syinix/App/Runtime/Cache/Admin/ddecd7df46507b9c403ed17f3c89f0eb.php 第 47 行.
INFO: Run Behavior\ParseTemplateBehavior [ RunTime:0.008103s ]
INFO: [ view_parse ] --END-- [ RunTime:0.008137s ]
INFO: [ view_filter ] --START--
INFO: Run Behavior\WriteHtmlCacheBehavior [ RunTime:0.000117s ]
INFO: [ view_filter ] --END-- [ RunTime:0.000148s ]
INFO: [ app_end ] --START--
INFO: Run Behavior\ShowPageTraceBehavior [ RunTime:0.000369s ]
INFO: [ app_end ] --END-- [ RunTime:0.000404s ]

[ 2016-02-24T17:05:08+08:00 ] 27.115.63.14 /index.php?m=Admin&c=GoodsCats&a=index&_=1456304514017
INFO: [ app_init ] --START--
INFO: Run Behavior\BuildLiteBehavior [ RunTime:0.000013s ]
INFO: [ app_init ] --END-- [ RunTime:0.000268s ]
INFO: [ app_begin ] --START--
INFO: Run Behavior\ReadHtmlCacheBehavior [ RunTime:0.000362s ]
INFO: [ app_begin ] --END-- [ RunTime:0.000398s ]
SQL: SHOW COLUMNS FROM `ec_goods_cats` [ RunTime:0.0010s ]
NOTIC: [2] Missing argument 3 for Com\Category::__construct(), called in /userdata/www/syinix/App/Admin/Model/GoodsCatsModel.class.php on line 312 and defined /userdata/www/syinix/ThinkPHP/Library/Com/Category.class.php 第 24 行.
NOTIC: [2] Missing argument 4 for Com\Category::__construct(), called in /userdata/www/syinix/App/Admin/Model/GoodsCatsModel.class.php on line 312 and defined /userdata/www/syinix/ThinkPHP/Library/Com/Category.class.php 第 24 行.
NOTIC: [8] Undefined variable: connection /userdata/www/syinix/ThinkPHP/Library/Com/Category.class.php 第 26 行.
SQL: SHOW COLUMNS FROM `ec_goods_cats` [ RunTime:0.0007s ]
SQL: SELECT * FROM `ec_goods_cats` WHERE `catFlag` = 1 ORDER BY catSort asc  [ RunTime:0.0004s ]
INFO: [ view_parse ] --START--
INFO: [ template_filter ] --START--
INFO: Run Behavior\ContentReplaceBehavior [ RunTime:0.000040s ]
INFO: [ template_filter ] --END-- [ RunTime:0.000076s ]
NOTIC: [8] Use of undefined constant edit - assumed 'edit' /userdata/www/syinix/App/Runtime/Cache/Admin/4ffb491b984977d3436080a3084ebef4.php 第 2 行.
NOTIC: [8] Use of undefined constant edit - assumed 'edit' /userdata/www/syinix/App/Runtime/Cache/Admin/4ffb491b984977d3436080a3084ebef4.php 第 23 行.
NOTIC: [8] Undefined index:  catId /userdata/www/syinix/App/Runtime/Cache/Admin/4ffb491b984977d3436080a3084ebef4.php 第 53 行.
NOTIC: [8] Use of undefined constant catId - assumed 'catId' /userdata/www/syinix/App/Runtime/Cache/Admin/4ffb491b984977d3436080a3084ebef4.php 第 68 行.
NOTIC: [8] Use of undefined constant catId - assumed 'catId' /userdata/www/syinix/App/Runtime/Cache/Admin/4ffb491b984977d3436080a3084ebef4.php 第 69 行.
NOTIC: [8] Use of undefined constant catId - assumed 'catId' /userdata/www/syinix/App/Runtime/Cache/Admin/4ffb491b984977d3436080a3084ebef4.php 第 70 行.
NOTIC: [8] Undefined index:  catId /userdata/www/syinix/App/Runtime/Cache/Admin/4ffb491b984977d3436080a3084ebef4.php 第 53 行.
NOTIC: [8] Use of undefined constant catId - assumed 'catId' /userdata/www/syinix/App/Runtime/Cache/Admin/4ffb491b984977d3436080a3084ebef4.php 第 68 行.
NOTIC: [8] Use of undefined constant catId - assumed 'catId' /userdata/www/syinix/App/Runtime/Cache/Admin/4ffb491b984977d3436080a3084ebef4.php 第 69 行.
NOTIC: [8] Use of undefined constant catId - assumed 'catId' /userdata/www/syinix/App/Runtime/Cache/Admin/4ffb491b984977d3436080a3084ebef4.php 第 70 行.
NOTIC: [8] Undefined index:  catId /userdata/www/syinix/App/Runtime/Cache/Admin/4ffb491b984977d3436080a3084ebef4.php 第 53 行.
NOTIC: [8] Use of undefined constant catId - assumed 'catId' /userdata/www/syinix/App/Runtime/Cache/Admin/4ffb491b984977d3436080a3084ebef4.php 第 68 行.
NOTIC: [8] Use of undefined constant catId - assumed 'catId' /userdata/www/syinix/App/Runtime/Cache/Admin/4ffb491b984977d3436080a3084ebef4.php 第 69 行.
NOTIC: [8] Use of undefined constant catId - assumed 'catId' /userdata/www/syinix/App/Runtime/Cache/Admin/4ffb491b984977d3436080a3084ebef4.php 第 70 行.
NOTIC: [8] Undefined index:  catId /userdata/www/syinix/App/Runtime/Cache/Admin/4ffb491b984977d3436080a3084ebef4.php 第 53 行.
NOTIC: [8] Use of undefined constant catId - assumed 'catId' /userdata/www/syinix/App/Runtime/Cache/Admin/4ffb491b984977d3436080a3084ebef4.php 第 68 行.
NOTIC: [8] Use of undefined constant catId - assumed 'catId' /userdata/www/syinix/App/Runtime/Cache/Admin/4ffb491b984977d3436080a3084ebef4.php 第 69 行.
NOTIC: [8] Use of undefined constant catId - assumed 'catId' /userdata/www/syinix/App/Runtime/Cache/Admin/4ffb491b984977d3436080a3084ebef4.php 第 70 行.
NOTIC: [8] Undefined index:  catId /userdata/www/syinix/App/Runtime/Cache/Admin/4ffb491b984977d3436080a3084ebef4.php 第 53 行.
NOTIC: [8] Use of undefined constant catId - assumed 'catId' /userdata/www/syinix/App/Runtime/Cache/Admin/4ffb491b984977d3436080a3084ebef4.php 第 68 行.
NOTIC: [8] Use of undefined constant catId - assumed 'catId' /userdata/www/syinix/App/Runtime/Cache/Admin/4ffb491b984977d3436080a3084ebef4.php 第 69 行.
NOTIC: [8] Use of undefined constant catId - assumed 'catId' /userdata/www/syinix/App/Runtime/Cache/Admin/4ffb491b984977d3436080a3084ebef4.php 第 70 行.
NOTIC: [8] Undefined index:  catId /userdata/www/syinix/App/Runtime/Cache/Admin/4ffb491b984977d3436080a3084ebef4.php 第 53 行.
NOTIC: [8] Use of undefined constant catId - assumed 'catId' /userdata/www/syinix/App/Runtime/Cache/Admin/4ffb491b984977d3436080a3084ebef4.php 第 68 行.
NOTIC: [8] Use of undefined constant catId - assumed 'catId' /userdata/www/syinix/App/Runtime/Cache/Admin/4ffb491b984977d3436080a3084ebef4.php 第 69 行.
NOTIC: [8] Use of undefined constant catId - assumed 'catId' /userdata/www/syinix/App/Runtime/Cache/Admin/4ffb491b984977d3436080a3084ebef4.php 第 70 行.
NOTIC: [8] Undefined index:  catId /userdata/www/syinix/App/Runtime/Cache/Admin/4ffb491b984977d3436080a3084ebef4.php 第 53 行.
NOTIC: [8] Use of undefined constant catId - assumed 'catId' /userdata/www/syinix/App/Runtime/Cache/Admin/4ffb491b984977d3436080a3084ebef4.php 第 68 行.
NOTIC: [8] Use of undefined constant catId - assumed 'catId' /userdata/www/syinix/App/Runtime/Cache/Admin/4ffb491b984977d3436080a3084ebef4.php 第 69 行.
NOTIC: [8] Use of undefined constant catId - assumed 'catId' /userdata/www/syinix/App/Runtime/Cache/Admin/4ffb491b984977d3436080a3084ebef4.php 第 70 行.
NOTIC: [8] Undefined index:  catId /userdata/www/syinix/App/Runtime/Cache/Admin/4ffb491b984977d3436080a3084ebef4.php 第 53 行.
NOTIC: [8] Use of undefined constant catId - assumed 'catId' /userdata/www/syinix/App/Runtime/Cache/Admin/4ffb491b984977d3436080a3084ebef4.php 第 68 行.
NOTIC: [8] Use of undefined constant catId - assumed 'catId' /userdata/www/syinix/App/Runtime/Cache/Admin/4ffb491b984977d3436080a3084ebef4.php 第 69 行.
NOTIC: [8] Use of undefined constant catId - assumed 'catId' /userdata/www/syinix/App/Runtime/Cache/Admin/4ffb491b984977d3436080a3084ebef4.php 第 70 行.
NOTIC: [8] Undefined index:  catId /userdata/www/syinix/App/Runtime/Cache/Admin/4ffb491b984977d3436080a3084ebef4.php 第 53 行.
NOTIC: [8] Use of undefined constant catId - assumed 'catId' /userdata/www/syinix/App/Runtime/Cache/Admin/4ffb491b984977d3436080a3084ebef4.php 第 68 行.
NOTIC: [8] Use of undefined constant catId - assumed 'catId' /userdata/www/syinix/App/Runtime/Cache/Admin/4ffb491b984977d3436080a3084ebef4.php 第 69 行.
NOTIC: [8] Use of undefined constant catId - assumed 'catId' /userdata/www/syinix/App/Runtime/Cache/Admin/4ffb491b984977d3436080a3084ebef4.php 第 70 行.
NOTIC: [8] Undefined index:  catId /userdata/www/syinix/App/Runtime/Cache/Admin/4ffb491b984977d3436080a3084ebef4.php 第 53 行.
NOTIC: [8] Use of undefined constant catId - assumed 'catId' /userdata/www/syinix/App/Runtime/Cache/Admin/4ffb491b984977d3436080a3084ebef4.php 第 68 行.
NOTIC: [8] Use of undefined constant catId - assumed 'catId' /userdata/www/syinix/App/Runtime/Cache/Admin/4ffb491b984977d3436080a3084ebef4.php 第 69 行.
NOTIC: [8] Use of undefined constant catId - assumed 'catId' /userdata/www/syinix/App/Runtime/Cache/Admin/4ffb491b984977d3436080a3084ebef4.php 第 70 行.
NOTIC: [8] Undefined index:  catId /userdata/www/syinix/App/Runtime/Cache/Admin/4ffb491b984977d3436080a3084ebef4.php 第 53 行.
NOTIC: [8] Use of undefined constant catId - assumed 'catId' /userdata/www/syinix/App/Runtime/Cache/Admin/4ffb491b984977d3436080a3084ebef4.php 第 68 行.
NOTIC: [8] Use of undefined constant catId - assumed 'catId' /userdata/www/syinix/App/Runtime/Cache/Admin/4ffb491b984977d3436080a3084ebef4.php 第 69 行.
NOTIC: [8] Use of undefined constant catId - assumed 'catId' /userdata/www/syinix/App/Runtime/Cache/Admin/4ffb491b984977d3436080a3084ebef4.php 第 70 行.
NOTIC: [8] Undefined index:  catId /userdata/www/syinix/App/Runtime/Cache/Admin/4ffb491b984977d3436080a3084ebef4.php 第 53 行.
NOTIC: [8] Use of undefined constant catId - assumed 'catId' /userdata/www/syinix/App/Runtime/Cache/Admin/4ffb491b984977d3436080a3084ebef4.php 第 68 行.
NOTIC: [8] Use of undefined constant catId - assumed 'catId' /userdata/www/syinix/App/Runtime/Cache/Admin/4ffb491b984977d3436080a3084ebef4.php 第 69 行.
NOTIC: [8] Use of undefined constant catId - assumed 'catId' /userdata/www/syinix/App/Runtime/Cache/Admin/4ffb491b984977d3436080a3084ebef4.php 第 70 行.
INFO: Run Behavior\ParseTemplateBehavior [ RunTime:0.010722s ]
INFO: [ view_parse ] --END-- [ RunTime:0.010767s ]
INFO: [ view_filter ] --START--
INFO: Run Behavior\WriteHtmlCacheBehavior [ RunTime:0.000114s ]
INFO: [ view_filter ] --END-- [ RunTime:0.000145s ]
INFO: [ app_end ] --START--
INFO: Run Behavior\ShowPageTraceBehavior [ RunTime:0.000353s ]
INFO: [ app_end ] --END-- [ RunTime:0.000395s ]

[ 2016-02-24T17:05:17+08:00 ] 27.115.63.14 /index.php?m=Admin&c=Ads&a=index&_=1456304514018
INFO: [ app_init ] --START--
INFO: Run Behavior\BuildLiteBehavior [ RunTime:0.000013s ]
INFO: [ app_init ] --END-- [ RunTime:0.000306s ]
INFO: [ app_begin ] --START--
INFO: Run Behavior\ReadHtmlCacheBehavior [ RunTime:0.000340s ]
INFO: [ app_begin ] --END-- [ RunTime:0.000376s ]
SQL: SHOW COLUMNS FROM `ec_ads` [ RunTime:0.0011s ]
SQL: SHOW COLUMNS FROM `ec_goods_cats` [ RunTime:0.0007s ]
NOTIC: [8] Undefined index: search /userdata/www/syinix/App/Common/Controller/CommonController.class.php 第 56 行.
NOTIC: [2] Invalid argument supplied for foreach() /userdata/www/syinix/App/Common/Controller/CommonController.class.php 第 66 行.
NOTIC: [8] Undefined variable: condition /userdata/www/syinix/App/Common/Controller/CommonController.class.php 第 69 行.
NOTIC: [2] Missing argument 3 for Com\Category::__construct(), called in /userdata/www/syinix/App/Admin/Model/GoodsCatsModel.class.php on line 312 and defined /userdata/www/syinix/ThinkPHP/Library/Com/Category.class.php 第 24 行.
NOTIC: [2] Missing argument 4 for Com\Category::__construct(), called in /userdata/www/syinix/App/Admin/Model/GoodsCatsModel.class.php on line 312 and defined /userdata/www/syinix/ThinkPHP/Library/Com/Category.class.php 第 24 行.
NOTIC: [8] Undefined variable: connection /userdata/www/syinix/ThinkPHP/Library/Com/Category.class.php 第 26 行.
SQL: SHOW COLUMNS FROM `ec_goods_cats` [ RunTime:0.0007s ]
SQL: SELECT * FROM `ec_goods_cats` WHERE `catFlag` = 1 ORDER BY catSort asc  [ RunTime:0.0004s ]
NOTIC: [8] Undefined index: orderField /userdata/www/syinix/App/Common/Model/BaseModel.class.php 第 84 行.
NOTIC: [8] Undefined index: pageCurrent /userdata/www/syinix/App/Common/Model/BaseModel.class.php 第 91 行.
NOTIC: [8] Undefined index: pageSize /userdata/www/syinix/App/Common/Model/BaseModel.class.php 第 93 行.
NOTIC: [8] Undefined index: pageSize /userdata/www/syinix/App/Common/Model/BaseModel.class.php 第 96 行.
SQL: SHOW COLUMNS FROM `ec_ads` [ RunTime:0.0008s ]
NOTIC: [8] Undefined index: modelType /userdata/www/syinix/App/Common/Model/BaseModel.class.php 第 106 行.
SQL: SELECT COUNT(*) AS tp_count FROM `ec_ads` LIMIT 1   [ RunTime:0.0002s ]
NOTIC: [8] Undefined index: modelType /userdata/www/syinix/App/Common/Model/BaseModel.class.php 第 113 行.
NOTIC: [8] Undefined index: pageCurrent /userdata/www/syinix/App/Common/Model/BaseModel.class.php 第 117 行.
SQL: SELECT * FROM `ec_ads` ORDER BY adId desc LIMIT 0,20   [ RunTime:0.0005s ]
NOTIC: [8] Undefined index: search /userdata/www/syinix/App/Common/Controller/CommonController.class.php 第 56 行.
INFO: [ view_parse ] --START--
INFO: [ template_filter ] --START--
INFO: Run Behavior\ContentReplaceBehavior [ RunTime:0.000036s ]
INFO: [ template_filter ] --END-- [ RunTime:0.000070s ]
NOTIC: [8] Undefined variable: Think /userdata/www/syinix/App/Runtime/Cache/Admin/c1efbd2f0bb3c90ca3c31ec629c76576.php 第 2 行.
NOTIC: [8] Undefined index: areaName1 /userdata/www/syinix/App/Runtime/Cache/Admin/c1efbd2f0bb3c90ca3c31ec629c76576.php 第 60 行.
NOTIC: [8] Undefined index: areaName2 /userdata/www/syinix/App/Runtime/Cache/Admin/c1efbd2f0bb3c90ca3c31ec629c76576.php 第 60 行.
NOTIC: [8] Use of undefined constant adId - assumed 'adId' /userdata/www/syinix/App/Runtime/Cache/Admin/c1efbd2f0bb3c90ca3c31ec629c76576.php 第 64 行.
NOTIC: [8] Use of undefined constant adId - assumed 'adId' /userdata/www/syinix/App/Runtime/Cache/Admin/c1efbd2f0bb3c90ca3c31ec629c76576.php 第 65 行.
NOTIC: [8] Undefined index: areaName1 /userdata/www/syinix/App/Runtime/Cache/Admin/c1efbd2f0bb3c90ca3c31ec629c76576.php 第 60 行.
NOTIC: [8] Undefined index: areaName2 /userdata/www/syinix/App/Runtime/Cache/Admin/c1efbd2f0bb3c90ca3c31ec629c76576.php 第 60 行.
NOTIC: [8] Use of undefined constant adId - assumed 'adId' /userdata/www/syinix/App/Runtime/Cache/Admin/c1efbd2f0bb3c90ca3c31ec629c76576.php 第 64 行.
NOTIC: [8] Use of undefined constant adId - assumed 'adId' /userdata/www/syinix/App/Runtime/Cache/Admin/c1efbd2f0bb3c90ca3c31ec629c76576.php 第 65 行.
NOTIC: [8] Undefined index: areaName1 /userdata/www/syinix/App/Runtime/Cache/Admin/c1efbd2f0bb3c90ca3c31ec629c76576.php 第 60 行.
NOTIC: [8] Undefined index: areaName2 /userdata/www/syinix/App/Runtime/Cache/Admin/c1efbd2f0bb3c90ca3c31ec629c76576.php 第 60 行.
NOTIC: [8] Use of undefined constant adId - assumed 'adId' /userdata/www/syinix/App/Runtime/Cache/Admin/c1efbd2f0bb3c90ca3c31ec629c76576.php 第 64 行.
NOTIC: [8] Use of undefined constant adId - assumed 'adId' /userdata/www/syinix/App/Runtime/Cache/Admin/c1efbd2f0bb3c90ca3c31ec629c76576.php 第 65 行.
NOTIC: [8] Undefined index: areaName1 /userdata/www/syinix/App/Runtime/Cache/Admin/c1efbd2f0bb3c90ca3c31ec629c76576.php 第 60 行.
NOTIC: [8] Undefined index: areaName2 /userdata/www/syinix/App/Runtime/Cache/Admin/c1efbd2f0bb3c90ca3c31ec629c76576.php 第 60 行.
NOTIC: [8] Use of undefined constant adId - assumed 'adId' /userdata/www/syinix/App/Runtime/Cache/Admin/c1efbd2f0bb3c90ca3c31ec629c76576.php 第 64 行.
NOTIC: [8] Use of undefined constant adId - assumed 'adId' /userdata/www/syinix/App/Runtime/Cache/Admin/c1efbd2f0bb3c90ca3c31ec629c76576.php 第 65 行.
NOTIC: [8] Undefined index: areaName1 /userdata/www/syinix/App/Runtime/Cache/Admin/c1efbd2f0bb3c90ca3c31ec629c76576.php 第 60 行.
NOTIC: [8] Undefined index: areaName2 /userdata/www/syinix/App/Runtime/Cache/Admin/c1efbd2f0bb3c90ca3c31ec629c76576.php 第 60 行.
NOTIC: [8] Use of undefined constant adId - assumed 'adId' /userdata/www/syinix/App/Runtime/Cache/Admin/c1efbd2f0bb3c90ca3c31ec629c76576.php 第 64 行.
NOTIC: [8] Use of undefined constant adId - assumed 'adId' /userdata/www/syinix/App/Runtime/Cache/Admin/c1efbd2f0bb3c90ca3c31ec629c76576.php 第 65 行.
NOTIC: [8] Undefined index: areaName1 /userdata/www/syinix/App/Runtime/Cache/Admin/c1efbd2f0bb3c90ca3c31ec629c76576.php 第 60 行.
NOTIC: [8] Undefined index: areaName2 /userdata/www/syinix/App/Runtime/Cache/Admin/c1efbd2f0bb3c90ca3c31ec629c76576.php 第 60 行.
NOTIC: [8] Use of undefined constant adId - assumed 'adId' /userdata/www/syinix/App/Runtime/Cache/Admin/c1efbd2f0bb3c90ca3c31ec629c76576.php 第 64 行.
NOTIC: [8] Use of undefined constant adId - assumed 'adId' /userdata/www/syinix/App/Runtime/Cache/Admin/c1efbd2f0bb3c90ca3c31ec629c76576.php 第 65 行.
NOTIC: [8] Undefined index: areaName1 /userdata/www/syinix/App/Runtime/Cache/Admin/c1efbd2f0bb3c90ca3c31ec629c76576.php 第 60 行.
NOTIC: [8] Undefined index: areaName2 /userdata/www/syinix/App/Runtime/Cache/Admin/c1efbd2f0bb3c90ca3c31ec629c76576.php 第 60 行.
NOTIC: [8] Use of undefined constant adId - assumed 'adId' /userdata/www/syinix/App/Runtime/Cache/Admin/c1efbd2f0bb3c90ca3c31ec629c76576.php 第 64 行.
NOTIC: [8] Use of undefined constant adId - assumed 'adId' /userdata/www/syinix/App/Runtime/Cache/Admin/c1efbd2f0bb3c90ca3c31ec629c76576.php 第 65 行.
NOTIC: [8] Undefined index: areaName1 /userdata/www/syinix/App/Runtime/Cache/Admin/c1efbd2f0bb3c90ca3c31ec629c76576.php 第 60 行.
NOTIC: [8] Undefined index: areaName2 /userdata/www/syinix/App/Runtime/Cache/Admin/c1efbd2f0bb3c90ca3c31ec629c76576.php 第 60 行.
NOTIC: [8] Use of undefined constant adId - assumed 'adId' /userdata/www/syinix/App/Runtime/Cache/Admin/c1efbd2f0bb3c90ca3c31ec629c76576.php 第 64 行.
NOTIC: [8] Use of undefined constant adId - assumed 'adId' /userdata/www/syinix/App/Runtime/Cache/Admin/c1efbd2f0bb3c90ca3c31ec629c76576.php 第 65 行.
NOTIC: [8] Undefined index: areaName1 /userdata/www/syinix/App/Runtime/Cache/Admin/c1efbd2f0bb3c90ca3c31ec629c76576.php 第 60 行.
NOTIC: [8] Undefined index: areaName2 /userdata/www/syinix/App/Runtime/Cache/Admin/c1efbd2f0bb3c90ca3c31ec629c76576.php 第 60 行.
NOTIC: [8] Use of undefined constant adId - assumed 'adId' /userdata/www/syinix/App/Runtime/Cache/Admin/c1efbd2f0bb3c90ca3c31ec629c76576.php 第 64 行.
NOTIC: [8] Use of undefined constant adId - assumed 'adId' /userdata/www/syinix/App/Runtime/Cache/Admin/c1efbd2f0bb3c90ca3c31ec629c76576.php 第 65 行.
NOTIC: [8] Undefined index: areaName1 /userdata/www/syinix/App/Runtime/Cache/Admin/c1efbd2f0bb3c90ca3c31ec629c76576.php 第 60 行.
NOTIC: [8] Undefined index: areaName2 /userdata/www/syinix/App/Runtime/Cache/Admin/c1efbd2f0bb3c90ca3c31ec629c76576.php 第 60 行.
NOTIC: [8] Use of undefined constant adId - assumed 'adId' /userdata/www/syinix/App/Runtime/Cache/Admin/c1efbd2f0bb3c90ca3c31ec629c76576.php 第 64 行.
NOTIC: [8] Use of undefined constant adId - assumed 'adId' /userdata/www/syinix/App/Runtime/Cache/Admin/c1efbd2f0bb3c90ca3c31ec629c76576.php 第 65 行.
NOTIC: [8] Undefined index: areaName1 /userdata/www/syinix/App/Runtime/Cache/Admin/c1efbd2f0bb3c90ca3c31ec629c76576.php 第 60 行.
NOTIC: [8] Undefined index: areaName2 /userdata/www/syinix/App/Runtime/Cache/Admin/c1efbd2f0bb3c90ca3c31ec629c76576.php 第 60 行.
NOTIC: [8] Use of undefined constant adId - assumed 'adId' /userdata/www/syinix/App/Runtime/Cache/Admin/c1efbd2f0bb3c90ca3c31ec629c76576.php 第 64 行.
NOTIC: [8] Use of undefined constant adId - assumed 'adId' /userdata/www/syinix/App/Runtime/Cache/Admin/c1efbd2f0bb3c90ca3c31ec629c76576.php 第 65 行.
NOTIC: [8] Undefined index: areaName1 /userdata/www/syinix/App/Runtime/Cache/Admin/c1efbd2f0bb3c90ca3c31ec629c76576.php 第 60 行.
NOTIC: [8] Undefined index: areaName2 /userdata/www/syinix/App/Runtime/Cache/Admin/c1efbd2f0bb3c90ca3c31ec629c76576.php 第 60 行.
NOTIC: [8] Use of undefined constant adId - assumed 'adId' /userdata/www/syinix/App/Runtime/Cache/Admin/c1efbd2f0bb3c90ca3c31ec629c76576.php 第 64 行.
NOTIC: [8] Use of undefined constant adId - assumed 'adId' /userdata/www/syinix/App/Runtime/Cache/Admin/c1efbd2f0bb3c90ca3c31ec629c76576.php 第 65 行.
NOTIC: [8] Undefined index: areaName1 /userdata/www/syinix/App/Runtime/Cache/Admin/c1efbd2f0bb3c90ca3c31ec629c76576.php 第 60 行.
NOTIC: [8] Undefined index: areaName2 /userdata/www/syinix/App/Runtime/Cache/Admin/c1efbd2f0bb3c90ca3c31ec629c76576.php 第 60 行.
NOTIC: [8] Use of undefined constant adId - assumed 'adId' /userdata/www/syinix/App/Runtime/Cache/Admin/c1efbd2f0bb3c90ca3c31ec629c76576.php 第 64 行.
NOTIC: [8] Use of undefined constant adId - assumed 'adId' /userdata/www/syinix/App/Runtime/Cache/Admin/c1efbd2f0bb3c90ca3c31ec629c76576.php 第 65 行.
NOTIC: [8] Undefined index: areaName1 /userdata/www/syinix/App/Runtime/Cache/Admin/c1efbd2f0bb3c90ca3c31ec629c76576.php 第 60 行.
NOTIC: [8] Undefined index: areaName2 /userdata/www/syinix/App/Runtime/Cache/Admin/c1efbd2f0bb3c90ca3c31ec629c76576.php 第 60 行.
NOTIC: [8] Use of undefined constant adId - assumed 'adId' /userdata/www/syinix/App/Runtime/Cache/Admin/c1efbd2f0bb3c90ca3c31ec629c76576.php 第 64 行.
NOTIC: [8] Use of undefined constant adId - assumed 'adId' /userdata/www/syinix/App/Runtime/Cache/Admin/c1efbd2f0bb3c90ca3c31ec629c76576.php 第 65 行.
NOTIC: [8] Undefined index: areaName1 /userdata/www/syinix/App/Runtime/Cache/Admin/c1efbd2f0bb3c90ca3c31ec629c76576.php 第 60 行.
NOTIC: [8] Undefined index: areaName2 /userdata/www/syinix/App/Runtime/Cache/Admin/c1efbd2f0bb3c90ca3c31ec629c76576.php 第 60 行.
NOTIC: [8] Use of undefined constant adId - assumed 'adId' /userdata/www/syinix/App/Runtime/Cache/Admin/c1efbd2f0bb3c90ca3c31ec629c76576.php 第 64 行.
NOTIC: [8] Use of undefined constant adId - assumed 'adId' /userdata/www/syinix/App/Runtime/Cache/Admin/c1efbd2f0bb3c90ca3c31ec629c76576.php 第 65 行.
NOTIC: [8] Undefined index: areaName1 /userdata/www/syinix/App/Runtime/Cache/Admin/c1efbd2f0bb3c90ca3c31ec629c76576.php 第 60 行.
NOTIC: [8] Undefined index: areaName2 /userdata/www/syinix/App/Runtime/Cache/Admin/c1efbd2f0bb3c90ca3c31ec629c76576.php 第 60 行.
NOTIC: [8] Use of undefined constant adId - assumed 'adId' /userdata/www/syinix/App/Runtime/Cache/Admin/c1efbd2f0bb3c90ca3c31ec629c76576.php 第 64 行.
NOTIC: [8] Use of undefined constant adId - assumed 'adId' /userdata/www/syinix/App/Runtime/Cache/Admin/c1efbd2f0bb3c90ca3c31ec629c76576.php 第 65 行.
NOTIC: [8] Undefined index: areaName1 /userdata/www/syinix/App/Runtime/Cache/Admin/c1efbd2f0bb3c90ca3c31ec629c76576.php 第 60 行.
NOTIC: [8] Undefined index: areaName2 /userdata/www/syinix/App/Runtime/Cache/Admin/c1efbd2f0bb3c90ca3c31ec629c76576.php 第 60 行.
NOTIC: [8] Use of undefined constant adId - assumed 'adId' /userdata/www/syinix/App/Runtime/Cache/Admin/c1efbd2f0bb3c90ca3c31ec629c76576.php 第 64 行.
NOTIC: [8] Use of undefined constant adId - assumed 'adId' /userdata/www/syinix/App/Runtime/Cache/Admin/c1efbd2f0bb3c90ca3c31ec629c76576.php 第 65 行.
NOTIC: [8] Undefined index: areaName1 /userdata/www/syinix/App/Runtime/Cache/Admin/c1efbd2f0bb3c90ca3c31ec629c76576.php 第 60 行.
NOTIC: [8] Undefined index: areaName2 /userdata/www/syinix/App/Runtime/Cache/Admin/c1efbd2f0bb3c90ca3c31ec629c76576.php 第 60 行.
NOTIC: [8] Use of undefined constant adId - assumed 'adId' /userdata/www/syinix/App/Runtime/Cache/Admin/c1efbd2f0bb3c90ca3c31ec629c76576.php 第 64 行.
NOTIC: [8] Use of undefined constant adId - assumed 'adId' /userdata/www/syinix/App/Runtime/Cache/Admin/c1efbd2f0bb3c90ca3c31ec629c76576.php 第 65 行.
NOTIC: [8] Undefined index: areaName1 /userdata/www/syinix/App/Runtime/Cache/Admin/c1efbd2f0bb3c90ca3c31ec629c76576.php 第 60 行.
NOTIC: [8] Undefined index: areaName2 /userdata/www/syinix/App/Runtime/Cache/Admin/c1efbd2f0bb3c90ca3c31ec629c76576.php 第 60 行.
NOTIC: [8] Use of undefined constant adId - assumed 'adId' /userdata/www/syinix/App/Runtime/Cache/Admin/c1efbd2f0bb3c90ca3c31ec629c76576.php 第 64 行.
NOTIC: [8] Use of undefined constant adId - assumed 'adId' /userdata/www/syinix/App/Runtime/Cache/Admin/c1efbd2f0bb3c90ca3c31ec629c76576.php 第 65 行.
NOTIC: [8] Undefined index: areaName1 /userdata/www/syinix/App/Runtime/Cache/Admin/c1efbd2f0bb3c90ca3c31ec629c76576.php 第 60 行.
NOTIC: [8] Undefined index: areaName2 /userdata/www/syinix/App/Runtime/Cache/Admin/c1efbd2f0bb3c90ca3c31ec629c76576.php 第 60 行.
NOTIC: [8] Use of undefined constant adId - assumed 'adId' /userdata/www/syinix/App/Runtime/Cache/Admin/c1efbd2f0bb3c90ca3c31ec629c76576.php 第 64 行.
NOTIC: [8] Use of undefined constant adId - assumed 'adId' /userdata/www/syinix/App/Runtime/Cache/Admin/c1efbd2f0bb3c90ca3c31ec629c76576.php 第 65 行.
INFO: Run Behavior\ParseTemplateBehavior [ RunTime:0.011625s ]
INFO: [ view_parse ] --END-- [ RunTime:0.011659s ]
INFO: [ view_filter ] --START--
INFO: Run Behavior\WriteHtmlCacheBehavior [ RunTime:0.000119s ]
INFO: [ view_filter ] --END-- [ RunTime:0.000149s ]
INFO: [ app_end ] --START--
INFO: Run Behavior\ShowPageTraceBehavior [ RunTime:0.000351s ]
INFO: [ app_end ] --END-- [ RunTime:0.000394s ]

[ 2016-02-24T17:05:37+08:00 ] 27.115.63.14 /index.php?m=Admin&c=Ads&a=del&id=47
INFO: [ app_init ] --START--
INFO: Run Behavior\BuildLiteBehavior [ RunTime:0.000013s ]
INFO: [ app_init ] --END-- [ RunTime:0.000265s ]
INFO: [ app_begin ] --START--
INFO: Run Behavior\ReadHtmlCacheBehavior [ RunTime:0.000358s ]
INFO: [ app_begin ] --END-- [ RunTime:0.000398s ]
SQL: SHOW COLUMNS FROM `ec_ads` [ RunTime:0.0011s ]
SQL: SHOW COLUMNS FROM `ec_ads` [ RunTime:0.0008s ]
SQL: DELETE FROM `ec_ads` WHERE `adId` = 47 [ RunTime:0.0003s ]

[ 2016-02-24T17:05:41+08:00 ] 27.115.63.14 /index.php?m=Admin&c=Ads&a=index&_=1456304514019
INFO: [ app_init ] --START--
INFO: Run Behavior\BuildLiteBehavior [ RunTime:0.000013s ]
INFO: [ app_init ] --END-- [ RunTime:0.000274s ]
INFO: [ app_begin ] --START--
INFO: Run Behavior\ReadHtmlCacheBehavior [ RunTime:0.000343s ]
INFO: [ app_begin ] --END-- [ RunTime:0.000379s ]
SQL: SHOW COLUMNS FROM `ec_ads` [ RunTime:0.0011s ]
SQL: SHOW COLUMNS FROM `ec_goods_cats` [ RunTime:0.0008s ]
NOTIC: [8] Undefined index: search /userdata/www/syinix/App/Common/Controller/CommonController.class.php 第 56 行.
NOTIC: [2] Invalid argument supplied for foreach() /userdata/www/syinix/App/Common/Controller/CommonController.class.php 第 66 行.
NOTIC: [8] Undefined variable: condition /userdata/www/syinix/App/Common/Controller/CommonController.class.php 第 69 行.
NOTIC: [2] Missing argument 3 for Com\Category::__construct(), called in /userdata/www/syinix/App/Admin/Model/GoodsCatsModel.class.php on line 312 and defined /userdata/www/syinix/ThinkPHP/Library/Com/Category.class.php 第 24 行.
NOTIC: [2] Missing argument 4 for Com\Category::__construct(), called in /userdata/www/syinix/App/Admin/Model/GoodsCatsModel.class.php on line 312 and defined /userdata/www/syinix/ThinkPHP/Library/Com/Category.class.php 第 24 行.
NOTIC: [8] Undefined variable: connection /userdata/www/syinix/ThinkPHP/Library/Com/Category.class.php 第 26 行.
SQL: SHOW COLUMNS FROM `ec_goods_cats` [ RunTime:0.0007s ]
SQL: SELECT * FROM `ec_goods_cats` WHERE `catFlag` = 1 ORDER BY catSort asc  [ RunTime:0.0004s ]
NOTIC: [8] Undefined index: orderField /userdata/www/syinix/App/Common/Model/BaseModel.class.php 第 84 行.
NOTIC: [8] Undefined index: pageCurrent /userdata/www/syinix/App/Common/Model/BaseModel.class.php 第 91 行.
NOTIC: [8] Undefined index: pageSize /userdata/www/syinix/App/Common/Model/BaseModel.class.php 第 93 行.
NOTIC: [8] Undefined index: pageSize /userdata/www/syinix/App/Common/Model/BaseModel.class.php 第 96 行.
SQL: SHOW COLUMNS FROM `ec_ads` [ RunTime:0.0008s ]
NOTIC: [8] Undefined index: modelType /userdata/www/syinix/App/Common/Model/BaseModel.class.php 第 106 行.
SQL: SELECT COUNT(*) AS tp_count FROM `ec_ads` LIMIT 1   [ RunTime:0.0002s ]
NOTIC: [8] Undefined index: modelType /userdata/www/syinix/App/Common/Model/BaseModel.class.php 第 113 行.
NOTIC: [8] Undefined index: pageCurrent /userdata/www/syinix/App/Common/Model/BaseModel.class.php 第 117 行.
SQL: SELECT * FROM `ec_ads` ORDER BY adId desc LIMIT 0,20   [ RunTime:0.0005s ]
NOTIC: [8] Undefined index: search /userdata/www/syinix/App/Common/Controller/CommonController.class.php 第 56 行.
INFO: [ view_parse ] --START--
INFO: [ template_filter ] --START--
INFO: Run Behavior\ContentReplaceBehavior [ RunTime:0.000049s ]
INFO: [ template_filter ] --END-- [ RunTime:0.000085s ]
NOTIC: [8] Undefined variable: Think /userdata/www/syinix/App/Runtime/Cache/Admin/c1efbd2f0bb3c90ca3c31ec629c76576.php 第 2 行.
NOTIC: [8] Undefined index: areaName1 /userdata/www/syinix/App/Runtime/Cache/Admin/c1efbd2f0bb3c90ca3c31ec629c76576.php 第 60 行.
NOTIC: [8] Undefined index: areaName2 /userdata/www/syinix/App/Runtime/Cache/Admin/c1efbd2f0bb3c90ca3c31ec629c76576.php 第 60 行.
NOTIC: [8] Use of undefined constant adId - assumed 'adId' /userdata/www/syinix/App/Runtime/Cache/Admin/c1efbd2f0bb3c90ca3c31ec629c76576.php 第 64 行.
NOTIC: [8] Use of undefined constant adId - assumed 'adId' /userdata/www/syinix/App/Runtime/Cache/Admin/c1efbd2f0bb3c90ca3c31ec629c76576.php 第 65 行.
NOTIC: [8] Undefined index: areaName1 /userdata/www/syinix/App/Runtime/Cache/Admin/c1efbd2f0bb3c90ca3c31ec629c76576.php 第 60 行.
NOTIC: [8] Undefined index: areaName2 /userdata/www/syinix/App/Runtime/Cache/Admin/c1efbd2f0bb3c90ca3c31ec629c76576.php 第 60 行.
NOTIC: [8] Use of undefined constant adId - assumed 'adId' /userdata/www/syinix/App/Runtime/Cache/Admin/c1efbd2f0bb3c90ca3c31ec629c76576.php 第 64 行.
NOTIC: [8] Use of undefined constant adId - assumed 'adId' /userdata/www/syinix/App/Runtime/Cache/Admin/c1efbd2f0bb3c90ca3c31ec629c76576.php 第 65 行.
NOTIC: [8] Undefined index: areaName1 /userdata/www/syinix/App/Runtime/Cache/Admin/c1efbd2f0bb3c90ca3c31ec629c76576.php 第 60 行.
NOTIC: [8] Undefined index: areaName2 /userdata/www/syinix/App/Runtime/Cache/Admin/c1efbd2f0bb3c90ca3c31ec629c76576.php 第 60 行.
NOTIC: [8] Use of undefined constant adId - assumed 'adId' /userdata/www/syinix/App/Runtime/Cache/Admin/c1efbd2f0bb3c90ca3c31ec629c76576.php 第 64 行.
NOTIC: [8] Use of undefined constant adId - assumed 'adId' /userdata/www/syinix/App/Runtime/Cache/Admin/c1efbd2f0bb3c90ca3c31ec629c76576.php 第 65 行.
NOTIC: [8] Undefined index: areaName1 /userdata/www/syinix/App/Runtime/Cache/Admin/c1efbd2f0bb3c90ca3c31ec629c76576.php 第 60 行.
NOTIC: [8] Undefined index: areaName2 /userdata/www/syinix/App/Runtime/Cache/Admin/c1efbd2f0bb3c90ca3c31ec629c76576.php 第 60 行.
NOTIC: [8] Use of undefined constant adId - assumed 'adId' /userdata/www/syinix/App/Runtime/Cache/Admin/c1efbd2f0bb3c90ca3c31ec629c76576.php 第 64 行.
NOTIC: [8] Use of undefined constant adId - assumed 'adId' /userdata/www/syinix/App/Runtime/Cache/Admin/c1efbd2f0bb3c90ca3c31ec629c76576.php 第 65 行.
NOTIC: [8] Undefined index: areaName1 /userdata/www/syinix/App/Runtime/Cache/Admin/c1efbd2f0bb3c90ca3c31ec629c76576.php 第 60 行.
NOTIC: [8] Undefined index: areaName2 /userdata/www/syinix/App/Runtime/Cache/Admin/c1efbd2f0bb3c90ca3c31ec629c76576.php 第 60 行.
NOTIC: [8] Use of undefined constant adId - assumed 'adId' /userdata/www/syinix/App/Runtime/Cache/Admin/c1efbd2f0bb3c90ca3c31ec629c76576.php 第 64 行.
NOTIC: [8] Use of undefined constant adId - assumed 'adId' /userdata/www/syinix/App/Runtime/Cache/Admin/c1efbd2f0bb3c90ca3c31ec629c76576.php 第 65 行.
NOTIC: [8] Undefined index: areaName1 /userdata/www/syinix/App/Runtime/Cache/Admin/c1efbd2f0bb3c90ca3c31ec629c76576.php 第 60 行.
NOTIC: [8] Undefined index: areaName2 /userdata/www/syinix/App/Runtime/Cache/Admin/c1efbd2f0bb3c90ca3c31ec629c76576.php 第 60 行.
NOTIC: [8] Use of undefined constant adId - assumed 'adId' /userdata/www/syinix/App/Runtime/Cache/Admin/c1efbd2f0bb3c90ca3c31ec629c76576.php 第 64 行.
NOTIC: [8] Use of undefined constant adId - assumed 'adId' /userdata/www/syinix/App/Runtime/Cache/Admin/c1efbd2f0bb3c90ca3c31ec629c76576.php 第 65 行.
NOTIC: [8] Undefined index: areaName1 /userdata/www/syinix/App/Runtime/Cache/Admin/c1efbd2f0bb3c90ca3c31ec629c76576.php 第 60 行.
NOTIC: [8] Undefined index: areaName2 /userdata/www/syinix/App/Runtime/Cache/Admin/c1efbd2f0bb3c90ca3c31ec629c76576.php 第 60 行.
NOTIC: [8] Use of undefined constant adId - assumed 'adId' /userdata/www/syinix/App/Runtime/Cache/Admin/c1efbd2f0bb3c90ca3c31ec629c76576.php 第 64 行.
NOTIC: [8] Use of undefined constant adId - assumed 'adId' /userdata/www/syinix/App/Runtime/Cache/Admin/c1efbd2f0bb3c90ca3c31ec629c76576.php 第 65 行.
NOTIC: [8] Undefined index: areaName1 /userdata/www/syinix/App/Runtime/Cache/Admin/c1efbd2f0bb3c90ca3c31ec629c76576.php 第 60 行.
NOTIC: [8] Undefined index: areaName2 /userdata/www/syinix/App/Runtime/Cache/Admin/c1efbd2f0bb3c90ca3c31ec629c76576.php 第 60 行.
NOTIC: [8] Use of undefined constant adId - assumed 'adId' /userdata/www/syinix/App/Runtime/Cache/Admin/c1efbd2f0bb3c90ca3c31ec629c76576.php 第 64 行.
NOTIC: [8] Use of undefined constant adId - assumed 'adId' /userdata/www/syinix/App/Runtime/Cache/Admin/c1efbd2f0bb3c90ca3c31ec629c76576.php 第 65 行.
NOTIC: [8] Undefined index: areaName1 /userdata/www/syinix/App/Runtime/Cache/Admin/c1efbd2f0bb3c90ca3c31ec629c76576.php 第 60 行.
NOTIC: [8] Undefined index: areaName2 /userdata/www/syinix/App/Runtime/Cache/Admin/c1efbd2f0bb3c90ca3c31ec629c76576.php 第 60 行.
NOTIC: [8] Use of undefined constant adId - assumed 'adId' /userdata/www/syinix/App/Runtime/Cache/Admin/c1efbd2f0bb3c90ca3c31ec629c76576.php 第 64 行.
NOTIC: [8] Use of undefined constant adId - assumed 'adId' /userdata/www/syinix/App/Runtime/Cache/Admin/c1efbd2f0bb3c90ca3c31ec629c76576.php 第 65 行.
NOTIC: [8] Undefined index: areaName1 /userdata/www/syinix/App/Runtime/Cache/Admin/c1efbd2f0bb3c90ca3c31ec629c76576.php 第 60 行.
NOTIC: [8] Undefined index: areaName2 /userdata/www/syinix/App/Runtime/Cache/Admin/c1efbd2f0bb3c90ca3c31ec629c76576.php 第 60 行.
NOTIC: [8] Use of undefined constant adId - assumed 'adId' /userdata/www/syinix/App/Runtime/Cache/Admin/c1efbd2f0bb3c90ca3c31ec629c76576.php 第 64 行.
NOTIC: [8] Use of undefined constant adId - assumed 'adId' /userdata/www/syinix/App/Runtime/Cache/Admin/c1efbd2f0bb3c90ca3c31ec629c76576.php 第 65 行.
NOTIC: [8] Undefined index: areaName1 /userdata/www/syinix/App/Runtime/Cache/Admin/c1efbd2f0bb3c90ca3c31ec629c76576.php 第 60 行.
NOTIC: [8] Undefined index: areaName2 /userdata/www/syinix/App/Runtime/Cache/Admin/c1efbd2f0bb3c90ca3c31ec629c76576.php 第 60 行.
NOTIC: [8] Use of undefined constant adId - assumed 'adId' /userdata/www/syinix/App/Runtime/Cache/Admin/c1efbd2f0bb3c90ca3c31ec629c76576.php 第 64 行.
NOTIC: [8] Use of undefined constant adId - assumed 'adId' /userdata/www/syinix/App/Runtime/Cache/Admin/c1efbd2f0bb3c90ca3c31ec629c76576.php 第 65 行.
NOTIC: [8] Undefined index: areaName1 /userdata/www/syinix/App/Runtime/Cache/Admin/c1efbd2f0bb3c90ca3c31ec629c76576.php 第 60 行.
NOTIC: [8] Undefined index: areaName2 /userdata/www/syinix/App/Runtime/Cache/Admin/c1efbd2f0bb3c90ca3c31ec629c76576.php 第 60 行.
NOTIC: [8] Use of undefined constant adId - assumed 'adId' /userdata/www/syinix/App/Runtime/Cache/Admin/c1efbd2f0bb3c90ca3c31ec629c76576.php 第 64 行.
NOTIC: [8] Use of undefined constant adId - assumed 'adId' /userdata/www/syinix/App/Runtime/Cache/Admin/c1efbd2f0bb3c90ca3c31ec629c76576.php 第 65 行.
NOTIC: [8] Undefined index: areaName1 /userdata/www/syinix/App/Runtime/Cache/Admin/c1efbd2f0bb3c90ca3c31ec629c76576.php 第 60 行.
NOTIC: [8] Undefined index: areaName2 /userdata/www/syinix/App/Runtime/Cache/Admin/c1efbd2f0bb3c90ca3c31ec629c76576.php 第 60 行.
NOTIC: [8] Use of undefined constant adId - assumed 'adId' /userdata/www/syinix/App/Runtime/Cache/Admin/c1efbd2f0bb3c90ca3c31ec629c76576.php 第 64 行.
NOTIC: [8] Use of undefined constant adId - assumed 'adId' /userdata/www/syinix/App/Runtime/Cache/Admin/c1efbd2f0bb3c90ca3c31ec629c76576.php 第 65 行.
NOTIC: [8] Undefined index: areaName1 /userdata/www/syinix/App/Runtime/Cache/Admin/c1efbd2f0bb3c90ca3c31ec629c76576.php 第 60 行.
NOTIC: [8] Undefined index: areaName2 /userdata/www/syinix/App/Runtime/Cache/Admin/c1efbd2f0bb3c90ca3c31ec629c76576.php 第 60 行.
NOTIC: [8] Use of undefined constant adId - assumed 'adId' /userdata/www/syinix/App/Runtime/Cache/Admin/c1efbd2f0bb3c90ca3c31ec629c76576.php 第 64 行.
NOTIC: [8] Use of undefined constant adId - assumed 'adId' /userdata/www/syinix/App/Runtime/Cache/Admin/c1efbd2f0bb3c90ca3c31ec629c76576.php 第 65 行.
NOTIC: [8] Undefined index: areaName1 /userdata/www/syinix/App/Runtime/Cache/Admin/c1efbd2f0bb3c90ca3c31ec629c76576.php 第 60 行.
NOTIC: [8] Undefined index: areaName2 /userdata/www/syinix/App/Runtime/Cache/Admin/c1efbd2f0bb3c90ca3c31ec629c76576.php 第 60 行.
NOTIC: [8] Use of undefined constant adId - assumed 'adId' /userdata/www/syinix/App/Runtime/Cache/Admin/c1efbd2f0bb3c90ca3c31ec629c76576.php 第 64 行.
NOTIC: [8] Use of undefined constant adId - assumed 'adId' /userdata/www/syinix/App/Runtime/Cache/Admin/c1efbd2f0bb3c90ca3c31ec629c76576.php 第 65 行.
NOTIC: [8] Undefined index: areaName1 /userdata/www/syinix/App/Runtime/Cache/Admin/c1efbd2f0bb3c90ca3c31ec629c76576.php 第 60 行.
NOTIC: [8] Undefined index: areaName2 /userdata/www/syinix/App/Runtime/Cache/Admin/c1efbd2f0bb3c90ca3c31ec629c76576.php 第 60 行.
NOTIC: [8] Use of undefined constant adId - assumed 'adId' /userdata/www/syinix/App/Runtime/Cache/Admin/c1efbd2f0bb3c90ca3c31ec629c76576.php 第 64 行.
NOTIC: [8] Use of undefined constant adId - assumed 'adId' /userdata/www/syinix/App/Runtime/Cache/Admin/c1efbd2f0bb3c90ca3c31ec629c76576.php 第 65 行.
NOTIC: [8] Undefined index: areaName1 /userdata/www/syinix/App/Runtime/Cache/Admin/c1efbd2f0bb3c90ca3c31ec629c76576.php 第 60 行.
NOTIC: [8] Undefined index: areaName2 /userdata/www/syinix/App/Runtime/Cache/Admin/c1efbd2f0bb3c90ca3c31ec629c76576.php 第 60 行.
NOTIC: [8] Use of undefined constant adId - assumed 'adId' /userdata/www/syinix/App/Runtime/Cache/Admin/c1efbd2f0bb3c90ca3c31ec629c76576.php 第 64 行.
NOTIC: [8] Use of undefined constant adId - assumed 'adId' /userdata/www/syinix/App/Runtime/Cache/Admin/c1efbd2f0bb3c90ca3c31ec629c76576.php 第 65 行.
NOTIC: [8] Undefined index: areaName1 /userdata/www/syinix/App/Runtime/Cache/Admin/c1efbd2f0bb3c90ca3c31ec629c76576.php 第 60 行.
NOTIC: [8] Undefined index: areaName2 /userdata/www/syinix/App/Runtime/Cache/Admin/c1efbd2f0bb3c90ca3c31ec629c76576.php 第 60 行.
NOTIC: [8] Use of undefined constant adId - assumed 'adId' /userdata/www/syinix/App/Runtime/Cache/Admin/c1efbd2f0bb3c90ca3c31ec629c76576.php 第 64 行.
NOTIC: [8] Use of undefined constant adId - assumed 'adId' /userdata/www/syinix/App/Runtime/Cache/Admin/c1efbd2f0bb3c90ca3c31ec629c76576.php 第 65 行.
NOTIC: [8] Undefined index: areaName1 /userdata/www/syinix/App/Runtime/Cache/Admin/c1efbd2f0bb3c90ca3c31ec629c76576.php 第 60 行.
NOTIC: [8] Undefined index: areaName2 /userdata/www/syinix/App/Runtime/Cache/Admin/c1efbd2f0bb3c90ca3c31ec629c76576.php 第 60 行.
NOTIC: [8] Use of undefined constant adId - assumed 'adId' /userdata/www/syinix/App/Runtime/Cache/Admin/c1efbd2f0bb3c90ca3c31ec629c76576.php 第 64 行.
NOTIC: [8] Use of undefined constant adId - assumed 'adId' /userdata/www/syinix/App/Runtime/Cache/Admin/c1efbd2f0bb3c90ca3c31ec629c76576.php 第 65 行.
INFO: Run Behavior\ParseTemplateBehavior [ RunTime:0.011596s ]
INFO: [ view_parse ] --END-- [ RunTime:0.011630s ]
INFO: [ view_filter ] --START--
INFO: Run Behavior\WriteHtmlCacheBehavior [ RunTime:0.000113s ]
INFO: [ view_filter ] --END-- [ RunTime:0.000143s ]
INFO: [ app_end ] --START--
INFO: Run Behavior\ShowPageTraceBehavior [ RunTime:0.000359s ]
INFO: [ app_end ] --END-- [ RunTime:0.000394s ]

