[ 2016-02-14T23:47:23+08:00 ] 159.8.94.69 /index.php
INFO: [ app_init ] --START--
INFO: Run Behavior\BuildLiteBehavior [ RunTime:0.000013s ]
INFO: [ app_init ] --END-- [ RunTime:0.000265s ]
INFO: [ app_begin ] --START--
INFO: Run Behavior\ReadHtmlCacheBehavior [ RunTime:0.000361s ]
INFO: [ app_begin ] --END-- [ RunTime:0.000400s ]
SQL: SHOW COLUMNS FROM `ec_channel` [ RunTime:0.0011s ]
SQL: SHOW COLUMNS FROM `ec_channel` [ RunTime:0.0008s ]
NOTIC: [8] Undefined index: modelType /userdata/www/syinix/App/Common/Model/BaseModel.class.php 第 206 行.
NOTIC: [8] Undefined index: field /userdata/www/syinix/App/Common/Model/BaseModel.class.php 第 224 行.
SQL: SELECT * FROM `ec_channel` WHERE `cid` = 0 LIMIT 1   [ RunTime:0.0004s ]
SQL: SHOW COLUMNS FROM `ec_goods_cats` [ RunTime:0.0007s ]
SQL: SHOW COLUMNS FROM `ec_ads` [ RunTime:0.0008s ]
SQL: SHOW COLUMNS FROM `ec_article_cats` [ RunTime:0.0007s ]
SQL: SHOW COLUMNS FROM `ec_goods` [ RunTime:0.0012s ]
SQL: SHOW COLUMNS FROM `ec_goods_cats` [ RunTime:0.0007s ]
SQL: SELECT * FROM `ec_goods_cats` WHERE ( catFlag=1 and parentId=0 )  [ RunTime:0.0004s ]
SQL: SELECT * FROM `ec_goods_cats` WHERE ( catFlag=1 and parentId=342 )  [ RunTime:0.0003s ]
SQL: SELECT * FROM `ec_goods_cats` WHERE ( catFlag=1 and parentId=343 )  [ RunTime:0.0002s ]
SQL: SELECT * FROM `ec_goods_cats` WHERE ( catFlag=1 and parentId=344 )  [ RunTime:0.0003s ]
SQL: SELECT * FROM `ec_goods_cats` WHERE ( catFlag=1 and parentId=345 )  [ RunTime:0.0002s ]
SQL: SELECT * FROM `ec_goods_cats` WHERE ( catFlag=1 and parentId=346 )  [ RunTime:0.0002s ]
SQL: SELECT * FROM `ec_goods_cats` WHERE ( catFlag=1 and parentId=347 )  [ RunTime:0.0002s ]
SQL: SELECT * FROM `ec_goods_cats` WHERE ( catFlag=1 and parentId=348 )  [ RunTime:0.0003s ]
SQL: SELECT * FROM `ec_goods_cats` WHERE ( catFlag=1 and parentId=357 )  [ RunTime:0.0002s ]
SQL: SHOW COLUMNS FROM `ec_article_cats` [ RunTime:0.0007s ]
SQL: SELECT * FROM `ec_article_cats` WHERE ( catFlag=1 and parentId=32 ) ORDER BY catSort asc,catId asc  [ RunTime:0.0003s ]
SQL: SHOW COLUMNS FROM `ec_ads` [ RunTime:0.0008s ]
SQL: SELECT * FROM `ec_ads` WHERE `adPositionId` = -1 ORDER BY adSort asc  [ RunTime:0.0004s ]
SQL: SHOW COLUMNS FROM `ec_goods` [ RunTime:0.0011s ]
SQL: SELECT * FROM `ec_goods` WHERE `goodsStatus` = 1 AND `goodsFlag` = 1 AND `isRecomm` = 1  [ RunTime:0.0005s ]
INFO: [ view_parse ] --START--
INFO: [ template_filter ] --START--
INFO: Run Behavior\ContentReplaceBehavior [ RunTime:0.000092s ]
INFO: [ template_filter ] --END-- [ RunTime:0.000135s ]
INFO: Run Behavior\ParseTemplateBehavior [ RunTime:0.018189s ]
INFO: [ view_parse ] --END-- [ RunTime:0.018229s ]
INFO: [ view_filter ] --START--
INFO: Run Behavior\WriteHtmlCacheBehavior [ RunTime:0.000122s ]
INFO: [ view_filter ] --END-- [ RunTime:0.000156s ]
INFO: [ app_end ] --START--
INFO: Run Behavior\ShowPageTraceBehavior [ RunTime:0.000361s ]
INFO: [ app_end ] --END-- [ RunTime:0.000400s ]

[ 2016-02-14T23:48:25+08:00 ] 159.8.94.69 /index.php
INFO: [ app_init ] --START--
INFO: Run Behavior\BuildLiteBehavior [ RunTime:0.000013s ]
INFO: [ app_init ] --END-- [ RunTime:0.000263s ]
INFO: [ app_begin ] --START--
INFO: Run Behavior\ReadHtmlCacheBehavior [ RunTime:0.000358s ]
INFO: [ app_begin ] --END-- [ RunTime:0.000397s ]
SQL: SHOW COLUMNS FROM `ec_channel` [ RunTime:0.0011s ]
SQL: SHOW COLUMNS FROM `ec_channel` [ RunTime:0.0008s ]
NOTIC: [8] Undefined index: modelType /userdata/www/syinix/App/Common/Model/BaseModel.class.php 第 206 行.
NOTIC: [8] Undefined index: field /userdata/www/syinix/App/Common/Model/BaseModel.class.php 第 224 行.
SQL: SELECT * FROM `ec_channel` WHERE `cid` = 0 LIMIT 1   [ RunTime:0.0003s ]
SQL: SHOW COLUMNS FROM `ec_goods_cats` [ RunTime:0.0007s ]
SQL: SHOW COLUMNS FROM `ec_ads` [ RunTime:0.0008s ]
SQL: SHOW COLUMNS FROM `ec_article_cats` [ RunTime:0.0007s ]
SQL: SHOW COLUMNS FROM `ec_goods` [ RunTime:0.0011s ]
SQL: SHOW COLUMNS FROM `ec_goods_cats` [ RunTime:0.0007s ]
SQL: SELECT * FROM `ec_goods_cats` WHERE ( catFlag=1 and parentId=0 )  [ RunTime:0.0004s ]
SQL: SELECT * FROM `ec_goods_cats` WHERE ( catFlag=1 and parentId=342 )  [ RunTime:0.0003s ]
SQL: SELECT * FROM `ec_goods_cats` WHERE ( catFlag=1 and parentId=343 )  [ RunTime:0.0003s ]
SQL: SELECT * FROM `ec_goods_cats` WHERE ( catFlag=1 and parentId=344 )  [ RunTime:0.0003s ]
SQL: SELECT * FROM `ec_goods_cats` WHERE ( catFlag=1 and parentId=345 )  [ RunTime:0.0002s ]
SQL: SELECT * FROM `ec_goods_cats` WHERE ( catFlag=1 and parentId=346 )  [ RunTime:0.0002s ]
SQL: SELECT * FROM `ec_goods_cats` WHERE ( catFlag=1 and parentId=347 )  [ RunTime:0.0002s ]
SQL: SELECT * FROM `ec_goods_cats` WHERE ( catFlag=1 and parentId=348 )  [ RunTime:0.0002s ]
SQL: SELECT * FROM `ec_goods_cats` WHERE ( catFlag=1 and parentId=357 )  [ RunTime:0.0002s ]
SQL: SHOW COLUMNS FROM `ec_article_cats` [ RunTime:0.0007s ]
SQL: SELECT * FROM `ec_article_cats` WHERE ( catFlag=1 and parentId=32 ) ORDER BY catSort asc,catId asc  [ RunTime:0.0003s ]
SQL: SHOW COLUMNS FROM `ec_ads` [ RunTime:0.0008s ]
SQL: SELECT * FROM `ec_ads` WHERE `adPositionId` = -1 ORDER BY adSort asc  [ RunTime:0.0004s ]
SQL: SHOW COLUMNS FROM `ec_goods` [ RunTime:0.0011s ]
SQL: SELECT * FROM `ec_goods` WHERE `goodsStatus` = 1 AND `goodsFlag` = 1 AND `isRecomm` = 1  [ RunTime:0.0005s ]
INFO: [ view_parse ] --START--
INFO: [ template_filter ] --START--
INFO: Run Behavior\ContentReplaceBehavior [ RunTime:0.000079s ]
INFO: [ template_filter ] --END-- [ RunTime:0.000120s ]
INFO: Run Behavior\ParseTemplateBehavior [ RunTime:0.018361s ]
INFO: [ view_parse ] --END-- [ RunTime:0.018401s ]
INFO: [ view_filter ] --START--
INFO: Run Behavior\WriteHtmlCacheBehavior [ RunTime:0.000120s ]
INFO: [ view_filter ] --END-- [ RunTime:0.000153s ]
INFO: [ app_end ] --START--
INFO: Run Behavior\ShowPageTraceBehavior [ RunTime:0.000366s ]
INFO: [ app_end ] --END-- [ RunTime:0.000404s ]

[ 2016-02-14T23:49:27+08:00 ] 159.8.94.69 /index.php
INFO: [ app_init ] --START--
INFO: Run Behavior\BuildLiteBehavior [ RunTime:0.000013s ]
INFO: [ app_init ] --END-- [ RunTime:0.000265s ]
INFO: [ app_begin ] --START--
INFO: Run Behavior\ReadHtmlCacheBehavior [ RunTime:0.000346s ]
INFO: [ app_begin ] --END-- [ RunTime:0.000385s ]
SQL: SHOW COLUMNS FROM `ec_channel` [ RunTime:0.0011s ]
SQL: SHOW COLUMNS FROM `ec_channel` [ RunTime:0.0008s ]
NOTIC: [8] Undefined index: modelType /userdata/www/syinix/App/Common/Model/BaseModel.class.php 第 206 行.
NOTIC: [8] Undefined index: field /userdata/www/syinix/App/Common/Model/BaseModel.class.php 第 224 行.
SQL: SELECT * FROM `ec_channel` WHERE `cid` = 0 LIMIT 1   [ RunTime:0.0003s ]
SQL: SHOW COLUMNS FROM `ec_goods_cats` [ RunTime:0.0007s ]
SQL: SHOW COLUMNS FROM `ec_ads` [ RunTime:0.0008s ]
SQL: SHOW COLUMNS FROM `ec_article_cats` [ RunTime:0.0007s ]
SQL: SHOW COLUMNS FROM `ec_goods` [ RunTime:0.0011s ]
SQL: SHOW COLUMNS FROM `ec_goods_cats` [ RunTime:0.0007s ]
SQL: SELECT * FROM `ec_goods_cats` WHERE ( catFlag=1 and parentId=0 )  [ RunTime:0.0004s ]
SQL: SELECT * FROM `ec_goods_cats` WHERE ( catFlag=1 and parentId=342 )  [ RunTime:0.0003s ]
SQL: SELECT * FROM `ec_goods_cats` WHERE ( catFlag=1 and parentId=343 )  [ RunTime:0.0003s ]
SQL: SELECT * FROM `ec_goods_cats` WHERE ( catFlag=1 and parentId=344 )  [ RunTime:0.0003s ]
SQL: SELECT * FROM `ec_goods_cats` WHERE ( catFlag=1 and parentId=345 )  [ RunTime:0.0002s ]
SQL: SELECT * FROM `ec_goods_cats` WHERE ( catFlag=1 and parentId=346 )  [ RunTime:0.0002s ]
SQL: SELECT * FROM `ec_goods_cats` WHERE ( catFlag=1 and parentId=347 )  [ RunTime:0.0002s ]
SQL: SELECT * FROM `ec_goods_cats` WHERE ( catFlag=1 and parentId=348 )  [ RunTime:0.0002s ]
SQL: SELECT * FROM `ec_goods_cats` WHERE ( catFlag=1 and parentId=357 )  [ RunTime:0.0003s ]
SQL: SHOW COLUMNS FROM `ec_article_cats` [ RunTime:0.0007s ]
SQL: SELECT * FROM `ec_article_cats` WHERE ( catFlag=1 and parentId=32 ) ORDER BY catSort asc,catId asc  [ RunTime:0.0003s ]
SQL: SHOW COLUMNS FROM `ec_ads` [ RunTime:0.0008s ]
SQL: SELECT * FROM `ec_ads` WHERE `adPositionId` = -1 ORDER BY adSort asc  [ RunTime:0.0004s ]
SQL: SHOW COLUMNS FROM `ec_goods` [ RunTime:0.0010s ]
SQL: SELECT * FROM `ec_goods` WHERE `goodsStatus` = 1 AND `goodsFlag` = 1 AND `isRecomm` = 1  [ RunTime:0.0005s ]
INFO: [ view_parse ] --START--
INFO: [ template_filter ] --START--
INFO: Run Behavior\ContentReplaceBehavior [ RunTime:0.000078s ]
INFO: [ template_filter ] --END-- [ RunTime:0.000119s ]
INFO: Run Behavior\ParseTemplateBehavior [ RunTime:0.018106s ]
INFO: [ view_parse ] --END-- [ RunTime:0.018146s ]
INFO: [ view_filter ] --START--
INFO: Run Behavior\WriteHtmlCacheBehavior [ RunTime:0.000140s ]
INFO: [ view_filter ] --END-- [ RunTime:0.000173s ]
INFO: [ app_end ] --START--
INFO: Run Behavior\ShowPageTraceBehavior [ RunTime:0.000368s ]
INFO: [ app_end ] --END-- [ RunTime:0.000417s ]

[ 2016-02-14T23:50:29+08:00 ] 159.8.94.69 /index.php
INFO: [ app_init ] --START--
INFO: Run Behavior\BuildLiteBehavior [ RunTime:0.000013s ]
INFO: [ app_init ] --END-- [ RunTime:0.000268s ]
INFO: [ app_begin ] --START--
INFO: Run Behavior\ReadHtmlCacheBehavior [ RunTime:0.000343s ]
INFO: [ app_begin ] --END-- [ RunTime:0.000382s ]
SQL: SHOW COLUMNS FROM `ec_channel` [ RunTime:0.0011s ]
SQL: SHOW COLUMNS FROM `ec_channel` [ RunTime:0.0008s ]
NOTIC: [8] Undefined index: modelType /userdata/www/syinix/App/Common/Model/BaseModel.class.php 第 206 行.
NOTIC: [8] Undefined index: field /userdata/www/syinix/App/Common/Model/BaseModel.class.php 第 224 行.
SQL: SELECT * FROM `ec_channel` WHERE `cid` = 0 LIMIT 1   [ RunTime:0.0003s ]
SQL: SHOW COLUMNS FROM `ec_goods_cats` [ RunTime:0.0007s ]
SQL: SHOW COLUMNS FROM `ec_ads` [ RunTime:0.0008s ]
SQL: SHOW COLUMNS FROM `ec_article_cats` [ RunTime:0.0007s ]
SQL: SHOW COLUMNS FROM `ec_goods` [ RunTime:0.0011s ]
SQL: SHOW COLUMNS FROM `ec_goods_cats` [ RunTime:0.0007s ]
SQL: SELECT * FROM `ec_goods_cats` WHERE ( catFlag=1 and parentId=0 )  [ RunTime:0.0004s ]
SQL: SELECT * FROM `ec_goods_cats` WHERE ( catFlag=1 and parentId=342 )  [ RunTime:0.0003s ]
SQL: SELECT * FROM `ec_goods_cats` WHERE ( catFlag=1 and parentId=343 )  [ RunTime:0.0002s ]
SQL: SELECT * FROM `ec_goods_cats` WHERE ( catFlag=1 and parentId=344 )  [ RunTime:0.0003s ]
SQL: SELECT * FROM `ec_goods_cats` WHERE ( catFlag=1 and parentId=345 )  [ RunTime:0.0002s ]
SQL: SELECT * FROM `ec_goods_cats` WHERE ( catFlag=1 and parentId=346 )  [ RunTime:0.0002s ]
SQL: SELECT * FROM `ec_goods_cats` WHERE ( catFlag=1 and parentId=347 )  [ RunTime:0.0002s ]
SQL: SELECT * FROM `ec_goods_cats` WHERE ( catFlag=1 and parentId=348 )  [ RunTime:0.0002s ]
SQL: SELECT * FROM `ec_goods_cats` WHERE ( catFlag=1 and parentId=357 )  [ RunTime:0.0002s ]
SQL: SHOW COLUMNS FROM `ec_article_cats` [ RunTime:0.0007s ]
SQL: SELECT * FROM `ec_article_cats` WHERE ( catFlag=1 and parentId=32 ) ORDER BY catSort asc,catId asc  [ RunTime:0.0003s ]
SQL: SHOW COLUMNS FROM `ec_ads` [ RunTime:0.0008s ]
SQL: SELECT * FROM `ec_ads` WHERE `adPositionId` = -1 ORDER BY adSort asc  [ RunTime:0.0004s ]
SQL: SHOW COLUMNS FROM `ec_goods` [ RunTime:0.0010s ]
SQL: SELECT * FROM `ec_goods` WHERE `goodsStatus` = 1 AND `goodsFlag` = 1 AND `isRecomm` = 1  [ RunTime:0.0005s ]
INFO: [ view_parse ] --START--
INFO: [ template_filter ] --START--
INFO: Run Behavior\ContentReplaceBehavior [ RunTime:0.000078s ]
INFO: [ template_filter ] --END-- [ RunTime:0.000120s ]
INFO: Run Behavior\ParseTemplateBehavior [ RunTime:0.018014s ]
INFO: [ view_parse ] --END-- [ RunTime:0.018053s ]
INFO: [ view_filter ] --START--
INFO: Run Behavior\WriteHtmlCacheBehavior [ RunTime:0.000119s ]
INFO: [ view_filter ] --END-- [ RunTime:0.000152s ]
INFO: [ app_end ] --START--
INFO: Run Behavior\ShowPageTraceBehavior [ RunTime:0.000367s ]
INFO: [ app_end ] --END-- [ RunTime:0.000405s ]

[ 2016-02-14T23:51:31+08:00 ] 159.8.94.69 /index.php
INFO: [ app_init ] --START--
INFO: Run Behavior\BuildLiteBehavior [ RunTime:0.000013s ]
INFO: [ app_init ] --END-- [ RunTime:0.000268s ]
INFO: [ app_begin ] --START--
INFO: Run Behavior\ReadHtmlCacheBehavior [ RunTime:0.000361s ]
INFO: [ app_begin ] --END-- [ RunTime:0.000399s ]
SQL: SHOW COLUMNS FROM `ec_channel` [ RunTime:0.0011s ]
SQL: SHOW COLUMNS FROM `ec_channel` [ RunTime:0.0008s ]
NOTIC: [8] Undefined index: modelType /userdata/www/syinix/App/Common/Model/BaseModel.class.php 第 206 行.
NOTIC: [8] Undefined index: field /userdata/www/syinix/App/Common/Model/BaseModel.class.php 第 224 行.
SQL: SELECT * FROM `ec_channel` WHERE `cid` = 0 LIMIT 1   [ RunTime:0.0003s ]
SQL: SHOW COLUMNS FROM `ec_goods_cats` [ RunTime:0.0007s ]
SQL: SHOW COLUMNS FROM `ec_ads` [ RunTime:0.0008s ]
SQL: SHOW COLUMNS FROM `ec_article_cats` [ RunTime:0.0007s ]
SQL: SHOW COLUMNS FROM `ec_goods` [ RunTime:0.0011s ]
SQL: SHOW COLUMNS FROM `ec_goods_cats` [ RunTime:0.0007s ]
SQL: SELECT * FROM `ec_goods_cats` WHERE ( catFlag=1 and parentId=0 )  [ RunTime:0.0004s ]
SQL: SELECT * FROM `ec_goods_cats` WHERE ( catFlag=1 and parentId=342 )  [ RunTime:0.0003s ]
SQL: SELECT * FROM `ec_goods_cats` WHERE ( catFlag=1 and parentId=343 )  [ RunTime:0.0003s ]
SQL: SELECT * FROM `ec_goods_cats` WHERE ( catFlag=1 and parentId=344 )  [ RunTime:0.0003s ]
SQL: SELECT * FROM `ec_goods_cats` WHERE ( catFlag=1 and parentId=345 )  [ RunTime:0.0002s ]
SQL: SELECT * FROM `ec_goods_cats` WHERE ( catFlag=1 and parentId=346 )  [ RunTime:0.0002s ]
SQL: SELECT * FROM `ec_goods_cats` WHERE ( catFlag=1 and parentId=347 )  [ RunTime:0.0002s ]
SQL: SELECT * FROM `ec_goods_cats` WHERE ( catFlag=1 and parentId=348 )  [ RunTime:0.0002s ]
SQL: SELECT * FROM `ec_goods_cats` WHERE ( catFlag=1 and parentId=357 )  [ RunTime:0.0003s ]
SQL: SHOW COLUMNS FROM `ec_article_cats` [ RunTime:0.0007s ]
SQL: SELECT * FROM `ec_article_cats` WHERE ( catFlag=1 and parentId=32 ) ORDER BY catSort asc,catId asc  [ RunTime:0.0003s ]
SQL: SHOW COLUMNS FROM `ec_ads` [ RunTime:0.0008s ]
SQL: SELECT * FROM `ec_ads` WHERE `adPositionId` = -1 ORDER BY adSort asc  [ RunTime:0.0004s ]
SQL: SHOW COLUMNS FROM `ec_goods` [ RunTime:0.0011s ]
SQL: SELECT * FROM `ec_goods` WHERE `goodsStatus` = 1 AND `goodsFlag` = 1 AND `isRecomm` = 1  [ RunTime:0.0005s ]
INFO: [ view_parse ] --START--
INFO: [ template_filter ] --START--
INFO: Run Behavior\ContentReplaceBehavior [ RunTime:0.000081s ]
INFO: [ template_filter ] --END-- [ RunTime:0.000122s ]
INFO: Run Behavior\ParseTemplateBehavior [ RunTime:0.018350s ]
INFO: [ view_parse ] --END-- [ RunTime:0.018390s ]
INFO: [ view_filter ] --START--
INFO: Run Behavior\WriteHtmlCacheBehavior [ RunTime:0.000121s ]
INFO: [ view_filter ] --END-- [ RunTime:0.000155s ]
INFO: [ app_end ] --START--
INFO: Run Behavior\ShowPageTraceBehavior [ RunTime:0.000366s ]
INFO: [ app_end ] --END-- [ RunTime:0.000404s ]

[ 2016-02-14T23:52:33+08:00 ] 159.8.94.69 /index.php
INFO: [ app_init ] --START--
INFO: Run Behavior\BuildLiteBehavior [ RunTime:0.000012s ]
INFO: [ app_init ] --END-- [ RunTime:0.000264s ]
INFO: [ app_begin ] --START--
INFO: Run Behavior\ReadHtmlCacheBehavior [ RunTime:0.000359s ]
INFO: [ app_begin ] --END-- [ RunTime:0.000397s ]
SQL: SHOW COLUMNS FROM `ec_channel` [ RunTime:0.0012s ]
SQL: SHOW COLUMNS FROM `ec_channel` [ RunTime:0.0008s ]
NOTIC: [8] Undefined index: modelType /userdata/www/syinix/App/Common/Model/BaseModel.class.php 第 206 行.
NOTIC: [8] Undefined index: field /userdata/www/syinix/App/Common/Model/BaseModel.class.php 第 224 行.
SQL: SELECT * FROM `ec_channel` WHERE `cid` = 0 LIMIT 1   [ RunTime:0.0003s ]
SQL: SHOW COLUMNS FROM `ec_goods_cats` [ RunTime:0.0007s ]
SQL: SHOW COLUMNS FROM `ec_ads` [ RunTime:0.0008s ]
SQL: SHOW COLUMNS FROM `ec_article_cats` [ RunTime:0.0007s ]
SQL: SHOW COLUMNS FROM `ec_goods` [ RunTime:0.0011s ]
SQL: SHOW COLUMNS FROM `ec_goods_cats` [ RunTime:0.0007s ]
SQL: SELECT * FROM `ec_goods_cats` WHERE ( catFlag=1 and parentId=0 )  [ RunTime:0.0004s ]
SQL: SELECT * FROM `ec_goods_cats` WHERE ( catFlag=1 and parentId=342 )  [ RunTime:0.0003s ]
SQL: SELECT * FROM `ec_goods_cats` WHERE ( catFlag=1 and parentId=343 )  [ RunTime:0.0002s ]
SQL: SELECT * FROM `ec_goods_cats` WHERE ( catFlag=1 and parentId=344 )  [ RunTime:0.0003s ]
SQL: SELECT * FROM `ec_goods_cats` WHERE ( catFlag=1 and parentId=345 )  [ RunTime:0.0003s ]
SQL: SELECT * FROM `ec_goods_cats` WHERE ( catFlag=1 and parentId=346 )  [ RunTime:0.0002s ]
SQL: SELECT * FROM `ec_goods_cats` WHERE ( catFlag=1 and parentId=347 )  [ RunTime:0.0002s ]
SQL: SELECT * FROM `ec_goods_cats` WHERE ( catFlag=1 and parentId=348 )  [ RunTime:0.0002s ]
SQL: SELECT * FROM `ec_goods_cats` WHERE ( catFlag=1 and parentId=357 )  [ RunTime:0.0002s ]
SQL: SHOW COLUMNS FROM `ec_article_cats` [ RunTime:0.0007s ]
SQL: SELECT * FROM `ec_article_cats` WHERE ( catFlag=1 and parentId=32 ) ORDER BY catSort asc,catId asc  [ RunTime:0.0003s ]
SQL: SHOW COLUMNS FROM `ec_ads` [ RunTime:0.0008s ]
SQL: SELECT * FROM `ec_ads` WHERE `adPositionId` = -1 ORDER BY adSort asc  [ RunTime:0.0004s ]
SQL: SHOW COLUMNS FROM `ec_goods` [ RunTime:0.0010s ]
SQL: SELECT * FROM `ec_goods` WHERE `goodsStatus` = 1 AND `goodsFlag` = 1 AND `isRecomm` = 1  [ RunTime:0.0005s ]
INFO: [ view_parse ] --START--
INFO: [ template_filter ] --START--
INFO: Run Behavior\ContentReplaceBehavior [ RunTime:0.000093s ]
INFO: [ template_filter ] --END-- [ RunTime:0.000136s ]
INFO: Run Behavior\ParseTemplateBehavior [ RunTime:0.018175s ]
INFO: [ view_parse ] --END-- [ RunTime:0.018217s ]
INFO: [ view_filter ] --START--
INFO: Run Behavior\WriteHtmlCacheBehavior [ RunTime:0.000122s ]
INFO: [ view_filter ] --END-- [ RunTime:0.000156s ]
INFO: [ app_end ] --START--
INFO: Run Behavior\ShowPageTraceBehavior [ RunTime:0.000365s ]
INFO: [ app_end ] --END-- [ RunTime:0.000405s ]

[ 2016-02-14T23:53:36+08:00 ] 159.8.94.69 /index.php
INFO: [ app_init ] --START--
INFO: Run Behavior\BuildLiteBehavior [ RunTime:0.000012s ]
INFO: [ app_init ] --END-- [ RunTime:0.000274s ]
INFO: [ app_begin ] --START--
INFO: Run Behavior\ReadHtmlCacheBehavior [ RunTime:0.000346s ]
INFO: [ app_begin ] --END-- [ RunTime:0.000385s ]
SQL: SHOW COLUMNS FROM `ec_channel` [ RunTime:0.0011s ]
SQL: SHOW COLUMNS FROM `ec_channel` [ RunTime:0.0008s ]
NOTIC: [8] Undefined index: modelType /userdata/www/syinix/App/Common/Model/BaseModel.class.php 第 206 行.
NOTIC: [8] Undefined index: field /userdata/www/syinix/App/Common/Model/BaseModel.class.php 第 224 行.
SQL: SELECT * FROM `ec_channel` WHERE `cid` = 0 LIMIT 1   [ RunTime:0.0003s ]
SQL: SHOW COLUMNS FROM `ec_goods_cats` [ RunTime:0.0007s ]
SQL: SHOW COLUMNS FROM `ec_ads` [ RunTime:0.0008s ]
SQL: SHOW COLUMNS FROM `ec_article_cats` [ RunTime:0.0007s ]
SQL: SHOW COLUMNS FROM `ec_goods` [ RunTime:0.0011s ]
SQL: SHOW COLUMNS FROM `ec_goods_cats` [ RunTime:0.0007s ]
SQL: SELECT * FROM `ec_goods_cats` WHERE ( catFlag=1 and parentId=0 )  [ RunTime:0.0004s ]
SQL: SELECT * FROM `ec_goods_cats` WHERE ( catFlag=1 and parentId=342 )  [ RunTime:0.0003s ]
SQL: SELECT * FROM `ec_goods_cats` WHERE ( catFlag=1 and parentId=343 )  [ RunTime:0.0002s ]
SQL: SELECT * FROM `ec_goods_cats` WHERE ( catFlag=1 and parentId=344 )  [ RunTime:0.0003s ]
SQL: SELECT * FROM `ec_goods_cats` WHERE ( catFlag=1 and parentId=345 )  [ RunTime:0.0003s ]
SQL: SELECT * FROM `ec_goods_cats` WHERE ( catFlag=1 and parentId=346 )  [ RunTime:0.0002s ]
SQL: SELECT * FROM `ec_goods_cats` WHERE ( catFlag=1 and parentId=347 )  [ RunTime:0.0002s ]
SQL: SELECT * FROM `ec_goods_cats` WHERE ( catFlag=1 and parentId=348 )  [ RunTime:0.0002s ]
SQL: SELECT * FROM `ec_goods_cats` WHERE ( catFlag=1 and parentId=357 )  [ RunTime:0.0002s ]
SQL: SHOW COLUMNS FROM `ec_article_cats` [ RunTime:0.0007s ]
SQL: SELECT * FROM `ec_article_cats` WHERE ( catFlag=1 and parentId=32 ) ORDER BY catSort asc,catId asc  [ RunTime:0.0003s ]
SQL: SHOW COLUMNS FROM `ec_ads` [ RunTime:0.0008s ]
SQL: SELECT * FROM `ec_ads` WHERE `adPositionId` = -1 ORDER BY adSort asc  [ RunTime:0.0004s ]
SQL: SHOW COLUMNS FROM `ec_goods` [ RunTime:0.0010s ]
SQL: SELECT * FROM `ec_goods` WHERE `goodsStatus` = 1 AND `goodsFlag` = 1 AND `isRecomm` = 1  [ RunTime:0.0005s ]
INFO: [ view_parse ] --START--
INFO: [ template_filter ] --START--
INFO: Run Behavior\ContentReplaceBehavior [ RunTime:0.000077s ]
INFO: [ template_filter ] --END-- [ RunTime:0.000118s ]
INFO: Run Behavior\ParseTemplateBehavior [ RunTime:0.018008s ]
INFO: [ view_parse ] --END-- [ RunTime:0.018048s ]
INFO: [ view_filter ] --START--
INFO: Run Behavior\WriteHtmlCacheBehavior [ RunTime:0.000118s ]
INFO: [ view_filter ] --END-- [ RunTime:0.000152s ]
INFO: [ app_end ] --START--
INFO: Run Behavior\ShowPageTraceBehavior [ RunTime:0.000366s ]
INFO: [ app_end ] --END-- [ RunTime:0.000418s ]

[ 2016-02-14T23:54:37+08:00 ] 159.8.94.69 /index.php
INFO: [ app_init ] --START--
INFO: Run Behavior\BuildLiteBehavior [ RunTime:0.000013s ]
INFO: [ app_init ] --END-- [ RunTime:0.000265s ]
INFO: [ app_begin ] --START--
INFO: Run Behavior\ReadHtmlCacheBehavior [ RunTime:0.000347s ]
INFO: [ app_begin ] --END-- [ RunTime:0.000387s ]
SQL: SHOW COLUMNS FROM `ec_channel` [ RunTime:0.0011s ]
SQL: SHOW COLUMNS FROM `ec_channel` [ RunTime:0.0008s ]
NOTIC: [8] Undefined index: modelType /userdata/www/syinix/App/Common/Model/BaseModel.class.php 第 206 行.
NOTIC: [8] Undefined index: field /userdata/www/syinix/App/Common/Model/BaseModel.class.php 第 224 行.
SQL: SELECT * FROM `ec_channel` WHERE `cid` = 0 LIMIT 1   [ RunTime:0.0003s ]
SQL: SHOW COLUMNS FROM `ec_goods_cats` [ RunTime:0.0007s ]
SQL: SHOW COLUMNS FROM `ec_ads` [ RunTime:0.0008s ]
SQL: SHOW COLUMNS FROM `ec_article_cats` [ RunTime:0.0007s ]
SQL: SHOW COLUMNS FROM `ec_goods` [ RunTime:0.0011s ]
SQL: SHOW COLUMNS FROM `ec_goods_cats` [ RunTime:0.0007s ]
SQL: SELECT * FROM `ec_goods_cats` WHERE ( catFlag=1 and parentId=0 )  [ RunTime:0.0004s ]
SQL: SELECT * FROM `ec_goods_cats` WHERE ( catFlag=1 and parentId=342 )  [ RunTime:0.0003s ]
SQL: SELECT * FROM `ec_goods_cats` WHERE ( catFlag=1 and parentId=343 )  [ RunTime:0.0003s ]
SQL: SELECT * FROM `ec_goods_cats` WHERE ( catFlag=1 and parentId=344 )  [ RunTime:0.0003s ]
SQL: SELECT * FROM `ec_goods_cats` WHERE ( catFlag=1 and parentId=345 )  [ RunTime:0.0002s ]
SQL: SELECT * FROM `ec_goods_cats` WHERE ( catFlag=1 and parentId=346 )  [ RunTime:0.0002s ]
SQL: SELECT * FROM `ec_goods_cats` WHERE ( catFlag=1 and parentId=347 )  [ RunTime:0.0002s ]
SQL: SELECT * FROM `ec_goods_cats` WHERE ( catFlag=1 and parentId=348 )  [ RunTime:0.0002s ]
SQL: SELECT * FROM `ec_goods_cats` WHERE ( catFlag=1 and parentId=357 )  [ RunTime:0.0002s ]
SQL: SHOW COLUMNS FROM `ec_article_cats` [ RunTime:0.0007s ]
SQL: SELECT * FROM `ec_article_cats` WHERE ( catFlag=1 and parentId=32 ) ORDER BY catSort asc,catId asc  [ RunTime:0.0003s ]
SQL: SHOW COLUMNS FROM `ec_ads` [ RunTime:0.0008s ]
SQL: SELECT * FROM `ec_ads` WHERE `adPositionId` = -1 ORDER BY adSort asc  [ RunTime:0.0004s ]
SQL: SHOW COLUMNS FROM `ec_goods` [ RunTime:0.0010s ]
SQL: SELECT * FROM `ec_goods` WHERE `goodsStatus` = 1 AND `goodsFlag` = 1 AND `isRecomm` = 1  [ RunTime:0.0005s ]
INFO: [ view_parse ] --START--
INFO: [ template_filter ] --START--
INFO: Run Behavior\ContentReplaceBehavior [ RunTime:0.000078s ]
INFO: [ template_filter ] --END-- [ RunTime:0.000119s ]
INFO: Run Behavior\ParseTemplateBehavior [ RunTime:0.018085s ]
INFO: [ view_parse ] --END-- [ RunTime:0.018125s ]
INFO: [ view_filter ] --START--
INFO: Run Behavior\WriteHtmlCacheBehavior [ RunTime:0.000119s ]
INFO: [ view_filter ] --END-- [ RunTime:0.000152s ]
INFO: [ app_end ] --START--
INFO: Run Behavior\ShowPageTraceBehavior [ RunTime:0.000372s ]
INFO: [ app_end ] --END-- [ RunTime:0.000418s ]

[ 2016-02-14T23:55:41+08:00 ] 159.8.94.69 /index.php
INFO: [ app_init ] --START--
INFO: Run Behavior\BuildLiteBehavior [ RunTime:0.000013s ]
INFO: [ app_init ] --END-- [ RunTime:0.000266s ]
INFO: [ app_begin ] --START--
INFO: Run Behavior\ReadHtmlCacheBehavior [ RunTime:0.000367s ]
INFO: [ app_begin ] --END-- [ RunTime:0.000406s ]
SQL: SHOW COLUMNS FROM `ec_channel` [ RunTime:0.0011s ]
SQL: SHOW COLUMNS FROM `ec_channel` [ RunTime:0.0008s ]
NOTIC: [8] Undefined index: modelType /userdata/www/syinix/App/Common/Model/BaseModel.class.php 第 206 行.
NOTIC: [8] Undefined index: field /userdata/www/syinix/App/Common/Model/BaseModel.class.php 第 224 行.
SQL: SELECT * FROM `ec_channel` WHERE `cid` = 0 LIMIT 1   [ RunTime:0.0003s ]
SQL: SHOW COLUMNS FROM `ec_goods_cats` [ RunTime:0.0007s ]
SQL: SHOW COLUMNS FROM `ec_ads` [ RunTime:0.0008s ]
SQL: SHOW COLUMNS FROM `ec_article_cats` [ RunTime:0.0007s ]
SQL: SHOW COLUMNS FROM `ec_goods` [ RunTime:0.0011s ]
SQL: SHOW COLUMNS FROM `ec_goods_cats` [ RunTime:0.0007s ]
SQL: SELECT * FROM `ec_goods_cats` WHERE ( catFlag=1 and parentId=0 )  [ RunTime:0.0004s ]
SQL: SELECT * FROM `ec_goods_cats` WHERE ( catFlag=1 and parentId=342 )  [ RunTime:0.0003s ]
SQL: SELECT * FROM `ec_goods_cats` WHERE ( catFlag=1 and parentId=343 )  [ RunTime:0.0003s ]
SQL: SELECT * FROM `ec_goods_cats` WHERE ( catFlag=1 and parentId=344 )  [ RunTime:0.0003s ]
SQL: SELECT * FROM `ec_goods_cats` WHERE ( catFlag=1 and parentId=345 )  [ RunTime:0.0002s ]
SQL: SELECT * FROM `ec_goods_cats` WHERE ( catFlag=1 and parentId=346 )  [ RunTime:0.0003s ]
SQL: SELECT * FROM `ec_goods_cats` WHERE ( catFlag=1 and parentId=347 )  [ RunTime:0.0002s ]
SQL: SELECT * FROM `ec_goods_cats` WHERE ( catFlag=1 and parentId=348 )  [ RunTime:0.0002s ]
SQL: SELECT * FROM `ec_goods_cats` WHERE ( catFlag=1 and parentId=357 )  [ RunTime:0.0002s ]
SQL: SHOW COLUMNS FROM `ec_article_cats` [ RunTime:0.0007s ]
SQL: SELECT * FROM `ec_article_cats` WHERE ( catFlag=1 and parentId=32 ) ORDER BY catSort asc,catId asc  [ RunTime:0.0003s ]
SQL: SHOW COLUMNS FROM `ec_ads` [ RunTime:0.0008s ]
SQL: SELECT * FROM `ec_ads` WHERE `adPositionId` = -1 ORDER BY adSort asc  [ RunTime:0.0004s ]
SQL: SHOW COLUMNS FROM `ec_goods` [ RunTime:0.0011s ]
SQL: SELECT * FROM `ec_goods` WHERE `goodsStatus` = 1 AND `goodsFlag` = 1 AND `isRecomm` = 1  [ RunTime:0.0005s ]
INFO: [ view_parse ] --START--
INFO: [ template_filter ] --START--
INFO: Run Behavior\ContentReplaceBehavior [ RunTime:0.000078s ]
INFO: [ template_filter ] --END-- [ RunTime:0.000120s ]
INFO: Run Behavior\ParseTemplateBehavior [ RunTime:0.018073s ]
INFO: [ view_parse ] --END-- [ RunTime:0.018114s ]
INFO: [ view_filter ] --START--
INFO: Run Behavior\WriteHtmlCacheBehavior [ RunTime:0.000119s ]
INFO: [ view_filter ] --END-- [ RunTime:0.000152s ]
INFO: [ app_end ] --START--
INFO: Run Behavior\ShowPageTraceBehavior [ RunTime:0.000352s ]
INFO: [ app_end ] --END-- [ RunTime:0.000388s ]

[ 2016-02-14T23:56:43+08:00 ] 159.8.94.69 /index.php
INFO: [ app_init ] --START--
INFO: Run Behavior\BuildLiteBehavior [ RunTime:0.000012s ]
INFO: [ app_init ] --END-- [ RunTime:0.000260s ]
INFO: [ app_begin ] --START--
INFO: Run Behavior\ReadHtmlCacheBehavior [ RunTime:0.000343s ]
INFO: [ app_begin ] --END-- [ RunTime:0.000381s ]
SQL: SHOW COLUMNS FROM `ec_channel` [ RunTime:0.0010s ]
SQL: SHOW COLUMNS FROM `ec_channel` [ RunTime:0.0008s ]
NOTIC: [8] Undefined index: modelType /userdata/www/syinix/App/Common/Model/BaseModel.class.php 第 206 行.
NOTIC: [8] Undefined index: field /userdata/www/syinix/App/Common/Model/BaseModel.class.php 第 224 行.
SQL: SELECT * FROM `ec_channel` WHERE `cid` = 0 LIMIT 1   [ RunTime:0.0003s ]
SQL: SHOW COLUMNS FROM `ec_goods_cats` [ RunTime:0.0007s ]
SQL: SHOW COLUMNS FROM `ec_ads` [ RunTime:0.0008s ]
SQL: SHOW COLUMNS FROM `ec_article_cats` [ RunTime:0.0007s ]
SQL: SHOW COLUMNS FROM `ec_goods` [ RunTime:0.0011s ]
SQL: SHOW COLUMNS FROM `ec_goods_cats` [ RunTime:0.0007s ]
SQL: SELECT * FROM `ec_goods_cats` WHERE ( catFlag=1 and parentId=0 )  [ RunTime:0.0004s ]
SQL: SELECT * FROM `ec_goods_cats` WHERE ( catFlag=1 and parentId=342 )  [ RunTime:0.0003s ]
SQL: SELECT * FROM `ec_goods_cats` WHERE ( catFlag=1 and parentId=343 )  [ RunTime:0.0002s ]
SQL: SELECT * FROM `ec_goods_cats` WHERE ( catFlag=1 and parentId=344 )  [ RunTime:0.0003s ]
SQL: SELECT * FROM `ec_goods_cats` WHERE ( catFlag=1 and parentId=345 )  [ RunTime:0.0002s ]
SQL: SELECT * FROM `ec_goods_cats` WHERE ( catFlag=1 and parentId=346 )  [ RunTime:0.0002s ]
SQL: SELECT * FROM `ec_goods_cats` WHERE ( catFlag=1 and parentId=347 )  [ RunTime:0.0002s ]
SQL: SELECT * FROM `ec_goods_cats` WHERE ( catFlag=1 and parentId=348 )  [ RunTime:0.0002s ]
SQL: SELECT * FROM `ec_goods_cats` WHERE ( catFlag=1 and parentId=357 )  [ RunTime:0.0002s ]
SQL: SHOW COLUMNS FROM `ec_article_cats` [ RunTime:0.0007s ]
SQL: SELECT * FROM `ec_article_cats` WHERE ( catFlag=1 and parentId=32 ) ORDER BY catSort asc,catId asc  [ RunTime:0.0003s ]
SQL: SHOW COLUMNS FROM `ec_ads` [ RunTime:0.0008s ]
SQL: SELECT * FROM `ec_ads` WHERE `adPositionId` = -1 ORDER BY adSort asc  [ RunTime:0.0004s ]
SQL: SHOW COLUMNS FROM `ec_goods` [ RunTime:0.0010s ]
SQL: SELECT * FROM `ec_goods` WHERE `goodsStatus` = 1 AND `goodsFlag` = 1 AND `isRecomm` = 1  [ RunTime:0.0005s ]
INFO: [ view_parse ] --START--
INFO: [ template_filter ] --START--
INFO: Run Behavior\ContentReplaceBehavior [ RunTime:0.000077s ]
INFO: [ template_filter ] --END-- [ RunTime:0.000119s ]
INFO: Run Behavior\ParseTemplateBehavior [ RunTime:0.018120s ]
INFO: [ view_parse ] --END-- [ RunTime:0.018172s ]
INFO: [ view_filter ] --START--
INFO: Run Behavior\WriteHtmlCacheBehavior [ RunTime:0.000118s ]
INFO: [ view_filter ] --END-- [ RunTime:0.000153s ]
INFO: [ app_end ] --START--
INFO: Run Behavior\ShowPageTraceBehavior [ RunTime:0.000360s ]
INFO: [ app_end ] --END-- [ RunTime:0.000409s ]

[ 2016-02-14T23:57:46+08:00 ] 159.8.94.69 /index.php
INFO: [ app_init ] --START--
INFO: Run Behavior\BuildLiteBehavior [ RunTime:0.000012s ]
INFO: [ app_init ] --END-- [ RunTime:0.000258s ]
INFO: [ app_begin ] --START--
INFO: Run Behavior\ReadHtmlCacheBehavior [ RunTime:0.000344s ]
INFO: [ app_begin ] --END-- [ RunTime:0.000383s ]
SQL: SHOW COLUMNS FROM `ec_channel` [ RunTime:0.0011s ]
SQL: SHOW COLUMNS FROM `ec_channel` [ RunTime:0.0008s ]
NOTIC: [8] Undefined index: modelType /userdata/www/syinix/App/Common/Model/BaseModel.class.php 第 206 行.
NOTIC: [8] Undefined index: field /userdata/www/syinix/App/Common/Model/BaseModel.class.php 第 224 行.
SQL: SELECT * FROM `ec_channel` WHERE `cid` = 0 LIMIT 1   [ RunTime:0.0003s ]
SQL: SHOW COLUMNS FROM `ec_goods_cats` [ RunTime:0.0007s ]
SQL: SHOW COLUMNS FROM `ec_ads` [ RunTime:0.0008s ]
SQL: SHOW COLUMNS FROM `ec_article_cats` [ RunTime:0.0007s ]
SQL: SHOW COLUMNS FROM `ec_goods` [ RunTime:0.0011s ]
SQL: SHOW COLUMNS FROM `ec_goods_cats` [ RunTime:0.0007s ]
SQL: SELECT * FROM `ec_goods_cats` WHERE ( catFlag=1 and parentId=0 )  [ RunTime:0.0004s ]
SQL: SELECT * FROM `ec_goods_cats` WHERE ( catFlag=1 and parentId=342 )  [ RunTime:0.0003s ]
SQL: SELECT * FROM `ec_goods_cats` WHERE ( catFlag=1 and parentId=343 )  [ RunTime:0.0002s ]
SQL: SELECT * FROM `ec_goods_cats` WHERE ( catFlag=1 and parentId=344 )  [ RunTime:0.0003s ]
SQL: SELECT * FROM `ec_goods_cats` WHERE ( catFlag=1 and parentId=345 )  [ RunTime:0.0002s ]
SQL: SELECT * FROM `ec_goods_cats` WHERE ( catFlag=1 and parentId=346 )  [ RunTime:0.0002s ]
SQL: SELECT * FROM `ec_goods_cats` WHERE ( catFlag=1 and parentId=347 )  [ RunTime:0.0003s ]
SQL: SELECT * FROM `ec_goods_cats` WHERE ( catFlag=1 and parentId=348 )  [ RunTime:0.0002s ]
SQL: SELECT * FROM `ec_goods_cats` WHERE ( catFlag=1 and parentId=357 )  [ RunTime:0.0002s ]
SQL: SHOW COLUMNS FROM `ec_article_cats` [ RunTime:0.0007s ]
SQL: SELECT * FROM `ec_article_cats` WHERE ( catFlag=1 and parentId=32 ) ORDER BY catSort asc,catId asc  [ RunTime:0.0003s ]
SQL: SHOW COLUMNS FROM `ec_ads` [ RunTime:0.0008s ]
SQL: SELECT * FROM `ec_ads` WHERE `adPositionId` = -1 ORDER BY adSort asc  [ RunTime:0.0004s ]
SQL: SHOW COLUMNS FROM `ec_goods` [ RunTime:0.0011s ]
SQL: SELECT * FROM `ec_goods` WHERE `goodsStatus` = 1 AND `goodsFlag` = 1 AND `isRecomm` = 1  [ RunTime:0.0005s ]
INFO: [ view_parse ] --START--
INFO: [ template_filter ] --START--
INFO: Run Behavior\ContentReplaceBehavior [ RunTime:0.000085s ]
INFO: [ template_filter ] --END-- [ RunTime:0.000128s ]
INFO: Run Behavior\ParseTemplateBehavior [ RunTime:0.018143s ]
INFO: [ view_parse ] --END-- [ RunTime:0.018183s ]
INFO: [ view_filter ] --START--
INFO: Run Behavior\WriteHtmlCacheBehavior [ RunTime:0.000133s ]
INFO: [ view_filter ] --END-- [ RunTime:0.000167s ]
INFO: [ app_end ] --START--
INFO: Run Behavior\ShowPageTraceBehavior [ RunTime:0.000364s ]
INFO: [ app_end ] --END-- [ RunTime:0.000403s ]

[ 2016-02-14T23:58:48+08:00 ] 159.8.94.69 /index.php
INFO: [ app_init ] --START--
INFO: Run Behavior\BuildLiteBehavior [ RunTime:0.000013s ]
INFO: [ app_init ] --END-- [ RunTime:0.000267s ]
INFO: [ app_begin ] --START--
INFO: Run Behavior\ReadHtmlCacheBehavior [ RunTime:0.000359s ]
INFO: [ app_begin ] --END-- [ RunTime:0.000398s ]
SQL: SHOW COLUMNS FROM `ec_channel` [ RunTime:0.0011s ]
SQL: SHOW COLUMNS FROM `ec_channel` [ RunTime:0.0008s ]
NOTIC: [8] Undefined index: modelType /userdata/www/syinix/App/Common/Model/BaseModel.class.php 第 206 行.
NOTIC: [8] Undefined index: field /userdata/www/syinix/App/Common/Model/BaseModel.class.php 第 224 行.
SQL: SELECT * FROM `ec_channel` WHERE `cid` = 0 LIMIT 1   [ RunTime:0.0003s ]
SQL: SHOW COLUMNS FROM `ec_goods_cats` [ RunTime:0.0007s ]
SQL: SHOW COLUMNS FROM `ec_ads` [ RunTime:0.0008s ]
SQL: SHOW COLUMNS FROM `ec_article_cats` [ RunTime:0.0007s ]
SQL: SHOW COLUMNS FROM `ec_goods` [ RunTime:0.0011s ]
SQL: SHOW COLUMNS FROM `ec_goods_cats` [ RunTime:0.0007s ]
SQL: SELECT * FROM `ec_goods_cats` WHERE ( catFlag=1 and parentId=0 )  [ RunTime:0.0004s ]
SQL: SELECT * FROM `ec_goods_cats` WHERE ( catFlag=1 and parentId=342 )  [ RunTime:0.0003s ]
SQL: SELECT * FROM `ec_goods_cats` WHERE ( catFlag=1 and parentId=343 )  [ RunTime:0.0003s ]
SQL: SELECT * FROM `ec_goods_cats` WHERE ( catFlag=1 and parentId=344 )  [ RunTime:0.0003s ]
SQL: SELECT * FROM `ec_goods_cats` WHERE ( catFlag=1 and parentId=345 )  [ RunTime:0.0002s ]
SQL: SELECT * FROM `ec_goods_cats` WHERE ( catFlag=1 and parentId=346 )  [ RunTime:0.0002s ]
SQL: SELECT * FROM `ec_goods_cats` WHERE ( catFlag=1 and parentId=347 )  [ RunTime:0.0002s ]
SQL: SELECT * FROM `ec_goods_cats` WHERE ( catFlag=1 and parentId=348 )  [ RunTime:0.0002s ]
SQL: SELECT * FROM `ec_goods_cats` WHERE ( catFlag=1 and parentId=357 )  [ RunTime:0.0002s ]
SQL: SHOW COLUMNS FROM `ec_article_cats` [ RunTime:0.0007s ]
SQL: SELECT * FROM `ec_article_cats` WHERE ( catFlag=1 and parentId=32 ) ORDER BY catSort asc,catId asc  [ RunTime:0.0003s ]
SQL: SHOW COLUMNS FROM `ec_ads` [ RunTime:0.0008s ]
SQL: SELECT * FROM `ec_ads` WHERE `adPositionId` = -1 ORDER BY adSort asc  [ RunTime:0.0004s ]
SQL: SHOW COLUMNS FROM `ec_goods` [ RunTime:0.0011s ]
SQL: SELECT * FROM `ec_goods` WHERE `goodsStatus` = 1 AND `goodsFlag` = 1 AND `isRecomm` = 1  [ RunTime:0.0005s ]
INFO: [ view_parse ] --START--
INFO: [ template_filter ] --START--
INFO: Run Behavior\ContentReplaceBehavior [ RunTime:0.000082s ]
INFO: [ template_filter ] --END-- [ RunTime:0.000123s ]
INFO: Run Behavior\ParseTemplateBehavior [ RunTime:0.018102s ]
INFO: [ view_parse ] --END-- [ RunTime:0.018142s ]
INFO: [ view_filter ] --START--
INFO: Run Behavior\WriteHtmlCacheBehavior [ RunTime:0.000121s ]
INFO: [ view_filter ] --END-- [ RunTime:0.000154s ]
INFO: [ app_end ] --START--
INFO: Run Behavior\ShowPageTraceBehavior [ RunTime:0.000371s ]
INFO: [ app_end ] --END-- [ RunTime:0.000410s ]

[ 2016-02-14T23:59:50+08:00 ] 159.8.94.69 /index.php
INFO: [ app_init ] --START--
INFO: Run Behavior\BuildLiteBehavior [ RunTime:0.000012s ]
INFO: [ app_init ] --END-- [ RunTime:0.000264s ]
INFO: [ app_begin ] --START--
INFO: Run Behavior\ReadHtmlCacheBehavior [ RunTime:0.000366s ]
INFO: [ app_begin ] --END-- [ RunTime:0.000406s ]
SQL: SHOW COLUMNS FROM `ec_channel` [ RunTime:0.0011s ]
SQL: SHOW COLUMNS FROM `ec_channel` [ RunTime:0.0008s ]
NOTIC: [8] Undefined index: modelType /userdata/www/syinix/App/Common/Model/BaseModel.class.php 第 206 行.
NOTIC: [8] Undefined index: field /userdata/www/syinix/App/Common/Model/BaseModel.class.php 第 224 行.
SQL: SELECT * FROM `ec_channel` WHERE `cid` = 0 LIMIT 1   [ RunTime:0.0003s ]
SQL: SHOW COLUMNS FROM `ec_goods_cats` [ RunTime:0.0007s ]
SQL: SHOW COLUMNS FROM `ec_ads` [ RunTime:0.0008s ]
SQL: SHOW COLUMNS FROM `ec_article_cats` [ RunTime:0.0007s ]
SQL: SHOW COLUMNS FROM `ec_goods` [ RunTime:0.0011s ]
SQL: SHOW COLUMNS FROM `ec_goods_cats` [ RunTime:0.0007s ]
SQL: SELECT * FROM `ec_goods_cats` WHERE ( catFlag=1 and parentId=0 )  [ RunTime:0.0004s ]
SQL: SELECT * FROM `ec_goods_cats` WHERE ( catFlag=1 and parentId=342 )  [ RunTime:0.0003s ]
SQL: SELECT * FROM `ec_goods_cats` WHERE ( catFlag=1 and parentId=343 )  [ RunTime:0.0002s ]
SQL: SELECT * FROM `ec_goods_cats` WHERE ( catFlag=1 and parentId=344 )  [ RunTime:0.0003s ]
SQL: SELECT * FROM `ec_goods_cats` WHERE ( catFlag=1 and parentId=345 )  [ RunTime:0.0002s ]
SQL: SELECT * FROM `ec_goods_cats` WHERE ( catFlag=1 and parentId=346 )  [ RunTime:0.0002s ]
SQL: SELECT * FROM `ec_goods_cats` WHERE ( catFlag=1 and parentId=347 )  [ RunTime:0.0002s ]
SQL: SELECT * FROM `ec_goods_cats` WHERE ( catFlag=1 and parentId=348 )  [ RunTime:0.0002s ]
SQL: SELECT * FROM `ec_goods_cats` WHERE ( catFlag=1 and parentId=357 )  [ RunTime:0.0002s ]
SQL: SHOW COLUMNS FROM `ec_article_cats` [ RunTime:0.0007s ]
SQL: SELECT * FROM `ec_article_cats` WHERE ( catFlag=1 and parentId=32 ) ORDER BY catSort asc,catId asc  [ RunTime:0.0003s ]
SQL: SHOW COLUMNS FROM `ec_ads` [ RunTime:0.0008s ]
SQL: SELECT * FROM `ec_ads` WHERE `adPositionId` = -1 ORDER BY adSort asc  [ RunTime:0.0004s ]
SQL: SHOW COLUMNS FROM `ec_goods` [ RunTime:0.0010s ]
SQL: SELECT * FROM `ec_goods` WHERE `goodsStatus` = 1 AND `goodsFlag` = 1 AND `isRecomm` = 1  [ RunTime:0.0005s ]
INFO: [ view_parse ] --START--
INFO: [ template_filter ] --START--
INFO: Run Behavior\ContentReplaceBehavior [ RunTime:0.000078s ]
INFO: [ template_filter ] --END-- [ RunTime:0.000120s ]
INFO: Run Behavior\ParseTemplateBehavior [ RunTime:0.018057s ]
INFO: [ view_parse ] --END-- [ RunTime:0.018101s ]
INFO: [ view_filter ] --START--
INFO: Run Behavior\WriteHtmlCacheBehavior [ RunTime:0.000130s ]
INFO: [ view_filter ] --END-- [ RunTime:0.000164s ]
INFO: [ app_end ] --START--
INFO: Run Behavior\ShowPageTraceBehavior [ RunTime:0.000360s ]
INFO: [ app_end ] --END-- [ RunTime:0.000412s ]

