[ 2016-01-23T23:49:50+08:00 ] 159.8.94.69 /index.php
INFO: [ app_init ] --START--
INFO: Run Behavior\BuildLiteBehavior [ RunTime:0.000012s ]
INFO: [ app_init ] --END-- [ RunTime:0.000264s ]
INFO: [ app_begin ] --START--
INFO: Run Behavior\ReadHtmlCacheBehavior [ RunTime:0.000391s ]
INFO: [ app_begin ] --END-- [ RunTime:0.000432s ]
SQL: SHOW COLUMNS FROM `ec_channel` [ RunTime:0.0012s ]
SQL: SHOW COLUMNS FROM `ec_channel` [ RunTime:0.0008s ]
NOTIC: [8] Undefined index: modelType /userdata/www/syinix/App/Common/Model/BaseModel.class.php 第 206 行.
NOTIC: [8] Undefined index: field /userdata/www/syinix/App/Common/Model/BaseModel.class.php 第 224 行.
SQL: SELECT * FROM `ec_channel` WHERE `cid` = 0 LIMIT 1   [ RunTime:0.0003s ]
SQL: SHOW COLUMNS FROM `ec_goods_cats` [ RunTime:0.0007s ]
SQL: SHOW COLUMNS FROM `ec_ads` [ RunTime:0.0008s ]
SQL: SHOW COLUMNS FROM `ec_article_cats` [ RunTime:0.0007s ]
SQL: SHOW COLUMNS FROM `ec_goods` [ RunTime:0.0011s ]
SQL: SHOW COLUMNS FROM `ec_goods_cats` [ RunTime:0.0007s ]
SQL: SELECT * FROM `ec_goods_cats` WHERE ( catFlag=1 and parentId=0 )  [ RunTime:0.0004s ]
SQL: SELECT * FROM `ec_goods_cats` WHERE ( catFlag=1 and parentId=342 )  [ RunTime:0.0003s ]
SQL: SELECT * FROM `ec_goods_cats` WHERE ( catFlag=1 and parentId=343 )  [ RunTime:0.0002s ]
SQL: SELECT * FROM `ec_goods_cats` WHERE ( catFlag=1 and parentId=344 )  [ RunTime:0.0003s ]
SQL: SELECT * FROM `ec_goods_cats` WHERE ( catFlag=1 and parentId=345 )  [ RunTime:0.0002s ]
SQL: SELECT * FROM `ec_goods_cats` WHERE ( catFlag=1 and parentId=346 )  [ RunTime:0.0002s ]
SQL: SELECT * FROM `ec_goods_cats` WHERE ( catFlag=1 and parentId=347 )  [ RunTime:0.0002s ]
SQL: SELECT * FROM `ec_goods_cats` WHERE ( catFlag=1 and parentId=348 )  [ RunTime:0.0002s ]
SQL: SELECT * FROM `ec_goods_cats` WHERE ( catFlag=1 and parentId=357 )  [ RunTime:0.0002s ]
SQL: SHOW COLUMNS FROM `ec_article_cats` [ RunTime:0.0007s ]
SQL: SELECT * FROM `ec_article_cats` WHERE ( catFlag=1 and parentId=32 ) ORDER BY catSort asc,catId asc  [ RunTime:0.0003s ]
SQL: SHOW COLUMNS FROM `ec_ads` [ RunTime:0.0008s ]
SQL: SELECT * FROM `ec_ads` WHERE `adPositionId` = -1 ORDER BY adSort asc  [ RunTime:0.0004s ]
SQL: SHOW COLUMNS FROM `ec_goods` [ RunTime:0.0011s ]
SQL: SELECT * FROM `ec_goods` WHERE `goodsStatus` = 1 AND `goodsFlag` = 1 AND `isRecomm` = 1  [ RunTime:0.0005s ]
INFO: [ view_parse ] --START--
INFO: [ template_filter ] --START--
INFO: Run Behavior\ContentReplaceBehavior [ RunTime:0.000082s ]
INFO: [ template_filter ] --END-- [ RunTime:0.000125s ]
INFO: Run Behavior\ParseTemplateBehavior [ RunTime:0.018365s ]
INFO: [ view_parse ] --END-- [ RunTime:0.018408s ]
INFO: [ view_filter ] --START--
INFO: Run Behavior\WriteHtmlCacheBehavior [ RunTime:0.000123s ]
INFO: [ view_filter ] --END-- [ RunTime:0.000156s ]
INFO: [ app_end ] --START--
INFO: Run Behavior\ShowPageTraceBehavior [ RunTime:0.000376s ]
INFO: [ app_end ] --END-- [ RunTime:0.000416s ]

[ 2016-01-23T23:50:52+08:00 ] 159.8.94.69 /index.php
INFO: [ app_init ] --START--
INFO: Run Behavior\BuildLiteBehavior [ RunTime:0.000013s ]
INFO: [ app_init ] --END-- [ RunTime:0.000275s ]
INFO: [ app_begin ] --START--
INFO: Run Behavior\ReadHtmlCacheBehavior [ RunTime:0.000347s ]
INFO: [ app_begin ] --END-- [ RunTime:0.000385s ]
SQL: SHOW COLUMNS FROM `ec_channel` [ RunTime:0.0011s ]
SQL: SHOW COLUMNS FROM `ec_channel` [ RunTime:0.0008s ]
NOTIC: [8] Undefined index: modelType /userdata/www/syinix/App/Common/Model/BaseModel.class.php 第 206 行.
NOTIC: [8] Undefined index: field /userdata/www/syinix/App/Common/Model/BaseModel.class.php 第 224 行.
SQL: SELECT * FROM `ec_channel` WHERE `cid` = 0 LIMIT 1   [ RunTime:0.0003s ]
SQL: SHOW COLUMNS FROM `ec_goods_cats` [ RunTime:0.0007s ]
SQL: SHOW COLUMNS FROM `ec_ads` [ RunTime:0.0008s ]
SQL: SHOW COLUMNS FROM `ec_article_cats` [ RunTime:0.0007s ]
SQL: SHOW COLUMNS FROM `ec_goods` [ RunTime:0.0011s ]
SQL: SHOW COLUMNS FROM `ec_goods_cats` [ RunTime:0.0007s ]
SQL: SELECT * FROM `ec_goods_cats` WHERE ( catFlag=1 and parentId=0 )  [ RunTime:0.0004s ]
SQL: SELECT * FROM `ec_goods_cats` WHERE ( catFlag=1 and parentId=342 )  [ RunTime:0.0003s ]
SQL: SELECT * FROM `ec_goods_cats` WHERE ( catFlag=1 and parentId=343 )  [ RunTime:0.0003s ]
SQL: SELECT * FROM `ec_goods_cats` WHERE ( catFlag=1 and parentId=344 )  [ RunTime:0.0003s ]
SQL: SELECT * FROM `ec_goods_cats` WHERE ( catFlag=1 and parentId=345 )  [ RunTime:0.0002s ]
SQL: SELECT * FROM `ec_goods_cats` WHERE ( catFlag=1 and parentId=346 )  [ RunTime:0.0002s ]
SQL: SELECT * FROM `ec_goods_cats` WHERE ( catFlag=1 and parentId=347 )  [ RunTime:0.0002s ]
SQL: SELECT * FROM `ec_goods_cats` WHERE ( catFlag=1 and parentId=348 )  [ RunTime:0.0002s ]
SQL: SELECT * FROM `ec_goods_cats` WHERE ( catFlag=1 and parentId=357 )  [ RunTime:0.0002s ]
SQL: SHOW COLUMNS FROM `ec_article_cats` [ RunTime:0.0007s ]
SQL: SELECT * FROM `ec_article_cats` WHERE ( catFlag=1 and parentId=32 ) ORDER BY catSort asc,catId asc  [ RunTime:0.0003s ]
SQL: SHOW COLUMNS FROM `ec_ads` [ RunTime:0.0008s ]
SQL: SELECT * FROM `ec_ads` WHERE `adPositionId` = -1 ORDER BY adSort asc  [ RunTime:0.0004s ]
SQL: SHOW COLUMNS FROM `ec_goods` [ RunTime:0.0010s ]
SQL: SELECT * FROM `ec_goods` WHERE `goodsStatus` = 1 AND `goodsFlag` = 1 AND `isRecomm` = 1  [ RunTime:0.0005s ]
INFO: [ view_parse ] --START--
INFO: [ template_filter ] --START--
INFO: Run Behavior\ContentReplaceBehavior [ RunTime:0.000077s ]
INFO: [ template_filter ] --END-- [ RunTime:0.000119s ]
INFO: Run Behavior\ParseTemplateBehavior [ RunTime:0.018003s ]
INFO: [ view_parse ] --END-- [ RunTime:0.018043s ]
INFO: [ view_filter ] --START--
INFO: Run Behavior\WriteHtmlCacheBehavior [ RunTime:0.000119s ]
INFO: [ view_filter ] --END-- [ RunTime:0.000153s ]
INFO: [ app_end ] --START--
INFO: Run Behavior\ShowPageTraceBehavior [ RunTime:0.000359s ]
INFO: [ app_end ] --END-- [ RunTime:0.000409s ]

[ 2016-01-23T23:51:55+08:00 ] 159.8.94.69 /index.php
INFO: [ app_init ] --START--
INFO: Run Behavior\BuildLiteBehavior [ RunTime:0.000013s ]
INFO: [ app_init ] --END-- [ RunTime:0.000282s ]
INFO: [ app_begin ] --START--
INFO: Run Behavior\ReadHtmlCacheBehavior [ RunTime:0.000346s ]
INFO: [ app_begin ] --END-- [ RunTime:0.000385s ]
SQL: SHOW COLUMNS FROM `ec_channel` [ RunTime:0.0011s ]
SQL: SHOW COLUMNS FROM `ec_channel` [ RunTime:0.0008s ]
NOTIC: [8] Undefined index: modelType /userdata/www/syinix/App/Common/Model/BaseModel.class.php 第 206 行.
NOTIC: [8] Undefined index: field /userdata/www/syinix/App/Common/Model/BaseModel.class.php 第 224 行.
SQL: SELECT * FROM `ec_channel` WHERE `cid` = 0 LIMIT 1   [ RunTime:0.0003s ]
SQL: SHOW COLUMNS FROM `ec_goods_cats` [ RunTime:0.0007s ]
SQL: SHOW COLUMNS FROM `ec_ads` [ RunTime:0.0008s ]
SQL: SHOW COLUMNS FROM `ec_article_cats` [ RunTime:0.0007s ]
SQL: SHOW COLUMNS FROM `ec_goods` [ RunTime:0.0012s ]
SQL: SHOW COLUMNS FROM `ec_goods_cats` [ RunTime:0.0007s ]
SQL: SELECT * FROM `ec_goods_cats` WHERE ( catFlag=1 and parentId=0 )  [ RunTime:0.0004s ]
SQL: SELECT * FROM `ec_goods_cats` WHERE ( catFlag=1 and parentId=342 )  [ RunTime:0.0003s ]
SQL: SELECT * FROM `ec_goods_cats` WHERE ( catFlag=1 and parentId=343 )  [ RunTime:0.0003s ]
SQL: SELECT * FROM `ec_goods_cats` WHERE ( catFlag=1 and parentId=344 )  [ RunTime:0.0003s ]
SQL: SELECT * FROM `ec_goods_cats` WHERE ( catFlag=1 and parentId=345 )  [ RunTime:0.0003s ]
SQL: SELECT * FROM `ec_goods_cats` WHERE ( catFlag=1 and parentId=346 )  [ RunTime:0.0003s ]
SQL: SELECT * FROM `ec_goods_cats` WHERE ( catFlag=1 and parentId=347 )  [ RunTime:0.0002s ]
SQL: SELECT * FROM `ec_goods_cats` WHERE ( catFlag=1 and parentId=348 )  [ RunTime:0.0002s ]
SQL: SELECT * FROM `ec_goods_cats` WHERE ( catFlag=1 and parentId=357 )  [ RunTime:0.0002s ]
SQL: SHOW COLUMNS FROM `ec_article_cats` [ RunTime:0.0007s ]
SQL: SELECT * FROM `ec_article_cats` WHERE ( catFlag=1 and parentId=32 ) ORDER BY catSort asc,catId asc  [ RunTime:0.0003s ]
SQL: SHOW COLUMNS FROM `ec_ads` [ RunTime:0.0008s ]
SQL: SELECT * FROM `ec_ads` WHERE `adPositionId` = -1 ORDER BY adSort asc  [ RunTime:0.0004s ]
SQL: SHOW COLUMNS FROM `ec_goods` [ RunTime:0.0011s ]
SQL: SELECT * FROM `ec_goods` WHERE `goodsStatus` = 1 AND `goodsFlag` = 1 AND `isRecomm` = 1  [ RunTime:0.0005s ]
INFO: [ view_parse ] --START--
INFO: [ template_filter ] --START--
INFO: Run Behavior\ContentReplaceBehavior [ RunTime:0.000082s ]
INFO: [ template_filter ] --END-- [ RunTime:0.000125s ]
INFO: Run Behavior\ParseTemplateBehavior [ RunTime:0.018364s ]
INFO: [ view_parse ] --END-- [ RunTime:0.018405s ]
INFO: [ view_filter ] --START--
INFO: Run Behavior\WriteHtmlCacheBehavior [ RunTime:0.000128s ]
INFO: [ view_filter ] --END-- [ RunTime:0.000162s ]
INFO: [ app_end ] --START--
INFO: Run Behavior\ShowPageTraceBehavior [ RunTime:0.000377s ]
INFO: [ app_end ] --END-- [ RunTime:0.000415s ]

[ 2016-01-23T23:52:57+08:00 ] 159.8.94.69 /index.php
INFO: [ app_init ] --START--
INFO: Run Behavior\BuildLiteBehavior [ RunTime:0.000012s ]
INFO: [ app_init ] --END-- [ RunTime:0.000263s ]
INFO: [ app_begin ] --START--
INFO: Run Behavior\ReadHtmlCacheBehavior [ RunTime:0.000361s ]
INFO: [ app_begin ] --END-- [ RunTime:0.000401s ]
SQL: SHOW COLUMNS FROM `ec_channel` [ RunTime:0.0011s ]
SQL: SHOW COLUMNS FROM `ec_channel` [ RunTime:0.0008s ]
NOTIC: [8] Undefined index: modelType /userdata/www/syinix/App/Common/Model/BaseModel.class.php 第 206 行.
NOTIC: [8] Undefined index: field /userdata/www/syinix/App/Common/Model/BaseModel.class.php 第 224 行.
SQL: SELECT * FROM `ec_channel` WHERE `cid` = 0 LIMIT 1   [ RunTime:0.0003s ]
SQL: SHOW COLUMNS FROM `ec_goods_cats` [ RunTime:0.0007s ]
SQL: SHOW COLUMNS FROM `ec_ads` [ RunTime:0.0008s ]
SQL: SHOW COLUMNS FROM `ec_article_cats` [ RunTime:0.0007s ]
SQL: SHOW COLUMNS FROM `ec_goods` [ RunTime:0.0011s ]
SQL: SHOW COLUMNS FROM `ec_goods_cats` [ RunTime:0.0007s ]
SQL: SELECT * FROM `ec_goods_cats` WHERE ( catFlag=1 and parentId=0 )  [ RunTime:0.0004s ]
SQL: SELECT * FROM `ec_goods_cats` WHERE ( catFlag=1 and parentId=342 )  [ RunTime:0.0003s ]
SQL: SELECT * FROM `ec_goods_cats` WHERE ( catFlag=1 and parentId=343 )  [ RunTime:0.0002s ]
SQL: SELECT * FROM `ec_goods_cats` WHERE ( catFlag=1 and parentId=344 )  [ RunTime:0.0003s ]
SQL: SELECT * FROM `ec_goods_cats` WHERE ( catFlag=1 and parentId=345 )  [ RunTime:0.0002s ]
SQL: SELECT * FROM `ec_goods_cats` WHERE ( catFlag=1 and parentId=346 )  [ RunTime:0.0002s ]
SQL: SELECT * FROM `ec_goods_cats` WHERE ( catFlag=1 and parentId=347 )  [ RunTime:0.0002s ]
SQL: SELECT * FROM `ec_goods_cats` WHERE ( catFlag=1 and parentId=348 )  [ RunTime:0.0002s ]
SQL: SELECT * FROM `ec_goods_cats` WHERE ( catFlag=1 and parentId=357 )  [ RunTime:0.0002s ]
SQL: SHOW COLUMNS FROM `ec_article_cats` [ RunTime:0.0007s ]
SQL: SELECT * FROM `ec_article_cats` WHERE ( catFlag=1 and parentId=32 ) ORDER BY catSort asc,catId asc  [ RunTime:0.0003s ]
SQL: SHOW COLUMNS FROM `ec_ads` [ RunTime:0.0008s ]
SQL: SELECT * FROM `ec_ads` WHERE `adPositionId` = -1 ORDER BY adSort asc  [ RunTime:0.0004s ]
SQL: SHOW COLUMNS FROM `ec_goods` [ RunTime:0.0010s ]
SQL: SELECT * FROM `ec_goods` WHERE `goodsStatus` = 1 AND `goodsFlag` = 1 AND `isRecomm` = 1  [ RunTime:0.0005s ]
INFO: [ view_parse ] --START--
INFO: [ template_filter ] --START--
INFO: Run Behavior\ContentReplaceBehavior [ RunTime:0.000078s ]
INFO: [ template_filter ] --END-- [ RunTime:0.000118s ]
INFO: Run Behavior\ParseTemplateBehavior [ RunTime:0.018035s ]
INFO: [ view_parse ] --END-- [ RunTime:0.018075s ]
INFO: [ view_filter ] --START--
INFO: Run Behavior\WriteHtmlCacheBehavior [ RunTime:0.000124s ]
INFO: [ view_filter ] --END-- [ RunTime:0.000157s ]
INFO: [ app_end ] --START--
INFO: Run Behavior\ShowPageTraceBehavior [ RunTime:0.000353s ]
INFO: [ app_end ] --END-- [ RunTime:0.000396s ]

[ 2016-01-23T23:53:59+08:00 ] 159.8.94.69 /index.php
INFO: [ app_init ] --START--
INFO: Run Behavior\BuildLiteBehavior [ RunTime:0.000012s ]
INFO: [ app_init ] --END-- [ RunTime:0.000262s ]
INFO: [ app_begin ] --START--
INFO: Run Behavior\ReadHtmlCacheBehavior [ RunTime:0.000361s ]
INFO: [ app_begin ] --END-- [ RunTime:0.000400s ]
SQL: SHOW COLUMNS FROM `ec_channel` [ RunTime:0.0011s ]
SQL: SHOW COLUMNS FROM `ec_channel` [ RunTime:0.0008s ]
NOTIC: [8] Undefined index: modelType /userdata/www/syinix/App/Common/Model/BaseModel.class.php 第 206 行.
NOTIC: [8] Undefined index: field /userdata/www/syinix/App/Common/Model/BaseModel.class.php 第 224 行.
SQL: SELECT * FROM `ec_channel` WHERE `cid` = 0 LIMIT 1   [ RunTime:0.0003s ]
SQL: SHOW COLUMNS FROM `ec_goods_cats` [ RunTime:0.0007s ]
SQL: SHOW COLUMNS FROM `ec_ads` [ RunTime:0.0008s ]
SQL: SHOW COLUMNS FROM `ec_article_cats` [ RunTime:0.0007s ]
SQL: SHOW COLUMNS FROM `ec_goods` [ RunTime:0.0011s ]
SQL: SHOW COLUMNS FROM `ec_goods_cats` [ RunTime:0.0007s ]
SQL: SELECT * FROM `ec_goods_cats` WHERE ( catFlag=1 and parentId=0 )  [ RunTime:0.0004s ]
SQL: SELECT * FROM `ec_goods_cats` WHERE ( catFlag=1 and parentId=342 )  [ RunTime:0.0003s ]
SQL: SELECT * FROM `ec_goods_cats` WHERE ( catFlag=1 and parentId=343 )  [ RunTime:0.0003s ]
SQL: SELECT * FROM `ec_goods_cats` WHERE ( catFlag=1 and parentId=344 )  [ RunTime:0.0003s ]
SQL: SELECT * FROM `ec_goods_cats` WHERE ( catFlag=1 and parentId=345 )  [ RunTime:0.0002s ]
SQL: SELECT * FROM `ec_goods_cats` WHERE ( catFlag=1 and parentId=346 )  [ RunTime:0.0002s ]
SQL: SELECT * FROM `ec_goods_cats` WHERE ( catFlag=1 and parentId=347 )  [ RunTime:0.0002s ]
SQL: SELECT * FROM `ec_goods_cats` WHERE ( catFlag=1 and parentId=348 )  [ RunTime:0.0002s ]
SQL: SELECT * FROM `ec_goods_cats` WHERE ( catFlag=1 and parentId=357 )  [ RunTime:0.0002s ]
SQL: SHOW COLUMNS FROM `ec_article_cats` [ RunTime:0.0007s ]
SQL: SELECT * FROM `ec_article_cats` WHERE ( catFlag=1 and parentId=32 ) ORDER BY catSort asc,catId asc  [ RunTime:0.0003s ]
SQL: SHOW COLUMNS FROM `ec_ads` [ RunTime:0.0008s ]
SQL: SELECT * FROM `ec_ads` WHERE `adPositionId` = -1 ORDER BY adSort asc  [ RunTime:0.0004s ]
SQL: SHOW COLUMNS FROM `ec_goods` [ RunTime:0.0010s ]
SQL: SELECT * FROM `ec_goods` WHERE `goodsStatus` = 1 AND `goodsFlag` = 1 AND `isRecomm` = 1  [ RunTime:0.0005s ]
INFO: [ view_parse ] --START--
INFO: [ template_filter ] --START--
INFO: Run Behavior\ContentReplaceBehavior [ RunTime:0.000081s ]
INFO: [ template_filter ] --END-- [ RunTime:0.000123s ]
INFO: Run Behavior\ParseTemplateBehavior [ RunTime:0.018170s ]
INFO: [ view_parse ] --END-- [ RunTime:0.018211s ]
INFO: [ view_filter ] --START--
INFO: Run Behavior\WriteHtmlCacheBehavior [ RunTime:0.000122s ]
INFO: [ view_filter ] --END-- [ RunTime:0.000155s ]
INFO: [ app_end ] --START--
INFO: Run Behavior\ShowPageTraceBehavior [ RunTime:0.000375s ]
INFO: [ app_end ] --END-- [ RunTime:0.000414s ]

[ 2016-01-23T23:55:01+08:00 ] 159.8.94.69 /index.php
INFO: [ app_init ] --START--
INFO: Run Behavior\BuildLiteBehavior [ RunTime:0.000013s ]
INFO: [ app_init ] --END-- [ RunTime:0.000263s ]
INFO: [ app_begin ] --START--
INFO: Run Behavior\ReadHtmlCacheBehavior [ RunTime:0.000342s ]
INFO: [ app_begin ] --END-- [ RunTime:0.000381s ]
SQL: SHOW COLUMNS FROM `ec_channel` [ RunTime:0.0011s ]
SQL: SHOW COLUMNS FROM `ec_channel` [ RunTime:0.0008s ]
NOTIC: [8] Undefined index: modelType /userdata/www/syinix/App/Common/Model/BaseModel.class.php 第 206 行.
NOTIC: [8] Undefined index: field /userdata/www/syinix/App/Common/Model/BaseModel.class.php 第 224 行.
SQL: SELECT * FROM `ec_channel` WHERE `cid` = 0 LIMIT 1   [ RunTime:0.0003s ]
SQL: SHOW COLUMNS FROM `ec_goods_cats` [ RunTime:0.0007s ]
SQL: SHOW COLUMNS FROM `ec_ads` [ RunTime:0.0008s ]
SQL: SHOW COLUMNS FROM `ec_article_cats` [ RunTime:0.0007s ]
SQL: SHOW COLUMNS FROM `ec_goods` [ RunTime:0.0012s ]
SQL: SHOW COLUMNS FROM `ec_goods_cats` [ RunTime:0.0007s ]
SQL: SELECT * FROM `ec_goods_cats` WHERE ( catFlag=1 and parentId=0 )  [ RunTime:0.0004s ]
SQL: SELECT * FROM `ec_goods_cats` WHERE ( catFlag=1 and parentId=342 )  [ RunTime:0.0003s ]
SQL: SELECT * FROM `ec_goods_cats` WHERE ( catFlag=1 and parentId=343 )  [ RunTime:0.0002s ]
SQL: SELECT * FROM `ec_goods_cats` WHERE ( catFlag=1 and parentId=344 )  [ RunTime:0.0003s ]
SQL: SELECT * FROM `ec_goods_cats` WHERE ( catFlag=1 and parentId=345 )  [ RunTime:0.0003s ]
SQL: SELECT * FROM `ec_goods_cats` WHERE ( catFlag=1 and parentId=346 )  [ RunTime:0.0002s ]
SQL: SELECT * FROM `ec_goods_cats` WHERE ( catFlag=1 and parentId=347 )  [ RunTime:0.0002s ]
SQL: SELECT * FROM `ec_goods_cats` WHERE ( catFlag=1 and parentId=348 )  [ RunTime:0.0002s ]
SQL: SELECT * FROM `ec_goods_cats` WHERE ( catFlag=1 and parentId=357 )  [ RunTime:0.0002s ]
SQL: SHOW COLUMNS FROM `ec_article_cats` [ RunTime:0.0007s ]
SQL: SELECT * FROM `ec_article_cats` WHERE ( catFlag=1 and parentId=32 ) ORDER BY catSort asc,catId asc  [ RunTime:0.0003s ]
SQL: SHOW COLUMNS FROM `ec_ads` [ RunTime:0.0008s ]
SQL: SELECT * FROM `ec_ads` WHERE `adPositionId` = -1 ORDER BY adSort asc  [ RunTime:0.0004s ]
SQL: SHOW COLUMNS FROM `ec_goods` [ RunTime:0.0011s ]
SQL: SELECT * FROM `ec_goods` WHERE `goodsStatus` = 1 AND `goodsFlag` = 1 AND `isRecomm` = 1  [ RunTime:0.0005s ]
INFO: [ view_parse ] --START--
INFO: [ template_filter ] --START--
INFO: Run Behavior\ContentReplaceBehavior [ RunTime:0.000081s ]
INFO: [ template_filter ] --END-- [ RunTime:0.000122s ]
INFO: Run Behavior\ParseTemplateBehavior [ RunTime:0.018114s ]
INFO: [ view_parse ] --END-- [ RunTime:0.018155s ]
INFO: [ view_filter ] --START--
INFO: Run Behavior\WriteHtmlCacheBehavior [ RunTime:0.000119s ]
INFO: [ view_filter ] --END-- [ RunTime:0.000153s ]
INFO: [ app_end ] --START--
INFO: Run Behavior\ShowPageTraceBehavior [ RunTime:0.000364s ]
INFO: [ app_end ] --END-- [ RunTime:0.000427s ]

[ 2016-01-23T23:56:03+08:00 ] 159.8.94.69 /index.php
INFO: [ app_init ] --START--
INFO: Run Behavior\BuildLiteBehavior [ RunTime:0.000012s ]
INFO: [ app_init ] --END-- [ RunTime:0.000259s ]
INFO: [ app_begin ] --START--
INFO: Run Behavior\ReadHtmlCacheBehavior [ RunTime:0.000356s ]
INFO: [ app_begin ] --END-- [ RunTime:0.000395s ]
SQL: SHOW COLUMNS FROM `ec_channel` [ RunTime:0.0011s ]
SQL: SHOW COLUMNS FROM `ec_channel` [ RunTime:0.0008s ]
NOTIC: [8] Undefined index: modelType /userdata/www/syinix/App/Common/Model/BaseModel.class.php 第 206 行.
NOTIC: [8] Undefined index: field /userdata/www/syinix/App/Common/Model/BaseModel.class.php 第 224 行.
SQL: SELECT * FROM `ec_channel` WHERE `cid` = 0 LIMIT 1   [ RunTime:0.0003s ]
SQL: SHOW COLUMNS FROM `ec_goods_cats` [ RunTime:0.0007s ]
SQL: SHOW COLUMNS FROM `ec_ads` [ RunTime:0.0008s ]
SQL: SHOW COLUMNS FROM `ec_article_cats` [ RunTime:0.0007s ]
SQL: SHOW COLUMNS FROM `ec_goods` [ RunTime:0.0011s ]
SQL: SHOW COLUMNS FROM `ec_goods_cats` [ RunTime:0.0007s ]
SQL: SELECT * FROM `ec_goods_cats` WHERE ( catFlag=1 and parentId=0 )  [ RunTime:0.0004s ]
SQL: SELECT * FROM `ec_goods_cats` WHERE ( catFlag=1 and parentId=342 )  [ RunTime:0.0003s ]
SQL: SELECT * FROM `ec_goods_cats` WHERE ( catFlag=1 and parentId=343 )  [ RunTime:0.0002s ]
SQL: SELECT * FROM `ec_goods_cats` WHERE ( catFlag=1 and parentId=344 )  [ RunTime:0.0003s ]
SQL: SELECT * FROM `ec_goods_cats` WHERE ( catFlag=1 and parentId=345 )  [ RunTime:0.0002s ]
SQL: SELECT * FROM `ec_goods_cats` WHERE ( catFlag=1 and parentId=346 )  [ RunTime:0.0002s ]
SQL: SELECT * FROM `ec_goods_cats` WHERE ( catFlag=1 and parentId=347 )  [ RunTime:0.0002s ]
SQL: SELECT * FROM `ec_goods_cats` WHERE ( catFlag=1 and parentId=348 )  [ RunTime:0.0002s ]
SQL: SELECT * FROM `ec_goods_cats` WHERE ( catFlag=1 and parentId=357 )  [ RunTime:0.0002s ]
SQL: SHOW COLUMNS FROM `ec_article_cats` [ RunTime:0.0007s ]
SQL: SELECT * FROM `ec_article_cats` WHERE ( catFlag=1 and parentId=32 ) ORDER BY catSort asc,catId asc  [ RunTime:0.0003s ]
SQL: SHOW COLUMNS FROM `ec_ads` [ RunTime:0.0008s ]
SQL: SELECT * FROM `ec_ads` WHERE `adPositionId` = -1 ORDER BY adSort asc  [ RunTime:0.0004s ]
SQL: SHOW COLUMNS FROM `ec_goods` [ RunTime:0.0010s ]
SQL: SELECT * FROM `ec_goods` WHERE `goodsStatus` = 1 AND `goodsFlag` = 1 AND `isRecomm` = 1  [ RunTime:0.0005s ]
INFO: [ view_parse ] --START--
INFO: [ template_filter ] --START--
INFO: Run Behavior\ContentReplaceBehavior [ RunTime:0.000077s ]
INFO: [ template_filter ] --END-- [ RunTime:0.000118s ]
INFO: Run Behavior\ParseTemplateBehavior [ RunTime:0.018015s ]
INFO: [ view_parse ] --END-- [ RunTime:0.018055s ]
INFO: [ view_filter ] --START--
INFO: Run Behavior\WriteHtmlCacheBehavior [ RunTime:0.000118s ]
INFO: [ view_filter ] --END-- [ RunTime:0.000151s ]
INFO: [ app_end ] --START--
INFO: Run Behavior\ShowPageTraceBehavior [ RunTime:0.000355s ]
INFO: [ app_end ] --END-- [ RunTime:0.000414s ]

[ 2016-01-23T23:57:04+08:00 ] 159.8.94.69 /index.php
INFO: [ app_init ] --START--
INFO: Run Behavior\BuildLiteBehavior [ RunTime:0.000013s ]
INFO: [ app_init ] --END-- [ RunTime:0.000265s ]
INFO: [ app_begin ] --START--
INFO: Run Behavior\ReadHtmlCacheBehavior [ RunTime:0.000346s ]
INFO: [ app_begin ] --END-- [ RunTime:0.000385s ]
SQL: SHOW COLUMNS FROM `ec_channel` [ RunTime:0.0011s ]
SQL: SHOW COLUMNS FROM `ec_channel` [ RunTime:0.0008s ]
NOTIC: [8] Undefined index: modelType /userdata/www/syinix/App/Common/Model/BaseModel.class.php 第 206 行.
NOTIC: [8] Undefined index: field /userdata/www/syinix/App/Common/Model/BaseModel.class.php 第 224 行.
SQL: SELECT * FROM `ec_channel` WHERE `cid` = 0 LIMIT 1   [ RunTime:0.0003s ]
SQL: SHOW COLUMNS FROM `ec_goods_cats` [ RunTime:0.0007s ]
SQL: SHOW COLUMNS FROM `ec_ads` [ RunTime:0.0008s ]
SQL: SHOW COLUMNS FROM `ec_article_cats` [ RunTime:0.0007s ]
SQL: SHOW COLUMNS FROM `ec_goods` [ RunTime:0.0011s ]
SQL: SHOW COLUMNS FROM `ec_goods_cats` [ RunTime:0.0007s ]
SQL: SELECT * FROM `ec_goods_cats` WHERE ( catFlag=1 and parentId=0 )  [ RunTime:0.0004s ]
SQL: SELECT * FROM `ec_goods_cats` WHERE ( catFlag=1 and parentId=342 )  [ RunTime:0.0003s ]
SQL: SELECT * FROM `ec_goods_cats` WHERE ( catFlag=1 and parentId=343 )  [ RunTime:0.0002s ]
SQL: SELECT * FROM `ec_goods_cats` WHERE ( catFlag=1 and parentId=344 )  [ RunTime:0.0003s ]
SQL: SELECT * FROM `ec_goods_cats` WHERE ( catFlag=1 and parentId=345 )  [ RunTime:0.0002s ]
SQL: SELECT * FROM `ec_goods_cats` WHERE ( catFlag=1 and parentId=346 )  [ RunTime:0.0002s ]
SQL: SELECT * FROM `ec_goods_cats` WHERE ( catFlag=1 and parentId=347 )  [ RunTime:0.0002s ]
SQL: SELECT * FROM `ec_goods_cats` WHERE ( catFlag=1 and parentId=348 )  [ RunTime:0.0002s ]
SQL: SELECT * FROM `ec_goods_cats` WHERE ( catFlag=1 and parentId=357 )  [ RunTime:0.0002s ]
SQL: SHOW COLUMNS FROM `ec_article_cats` [ RunTime:0.0007s ]
SQL: SELECT * FROM `ec_article_cats` WHERE ( catFlag=1 and parentId=32 ) ORDER BY catSort asc,catId asc  [ RunTime:0.0003s ]
SQL: SHOW COLUMNS FROM `ec_ads` [ RunTime:0.0008s ]
SQL: SELECT * FROM `ec_ads` WHERE `adPositionId` = -1 ORDER BY adSort asc  [ RunTime:0.0004s ]
SQL: SHOW COLUMNS FROM `ec_goods` [ RunTime:0.0010s ]
SQL: SELECT * FROM `ec_goods` WHERE `goodsStatus` = 1 AND `goodsFlag` = 1 AND `isRecomm` = 1  [ RunTime:0.0005s ]
INFO: [ view_parse ] --START--
INFO: [ template_filter ] --START--
INFO: Run Behavior\ContentReplaceBehavior [ RunTime:0.000077s ]
INFO: [ template_filter ] --END-- [ RunTime:0.000119s ]
INFO: Run Behavior\ParseTemplateBehavior [ RunTime:0.018024s ]
INFO: [ view_parse ] --END-- [ RunTime:0.018063s ]
INFO: [ view_filter ] --START--
INFO: Run Behavior\WriteHtmlCacheBehavior [ RunTime:0.000119s ]
INFO: [ view_filter ] --END-- [ RunTime:0.000151s ]
INFO: [ app_end ] --START--
INFO: Run Behavior\ShowPageTraceBehavior [ RunTime:0.000356s ]
INFO: [ app_end ] --END-- [ RunTime:0.000406s ]

[ 2016-01-23T23:58:07+08:00 ] 159.8.94.69 /index.php
INFO: [ app_init ] --START--
INFO: Run Behavior\BuildLiteBehavior [ RunTime:0.000013s ]
INFO: [ app_init ] --END-- [ RunTime:0.000276s ]
INFO: [ app_begin ] --START--
INFO: Run Behavior\ReadHtmlCacheBehavior [ RunTime:0.000344s ]
INFO: [ app_begin ] --END-- [ RunTime:0.000384s ]
SQL: SHOW COLUMNS FROM `ec_channel` [ RunTime:0.0011s ]
SQL: SHOW COLUMNS FROM `ec_channel` [ RunTime:0.0008s ]
NOTIC: [8] Undefined index: modelType /userdata/www/syinix/App/Common/Model/BaseModel.class.php 第 206 行.
NOTIC: [8] Undefined index: field /userdata/www/syinix/App/Common/Model/BaseModel.class.php 第 224 行.
SQL: SELECT * FROM `ec_channel` WHERE `cid` = 0 LIMIT 1   [ RunTime:0.0003s ]
SQL: SHOW COLUMNS FROM `ec_goods_cats` [ RunTime:0.0007s ]
SQL: SHOW COLUMNS FROM `ec_ads` [ RunTime:0.0008s ]
SQL: SHOW COLUMNS FROM `ec_article_cats` [ RunTime:0.0007s ]
SQL: SHOW COLUMNS FROM `ec_goods` [ RunTime:0.0011s ]
SQL: SHOW COLUMNS FROM `ec_goods_cats` [ RunTime:0.0007s ]
SQL: SELECT * FROM `ec_goods_cats` WHERE ( catFlag=1 and parentId=0 )  [ RunTime:0.0004s ]
SQL: SELECT * FROM `ec_goods_cats` WHERE ( catFlag=1 and parentId=342 )  [ RunTime:0.0003s ]
SQL: SELECT * FROM `ec_goods_cats` WHERE ( catFlag=1 and parentId=343 )  [ RunTime:0.0002s ]
SQL: SELECT * FROM `ec_goods_cats` WHERE ( catFlag=1 and parentId=344 )  [ RunTime:0.0003s ]
SQL: SELECT * FROM `ec_goods_cats` WHERE ( catFlag=1 and parentId=345 )  [ RunTime:0.0002s ]
SQL: SELECT * FROM `ec_goods_cats` WHERE ( catFlag=1 and parentId=346 )  [ RunTime:0.0002s ]
SQL: SELECT * FROM `ec_goods_cats` WHERE ( catFlag=1 and parentId=347 )  [ RunTime:0.0002s ]
SQL: SELECT * FROM `ec_goods_cats` WHERE ( catFlag=1 and parentId=348 )  [ RunTime:0.0002s ]
SQL: SELECT * FROM `ec_goods_cats` WHERE ( catFlag=1 and parentId=357 )  [ RunTime:0.0002s ]
SQL: SHOW COLUMNS FROM `ec_article_cats` [ RunTime:0.0007s ]
SQL: SELECT * FROM `ec_article_cats` WHERE ( catFlag=1 and parentId=32 ) ORDER BY catSort asc,catId asc  [ RunTime:0.0003s ]
SQL: SHOW COLUMNS FROM `ec_ads` [ RunTime:0.0008s ]
SQL: SELECT * FROM `ec_ads` WHERE `adPositionId` = -1 ORDER BY adSort asc  [ RunTime:0.0004s ]
SQL: SHOW COLUMNS FROM `ec_goods` [ RunTime:0.0011s ]
SQL: SELECT * FROM `ec_goods` WHERE `goodsStatus` = 1 AND `goodsFlag` = 1 AND `isRecomm` = 1  [ RunTime:0.0005s ]
INFO: [ view_parse ] --START--
INFO: [ template_filter ] --START--
INFO: Run Behavior\ContentReplaceBehavior [ RunTime:0.000078s ]
INFO: [ template_filter ] --END-- [ RunTime:0.000130s ]
INFO: Run Behavior\ParseTemplateBehavior [ RunTime:0.018069s ]
INFO: [ view_parse ] --END-- [ RunTime:0.018109s ]
INFO: [ view_filter ] --START--
INFO: Run Behavior\WriteHtmlCacheBehavior [ RunTime:0.000119s ]
INFO: [ view_filter ] --END-- [ RunTime:0.000153s ]
INFO: [ app_end ] --START--
INFO: Run Behavior\ShowPageTraceBehavior [ RunTime:0.000364s ]
INFO: [ app_end ] --END-- [ RunTime:0.000406s ]

[ 2016-01-23T23:59:09+08:00 ] 159.8.94.69 /index.php
INFO: [ app_init ] --START--
INFO: Run Behavior\BuildLiteBehavior [ RunTime:0.000013s ]
INFO: [ app_init ] --END-- [ RunTime:0.000263s ]
INFO: [ app_begin ] --START--
INFO: Run Behavior\ReadHtmlCacheBehavior [ RunTime:0.000349s ]
INFO: [ app_begin ] --END-- [ RunTime:0.000392s ]
SQL: SHOW COLUMNS FROM `ec_channel` [ RunTime:0.0011s ]
SQL: SHOW COLUMNS FROM `ec_channel` [ RunTime:0.0008s ]
NOTIC: [8] Undefined index: modelType /userdata/www/syinix/App/Common/Model/BaseModel.class.php 第 206 行.
NOTIC: [8] Undefined index: field /userdata/www/syinix/App/Common/Model/BaseModel.class.php 第 224 行.
SQL: SELECT * FROM `ec_channel` WHERE `cid` = 0 LIMIT 1   [ RunTime:0.0003s ]
SQL: SHOW COLUMNS FROM `ec_goods_cats` [ RunTime:0.0007s ]
SQL: SHOW COLUMNS FROM `ec_ads` [ RunTime:0.0008s ]
SQL: SHOW COLUMNS FROM `ec_article_cats` [ RunTime:0.0007s ]
SQL: SHOW COLUMNS FROM `ec_goods` [ RunTime:0.0012s ]
SQL: SHOW COLUMNS FROM `ec_goods_cats` [ RunTime:0.0007s ]
SQL: SELECT * FROM `ec_goods_cats` WHERE ( catFlag=1 and parentId=0 )  [ RunTime:0.0004s ]
SQL: SELECT * FROM `ec_goods_cats` WHERE ( catFlag=1 and parentId=342 )  [ RunTime:0.0003s ]
SQL: SELECT * FROM `ec_goods_cats` WHERE ( catFlag=1 and parentId=343 )  [ RunTime:0.0002s ]
SQL: SELECT * FROM `ec_goods_cats` WHERE ( catFlag=1 and parentId=344 )  [ RunTime:0.0003s ]
SQL: SELECT * FROM `ec_goods_cats` WHERE ( catFlag=1 and parentId=345 )  [ RunTime:0.0003s ]
SQL: SELECT * FROM `ec_goods_cats` WHERE ( catFlag=1 and parentId=346 )  [ RunTime:0.0002s ]
SQL: SELECT * FROM `ec_goods_cats` WHERE ( catFlag=1 and parentId=347 )  [ RunTime:0.0002s ]
SQL: SELECT * FROM `ec_goods_cats` WHERE ( catFlag=1 and parentId=348 )  [ RunTime:0.0002s ]
SQL: SELECT * FROM `ec_goods_cats` WHERE ( catFlag=1 and parentId=357 )  [ RunTime:0.0002s ]
SQL: SHOW COLUMNS FROM `ec_article_cats` [ RunTime:0.0007s ]
SQL: SELECT * FROM `ec_article_cats` WHERE ( catFlag=1 and parentId=32 ) ORDER BY catSort asc,catId asc  [ RunTime:0.0003s ]
SQL: SHOW COLUMNS FROM `ec_ads` [ RunTime:0.0008s ]
SQL: SELECT * FROM `ec_ads` WHERE `adPositionId` = -1 ORDER BY adSort asc  [ RunTime:0.0004s ]
SQL: SHOW COLUMNS FROM `ec_goods` [ RunTime:0.0011s ]
SQL: SELECT * FROM `ec_goods` WHERE `goodsStatus` = 1 AND `goodsFlag` = 1 AND `isRecomm` = 1  [ RunTime:0.0005s ]
INFO: [ view_parse ] --START--
INFO: [ template_filter ] --START--
INFO: Run Behavior\ContentReplaceBehavior [ RunTime:0.000078s ]
INFO: [ template_filter ] --END-- [ RunTime:0.000119s ]
INFO: Run Behavior\ParseTemplateBehavior [ RunTime:0.018260s ]
INFO: [ view_parse ] --END-- [ RunTime:0.018301s ]
INFO: [ view_filter ] --START--
INFO: Run Behavior\WriteHtmlCacheBehavior [ RunTime:0.000118s ]
INFO: [ view_filter ] --END-- [ RunTime:0.000152s ]
INFO: [ app_end ] --START--
INFO: Run Behavior\ShowPageTraceBehavior [ RunTime:0.000370s ]
INFO: [ app_end ] --END-- [ RunTime:0.000410s ]

