[ 2016-02-02T23:29:32+08:00 ] 159.8.94.69 /index.php
INFO: [ app_init ] --START--
INFO: Run Behavior\BuildLiteBehavior [ RunTime:0.000013s ]
INFO: [ app_init ] --END-- [ RunTime:0.000263s ]
INFO: [ app_begin ] --START--
INFO: Run Behavior\ReadHtmlCacheBehavior [ RunTime:0.000359s ]
INFO: [ app_begin ] --END-- [ RunTime:0.000398s ]
SQL: SHOW COLUMNS FROM `ec_channel` [ RunTime:0.0011s ]
SQL: SHOW COLUMNS FROM `ec_channel` [ RunTime:0.0008s ]
NOTIC: [8] Undefined index: modelType /userdata/www/syinix/App/Common/Model/BaseModel.class.php 第 206 行.
NOTIC: [8] Undefined index: field /userdata/www/syinix/App/Common/Model/BaseModel.class.php 第 224 行.
SQL: SELECT * FROM `ec_channel` WHERE `cid` = 0 LIMIT 1   [ RunTime:0.0003s ]
SQL: SHOW COLUMNS FROM `ec_goods_cats` [ RunTime:0.0007s ]
SQL: SHOW COLUMNS FROM `ec_ads` [ RunTime:0.0008s ]
SQL: SHOW COLUMNS FROM `ec_article_cats` [ RunTime:0.0007s ]
SQL: SHOW COLUMNS FROM `ec_goods` [ RunTime:0.0011s ]
SQL: SHOW COLUMNS FROM `ec_goods_cats` [ RunTime:0.0007s ]
SQL: SELECT * FROM `ec_goods_cats` WHERE ( catFlag=1 and parentId=0 )  [ RunTime:0.0004s ]
SQL: SELECT * FROM `ec_goods_cats` WHERE ( catFlag=1 and parentId=342 )  [ RunTime:0.0003s ]
SQL: SELECT * FROM `ec_goods_cats` WHERE ( catFlag=1 and parentId=343 )  [ RunTime:0.0003s ]
SQL: SELECT * FROM `ec_goods_cats` WHERE ( catFlag=1 and parentId=344 )  [ RunTime:0.0003s ]
SQL: SELECT * FROM `ec_goods_cats` WHERE ( catFlag=1 and parentId=345 )  [ RunTime:0.0002s ]
SQL: SELECT * FROM `ec_goods_cats` WHERE ( catFlag=1 and parentId=346 )  [ RunTime:0.0002s ]
SQL: SELECT * FROM `ec_goods_cats` WHERE ( catFlag=1 and parentId=347 )  [ RunTime:0.0002s ]
SQL: SELECT * FROM `ec_goods_cats` WHERE ( catFlag=1 and parentId=348 )  [ RunTime:0.0002s ]
SQL: SELECT * FROM `ec_goods_cats` WHERE ( catFlag=1 and parentId=357 )  [ RunTime:0.0002s ]
SQL: SHOW COLUMNS FROM `ec_article_cats` [ RunTime:0.0007s ]
SQL: SELECT * FROM `ec_article_cats` WHERE ( catFlag=1 and parentId=32 ) ORDER BY catSort asc,catId asc  [ RunTime:0.0003s ]
SQL: SHOW COLUMNS FROM `ec_ads` [ RunTime:0.0008s ]
SQL: SELECT * FROM `ec_ads` WHERE `adPositionId` = -1 ORDER BY adSort asc  [ RunTime:0.0004s ]
SQL: SHOW COLUMNS FROM `ec_goods` [ RunTime:0.0011s ]
SQL: SELECT * FROM `ec_goods` WHERE `goodsStatus` = 1 AND `goodsFlag` = 1 AND `isRecomm` = 1  [ RunTime:0.0005s ]
INFO: [ view_parse ] --START--
INFO: [ template_filter ] --START--
INFO: Run Behavior\ContentReplaceBehavior [ RunTime:0.000078s ]
INFO: [ template_filter ] --END-- [ RunTime:0.000120s ]
INFO: Run Behavior\ParseTemplateBehavior [ RunTime:0.018286s ]
INFO: [ view_parse ] --END-- [ RunTime:0.018326s ]
INFO: [ view_filter ] --START--
INFO: Run Behavior\WriteHtmlCacheBehavior [ RunTime:0.000121s ]
INFO: [ view_filter ] --END-- [ RunTime:0.000154s ]
INFO: [ app_end ] --START--
INFO: Run Behavior\ShowPageTraceBehavior [ RunTime:0.000366s ]
INFO: [ app_end ] --END-- [ RunTime:0.000409s ]

[ 2016-02-02T23:30:36+08:00 ] 159.8.94.69 /index.php
INFO: [ app_init ] --START--
INFO: Run Behavior\BuildLiteBehavior [ RunTime:0.000012s ]
INFO: [ app_init ] --END-- [ RunTime:0.000256s ]
INFO: [ app_begin ] --START--
INFO: Run Behavior\ReadHtmlCacheBehavior [ RunTime:0.000363s ]
INFO: [ app_begin ] --END-- [ RunTime:0.000402s ]
SQL: SHOW COLUMNS FROM `ec_channel` [ RunTime:0.0010s ]
SQL: SHOW COLUMNS FROM `ec_channel` [ RunTime:0.0008s ]
NOTIC: [8] Undefined index: modelType /userdata/www/syinix/App/Common/Model/BaseModel.class.php 第 206 行.
NOTIC: [8] Undefined index: field /userdata/www/syinix/App/Common/Model/BaseModel.class.php 第 224 行.
SQL: SELECT * FROM `ec_channel` WHERE `cid` = 0 LIMIT 1   [ RunTime:0.0003s ]
SQL: SHOW COLUMNS FROM `ec_goods_cats` [ RunTime:0.0007s ]
SQL: SHOW COLUMNS FROM `ec_ads` [ RunTime:0.0008s ]
SQL: SHOW COLUMNS FROM `ec_article_cats` [ RunTime:0.0007s ]
SQL: SHOW COLUMNS FROM `ec_goods` [ RunTime:0.0011s ]
SQL: SHOW COLUMNS FROM `ec_goods_cats` [ RunTime:0.0007s ]
SQL: SELECT * FROM `ec_goods_cats` WHERE ( catFlag=1 and parentId=0 )  [ RunTime:0.0004s ]
SQL: SELECT * FROM `ec_goods_cats` WHERE ( catFlag=1 and parentId=342 )  [ RunTime:0.0003s ]
SQL: SELECT * FROM `ec_goods_cats` WHERE ( catFlag=1 and parentId=343 )  [ RunTime:0.0003s ]
SQL: SELECT * FROM `ec_goods_cats` WHERE ( catFlag=1 and parentId=344 )  [ RunTime:0.0003s ]
SQL: SELECT * FROM `ec_goods_cats` WHERE ( catFlag=1 and parentId=345 )  [ RunTime:0.0002s ]
SQL: SELECT * FROM `ec_goods_cats` WHERE ( catFlag=1 and parentId=346 )  [ RunTime:0.0002s ]
SQL: SELECT * FROM `ec_goods_cats` WHERE ( catFlag=1 and parentId=347 )  [ RunTime:0.0002s ]
SQL: SELECT * FROM `ec_goods_cats` WHERE ( catFlag=1 and parentId=348 )  [ RunTime:0.0002s ]
SQL: SELECT * FROM `ec_goods_cats` WHERE ( catFlag=1 and parentId=357 )  [ RunTime:0.0002s ]
SQL: SHOW COLUMNS FROM `ec_article_cats` [ RunTime:0.0007s ]
SQL: SELECT * FROM `ec_article_cats` WHERE ( catFlag=1 and parentId=32 ) ORDER BY catSort asc,catId asc  [ RunTime:0.0003s ]
SQL: SHOW COLUMNS FROM `ec_ads` [ RunTime:0.0008s ]
SQL: SELECT * FROM `ec_ads` WHERE `adPositionId` = -1 ORDER BY adSort asc  [ RunTime:0.0004s ]
SQL: SHOW COLUMNS FROM `ec_goods` [ RunTime:0.0010s ]
SQL: SELECT * FROM `ec_goods` WHERE `goodsStatus` = 1 AND `goodsFlag` = 1 AND `isRecomm` = 1  [ RunTime:0.0005s ]
INFO: [ view_parse ] --START--
INFO: [ template_filter ] --START--
INFO: Run Behavior\ContentReplaceBehavior [ RunTime:0.000078s ]
INFO: [ template_filter ] --END-- [ RunTime:0.000120s ]
INFO: Run Behavior\ParseTemplateBehavior [ RunTime:0.018099s ]
INFO: [ view_parse ] --END-- [ RunTime:0.018140s ]
INFO: [ view_filter ] --START--
INFO: Run Behavior\WriteHtmlCacheBehavior [ RunTime:0.000120s ]
INFO: [ view_filter ] --END-- [ RunTime:0.000153s ]
INFO: [ app_end ] --START--
INFO: Run Behavior\ShowPageTraceBehavior [ RunTime:0.000365s ]
INFO: [ app_end ] --END-- [ RunTime:0.000402s ]

[ 2016-02-02T23:31:38+08:00 ] 159.8.94.69 /index.php
INFO: [ app_init ] --START--
INFO: Run Behavior\BuildLiteBehavior [ RunTime:0.000012s ]
INFO: [ app_init ] --END-- [ RunTime:0.000254s ]
INFO: [ app_begin ] --START--
INFO: Run Behavior\ReadHtmlCacheBehavior [ RunTime:0.000355s ]
INFO: [ app_begin ] --END-- [ RunTime:0.000395s ]
SQL: SHOW COLUMNS FROM `ec_channel` [ RunTime:0.0010s ]
SQL: SHOW COLUMNS FROM `ec_channel` [ RunTime:0.0009s ]
NOTIC: [8] Undefined index: modelType /userdata/www/syinix/App/Common/Model/BaseModel.class.php 第 206 行.
NOTIC: [8] Undefined index: field /userdata/www/syinix/App/Common/Model/BaseModel.class.php 第 224 行.
SQL: SELECT * FROM `ec_channel` WHERE `cid` = 0 LIMIT 1   [ RunTime:0.0003s ]
SQL: SHOW COLUMNS FROM `ec_goods_cats` [ RunTime:0.0007s ]
SQL: SHOW COLUMNS FROM `ec_ads` [ RunTime:0.0008s ]
SQL: SHOW COLUMNS FROM `ec_article_cats` [ RunTime:0.0061s ]
SQL: SHOW COLUMNS FROM `ec_goods` [ RunTime:0.0051s ]
SQL: SHOW COLUMNS FROM `ec_goods_cats` [ RunTime:0.0007s ]
SQL: SELECT * FROM `ec_goods_cats` WHERE ( catFlag=1 and parentId=0 )  [ RunTime:0.0004s ]
SQL: SELECT * FROM `ec_goods_cats` WHERE ( catFlag=1 and parentId=342 )  [ RunTime:0.0003s ]
SQL: SELECT * FROM `ec_goods_cats` WHERE ( catFlag=1 and parentId=343 )  [ RunTime:0.0002s ]
SQL: SELECT * FROM `ec_goods_cats` WHERE ( catFlag=1 and parentId=344 )  [ RunTime:0.0003s ]
SQL: SELECT * FROM `ec_goods_cats` WHERE ( catFlag=1 and parentId=345 )  [ RunTime:0.0002s ]
SQL: SELECT * FROM `ec_goods_cats` WHERE ( catFlag=1 and parentId=346 )  [ RunTime:0.0002s ]
SQL: SELECT * FROM `ec_goods_cats` WHERE ( catFlag=1 and parentId=347 )  [ RunTime:0.0002s ]
SQL: SELECT * FROM `ec_goods_cats` WHERE ( catFlag=1 and parentId=348 )  [ RunTime:0.0002s ]
SQL: SELECT * FROM `ec_goods_cats` WHERE ( catFlag=1 and parentId=357 )  [ RunTime:0.0002s ]
SQL: SHOW COLUMNS FROM `ec_article_cats` [ RunTime:0.0007s ]
SQL: SELECT * FROM `ec_article_cats` WHERE ( catFlag=1 and parentId=32 ) ORDER BY catSort asc,catId asc  [ RunTime:0.0006s ]
SQL: SHOW COLUMNS FROM `ec_ads` [ RunTime:0.0017s ]
SQL: SELECT * FROM `ec_ads` WHERE `adPositionId` = -1 ORDER BY adSort asc  [ RunTime:0.0015s ]
SQL: SHOW COLUMNS FROM `ec_goods` [ RunTime:0.0011s ]
SQL: SELECT * FROM `ec_goods` WHERE `goodsStatus` = 1 AND `goodsFlag` = 1 AND `isRecomm` = 1  [ RunTime:0.0005s ]
INFO: [ view_parse ] --START--
INFO: [ template_filter ] --START--
INFO: Run Behavior\ContentReplaceBehavior [ RunTime:0.000079s ]
INFO: [ template_filter ] --END-- [ RunTime:0.000120s ]
INFO: Run Behavior\ParseTemplateBehavior [ RunTime:0.019378s ]
INFO: [ view_parse ] --END-- [ RunTime:0.019419s ]
INFO: [ view_filter ] --START--
INFO: Run Behavior\WriteHtmlCacheBehavior [ RunTime:0.000120s ]
INFO: [ view_filter ] --END-- [ RunTime:0.000153s ]
INFO: [ app_end ] --START--
INFO: Run Behavior\ShowPageTraceBehavior [ RunTime:0.000373s ]
INFO: [ app_end ] --END-- [ RunTime:0.000415s ]

[ 2016-02-02T23:32:41+08:00 ] 159.8.94.69 /index.php
INFO: [ app_init ] --START--
INFO: Run Behavior\BuildLiteBehavior [ RunTime:0.000012s ]
INFO: [ app_init ] --END-- [ RunTime:0.000265s ]
INFO: [ app_begin ] --START--
INFO: Run Behavior\ReadHtmlCacheBehavior [ RunTime:0.000345s ]
INFO: [ app_begin ] --END-- [ RunTime:0.000383s ]
SQL: SHOW COLUMNS FROM `ec_channel` [ RunTime:0.0011s ]
SQL: SHOW COLUMNS FROM `ec_channel` [ RunTime:0.0008s ]
NOTIC: [8] Undefined index: modelType /userdata/www/syinix/App/Common/Model/BaseModel.class.php 第 206 行.
NOTIC: [8] Undefined index: field /userdata/www/syinix/App/Common/Model/BaseModel.class.php 第 224 行.
SQL: SELECT * FROM `ec_channel` WHERE `cid` = 0 LIMIT 1   [ RunTime:0.0003s ]
SQL: SHOW COLUMNS FROM `ec_goods_cats` [ RunTime:0.0007s ]
SQL: SHOW COLUMNS FROM `ec_ads` [ RunTime:0.0008s ]
SQL: SHOW COLUMNS FROM `ec_article_cats` [ RunTime:0.0007s ]
SQL: SHOW COLUMNS FROM `ec_goods` [ RunTime:0.0012s ]
SQL: SHOW COLUMNS FROM `ec_goods_cats` [ RunTime:0.0007s ]
SQL: SELECT * FROM `ec_goods_cats` WHERE ( catFlag=1 and parentId=0 )  [ RunTime:0.0004s ]
SQL: SELECT * FROM `ec_goods_cats` WHERE ( catFlag=1 and parentId=342 )  [ RunTime:0.0003s ]
SQL: SELECT * FROM `ec_goods_cats` WHERE ( catFlag=1 and parentId=343 )  [ RunTime:0.0002s ]
SQL: SELECT * FROM `ec_goods_cats` WHERE ( catFlag=1 and parentId=344 )  [ RunTime:0.0003s ]
SQL: SELECT * FROM `ec_goods_cats` WHERE ( catFlag=1 and parentId=345 )  [ RunTime:0.0003s ]
SQL: SELECT * FROM `ec_goods_cats` WHERE ( catFlag=1 and parentId=346 )  [ RunTime:0.0002s ]
SQL: SELECT * FROM `ec_goods_cats` WHERE ( catFlag=1 and parentId=347 )  [ RunTime:0.0002s ]
SQL: SELECT * FROM `ec_goods_cats` WHERE ( catFlag=1 and parentId=348 )  [ RunTime:0.0002s ]
SQL: SELECT * FROM `ec_goods_cats` WHERE ( catFlag=1 and parentId=357 )  [ RunTime:0.0002s ]
SQL: SHOW COLUMNS FROM `ec_article_cats` [ RunTime:0.0007s ]
SQL: SELECT * FROM `ec_article_cats` WHERE ( catFlag=1 and parentId=32 ) ORDER BY catSort asc,catId asc  [ RunTime:0.0003s ]
SQL: SHOW COLUMNS FROM `ec_ads` [ RunTime:0.0008s ]
SQL: SELECT * FROM `ec_ads` WHERE `adPositionId` = -1 ORDER BY adSort asc  [ RunTime:0.0004s ]
SQL: SHOW COLUMNS FROM `ec_goods` [ RunTime:0.0011s ]
SQL: SELECT * FROM `ec_goods` WHERE `goodsStatus` = 1 AND `goodsFlag` = 1 AND `isRecomm` = 1  [ RunTime:0.0005s ]
INFO: [ view_parse ] --START--
INFO: [ template_filter ] --START--
INFO: Run Behavior\ContentReplaceBehavior [ RunTime:0.000076s ]
INFO: [ template_filter ] --END-- [ RunTime:0.000118s ]
INFO: Run Behavior\ParseTemplateBehavior [ RunTime:0.017975s ]
INFO: [ view_parse ] --END-- [ RunTime:0.018015s ]
INFO: [ view_filter ] --START--
INFO: Run Behavior\WriteHtmlCacheBehavior [ RunTime:0.000118s ]
INFO: [ view_filter ] --END-- [ RunTime:0.000152s ]
INFO: [ app_end ] --START--
INFO: Run Behavior\ShowPageTraceBehavior [ RunTime:0.000366s ]
INFO: [ app_end ] --END-- [ RunTime:0.000411s ]

[ 2016-02-02T23:33:42+08:00 ] 159.8.94.69 /index.php
INFO: [ app_init ] --START--
INFO: Run Behavior\BuildLiteBehavior [ RunTime:0.000014s ]
INFO: [ app_init ] --END-- [ RunTime:0.000265s ]
INFO: [ app_begin ] --START--
INFO: Run Behavior\ReadHtmlCacheBehavior [ RunTime:0.000345s ]
INFO: [ app_begin ] --END-- [ RunTime:0.000385s ]
SQL: SHOW COLUMNS FROM `ec_channel` [ RunTime:0.0011s ]
SQL: SHOW COLUMNS FROM `ec_channel` [ RunTime:0.0008s ]
NOTIC: [8] Undefined index: modelType /userdata/www/syinix/App/Common/Model/BaseModel.class.php 第 206 行.
NOTIC: [8] Undefined index: field /userdata/www/syinix/App/Common/Model/BaseModel.class.php 第 224 行.
SQL: SELECT * FROM `ec_channel` WHERE `cid` = 0 LIMIT 1   [ RunTime:0.0003s ]
SQL: SHOW COLUMNS FROM `ec_goods_cats` [ RunTime:0.0007s ]
SQL: SHOW COLUMNS FROM `ec_ads` [ RunTime:0.0008s ]
SQL: SHOW COLUMNS FROM `ec_article_cats` [ RunTime:0.0007s ]
SQL: SHOW COLUMNS FROM `ec_goods` [ RunTime:0.0012s ]
SQL: SHOW COLUMNS FROM `ec_goods_cats` [ RunTime:0.0007s ]
SQL: SELECT * FROM `ec_goods_cats` WHERE ( catFlag=1 and parentId=0 )  [ RunTime:0.0004s ]
SQL: SELECT * FROM `ec_goods_cats` WHERE ( catFlag=1 and parentId=342 )  [ RunTime:0.0003s ]
SQL: SELECT * FROM `ec_goods_cats` WHERE ( catFlag=1 and parentId=343 )  [ RunTime:0.0002s ]
SQL: SELECT * FROM `ec_goods_cats` WHERE ( catFlag=1 and parentId=344 )  [ RunTime:0.0003s ]
SQL: SELECT * FROM `ec_goods_cats` WHERE ( catFlag=1 and parentId=345 )  [ RunTime:0.0003s ]
SQL: SELECT * FROM `ec_goods_cats` WHERE ( catFlag=1 and parentId=346 )  [ RunTime:0.0002s ]
SQL: SELECT * FROM `ec_goods_cats` WHERE ( catFlag=1 and parentId=347 )  [ RunTime:0.0002s ]
SQL: SELECT * FROM `ec_goods_cats` WHERE ( catFlag=1 and parentId=348 )  [ RunTime:0.0002s ]
SQL: SELECT * FROM `ec_goods_cats` WHERE ( catFlag=1 and parentId=357 )  [ RunTime:0.0002s ]
SQL: SHOW COLUMNS FROM `ec_article_cats` [ RunTime:0.0007s ]
SQL: SELECT * FROM `ec_article_cats` WHERE ( catFlag=1 and parentId=32 ) ORDER BY catSort asc,catId asc  [ RunTime:0.0003s ]
SQL: SHOW COLUMNS FROM `ec_ads` [ RunTime:0.0008s ]
SQL: SELECT * FROM `ec_ads` WHERE `adPositionId` = -1 ORDER BY adSort asc  [ RunTime:0.0004s ]
SQL: SHOW COLUMNS FROM `ec_goods` [ RunTime:0.0011s ]
SQL: SELECT * FROM `ec_goods` WHERE `goodsStatus` = 1 AND `goodsFlag` = 1 AND `isRecomm` = 1  [ RunTime:0.0005s ]
INFO: [ view_parse ] --START--
INFO: [ template_filter ] --START--
INFO: Run Behavior\ContentReplaceBehavior [ RunTime:0.000077s ]
INFO: [ template_filter ] --END-- [ RunTime:0.000118s ]
INFO: Run Behavior\ParseTemplateBehavior [ RunTime:0.018028s ]
INFO: [ view_parse ] --END-- [ RunTime:0.018069s ]
INFO: [ view_filter ] --START--
INFO: Run Behavior\WriteHtmlCacheBehavior [ RunTime:0.000119s ]
INFO: [ view_filter ] --END-- [ RunTime:0.000152s ]
INFO: [ app_end ] --START--
INFO: Run Behavior\ShowPageTraceBehavior [ RunTime:0.000366s ]
INFO: [ app_end ] --END-- [ RunTime:0.000404s ]

[ 2016-02-02T23:34:44+08:00 ] 159.8.94.69 /index.php
INFO: [ app_init ] --START--
INFO: Run Behavior\BuildLiteBehavior [ RunTime:0.000013s ]
INFO: [ app_init ] --END-- [ RunTime:0.000267s ]
INFO: [ app_begin ] --START--
INFO: Run Behavior\ReadHtmlCacheBehavior [ RunTime:0.000427s ]
INFO: [ app_begin ] --END-- [ RunTime:0.000477s ]
SQL: SHOW COLUMNS FROM `ec_channel` [ RunTime:0.0011s ]
SQL: SHOW COLUMNS FROM `ec_channel` [ RunTime:0.0008s ]
NOTIC: [8] Undefined index: modelType /userdata/www/syinix/App/Common/Model/BaseModel.class.php 第 206 行.
NOTIC: [8] Undefined index: field /userdata/www/syinix/App/Common/Model/BaseModel.class.php 第 224 行.
SQL: SELECT * FROM `ec_channel` WHERE `cid` = 0 LIMIT 1   [ RunTime:0.0003s ]
SQL: SHOW COLUMNS FROM `ec_goods_cats` [ RunTime:0.0007s ]
SQL: SHOW COLUMNS FROM `ec_ads` [ RunTime:0.0008s ]
SQL: SHOW COLUMNS FROM `ec_article_cats` [ RunTime:0.0007s ]
SQL: SHOW COLUMNS FROM `ec_goods` [ RunTime:0.0011s ]
SQL: SHOW COLUMNS FROM `ec_goods_cats` [ RunTime:0.0007s ]
SQL: SELECT * FROM `ec_goods_cats` WHERE ( catFlag=1 and parentId=0 )  [ RunTime:0.0004s ]
SQL: SELECT * FROM `ec_goods_cats` WHERE ( catFlag=1 and parentId=342 )  [ RunTime:0.0003s ]
SQL: SELECT * FROM `ec_goods_cats` WHERE ( catFlag=1 and parentId=343 )  [ RunTime:0.0002s ]
SQL: SELECT * FROM `ec_goods_cats` WHERE ( catFlag=1 and parentId=344 )  [ RunTime:0.0003s ]
SQL: SELECT * FROM `ec_goods_cats` WHERE ( catFlag=1 and parentId=345 )  [ RunTime:0.0002s ]
SQL: SELECT * FROM `ec_goods_cats` WHERE ( catFlag=1 and parentId=346 )  [ RunTime:0.0002s ]
SQL: SELECT * FROM `ec_goods_cats` WHERE ( catFlag=1 and parentId=347 )  [ RunTime:0.0002s ]
SQL: SELECT * FROM `ec_goods_cats` WHERE ( catFlag=1 and parentId=348 )  [ RunTime:0.0002s ]
SQL: SELECT * FROM `ec_goods_cats` WHERE ( catFlag=1 and parentId=357 )  [ RunTime:0.0002s ]
SQL: SHOW COLUMNS FROM `ec_article_cats` [ RunTime:0.0007s ]
SQL: SELECT * FROM `ec_article_cats` WHERE ( catFlag=1 and parentId=32 ) ORDER BY catSort asc,catId asc  [ RunTime:0.0003s ]
SQL: SHOW COLUMNS FROM `ec_ads` [ RunTime:0.0008s ]
SQL: SELECT * FROM `ec_ads` WHERE `adPositionId` = -1 ORDER BY adSort asc  [ RunTime:0.0004s ]
SQL: SHOW COLUMNS FROM `ec_goods` [ RunTime:0.0011s ]
SQL: SELECT * FROM `ec_goods` WHERE `goodsStatus` = 1 AND `goodsFlag` = 1 AND `isRecomm` = 1  [ RunTime:0.0005s ]
INFO: [ view_parse ] --START--
INFO: [ template_filter ] --START--
INFO: Run Behavior\ContentReplaceBehavior [ RunTime:0.000089s ]
INFO: [ template_filter ] --END-- [ RunTime:0.000131s ]
INFO: Run Behavior\ParseTemplateBehavior [ RunTime:0.018055s ]
INFO: [ view_parse ] --END-- [ RunTime:0.018095s ]
INFO: [ view_filter ] --START--
INFO: Run Behavior\WriteHtmlCacheBehavior [ RunTime:0.000122s ]
INFO: [ view_filter ] --END-- [ RunTime:0.000155s ]
INFO: [ app_end ] --START--
INFO: Run Behavior\ShowPageTraceBehavior [ RunTime:0.000365s ]
INFO: [ app_end ] --END-- [ RunTime:0.000402s ]

[ 2016-02-02T23:35:47+08:00 ] 159.8.94.69 /index.php
INFO: [ app_init ] --START--
INFO: Run Behavior\BuildLiteBehavior [ RunTime:0.000012s ]
INFO: [ app_init ] --END-- [ RunTime:0.000276s ]
INFO: [ app_begin ] --START--
INFO: Run Behavior\ReadHtmlCacheBehavior [ RunTime:0.000347s ]
INFO: [ app_begin ] --END-- [ RunTime:0.000389s ]
SQL: SHOW COLUMNS FROM `ec_channel` [ RunTime:0.0011s ]
SQL: SHOW COLUMNS FROM `ec_channel` [ RunTime:0.0008s ]
NOTIC: [8] Undefined index: modelType /userdata/www/syinix/App/Common/Model/BaseModel.class.php 第 206 行.
NOTIC: [8] Undefined index: field /userdata/www/syinix/App/Common/Model/BaseModel.class.php 第 224 行.
SQL: SELECT * FROM `ec_channel` WHERE `cid` = 0 LIMIT 1   [ RunTime:0.0003s ]
SQL: SHOW COLUMNS FROM `ec_goods_cats` [ RunTime:0.0007s ]
SQL: SHOW COLUMNS FROM `ec_ads` [ RunTime:0.0008s ]
SQL: SHOW COLUMNS FROM `ec_article_cats` [ RunTime:0.0007s ]
SQL: SHOW COLUMNS FROM `ec_goods` [ RunTime:0.0012s ]
SQL: SHOW COLUMNS FROM `ec_goods_cats` [ RunTime:0.0009s ]
SQL: SELECT * FROM `ec_goods_cats` WHERE ( catFlag=1 and parentId=0 )  [ RunTime:0.0004s ]
SQL: SELECT * FROM `ec_goods_cats` WHERE ( catFlag=1 and parentId=342 )  [ RunTime:0.0003s ]
SQL: SELECT * FROM `ec_goods_cats` WHERE ( catFlag=1 and parentId=343 )  [ RunTime:0.0003s ]
SQL: SELECT * FROM `ec_goods_cats` WHERE ( catFlag=1 and parentId=344 )  [ RunTime:0.0004s ]
SQL: SELECT * FROM `ec_goods_cats` WHERE ( catFlag=1 and parentId=345 )  [ RunTime:0.0003s ]
SQL: SELECT * FROM `ec_goods_cats` WHERE ( catFlag=1 and parentId=346 )  [ RunTime:0.0004s ]
SQL: SELECT * FROM `ec_goods_cats` WHERE ( catFlag=1 and parentId=347 )  [ RunTime:0.0003s ]
SQL: SELECT * FROM `ec_goods_cats` WHERE ( catFlag=1 and parentId=348 )  [ RunTime:0.0003s ]
SQL: SELECT * FROM `ec_goods_cats` WHERE ( catFlag=1 and parentId=357 )  [ RunTime:0.0002s ]
SQL: SHOW COLUMNS FROM `ec_article_cats` [ RunTime:0.0007s ]
SQL: SELECT * FROM `ec_article_cats` WHERE ( catFlag=1 and parentId=32 ) ORDER BY catSort asc,catId asc  [ RunTime:0.0004s ]
SQL: SHOW COLUMNS FROM `ec_ads` [ RunTime:0.0008s ]
SQL: SELECT * FROM `ec_ads` WHERE `adPositionId` = -1 ORDER BY adSort asc  [ RunTime:0.0006s ]
SQL: SHOW COLUMNS FROM `ec_goods` [ RunTime:0.0013s ]
SQL: SELECT * FROM `ec_goods` WHERE `goodsStatus` = 1 AND `goodsFlag` = 1 AND `isRecomm` = 1  [ RunTime:0.0006s ]
INFO: [ view_parse ] --START--
INFO: [ template_filter ] --START--
INFO: Run Behavior\ContentReplaceBehavior [ RunTime:0.000083s ]
INFO: [ template_filter ] --END-- [ RunTime:0.000128s ]
INFO: Run Behavior\ParseTemplateBehavior [ RunTime:0.018403s ]
INFO: [ view_parse ] --END-- [ RunTime:0.018446s ]
INFO: [ view_filter ] --START--
INFO: Run Behavior\WriteHtmlCacheBehavior [ RunTime:0.000121s ]
INFO: [ view_filter ] --END-- [ RunTime:0.000156s ]
INFO: [ app_end ] --START--
INFO: Run Behavior\ShowPageTraceBehavior [ RunTime:0.000377s ]
INFO: [ app_end ] --END-- [ RunTime:0.000418s ]

[ 2016-02-02T23:36:50+08:00 ] 159.8.94.69 /index.php
INFO: [ app_init ] --START--
INFO: Run Behavior\BuildLiteBehavior [ RunTime:0.000012s ]
INFO: [ app_init ] --END-- [ RunTime:0.000279s ]
INFO: [ app_begin ] --START--
INFO: Run Behavior\ReadHtmlCacheBehavior [ RunTime:0.000345s ]
INFO: [ app_begin ] --END-- [ RunTime:0.000384s ]
SQL: SHOW COLUMNS FROM `ec_channel` [ RunTime:0.0011s ]
SQL: SHOW COLUMNS FROM `ec_channel` [ RunTime:0.0008s ]
NOTIC: [8] Undefined index: modelType /userdata/www/syinix/App/Common/Model/BaseModel.class.php 第 206 行.
NOTIC: [8] Undefined index: field /userdata/www/syinix/App/Common/Model/BaseModel.class.php 第 224 行.
SQL: SELECT * FROM `ec_channel` WHERE `cid` = 0 LIMIT 1   [ RunTime:0.0003s ]
SQL: SHOW COLUMNS FROM `ec_goods_cats` [ RunTime:0.0007s ]
SQL: SHOW COLUMNS FROM `ec_ads` [ RunTime:0.0008s ]
SQL: SHOW COLUMNS FROM `ec_article_cats` [ RunTime:0.0007s ]
SQL: SHOW COLUMNS FROM `ec_goods` [ RunTime:0.0012s ]
SQL: SHOW COLUMNS FROM `ec_goods_cats` [ RunTime:0.0007s ]
SQL: SELECT * FROM `ec_goods_cats` WHERE ( catFlag=1 and parentId=0 )  [ RunTime:0.0004s ]
SQL: SELECT * FROM `ec_goods_cats` WHERE ( catFlag=1 and parentId=342 )  [ RunTime:0.0003s ]
SQL: SELECT * FROM `ec_goods_cats` WHERE ( catFlag=1 and parentId=343 )  [ RunTime:0.0002s ]
SQL: SELECT * FROM `ec_goods_cats` WHERE ( catFlag=1 and parentId=344 )  [ RunTime:0.0003s ]
SQL: SELECT * FROM `ec_goods_cats` WHERE ( catFlag=1 and parentId=345 )  [ RunTime:0.0002s ]
SQL: SELECT * FROM `ec_goods_cats` WHERE ( catFlag=1 and parentId=346 )  [ RunTime:0.0003s ]
SQL: SELECT * FROM `ec_goods_cats` WHERE ( catFlag=1 and parentId=347 )  [ RunTime:0.0002s ]
SQL: SELECT * FROM `ec_goods_cats` WHERE ( catFlag=1 and parentId=348 )  [ RunTime:0.0002s ]
SQL: SELECT * FROM `ec_goods_cats` WHERE ( catFlag=1 and parentId=357 )  [ RunTime:0.0003s ]
SQL: SHOW COLUMNS FROM `ec_article_cats` [ RunTime:0.0007s ]
SQL: SELECT * FROM `ec_article_cats` WHERE ( catFlag=1 and parentId=32 ) ORDER BY catSort asc,catId asc  [ RunTime:0.0003s ]
SQL: SHOW COLUMNS FROM `ec_ads` [ RunTime:0.0008s ]
SQL: SELECT * FROM `ec_ads` WHERE `adPositionId` = -1 ORDER BY adSort asc  [ RunTime:0.0004s ]
SQL: SHOW COLUMNS FROM `ec_goods` [ RunTime:0.0011s ]
SQL: SELECT * FROM `ec_goods` WHERE `goodsStatus` = 1 AND `goodsFlag` = 1 AND `isRecomm` = 1  [ RunTime:0.0006s ]
INFO: [ view_parse ] --START--
INFO: [ template_filter ] --START--
INFO: Run Behavior\ContentReplaceBehavior [ RunTime:0.000080s ]
INFO: [ template_filter ] --END-- [ RunTime:0.000129s ]
INFO: Run Behavior\ParseTemplateBehavior [ RunTime:0.019876s ]
INFO: [ view_parse ] --END-- [ RunTime:0.019924s ]
INFO: [ view_filter ] --START--
INFO: Run Behavior\WriteHtmlCacheBehavior [ RunTime:0.000120s ]
INFO: [ view_filter ] --END-- [ RunTime:0.000153s ]
INFO: [ app_end ] --START--
INFO: Run Behavior\ShowPageTraceBehavior [ RunTime:0.000353s ]
INFO: [ app_end ] --END-- [ RunTime:0.000391s ]

[ 2016-02-02T23:37:51+08:00 ] 159.8.94.69 /index.php
INFO: [ app_init ] --START--
INFO: Run Behavior\BuildLiteBehavior [ RunTime:0.000012s ]
INFO: [ app_init ] --END-- [ RunTime:0.000265s ]
INFO: [ app_begin ] --START--
INFO: Run Behavior\ReadHtmlCacheBehavior [ RunTime:0.000359s ]
INFO: [ app_begin ] --END-- [ RunTime:0.000399s ]
SQL: SHOW COLUMNS FROM `ec_channel` [ RunTime:0.0011s ]
SQL: SHOW COLUMNS FROM `ec_channel` [ RunTime:0.0008s ]
NOTIC: [8] Undefined index: modelType /userdata/www/syinix/App/Common/Model/BaseModel.class.php 第 206 行.
NOTIC: [8] Undefined index: field /userdata/www/syinix/App/Common/Model/BaseModel.class.php 第 224 行.
SQL: SELECT * FROM `ec_channel` WHERE `cid` = 0 LIMIT 1   [ RunTime:0.0003s ]
SQL: SHOW COLUMNS FROM `ec_goods_cats` [ RunTime:0.0007s ]
SQL: SHOW COLUMNS FROM `ec_ads` [ RunTime:0.0008s ]
SQL: SHOW COLUMNS FROM `ec_article_cats` [ RunTime:0.0007s ]
SQL: SHOW COLUMNS FROM `ec_goods` [ RunTime:0.0012s ]
SQL: SHOW COLUMNS FROM `ec_goods_cats` [ RunTime:0.0007s ]
SQL: SELECT * FROM `ec_goods_cats` WHERE ( catFlag=1 and parentId=0 )  [ RunTime:0.0004s ]
SQL: SELECT * FROM `ec_goods_cats` WHERE ( catFlag=1 and parentId=342 )  [ RunTime:0.0003s ]
SQL: SELECT * FROM `ec_goods_cats` WHERE ( catFlag=1 and parentId=343 )  [ RunTime:0.0003s ]
SQL: SELECT * FROM `ec_goods_cats` WHERE ( catFlag=1 and parentId=344 )  [ RunTime:0.0003s ]
SQL: SELECT * FROM `ec_goods_cats` WHERE ( catFlag=1 and parentId=345 )  [ RunTime:0.0002s ]
SQL: SELECT * FROM `ec_goods_cats` WHERE ( catFlag=1 and parentId=346 )  [ RunTime:0.0003s ]
SQL: SELECT * FROM `ec_goods_cats` WHERE ( catFlag=1 and parentId=347 )  [ RunTime:0.0002s ]
SQL: SELECT * FROM `ec_goods_cats` WHERE ( catFlag=1 and parentId=348 )  [ RunTime:0.0002s ]
SQL: SELECT * FROM `ec_goods_cats` WHERE ( catFlag=1 and parentId=357 )  [ RunTime:0.0002s ]
SQL: SHOW COLUMNS FROM `ec_article_cats` [ RunTime:0.0007s ]
SQL: SELECT * FROM `ec_article_cats` WHERE ( catFlag=1 and parentId=32 ) ORDER BY catSort asc,catId asc  [ RunTime:0.0003s ]
SQL: SHOW COLUMNS FROM `ec_ads` [ RunTime:0.0008s ]
SQL: SELECT * FROM `ec_ads` WHERE `adPositionId` = -1 ORDER BY adSort asc  [ RunTime:0.0004s ]
SQL: SHOW COLUMNS FROM `ec_goods` [ RunTime:0.0011s ]
SQL: SELECT * FROM `ec_goods` WHERE `goodsStatus` = 1 AND `goodsFlag` = 1 AND `isRecomm` = 1  [ RunTime:0.0006s ]
INFO: [ view_parse ] --START--
INFO: [ template_filter ] --START--
INFO: Run Behavior\ContentReplaceBehavior [ RunTime:0.000086s ]
INFO: [ template_filter ] --END-- [ RunTime:0.000154s ]
INFO: Run Behavior\ParseTemplateBehavior [ RunTime:0.020043s ]
INFO: [ view_parse ] --END-- [ RunTime:0.020091s ]
INFO: [ view_filter ] --START--
INFO: Run Behavior\WriteHtmlCacheBehavior [ RunTime:0.000124s ]
INFO: [ view_filter ] --END-- [ RunTime:0.000157s ]
INFO: [ app_end ] --START--
INFO: Run Behavior\ShowPageTraceBehavior [ RunTime:0.000384s ]
INFO: [ app_end ] --END-- [ RunTime:0.000423s ]

[ 2016-02-02T23:38:53+08:00 ] 159.8.94.69 /index.php
INFO: [ app_init ] --START--
INFO: Run Behavior\BuildLiteBehavior [ RunTime:0.000013s ]
INFO: [ app_init ] --END-- [ RunTime:0.000263s ]
INFO: [ app_begin ] --START--
INFO: Run Behavior\ReadHtmlCacheBehavior [ RunTime:0.000350s ]
INFO: [ app_begin ] --END-- [ RunTime:0.000391s ]
SQL: SHOW COLUMNS FROM `ec_channel` [ RunTime:0.0010s ]
SQL: SHOW COLUMNS FROM `ec_channel` [ RunTime:0.0008s ]
NOTIC: [8] Undefined index: modelType /userdata/www/syinix/App/Common/Model/BaseModel.class.php 第 206 行.
NOTIC: [8] Undefined index: field /userdata/www/syinix/App/Common/Model/BaseModel.class.php 第 224 行.
SQL: SELECT * FROM `ec_channel` WHERE `cid` = 0 LIMIT 1   [ RunTime:0.0003s ]
SQL: SHOW COLUMNS FROM `ec_goods_cats` [ RunTime:0.0007s ]
SQL: SHOW COLUMNS FROM `ec_ads` [ RunTime:0.0008s ]
SQL: SHOW COLUMNS FROM `ec_article_cats` [ RunTime:0.0007s ]
SQL: SHOW COLUMNS FROM `ec_goods` [ RunTime:0.0011s ]
SQL: SHOW COLUMNS FROM `ec_goods_cats` [ RunTime:0.0007s ]
SQL: SELECT * FROM `ec_goods_cats` WHERE ( catFlag=1 and parentId=0 )  [ RunTime:0.0004s ]
SQL: SELECT * FROM `ec_goods_cats` WHERE ( catFlag=1 and parentId=342 )  [ RunTime:0.0003s ]
SQL: SELECT * FROM `ec_goods_cats` WHERE ( catFlag=1 and parentId=343 )  [ RunTime:0.0002s ]
SQL: SELECT * FROM `ec_goods_cats` WHERE ( catFlag=1 and parentId=344 )  [ RunTime:0.0003s ]
SQL: SELECT * FROM `ec_goods_cats` WHERE ( catFlag=1 and parentId=345 )  [ RunTime:0.0002s ]
SQL: SELECT * FROM `ec_goods_cats` WHERE ( catFlag=1 and parentId=346 )  [ RunTime:0.0002s ]
SQL: SELECT * FROM `ec_goods_cats` WHERE ( catFlag=1 and parentId=347 )  [ RunTime:0.0002s ]
SQL: SELECT * FROM `ec_goods_cats` WHERE ( catFlag=1 and parentId=348 )  [ RunTime:0.0002s ]
SQL: SELECT * FROM `ec_goods_cats` WHERE ( catFlag=1 and parentId=357 )  [ RunTime:0.0002s ]
SQL: SHOW COLUMNS FROM `ec_article_cats` [ RunTime:0.0007s ]
SQL: SELECT * FROM `ec_article_cats` WHERE ( catFlag=1 and parentId=32 ) ORDER BY catSort asc,catId asc  [ RunTime:0.0003s ]
SQL: SHOW COLUMNS FROM `ec_ads` [ RunTime:0.0008s ]
SQL: SELECT * FROM `ec_ads` WHERE `adPositionId` = -1 ORDER BY adSort asc  [ RunTime:0.0004s ]
SQL: SHOW COLUMNS FROM `ec_goods` [ RunTime:0.0011s ]
SQL: SELECT * FROM `ec_goods` WHERE `goodsStatus` = 1 AND `goodsFlag` = 1 AND `isRecomm` = 1  [ RunTime:0.0005s ]
INFO: [ view_parse ] --START--
INFO: [ template_filter ] --START--
INFO: Run Behavior\ContentReplaceBehavior [ RunTime:0.000079s ]
INFO: [ template_filter ] --END-- [ RunTime:0.000119s ]
INFO: Run Behavior\ParseTemplateBehavior [ RunTime:0.018049s ]
INFO: [ view_parse ] --END-- [ RunTime:0.018088s ]
INFO: [ view_filter ] --START--
INFO: Run Behavior\WriteHtmlCacheBehavior [ RunTime:0.000117s ]
INFO: [ view_filter ] --END-- [ RunTime:0.000152s ]
INFO: [ app_end ] --START--
INFO: Run Behavior\ShowPageTraceBehavior [ RunTime:0.000369s ]
INFO: [ app_end ] --END-- [ RunTime:0.000413s ]

[ 2016-02-02T23:39:56+08:00 ] 159.8.94.69 /index.php
INFO: [ app_init ] --START--
INFO: Run Behavior\BuildLiteBehavior [ RunTime:0.000012s ]
INFO: [ app_init ] --END-- [ RunTime:0.000273s ]
INFO: [ app_begin ] --START--
INFO: Run Behavior\ReadHtmlCacheBehavior [ RunTime:0.000345s ]
INFO: [ app_begin ] --END-- [ RunTime:0.000385s ]
SQL: SHOW COLUMNS FROM `ec_channel` [ RunTime:0.0010s ]
SQL: SHOW COLUMNS FROM `ec_channel` [ RunTime:0.0008s ]
NOTIC: [8] Undefined index: modelType /userdata/www/syinix/App/Common/Model/BaseModel.class.php 第 206 行.
NOTIC: [8] Undefined index: field /userdata/www/syinix/App/Common/Model/BaseModel.class.php 第 224 行.
SQL: SELECT * FROM `ec_channel` WHERE `cid` = 0 LIMIT 1   [ RunTime:0.0003s ]
SQL: SHOW COLUMNS FROM `ec_goods_cats` [ RunTime:0.0007s ]
SQL: SHOW COLUMNS FROM `ec_ads` [ RunTime:0.0008s ]
SQL: SHOW COLUMNS FROM `ec_article_cats` [ RunTime:0.0007s ]
SQL: SHOW COLUMNS FROM `ec_goods` [ RunTime:0.0011s ]
SQL: SHOW COLUMNS FROM `ec_goods_cats` [ RunTime:0.0007s ]
SQL: SELECT * FROM `ec_goods_cats` WHERE ( catFlag=1 and parentId=0 )  [ RunTime:0.0004s ]
SQL: SELECT * FROM `ec_goods_cats` WHERE ( catFlag=1 and parentId=342 )  [ RunTime:0.0003s ]
SQL: SELECT * FROM `ec_goods_cats` WHERE ( catFlag=1 and parentId=343 )  [ RunTime:0.0003s ]
SQL: SELECT * FROM `ec_goods_cats` WHERE ( catFlag=1 and parentId=344 )  [ RunTime:0.0003s ]
SQL: SELECT * FROM `ec_goods_cats` WHERE ( catFlag=1 and parentId=345 )  [ RunTime:0.0002s ]
SQL: SELECT * FROM `ec_goods_cats` WHERE ( catFlag=1 and parentId=346 )  [ RunTime:0.0002s ]
SQL: SELECT * FROM `ec_goods_cats` WHERE ( catFlag=1 and parentId=347 )  [ RunTime:0.0002s ]
SQL: SELECT * FROM `ec_goods_cats` WHERE ( catFlag=1 and parentId=348 )  [ RunTime:0.0002s ]
SQL: SELECT * FROM `ec_goods_cats` WHERE ( catFlag=1 and parentId=357 )  [ RunTime:0.0002s ]
SQL: SHOW COLUMNS FROM `ec_article_cats` [ RunTime:0.0007s ]
SQL: SELECT * FROM `ec_article_cats` WHERE ( catFlag=1 and parentId=32 ) ORDER BY catSort asc,catId asc  [ RunTime:0.0003s ]
SQL: SHOW COLUMNS FROM `ec_ads` [ RunTime:0.0008s ]
SQL: SELECT * FROM `ec_ads` WHERE `adPositionId` = -1 ORDER BY adSort asc  [ RunTime:0.0004s ]
SQL: SHOW COLUMNS FROM `ec_goods` [ RunTime:0.0010s ]
SQL: SELECT * FROM `ec_goods` WHERE `goodsStatus` = 1 AND `goodsFlag` = 1 AND `isRecomm` = 1  [ RunTime:0.0005s ]
INFO: [ view_parse ] --START--
INFO: [ template_filter ] --START--
INFO: Run Behavior\ContentReplaceBehavior [ RunTime:0.000078s ]
INFO: [ template_filter ] --END-- [ RunTime:0.000120s ]
INFO: Run Behavior\ParseTemplateBehavior [ RunTime:0.018056s ]
INFO: [ view_parse ] --END-- [ RunTime:0.018096s ]
INFO: [ view_filter ] --START--
INFO: Run Behavior\WriteHtmlCacheBehavior [ RunTime:0.000117s ]
INFO: [ view_filter ] --END-- [ RunTime:0.000151s ]
INFO: [ app_end ] --START--
INFO: Run Behavior\ShowPageTraceBehavior [ RunTime:0.000350s ]
INFO: [ app_end ] --END-- [ RunTime:0.000388s ]

[ 2016-02-02T23:40:58+08:00 ] 159.8.94.69 /index.php
INFO: [ app_init ] --START--
INFO: Run Behavior\BuildLiteBehavior [ RunTime:0.000013s ]
INFO: [ app_init ] --END-- [ RunTime:0.000267s ]
INFO: [ app_begin ] --START--
INFO: Run Behavior\ReadHtmlCacheBehavior [ RunTime:0.000361s ]
INFO: [ app_begin ] --END-- [ RunTime:0.000400s ]
SQL: SHOW COLUMNS FROM `ec_channel` [ RunTime:0.0011s ]
SQL: SHOW COLUMNS FROM `ec_channel` [ RunTime:0.0008s ]
NOTIC: [8] Undefined index: modelType /userdata/www/syinix/App/Common/Model/BaseModel.class.php 第 206 行.
NOTIC: [8] Undefined index: field /userdata/www/syinix/App/Common/Model/BaseModel.class.php 第 224 行.
SQL: SELECT * FROM `ec_channel` WHERE `cid` = 0 LIMIT 1   [ RunTime:0.0003s ]
SQL: SHOW COLUMNS FROM `ec_goods_cats` [ RunTime:0.0007s ]
SQL: SHOW COLUMNS FROM `ec_ads` [ RunTime:0.0008s ]
SQL: SHOW COLUMNS FROM `ec_article_cats` [ RunTime:0.0007s ]
SQL: SHOW COLUMNS FROM `ec_goods` [ RunTime:0.0012s ]
SQL: SHOW COLUMNS FROM `ec_goods_cats` [ RunTime:0.0007s ]
SQL: SELECT * FROM `ec_goods_cats` WHERE ( catFlag=1 and parentId=0 )  [ RunTime:0.0004s ]
SQL: SELECT * FROM `ec_goods_cats` WHERE ( catFlag=1 and parentId=342 )  [ RunTime:0.0003s ]
SQL: SELECT * FROM `ec_goods_cats` WHERE ( catFlag=1 and parentId=343 )  [ RunTime:0.0002s ]
SQL: SELECT * FROM `ec_goods_cats` WHERE ( catFlag=1 and parentId=344 )  [ RunTime:0.0003s ]
SQL: SELECT * FROM `ec_goods_cats` WHERE ( catFlag=1 and parentId=345 )  [ RunTime:0.0002s ]
SQL: SELECT * FROM `ec_goods_cats` WHERE ( catFlag=1 and parentId=346 )  [ RunTime:0.0002s ]
SQL: SELECT * FROM `ec_goods_cats` WHERE ( catFlag=1 and parentId=347 )  [ RunTime:0.0003s ]
SQL: SELECT * FROM `ec_goods_cats` WHERE ( catFlag=1 and parentId=348 )  [ RunTime:0.0002s ]
SQL: SELECT * FROM `ec_goods_cats` WHERE ( catFlag=1 and parentId=357 )  [ RunTime:0.0002s ]
SQL: SHOW COLUMNS FROM `ec_article_cats` [ RunTime:0.0007s ]
SQL: SELECT * FROM `ec_article_cats` WHERE ( catFlag=1 and parentId=32 ) ORDER BY catSort asc,catId asc  [ RunTime:0.0003s ]
SQL: SHOW COLUMNS FROM `ec_ads` [ RunTime:0.0008s ]
SQL: SELECT * FROM `ec_ads` WHERE `adPositionId` = -1 ORDER BY adSort asc  [ RunTime:0.0005s ]
SQL: SHOW COLUMNS FROM `ec_goods` [ RunTime:0.0015s ]
SQL: SELECT * FROM `ec_goods` WHERE `goodsStatus` = 1 AND `goodsFlag` = 1 AND `isRecomm` = 1  [ RunTime:0.0006s ]
INFO: [ view_parse ] --START--
INFO: [ template_filter ] --START--
INFO: Run Behavior\ContentReplaceBehavior [ RunTime:0.000080s ]
INFO: [ template_filter ] --END-- [ RunTime:0.000131s ]
INFO: Run Behavior\ParseTemplateBehavior [ RunTime:0.019651s ]
INFO: [ view_parse ] --END-- [ RunTime:0.019705s ]
INFO: [ view_filter ] --START--
INFO: Run Behavior\WriteHtmlCacheBehavior [ RunTime:0.000120s ]
INFO: [ view_filter ] --END-- [ RunTime:0.000153s ]
INFO: [ app_end ] --START--
INFO: Run Behavior\ShowPageTraceBehavior [ RunTime:0.000380s ]
INFO: [ app_end ] --END-- [ RunTime:0.000420s ]

[ 2016-02-02T23:42:00+08:00 ] 159.8.94.69 /index.php
INFO: [ app_init ] --START--
INFO: Run Behavior\BuildLiteBehavior [ RunTime:0.000012s ]
INFO: [ app_init ] --END-- [ RunTime:0.000265s ]
INFO: [ app_begin ] --START--
INFO: Run Behavior\ReadHtmlCacheBehavior [ RunTime:0.000373s ]
INFO: [ app_begin ] --END-- [ RunTime:0.000412s ]
SQL: SHOW COLUMNS FROM `ec_channel` [ RunTime:0.0011s ]
SQL: SHOW COLUMNS FROM `ec_channel` [ RunTime:0.0008s ]
NOTIC: [8] Undefined index: modelType /userdata/www/syinix/App/Common/Model/BaseModel.class.php 第 206 行.
NOTIC: [8] Undefined index: field /userdata/www/syinix/App/Common/Model/BaseModel.class.php 第 224 行.
SQL: SELECT * FROM `ec_channel` WHERE `cid` = 0 LIMIT 1   [ RunTime:0.0003s ]
SQL: SHOW COLUMNS FROM `ec_goods_cats` [ RunTime:0.0007s ]
SQL: SHOW COLUMNS FROM `ec_ads` [ RunTime:0.0008s ]
SQL: SHOW COLUMNS FROM `ec_article_cats` [ RunTime:0.0007s ]
SQL: SHOW COLUMNS FROM `ec_goods` [ RunTime:0.0011s ]
SQL: SHOW COLUMNS FROM `ec_goods_cats` [ RunTime:0.0007s ]
SQL: SELECT * FROM `ec_goods_cats` WHERE ( catFlag=1 and parentId=0 )  [ RunTime:0.0004s ]
SQL: SELECT * FROM `ec_goods_cats` WHERE ( catFlag=1 and parentId=342 )  [ RunTime:0.0003s ]
SQL: SELECT * FROM `ec_goods_cats` WHERE ( catFlag=1 and parentId=343 )  [ RunTime:0.0003s ]
SQL: SELECT * FROM `ec_goods_cats` WHERE ( catFlag=1 and parentId=344 )  [ RunTime:0.0003s ]
SQL: SELECT * FROM `ec_goods_cats` WHERE ( catFlag=1 and parentId=345 )  [ RunTime:0.0002s ]
SQL: SELECT * FROM `ec_goods_cats` WHERE ( catFlag=1 and parentId=346 )  [ RunTime:0.0002s ]
SQL: SELECT * FROM `ec_goods_cats` WHERE ( catFlag=1 and parentId=347 )  [ RunTime:0.0002s ]
SQL: SELECT * FROM `ec_goods_cats` WHERE ( catFlag=1 and parentId=348 )  [ RunTime:0.0003s ]
SQL: SELECT * FROM `ec_goods_cats` WHERE ( catFlag=1 and parentId=357 )  [ RunTime:0.0002s ]
SQL: SHOW COLUMNS FROM `ec_article_cats` [ RunTime:0.0007s ]
SQL: SELECT * FROM `ec_article_cats` WHERE ( catFlag=1 and parentId=32 ) ORDER BY catSort asc,catId asc  [ RunTime:0.0003s ]
SQL: SHOW COLUMNS FROM `ec_ads` [ RunTime:0.0008s ]
SQL: SELECT * FROM `ec_ads` WHERE `adPositionId` = -1 ORDER BY adSort asc  [ RunTime:0.0004s ]
SQL: SHOW COLUMNS FROM `ec_goods` [ RunTime:0.0010s ]
SQL: SELECT * FROM `ec_goods` WHERE `goodsStatus` = 1 AND `goodsFlag` = 1 AND `isRecomm` = 1  [ RunTime:0.0006s ]
INFO: [ view_parse ] --START--
INFO: [ template_filter ] --START--
INFO: Run Behavior\ContentReplaceBehavior [ RunTime:0.000080s ]
INFO: [ template_filter ] --END-- [ RunTime:0.000131s ]
INFO: Run Behavior\ParseTemplateBehavior [ RunTime:0.019640s ]
INFO: [ view_parse ] --END-- [ RunTime:0.019687s ]
INFO: [ view_filter ] --START--
INFO: Run Behavior\WriteHtmlCacheBehavior [ RunTime:0.000122s ]
INFO: [ view_filter ] --END-- [ RunTime:0.000155s ]
INFO: [ app_end ] --START--
INFO: Run Behavior\ShowPageTraceBehavior [ RunTime:0.000374s ]
INFO: [ app_end ] --END-- [ RunTime:0.000424s ]

[ 2016-02-02T23:43:02+08:00 ] 159.8.94.69 /index.php
INFO: [ app_init ] --START--
INFO: Run Behavior\BuildLiteBehavior [ RunTime:0.000013s ]
INFO: [ app_init ] --END-- [ RunTime:0.000265s ]
INFO: [ app_begin ] --START--
INFO: Run Behavior\ReadHtmlCacheBehavior [ RunTime:0.000358s ]
INFO: [ app_begin ] --END-- [ RunTime:0.000398s ]
SQL: SHOW COLUMNS FROM `ec_channel` [ RunTime:0.0011s ]
SQL: SHOW COLUMNS FROM `ec_channel` [ RunTime:0.0008s ]
NOTIC: [8] Undefined index: modelType /userdata/www/syinix/App/Common/Model/BaseModel.class.php 第 206 行.
NOTIC: [8] Undefined index: field /userdata/www/syinix/App/Common/Model/BaseModel.class.php 第 224 行.
SQL: SELECT * FROM `ec_channel` WHERE `cid` = 0 LIMIT 1   [ RunTime:0.0003s ]
SQL: SHOW COLUMNS FROM `ec_goods_cats` [ RunTime:0.0007s ]
SQL: SHOW COLUMNS FROM `ec_ads` [ RunTime:0.0008s ]
SQL: SHOW COLUMNS FROM `ec_article_cats` [ RunTime:0.0007s ]
SQL: SHOW COLUMNS FROM `ec_goods` [ RunTime:0.0011s ]
SQL: SHOW COLUMNS FROM `ec_goods_cats` [ RunTime:0.0007s ]
SQL: SELECT * FROM `ec_goods_cats` WHERE ( catFlag=1 and parentId=0 )  [ RunTime:0.0004s ]
SQL: SELECT * FROM `ec_goods_cats` WHERE ( catFlag=1 and parentId=342 )  [ RunTime:0.0003s ]
SQL: SELECT * FROM `ec_goods_cats` WHERE ( catFlag=1 and parentId=343 )  [ RunTime:0.0002s ]
SQL: SELECT * FROM `ec_goods_cats` WHERE ( catFlag=1 and parentId=344 )  [ RunTime:0.0003s ]
SQL: SELECT * FROM `ec_goods_cats` WHERE ( catFlag=1 and parentId=345 )  [ RunTime:0.0002s ]
SQL: SELECT * FROM `ec_goods_cats` WHERE ( catFlag=1 and parentId=346 )  [ RunTime:0.0002s ]
SQL: SELECT * FROM `ec_goods_cats` WHERE ( catFlag=1 and parentId=347 )  [ RunTime:0.0002s ]
SQL: SELECT * FROM `ec_goods_cats` WHERE ( catFlag=1 and parentId=348 )  [ RunTime:0.0002s ]
SQL: SELECT * FROM `ec_goods_cats` WHERE ( catFlag=1 and parentId=357 )  [ RunTime:0.0002s ]
SQL: SHOW COLUMNS FROM `ec_article_cats` [ RunTime:0.0007s ]
SQL: SELECT * FROM `ec_article_cats` WHERE ( catFlag=1 and parentId=32 ) ORDER BY catSort asc,catId asc  [ RunTime:0.0003s ]
SQL: SHOW COLUMNS FROM `ec_ads` [ RunTime:0.0008s ]
SQL: SELECT * FROM `ec_ads` WHERE `adPositionId` = -1 ORDER BY adSort asc  [ RunTime:0.0004s ]
SQL: SHOW COLUMNS FROM `ec_goods` [ RunTime:0.0010s ]
SQL: SELECT * FROM `ec_goods` WHERE `goodsStatus` = 1 AND `goodsFlag` = 1 AND `isRecomm` = 1  [ RunTime:0.0005s ]
INFO: [ view_parse ] --START--
INFO: [ template_filter ] --START--
INFO: Run Behavior\ContentReplaceBehavior [ RunTime:0.000081s ]
INFO: [ template_filter ] --END-- [ RunTime:0.000123s ]
INFO: Run Behavior\ParseTemplateBehavior [ RunTime:0.018103s ]
INFO: [ view_parse ] --END-- [ RunTime:0.018144s ]
INFO: [ view_filter ] --START--
INFO: Run Behavior\WriteHtmlCacheBehavior [ RunTime:0.000120s ]
INFO: [ view_filter ] --END-- [ RunTime:0.000154s ]
INFO: [ app_end ] --START--
INFO: Run Behavior\ShowPageTraceBehavior [ RunTime:0.000375s ]
INFO: [ app_end ] --END-- [ RunTime:0.000413s ]

[ 2016-02-02T23:44:04+08:00 ] 159.8.94.69 /index.php
INFO: [ app_init ] --START--
INFO: Run Behavior\BuildLiteBehavior [ RunTime:0.000013s ]
INFO: [ app_init ] --END-- [ RunTime:0.000278s ]
INFO: [ app_begin ] --START--
INFO: Run Behavior\ReadHtmlCacheBehavior [ RunTime:0.000393s ]
INFO: [ app_begin ] --END-- [ RunTime:0.000432s ]
SQL: SHOW COLUMNS FROM `ec_channel` [ RunTime:0.0011s ]
SQL: SHOW COLUMNS FROM `ec_channel` [ RunTime:0.0008s ]
NOTIC: [8] Undefined index: modelType /userdata/www/syinix/App/Common/Model/BaseModel.class.php 第 206 行.
NOTIC: [8] Undefined index: field /userdata/www/syinix/App/Common/Model/BaseModel.class.php 第 224 行.
SQL: SELECT * FROM `ec_channel` WHERE `cid` = 0 LIMIT 1   [ RunTime:0.0004s ]
SQL: SHOW COLUMNS FROM `ec_goods_cats` [ RunTime:0.0007s ]
SQL: SHOW COLUMNS FROM `ec_ads` [ RunTime:0.0008s ]
SQL: SHOW COLUMNS FROM `ec_article_cats` [ RunTime:0.0007s ]
SQL: SHOW COLUMNS FROM `ec_goods` [ RunTime:0.0011s ]
SQL: SHOW COLUMNS FROM `ec_goods_cats` [ RunTime:0.0007s ]
SQL: SELECT * FROM `ec_goods_cats` WHERE ( catFlag=1 and parentId=0 )  [ RunTime:0.0004s ]
SQL: SELECT * FROM `ec_goods_cats` WHERE ( catFlag=1 and parentId=342 )  [ RunTime:0.0003s ]
SQL: SELECT * FROM `ec_goods_cats` WHERE ( catFlag=1 and parentId=343 )  [ RunTime:0.0002s ]
SQL: SELECT * FROM `ec_goods_cats` WHERE ( catFlag=1 and parentId=344 )  [ RunTime:0.0003s ]
SQL: SELECT * FROM `ec_goods_cats` WHERE ( catFlag=1 and parentId=345 )  [ RunTime:0.0002s ]
SQL: SELECT * FROM `ec_goods_cats` WHERE ( catFlag=1 and parentId=346 )  [ RunTime:0.0002s ]
SQL: SELECT * FROM `ec_goods_cats` WHERE ( catFlag=1 and parentId=347 )  [ RunTime:0.0003s ]
SQL: SELECT * FROM `ec_goods_cats` WHERE ( catFlag=1 and parentId=348 )  [ RunTime:0.0002s ]
SQL: SELECT * FROM `ec_goods_cats` WHERE ( catFlag=1 and parentId=357 )  [ RunTime:0.0002s ]
SQL: SHOW COLUMNS FROM `ec_article_cats` [ RunTime:0.0007s ]
SQL: SELECT * FROM `ec_article_cats` WHERE ( catFlag=1 and parentId=32 ) ORDER BY catSort asc,catId asc  [ RunTime:0.0003s ]
SQL: SHOW COLUMNS FROM `ec_ads` [ RunTime:0.0008s ]
SQL: SELECT * FROM `ec_ads` WHERE `adPositionId` = -1 ORDER BY adSort asc  [ RunTime:0.0004s ]
SQL: SHOW COLUMNS FROM `ec_goods` [ RunTime:0.0011s ]
SQL: SELECT * FROM `ec_goods` WHERE `goodsStatus` = 1 AND `goodsFlag` = 1 AND `isRecomm` = 1  [ RunTime:0.0005s ]
INFO: [ view_parse ] --START--
INFO: [ template_filter ] --START--
INFO: Run Behavior\ContentReplaceBehavior [ RunTime:0.000082s ]
INFO: [ template_filter ] --END-- [ RunTime:0.000123s ]
INFO: Run Behavior\ParseTemplateBehavior [ RunTime:0.018091s ]
INFO: [ view_parse ] --END-- [ RunTime:0.018131s ]
INFO: [ view_filter ] --START--
INFO: Run Behavior\WriteHtmlCacheBehavior [ RunTime:0.000131s ]
INFO: [ view_filter ] --END-- [ RunTime:0.000164s ]
INFO: [ app_end ] --START--
INFO: Run Behavior\ShowPageTraceBehavior [ RunTime:0.000362s ]
INFO: [ app_end ] --END-- [ RunTime:0.000399s ]

[ 2016-02-02T23:45:06+08:00 ] 159.8.94.69 /index.php
INFO: [ app_init ] --START--
INFO: Run Behavior\BuildLiteBehavior [ RunTime:0.000012s ]
INFO: [ app_init ] --END-- [ RunTime:0.000263s ]
INFO: [ app_begin ] --START--
INFO: Run Behavior\ReadHtmlCacheBehavior [ RunTime:0.000344s ]
INFO: [ app_begin ] --END-- [ RunTime:0.000383s ]
SQL: SHOW COLUMNS FROM `ec_channel` [ RunTime:0.0011s ]
SQL: SHOW COLUMNS FROM `ec_channel` [ RunTime:0.0008s ]
NOTIC: [8] Undefined index: modelType /userdata/www/syinix/App/Common/Model/BaseModel.class.php 第 206 行.
NOTIC: [8] Undefined index: field /userdata/www/syinix/App/Common/Model/BaseModel.class.php 第 224 行.
SQL: SELECT * FROM `ec_channel` WHERE `cid` = 0 LIMIT 1   [ RunTime:0.0003s ]
SQL: SHOW COLUMNS FROM `ec_goods_cats` [ RunTime:0.0007s ]
SQL: SHOW COLUMNS FROM `ec_ads` [ RunTime:0.0008s ]
SQL: SHOW COLUMNS FROM `ec_article_cats` [ RunTime:0.0007s ]
SQL: SHOW COLUMNS FROM `ec_goods` [ RunTime:0.0011s ]
SQL: SHOW COLUMNS FROM `ec_goods_cats` [ RunTime:0.0007s ]
SQL: SELECT * FROM `ec_goods_cats` WHERE ( catFlag=1 and parentId=0 )  [ RunTime:0.0004s ]
SQL: SELECT * FROM `ec_goods_cats` WHERE ( catFlag=1 and parentId=342 )  [ RunTime:0.0003s ]
SQL: SELECT * FROM `ec_goods_cats` WHERE ( catFlag=1 and parentId=343 )  [ RunTime:0.0002s ]
SQL: SELECT * FROM `ec_goods_cats` WHERE ( catFlag=1 and parentId=344 )  [ RunTime:0.0003s ]
SQL: SELECT * FROM `ec_goods_cats` WHERE ( catFlag=1 and parentId=345 )  [ RunTime:0.0002s ]
SQL: SELECT * FROM `ec_goods_cats` WHERE ( catFlag=1 and parentId=346 )  [ RunTime:0.0002s ]
SQL: SELECT * FROM `ec_goods_cats` WHERE ( catFlag=1 and parentId=347 )  [ RunTime:0.0002s ]
SQL: SELECT * FROM `ec_goods_cats` WHERE ( catFlag=1 and parentId=348 )  [ RunTime:0.0002s ]
SQL: SELECT * FROM `ec_goods_cats` WHERE ( catFlag=1 and parentId=357 )  [ RunTime:0.0002s ]
SQL: SHOW COLUMNS FROM `ec_article_cats` [ RunTime:0.0007s ]
SQL: SELECT * FROM `ec_article_cats` WHERE ( catFlag=1 and parentId=32 ) ORDER BY catSort asc,catId asc  [ RunTime:0.0003s ]
SQL: SHOW COLUMNS FROM `ec_ads` [ RunTime:0.0008s ]
SQL: SELECT * FROM `ec_ads` WHERE `adPositionId` = -1 ORDER BY adSort asc  [ RunTime:0.0004s ]
SQL: SHOW COLUMNS FROM `ec_goods` [ RunTime:0.0011s ]
SQL: SELECT * FROM `ec_goods` WHERE `goodsStatus` = 1 AND `goodsFlag` = 1 AND `isRecomm` = 1  [ RunTime:0.0005s ]
INFO: [ view_parse ] --START--
INFO: [ template_filter ] --START--
INFO: Run Behavior\ContentReplaceBehavior [ RunTime:0.000078s ]
INFO: [ template_filter ] --END-- [ RunTime:0.000121s ]
INFO: Run Behavior\ParseTemplateBehavior [ RunTime:0.018083s ]
INFO: [ view_parse ] --END-- [ RunTime:0.018124s ]
INFO: [ view_filter ] --START--
INFO: Run Behavior\WriteHtmlCacheBehavior [ RunTime:0.000119s ]
INFO: [ view_filter ] --END-- [ RunTime:0.000153s ]
INFO: [ app_end ] --START--
INFO: Run Behavior\ShowPageTraceBehavior [ RunTime:0.000366s ]
INFO: [ app_end ] --END-- [ RunTime:0.000405s ]

[ 2016-02-02T23:46:08+08:00 ] 159.8.94.69 /index.php
INFO: [ app_init ] --START--
INFO: Run Behavior\BuildLiteBehavior [ RunTime:0.000013s ]
INFO: [ app_init ] --END-- [ RunTime:0.000264s ]
INFO: [ app_begin ] --START--
INFO: Run Behavior\ReadHtmlCacheBehavior [ RunTime:0.000361s ]
INFO: [ app_begin ] --END-- [ RunTime:0.000400s ]
SQL: SHOW COLUMNS FROM `ec_channel` [ RunTime:0.0011s ]
SQL: SHOW COLUMNS FROM `ec_channel` [ RunTime:0.0008s ]
NOTIC: [8] Undefined index: modelType /userdata/www/syinix/App/Common/Model/BaseModel.class.php 第 206 行.
NOTIC: [8] Undefined index: field /userdata/www/syinix/App/Common/Model/BaseModel.class.php 第 224 行.
SQL: SELECT * FROM `ec_channel` WHERE `cid` = 0 LIMIT 1   [ RunTime:0.0003s ]
SQL: SHOW COLUMNS FROM `ec_goods_cats` [ RunTime:0.0007s ]
SQL: SHOW COLUMNS FROM `ec_ads` [ RunTime:0.0008s ]
SQL: SHOW COLUMNS FROM `ec_article_cats` [ RunTime:0.0007s ]
SQL: SHOW COLUMNS FROM `ec_goods` [ RunTime:0.0011s ]
SQL: SHOW COLUMNS FROM `ec_goods_cats` [ RunTime:0.0007s ]
SQL: SELECT * FROM `ec_goods_cats` WHERE ( catFlag=1 and parentId=0 )  [ RunTime:0.0004s ]
SQL: SELECT * FROM `ec_goods_cats` WHERE ( catFlag=1 and parentId=342 )  [ RunTime:0.0003s ]
SQL: SELECT * FROM `ec_goods_cats` WHERE ( catFlag=1 and parentId=343 )  [ RunTime:0.0003s ]
SQL: SELECT * FROM `ec_goods_cats` WHERE ( catFlag=1 and parentId=344 )  [ RunTime:0.0003s ]
SQL: SELECT * FROM `ec_goods_cats` WHERE ( catFlag=1 and parentId=345 )  [ RunTime:0.0002s ]
SQL: SELECT * FROM `ec_goods_cats` WHERE ( catFlag=1 and parentId=346 )  [ RunTime:0.0002s ]
SQL: SELECT * FROM `ec_goods_cats` WHERE ( catFlag=1 and parentId=347 )  [ RunTime:0.0002s ]
SQL: SELECT * FROM `ec_goods_cats` WHERE ( catFlag=1 and parentId=348 )  [ RunTime:0.0002s ]
SQL: SELECT * FROM `ec_goods_cats` WHERE ( catFlag=1 and parentId=357 )  [ RunTime:0.0002s ]
SQL: SHOW COLUMNS FROM `ec_article_cats` [ RunTime:0.0007s ]
SQL: SELECT * FROM `ec_article_cats` WHERE ( catFlag=1 and parentId=32 ) ORDER BY catSort asc,catId asc  [ RunTime:0.0003s ]
SQL: SHOW COLUMNS FROM `ec_ads` [ RunTime:0.0008s ]
SQL: SELECT * FROM `ec_ads` WHERE `adPositionId` = -1 ORDER BY adSort asc  [ RunTime:0.0004s ]
SQL: SHOW COLUMNS FROM `ec_goods` [ RunTime:0.0010s ]
SQL: SELECT * FROM `ec_goods` WHERE `goodsStatus` = 1 AND `goodsFlag` = 1 AND `isRecomm` = 1  [ RunTime:0.0005s ]
INFO: [ view_parse ] --START--
INFO: [ template_filter ] --START--
INFO: Run Behavior\ContentReplaceBehavior [ RunTime:0.000079s ]
INFO: [ template_filter ] --END-- [ RunTime:0.000119s ]
INFO: Run Behavior\ParseTemplateBehavior [ RunTime:0.018101s ]
INFO: [ view_parse ] --END-- [ RunTime:0.018142s ]
INFO: [ view_filter ] --START--
INFO: Run Behavior\WriteHtmlCacheBehavior [ RunTime:0.000119s ]
INFO: [ view_filter ] --END-- [ RunTime:0.000152s ]
INFO: [ app_end ] --START--
INFO: Run Behavior\ShowPageTraceBehavior [ RunTime:0.000365s ]
INFO: [ app_end ] --END-- [ RunTime:0.000403s ]

[ 2016-02-02T23:47:11+08:00 ] 159.8.94.69 /index.php
INFO: [ app_init ] --START--
INFO: Run Behavior\BuildLiteBehavior [ RunTime:0.000013s ]
INFO: [ app_init ] --END-- [ RunTime:0.000260s ]
INFO: [ app_begin ] --START--
INFO: Run Behavior\ReadHtmlCacheBehavior [ RunTime:0.000344s ]
INFO: [ app_begin ] --END-- [ RunTime:0.000384s ]
SQL: SHOW COLUMNS FROM `ec_channel` [ RunTime:0.0011s ]
SQL: SHOW COLUMNS FROM `ec_channel` [ RunTime:0.0008s ]
NOTIC: [8] Undefined index: modelType /userdata/www/syinix/App/Common/Model/BaseModel.class.php 第 206 行.
NOTIC: [8] Undefined index: field /userdata/www/syinix/App/Common/Model/BaseModel.class.php 第 224 行.
SQL: SELECT * FROM `ec_channel` WHERE `cid` = 0 LIMIT 1   [ RunTime:0.0003s ]
SQL: SHOW COLUMNS FROM `ec_goods_cats` [ RunTime:0.0007s ]
SQL: SHOW COLUMNS FROM `ec_ads` [ RunTime:0.0008s ]
SQL: SHOW COLUMNS FROM `ec_article_cats` [ RunTime:0.0007s ]
SQL: SHOW COLUMNS FROM `ec_goods` [ RunTime:0.0012s ]
SQL: SHOW COLUMNS FROM `ec_goods_cats` [ RunTime:0.0007s ]
SQL: SELECT * FROM `ec_goods_cats` WHERE ( catFlag=1 and parentId=0 )  [ RunTime:0.0004s ]
SQL: SELECT * FROM `ec_goods_cats` WHERE ( catFlag=1 and parentId=342 )  [ RunTime:0.0003s ]
SQL: SELECT * FROM `ec_goods_cats` WHERE ( catFlag=1 and parentId=343 )  [ RunTime:0.0002s ]
SQL: SELECT * FROM `ec_goods_cats` WHERE ( catFlag=1 and parentId=344 )  [ RunTime:0.0003s ]
SQL: SELECT * FROM `ec_goods_cats` WHERE ( catFlag=1 and parentId=345 )  [ RunTime:0.0002s ]
SQL: SELECT * FROM `ec_goods_cats` WHERE ( catFlag=1 and parentId=346 )  [ RunTime:0.0003s ]
SQL: SELECT * FROM `ec_goods_cats` WHERE ( catFlag=1 and parentId=347 )  [ RunTime:0.0002s ]
SQL: SELECT * FROM `ec_goods_cats` WHERE ( catFlag=1 and parentId=348 )  [ RunTime:0.0002s ]
SQL: SELECT * FROM `ec_goods_cats` WHERE ( catFlag=1 and parentId=357 )  [ RunTime:0.0002s ]
SQL: SHOW COLUMNS FROM `ec_article_cats` [ RunTime:0.0007s ]
SQL: SELECT * FROM `ec_article_cats` WHERE ( catFlag=1 and parentId=32 ) ORDER BY catSort asc,catId asc  [ RunTime:0.0003s ]
SQL: SHOW COLUMNS FROM `ec_ads` [ RunTime:0.0008s ]
SQL: SELECT * FROM `ec_ads` WHERE `adPositionId` = -1 ORDER BY adSort asc  [ RunTime:0.0004s ]
SQL: SHOW COLUMNS FROM `ec_goods` [ RunTime:0.0011s ]
SQL: SELECT * FROM `ec_goods` WHERE `goodsStatus` = 1 AND `goodsFlag` = 1 AND `isRecomm` = 1  [ RunTime:0.0005s ]
INFO: [ view_parse ] --START--
INFO: [ template_filter ] --START--
INFO: Run Behavior\ContentReplaceBehavior [ RunTime:0.000078s ]
INFO: [ template_filter ] --END-- [ RunTime:0.000120s ]
INFO: Run Behavior\ParseTemplateBehavior [ RunTime:0.019608s ]
INFO: [ view_parse ] --END-- [ RunTime:0.019655s ]
INFO: [ view_filter ] --START--
INFO: Run Behavior\WriteHtmlCacheBehavior [ RunTime:0.000132s ]
INFO: [ view_filter ] --END-- [ RunTime:0.000166s ]
INFO: [ app_end ] --START--
INFO: Run Behavior\ShowPageTraceBehavior [ RunTime:0.000354s ]
INFO: [ app_end ] --END-- [ RunTime:0.000393s ]

[ 2016-02-02T23:48:14+08:00 ] 159.8.94.69 /index.php
INFO: [ app_init ] --START--
INFO: Run Behavior\BuildLiteBehavior [ RunTime:0.000013s ]
INFO: [ app_init ] --END-- [ RunTime:0.000281s ]
INFO: [ app_begin ] --START--
INFO: Run Behavior\ReadHtmlCacheBehavior [ RunTime:0.000351s ]
INFO: [ app_begin ] --END-- [ RunTime:0.000390s ]
SQL: SHOW COLUMNS FROM `ec_channel` [ RunTime:0.0011s ]
SQL: SHOW COLUMNS FROM `ec_channel` [ RunTime:0.0009s ]
NOTIC: [8] Undefined index: modelType /userdata/www/syinix/App/Common/Model/BaseModel.class.php 第 206 行.
NOTIC: [8] Undefined index: field /userdata/www/syinix/App/Common/Model/BaseModel.class.php 第 224 行.
SQL: SELECT * FROM `ec_channel` WHERE `cid` = 0 LIMIT 1   [ RunTime:0.0003s ]
SQL: SHOW COLUMNS FROM `ec_goods_cats` [ RunTime:0.0007s ]
SQL: SHOW COLUMNS FROM `ec_ads` [ RunTime:0.0007s ]
SQL: SHOW COLUMNS FROM `ec_article_cats` [ RunTime:0.0006s ]
SQL: SHOW COLUMNS FROM `ec_goods` [ RunTime:0.0010s ]
SQL: SHOW COLUMNS FROM `ec_goods_cats` [ RunTime:0.0006s ]
SQL: SELECT * FROM `ec_goods_cats` WHERE ( catFlag=1 and parentId=0 )  [ RunTime:0.0003s ]
SQL: SELECT * FROM `ec_goods_cats` WHERE ( catFlag=1 and parentId=342 )  [ RunTime:0.0003s ]
SQL: SELECT * FROM `ec_goods_cats` WHERE ( catFlag=1 and parentId=343 )  [ RunTime:0.0002s ]
SQL: SELECT * FROM `ec_goods_cats` WHERE ( catFlag=1 and parentId=344 )  [ RunTime:0.0002s ]
SQL: SELECT * FROM `ec_goods_cats` WHERE ( catFlag=1 and parentId=345 )  [ RunTime:0.0002s ]
SQL: SELECT * FROM `ec_goods_cats` WHERE ( catFlag=1 and parentId=346 )  [ RunTime:0.0002s ]
SQL: SELECT * FROM `ec_goods_cats` WHERE ( catFlag=1 and parentId=347 )  [ RunTime:0.0002s ]
SQL: SELECT * FROM `ec_goods_cats` WHERE ( catFlag=1 and parentId=348 )  [ RunTime:0.0002s ]
SQL: SELECT * FROM `ec_goods_cats` WHERE ( catFlag=1 and parentId=357 )  [ RunTime:0.0002s ]
SQL: SHOW COLUMNS FROM `ec_article_cats` [ RunTime:0.0006s ]
SQL: SELECT * FROM `ec_article_cats` WHERE ( catFlag=1 and parentId=32 ) ORDER BY catSort asc,catId asc  [ RunTime:0.0003s ]
SQL: SHOW COLUMNS FROM `ec_ads` [ RunTime:0.0007s ]
SQL: SELECT * FROM `ec_ads` WHERE `adPositionId` = -1 ORDER BY adSort asc  [ RunTime:0.0004s ]
SQL: SHOW COLUMNS FROM `ec_goods` [ RunTime:0.0009s ]
SQL: SELECT * FROM `ec_goods` WHERE `goodsStatus` = 1 AND `goodsFlag` = 1 AND `isRecomm` = 1  [ RunTime:0.0005s ]
INFO: [ view_parse ] --START--
INFO: [ template_filter ] --START--
INFO: Run Behavior\ContentReplaceBehavior [ RunTime:0.000087s ]
INFO: [ template_filter ] --END-- [ RunTime:0.000146s ]
INFO: Run Behavior\ParseTemplateBehavior [ RunTime:0.018589s ]
INFO: [ view_parse ] --END-- [ RunTime:0.018630s ]
INFO: [ view_filter ] --START--
INFO: Run Behavior\WriteHtmlCacheBehavior [ RunTime:0.000122s ]
INFO: [ view_filter ] --END-- [ RunTime:0.000156s ]
INFO: [ app_end ] --START--
INFO: Run Behavior\ShowPageTraceBehavior [ RunTime:0.000383s ]
INFO: [ app_end ] --END-- [ RunTime:0.000422s ]

[ 2016-02-02T23:49:16+08:00 ] 159.8.94.69 /index.php
INFO: [ app_init ] --START--
INFO: Run Behavior\BuildLiteBehavior [ RunTime:0.000013s ]
INFO: [ app_init ] --END-- [ RunTime:0.000265s ]
INFO: [ app_begin ] --START--
INFO: Run Behavior\ReadHtmlCacheBehavior [ RunTime:0.000365s ]
INFO: [ app_begin ] --END-- [ RunTime:0.000404s ]
SQL: SHOW COLUMNS FROM `ec_channel` [ RunTime:0.0011s ]
SQL: SHOW COLUMNS FROM `ec_channel` [ RunTime:0.0008s ]
NOTIC: [8] Undefined index: modelType /userdata/www/syinix/App/Common/Model/BaseModel.class.php 第 206 行.
NOTIC: [8] Undefined index: field /userdata/www/syinix/App/Common/Model/BaseModel.class.php 第 224 行.
SQL: SELECT * FROM `ec_channel` WHERE `cid` = 0 LIMIT 1   [ RunTime:0.0003s ]
SQL: SHOW COLUMNS FROM `ec_goods_cats` [ RunTime:0.0007s ]
SQL: SHOW COLUMNS FROM `ec_ads` [ RunTime:0.0008s ]
SQL: SHOW COLUMNS FROM `ec_article_cats` [ RunTime:0.0007s ]
SQL: SHOW COLUMNS FROM `ec_goods` [ RunTime:0.0011s ]
SQL: SHOW COLUMNS FROM `ec_goods_cats` [ RunTime:0.0007s ]
SQL: SELECT * FROM `ec_goods_cats` WHERE ( catFlag=1 and parentId=0 )  [ RunTime:0.0004s ]
SQL: SELECT * FROM `ec_goods_cats` WHERE ( catFlag=1 and parentId=342 )  [ RunTime:0.0003s ]
SQL: SELECT * FROM `ec_goods_cats` WHERE ( catFlag=1 and parentId=343 )  [ RunTime:0.0002s ]
SQL: SELECT * FROM `ec_goods_cats` WHERE ( catFlag=1 and parentId=344 )  [ RunTime:0.0003s ]
SQL: SELECT * FROM `ec_goods_cats` WHERE ( catFlag=1 and parentId=345 )  [ RunTime:0.0003s ]
SQL: SELECT * FROM `ec_goods_cats` WHERE ( catFlag=1 and parentId=346 )  [ RunTime:0.0002s ]
SQL: SELECT * FROM `ec_goods_cats` WHERE ( catFlag=1 and parentId=347 )  [ RunTime:0.0002s ]
SQL: SELECT * FROM `ec_goods_cats` WHERE ( catFlag=1 and parentId=348 )  [ RunTime:0.0002s ]
SQL: SELECT * FROM `ec_goods_cats` WHERE ( catFlag=1 and parentId=357 )  [ RunTime:0.0002s ]
SQL: SHOW COLUMNS FROM `ec_article_cats` [ RunTime:0.0007s ]
SQL: SELECT * FROM `ec_article_cats` WHERE ( catFlag=1 and parentId=32 ) ORDER BY catSort asc,catId asc  [ RunTime:0.0003s ]
SQL: SHOW COLUMNS FROM `ec_ads` [ RunTime:0.0008s ]
SQL: SELECT * FROM `ec_ads` WHERE `adPositionId` = -1 ORDER BY adSort asc  [ RunTime:0.0004s ]
SQL: SHOW COLUMNS FROM `ec_goods` [ RunTime:0.0011s ]
SQL: SELECT * FROM `ec_goods` WHERE `goodsStatus` = 1 AND `goodsFlag` = 1 AND `isRecomm` = 1  [ RunTime:0.0005s ]
INFO: [ view_parse ] --START--
INFO: [ template_filter ] --START--
INFO: Run Behavior\ContentReplaceBehavior [ RunTime:0.000082s ]
INFO: [ template_filter ] --END-- [ RunTime:0.000125s ]
INFO: Run Behavior\ParseTemplateBehavior [ RunTime:0.018139s ]
INFO: [ view_parse ] --END-- [ RunTime:0.018180s ]
INFO: [ view_filter ] --START--
INFO: Run Behavior\WriteHtmlCacheBehavior [ RunTime:0.000120s ]
INFO: [ view_filter ] --END-- [ RunTime:0.000154s ]
INFO: [ app_end ] --START--
INFO: Run Behavior\ShowPageTraceBehavior [ RunTime:0.000375s ]
INFO: [ app_end ] --END-- [ RunTime:0.000414s ]

[ 2016-02-02T23:50:18+08:00 ] 159.8.94.69 /index.php
INFO: [ app_init ] --START--
INFO: Run Behavior\BuildLiteBehavior [ RunTime:0.000013s ]
INFO: [ app_init ] --END-- [ RunTime:0.000266s ]
INFO: [ app_begin ] --START--
INFO: Run Behavior\ReadHtmlCacheBehavior [ RunTime:0.000358s ]
INFO: [ app_begin ] --END-- [ RunTime:0.000398s ]
SQL: SHOW COLUMNS FROM `ec_channel` [ RunTime:0.0011s ]
SQL: SHOW COLUMNS FROM `ec_channel` [ RunTime:0.0008s ]
NOTIC: [8] Undefined index: modelType /userdata/www/syinix/App/Common/Model/BaseModel.class.php 第 206 行.
NOTIC: [8] Undefined index: field /userdata/www/syinix/App/Common/Model/BaseModel.class.php 第 224 行.
SQL: SELECT * FROM `ec_channel` WHERE `cid` = 0 LIMIT 1   [ RunTime:0.0003s ]
SQL: SHOW COLUMNS FROM `ec_goods_cats` [ RunTime:0.0007s ]
SQL: SHOW COLUMNS FROM `ec_ads` [ RunTime:0.0008s ]
SQL: SHOW COLUMNS FROM `ec_article_cats` [ RunTime:0.0007s ]
SQL: SHOW COLUMNS FROM `ec_goods` [ RunTime:0.0011s ]
SQL: SHOW COLUMNS FROM `ec_goods_cats` [ RunTime:0.0007s ]
SQL: SELECT * FROM `ec_goods_cats` WHERE ( catFlag=1 and parentId=0 )  [ RunTime:0.0004s ]
SQL: SELECT * FROM `ec_goods_cats` WHERE ( catFlag=1 and parentId=342 )  [ RunTime:0.0003s ]
SQL: SELECT * FROM `ec_goods_cats` WHERE ( catFlag=1 and parentId=343 )  [ RunTime:0.0002s ]
SQL: SELECT * FROM `ec_goods_cats` WHERE ( catFlag=1 and parentId=344 )  [ RunTime:0.0003s ]
SQL: SELECT * FROM `ec_goods_cats` WHERE ( catFlag=1 and parentId=345 )  [ RunTime:0.0002s ]
SQL: SELECT * FROM `ec_goods_cats` WHERE ( catFlag=1 and parentId=346 )  [ RunTime:0.0002s ]
SQL: SELECT * FROM `ec_goods_cats` WHERE ( catFlag=1 and parentId=347 )  [ RunTime:0.0002s ]
SQL: SELECT * FROM `ec_goods_cats` WHERE ( catFlag=1 and parentId=348 )  [ RunTime:0.0002s ]
SQL: SELECT * FROM `ec_goods_cats` WHERE ( catFlag=1 and parentId=357 )  [ RunTime:0.0002s ]
SQL: SHOW COLUMNS FROM `ec_article_cats` [ RunTime:0.0007s ]
SQL: SELECT * FROM `ec_article_cats` WHERE ( catFlag=1 and parentId=32 ) ORDER BY catSort asc,catId asc  [ RunTime:0.0003s ]
SQL: SHOW COLUMNS FROM `ec_ads` [ RunTime:0.0008s ]
SQL: SELECT * FROM `ec_ads` WHERE `adPositionId` = -1 ORDER BY adSort asc  [ RunTime:0.0004s ]
SQL: SHOW COLUMNS FROM `ec_goods` [ RunTime:0.0011s ]
SQL: SELECT * FROM `ec_goods` WHERE `goodsStatus` = 1 AND `goodsFlag` = 1 AND `isRecomm` = 1  [ RunTime:0.0005s ]
INFO: [ view_parse ] --START--
INFO: [ template_filter ] --START--
INFO: Run Behavior\ContentReplaceBehavior [ RunTime:0.000078s ]
INFO: [ template_filter ] --END-- [ RunTime:0.000119s ]
INFO: Run Behavior\ParseTemplateBehavior [ RunTime:0.019657s ]
INFO: [ view_parse ] --END-- [ RunTime:0.019706s ]
INFO: [ view_filter ] --START--
INFO: Run Behavior\WriteHtmlCacheBehavior [ RunTime:0.000119s ]
INFO: [ view_filter ] --END-- [ RunTime:0.000153s ]
INFO: [ app_end ] --START--
INFO: Run Behavior\ShowPageTraceBehavior [ RunTime:0.000373s ]
INFO: [ app_end ] --END-- [ RunTime:0.000416s ]

[ 2016-02-02T23:51:22+08:00 ] 159.8.94.69 /index.php
INFO: [ app_init ] --START--
INFO: Run Behavior\BuildLiteBehavior [ RunTime:0.000013s ]
INFO: [ app_init ] --END-- [ RunTime:0.000282s ]
INFO: [ app_begin ] --START--
INFO: Run Behavior\ReadHtmlCacheBehavior [ RunTime:0.000362s ]
INFO: [ app_begin ] --END-- [ RunTime:0.000401s ]
SQL: SHOW COLUMNS FROM `ec_channel` [ RunTime:0.0011s ]
SQL: SHOW COLUMNS FROM `ec_channel` [ RunTime:0.0008s ]
NOTIC: [8] Undefined index: modelType /userdata/www/syinix/App/Common/Model/BaseModel.class.php 第 206 行.
NOTIC: [8] Undefined index: field /userdata/www/syinix/App/Common/Model/BaseModel.class.php 第 224 行.
SQL: SELECT * FROM `ec_channel` WHERE `cid` = 0 LIMIT 1   [ RunTime:0.0003s ]
SQL: SHOW COLUMNS FROM `ec_goods_cats` [ RunTime:0.0007s ]
SQL: SHOW COLUMNS FROM `ec_ads` [ RunTime:0.0008s ]
SQL: SHOW COLUMNS FROM `ec_article_cats` [ RunTime:0.0007s ]
SQL: SHOW COLUMNS FROM `ec_goods` [ RunTime:0.0011s ]
SQL: SHOW COLUMNS FROM `ec_goods_cats` [ RunTime:0.0007s ]
SQL: SELECT * FROM `ec_goods_cats` WHERE ( catFlag=1 and parentId=0 )  [ RunTime:0.0004s ]
SQL: SELECT * FROM `ec_goods_cats` WHERE ( catFlag=1 and parentId=342 )  [ RunTime:0.0003s ]
SQL: SELECT * FROM `ec_goods_cats` WHERE ( catFlag=1 and parentId=343 )  [ RunTime:0.0002s ]
SQL: SELECT * FROM `ec_goods_cats` WHERE ( catFlag=1 and parentId=344 )  [ RunTime:0.0003s ]
SQL: SELECT * FROM `ec_goods_cats` WHERE ( catFlag=1 and parentId=345 )  [ RunTime:0.0002s ]
SQL: SELECT * FROM `ec_goods_cats` WHERE ( catFlag=1 and parentId=346 )  [ RunTime:0.0002s ]
SQL: SELECT * FROM `ec_goods_cats` WHERE ( catFlag=1 and parentId=347 )  [ RunTime:0.0002s ]
SQL: SELECT * FROM `ec_goods_cats` WHERE ( catFlag=1 and parentId=348 )  [ RunTime:0.0002s ]
SQL: SELECT * FROM `ec_goods_cats` WHERE ( catFlag=1 and parentId=357 )  [ RunTime:0.0002s ]
SQL: SHOW COLUMNS FROM `ec_article_cats` [ RunTime:0.0007s ]
SQL: SELECT * FROM `ec_article_cats` WHERE ( catFlag=1 and parentId=32 ) ORDER BY catSort asc,catId asc  [ RunTime:0.0003s ]
SQL: SHOW COLUMNS FROM `ec_ads` [ RunTime:0.0008s ]
SQL: SELECT * FROM `ec_ads` WHERE `adPositionId` = -1 ORDER BY adSort asc  [ RunTime:0.0004s ]
SQL: SHOW COLUMNS FROM `ec_goods` [ RunTime:0.0011s ]
SQL: SELECT * FROM `ec_goods` WHERE `goodsStatus` = 1 AND `goodsFlag` = 1 AND `isRecomm` = 1  [ RunTime:0.0005s ]
INFO: [ view_parse ] --START--
INFO: [ template_filter ] --START--
INFO: Run Behavior\ContentReplaceBehavior [ RunTime:0.000083s ]
INFO: [ template_filter ] --END-- [ RunTime:0.000125s ]
INFO: Run Behavior\ParseTemplateBehavior [ RunTime:0.019705s ]
INFO: [ view_parse ] --END-- [ RunTime:0.019752s ]
INFO: [ view_filter ] --START--
INFO: Run Behavior\WriteHtmlCacheBehavior [ RunTime:0.000120s ]
INFO: [ view_filter ] --END-- [ RunTime:0.000155s ]
INFO: [ app_end ] --START--
INFO: Run Behavior\ShowPageTraceBehavior [ RunTime:0.000364s ]
INFO: [ app_end ] --END-- [ RunTime:0.000406s ]

[ 2016-02-02T23:52:25+08:00 ] 159.8.94.69 /index.php
INFO: [ app_init ] --START--
INFO: Run Behavior\BuildLiteBehavior [ RunTime:0.000012s ]
INFO: [ app_init ] --END-- [ RunTime:0.000278s ]
INFO: [ app_begin ] --START--
INFO: Run Behavior\ReadHtmlCacheBehavior [ RunTime:0.000344s ]
INFO: [ app_begin ] --END-- [ RunTime:0.000383s ]
SQL: SHOW COLUMNS FROM `ec_channel` [ RunTime:0.0011s ]
SQL: SHOW COLUMNS FROM `ec_channel` [ RunTime:0.0008s ]
NOTIC: [8] Undefined index: modelType /userdata/www/syinix/App/Common/Model/BaseModel.class.php 第 206 行.
NOTIC: [8] Undefined index: field /userdata/www/syinix/App/Common/Model/BaseModel.class.php 第 224 行.
SQL: SELECT * FROM `ec_channel` WHERE `cid` = 0 LIMIT 1   [ RunTime:0.0003s ]
SQL: SHOW COLUMNS FROM `ec_goods_cats` [ RunTime:0.0007s ]
SQL: SHOW COLUMNS FROM `ec_ads` [ RunTime:0.0008s ]
SQL: SHOW COLUMNS FROM `ec_article_cats` [ RunTime:0.0007s ]
SQL: SHOW COLUMNS FROM `ec_goods` [ RunTime:0.0011s ]
SQL: SHOW COLUMNS FROM `ec_goods_cats` [ RunTime:0.0007s ]
SQL: SELECT * FROM `ec_goods_cats` WHERE ( catFlag=1 and parentId=0 )  [ RunTime:0.0004s ]
SQL: SELECT * FROM `ec_goods_cats` WHERE ( catFlag=1 and parentId=342 )  [ RunTime:0.0003s ]
SQL: SELECT * FROM `ec_goods_cats` WHERE ( catFlag=1 and parentId=343 )  [ RunTime:0.0002s ]
SQL: SELECT * FROM `ec_goods_cats` WHERE ( catFlag=1 and parentId=344 )  [ RunTime:0.0003s ]
SQL: SELECT * FROM `ec_goods_cats` WHERE ( catFlag=1 and parentId=345 )  [ RunTime:0.0002s ]
SQL: SELECT * FROM `ec_goods_cats` WHERE ( catFlag=1 and parentId=346 )  [ RunTime:0.0002s ]
SQL: SELECT * FROM `ec_goods_cats` WHERE ( catFlag=1 and parentId=347 )  [ RunTime:0.0002s ]
SQL: SELECT * FROM `ec_goods_cats` WHERE ( catFlag=1 and parentId=348 )  [ RunTime:0.0002s ]
SQL: SELECT * FROM `ec_goods_cats` WHERE ( catFlag=1 and parentId=357 )  [ RunTime:0.0002s ]
SQL: SHOW COLUMNS FROM `ec_article_cats` [ RunTime:0.0007s ]
SQL: SELECT * FROM `ec_article_cats` WHERE ( catFlag=1 and parentId=32 ) ORDER BY catSort asc,catId asc  [ RunTime:0.0003s ]
SQL: SHOW COLUMNS FROM `ec_ads` [ RunTime:0.0008s ]
SQL: SELECT * FROM `ec_ads` WHERE `adPositionId` = -1 ORDER BY adSort asc  [ RunTime:0.0004s ]
SQL: SHOW COLUMNS FROM `ec_goods` [ RunTime:0.0010s ]
SQL: SELECT * FROM `ec_goods` WHERE `goodsStatus` = 1 AND `goodsFlag` = 1 AND `isRecomm` = 1  [ RunTime:0.0005s ]
INFO: [ view_parse ] --START--
INFO: [ template_filter ] --START--
INFO: Run Behavior\ContentReplaceBehavior [ RunTime:0.000082s ]
INFO: [ template_filter ] --END-- [ RunTime:0.000134s ]
INFO: Run Behavior\ParseTemplateBehavior [ RunTime:0.019767s ]
INFO: [ view_parse ] --END-- [ RunTime:0.019821s ]
INFO: [ view_filter ] --START--
INFO: Run Behavior\WriteHtmlCacheBehavior [ RunTime:0.000120s ]
INFO: [ view_filter ] --END-- [ RunTime:0.000154s ]
INFO: [ app_end ] --START--
INFO: Run Behavior\ShowPageTraceBehavior [ RunTime:0.000373s ]
INFO: [ app_end ] --END-- [ RunTime:0.000412s ]

[ 2016-02-02T23:53:25+08:00 ] 159.8.94.69 /index.php
INFO: [ app_init ] --START--
INFO: Run Behavior\BuildLiteBehavior [ RunTime:0.000013s ]
INFO: [ app_init ] --END-- [ RunTime:0.000279s ]
INFO: [ app_begin ] --START--
INFO: Run Behavior\ReadHtmlCacheBehavior [ RunTime:0.000349s ]
INFO: [ app_begin ] --END-- [ RunTime:0.000389s ]
SQL: SHOW COLUMNS FROM `ec_channel` [ RunTime:0.0011s ]
SQL: SHOW COLUMNS FROM `ec_channel` [ RunTime:0.0008s ]
NOTIC: [8] Undefined index: modelType /userdata/www/syinix/App/Common/Model/BaseModel.class.php 第 206 行.
SQL: SHOW COLUMNS FROM `ec_goods_cats` [ RunTime:0.0007s ]
SQL: SHOW COLUMNS FROM `ec_ads` [ RunTime:0.0008s ]
SQL: SHOW COLUMNS FROM `ec_article_cats` [ RunTime:0.0007s ]
SQL: SHOW COLUMNS FROM `ec_goods` [ RunTime:0.0011s ]
SQL: SHOW COLUMNS FROM `ec_goods_cats` [ RunTime:0.0007s ]
SQL: SELECT * FROM `ec_goods_cats` WHERE ( catFlag=1 and parentId=0 )  [ RunTime:0.0004s ]
SQL: SELECT * FROM `ec_goods_cats` WHERE ( catFlag=1 and parentId=342 )  [ RunTime:0.0003s ]
SQL: SELECT * FROM `ec_goods_cats` WHERE ( catFlag=1 and parentId=343 )  [ RunTime:0.0002s ]
SQL: SELECT * FROM `ec_goods_cats` WHERE ( catFlag=1 and parentId=344 )  [ RunTime:0.0003s ]
SQL: SELECT * FROM `ec_goods_cats` WHERE ( catFlag=1 and parentId=345 )  [ RunTime:0.0002s ]
SQL: SELECT * FROM `ec_goods_cats` WHERE ( catFlag=1 and parentId=346 )  [ RunTime:0.0002s ]
SQL: SELECT * FROM `ec_goods_cats` WHERE ( catFlag=1 and parentId=347 )  [ RunTime:0.0002s ]
SQL: SELECT * FROM `ec_goods_cats` WHERE ( catFlag=1 and parentId=348 )  [ RunTime:0.0002s ]
SQL: SELECT * FROM `ec_goods_cats` WHERE ( catFlag=1 and parentId=357 )  [ RunTime:0.0002s ]
SQL: SHOW COLUMNS FROM `ec_article_cats` [ RunTime:0.0007s ]
SQL: SELECT * FROM `ec_article_cats` WHERE ( catFlag=1 and parentId=32 ) ORDER BY catSort asc,catId asc  [ RunTime:0.0003s ]
SQL: SHOW COLUMNS FROM `ec_ads` [ RunTime:0.0008s ]
SQL: SELECT * FROM `ec_ads` WHERE `adPositionId` = -1 ORDER BY adSort asc  [ RunTime:0.0004s ]
SQL: SHOW COLUMNS FROM `ec_goods` [ RunTime:0.0011s ]
SQL: SELECT * FROM `ec_goods` WHERE `goodsStatus` = 1 AND `goodsFlag` = 1 AND `isRecomm` = 1  [ RunTime:0.0005s ]
INFO: [ view_parse ] --START--
INFO: [ template_filter ] --START--
INFO: Run Behavior\ContentReplaceBehavior [ RunTime:0.000082s ]
INFO: [ template_filter ] --END-- [ RunTime:0.000123s ]
INFO: Run Behavior\ParseTemplateBehavior [ RunTime:0.018136s ]
INFO: [ view_parse ] --END-- [ RunTime:0.018177s ]
INFO: [ view_filter ] --START--
INFO: Run Behavior\WriteHtmlCacheBehavior [ RunTime:0.000118s ]
INFO: [ view_filter ] --END-- [ RunTime:0.000151s ]
INFO: [ app_end ] --START--
INFO: Run Behavior\ShowPageTraceBehavior [ RunTime:0.000374s ]
INFO: [ app_end ] --END-- [ RunTime:0.000413s ]

[ 2016-02-02T23:54:28+08:00 ] 159.8.94.69 /index.php
INFO: [ app_init ] --START--
INFO: Run Behavior\BuildLiteBehavior [ RunTime:0.000013s ]
INFO: [ app_init ] --END-- [ RunTime:0.000267s ]
INFO: [ app_begin ] --START--
INFO: Run Behavior\ReadHtmlCacheBehavior [ RunTime:0.000349s ]
INFO: [ app_begin ] --END-- [ RunTime:0.000388s ]
SQL: SHOW COLUMNS FROM `ec_channel` [ RunTime:0.0011s ]
SQL: SHOW COLUMNS FROM `ec_channel` [ RunTime:0.0008s ]
NOTIC: [8] Undefined index: modelType /userdata/www/syinix/App/Common/Model/BaseModel.class.php 第 206 行.
NOTIC: [8] Undefined index: field /userdata/www/syinix/App/Common/Model/BaseModel.class.php 第 224 行.
SQL: SELECT * FROM `ec_channel` WHERE `cid` = 0 LIMIT 1   [ RunTime:0.0003s ]
SQL: SHOW COLUMNS FROM `ec_goods_cats` [ RunTime:0.0007s ]
SQL: SHOW COLUMNS FROM `ec_ads` [ RunTime:0.0008s ]
SQL: SHOW COLUMNS FROM `ec_article_cats` [ RunTime:0.0007s ]
SQL: SHOW COLUMNS FROM `ec_goods` [ RunTime:0.0011s ]
SQL: SHOW COLUMNS FROM `ec_goods_cats` [ RunTime:0.0007s ]
SQL: SELECT * FROM `ec_goods_cats` WHERE ( catFlag=1 and parentId=0 )  [ RunTime:0.0004s ]
SQL: SELECT * FROM `ec_goods_cats` WHERE ( catFlag=1 and parentId=342 )  [ RunTime:0.0003s ]
SQL: SELECT * FROM `ec_goods_cats` WHERE ( catFlag=1 and parentId=343 )  [ RunTime:0.0002s ]
SQL: SELECT * FROM `ec_goods_cats` WHERE ( catFlag=1 and parentId=344 )  [ RunTime:0.0003s ]
SQL: SELECT * FROM `ec_goods_cats` WHERE ( catFlag=1 and parentId=345 )  [ RunTime:0.0002s ]
SQL: SELECT * FROM `ec_goods_cats` WHERE ( catFlag=1 and parentId=346 )  [ RunTime:0.0002s ]
SQL: SELECT * FROM `ec_goods_cats` WHERE ( catFlag=1 and parentId=347 )  [ RunTime:0.0002s ]
SQL: SELECT * FROM `ec_goods_cats` WHERE ( catFlag=1 and parentId=348 )  [ RunTime:0.0002s ]
SQL: SELECT * FROM `ec_goods_cats` WHERE ( catFlag=1 and parentId=357 )  [ RunTime:0.0002s ]
SQL: SHOW COLUMNS FROM `ec_article_cats` [ RunTime:0.0007s ]
SQL: SELECT * FROM `ec_article_cats` WHERE ( catFlag=1 and parentId=32 ) ORDER BY catSort asc,catId asc  [ RunTime:0.0003s ]
SQL: SHOW COLUMNS FROM `ec_ads` [ RunTime:0.0008s ]
SQL: SELECT * FROM `ec_ads` WHERE `adPositionId` = -1 ORDER BY adSort asc  [ RunTime:0.0004s ]
SQL: SHOW COLUMNS FROM `ec_goods` [ RunTime:0.0011s ]
SQL: SELECT * FROM `ec_goods` WHERE `goodsStatus` = 1 AND `goodsFlag` = 1 AND `isRecomm` = 1  [ RunTime:0.0005s ]
INFO: [ view_parse ] --START--
INFO: [ template_filter ] --START--
INFO: Run Behavior\ContentReplaceBehavior [ RunTime:0.000081s ]
INFO: [ template_filter ] --END-- [ RunTime:0.000124s ]
INFO: Run Behavior\ParseTemplateBehavior [ RunTime:0.018109s ]
INFO: [ view_parse ] --END-- [ RunTime:0.018150s ]
INFO: [ view_filter ] --START--
INFO: Run Behavior\WriteHtmlCacheBehavior [ RunTime:0.000120s ]
INFO: [ view_filter ] --END-- [ RunTime:0.000154s ]
INFO: [ app_end ] --START--
INFO: Run Behavior\ShowPageTraceBehavior [ RunTime:0.000363s ]
INFO: [ app_end ] --END-- [ RunTime:0.000400s ]

[ 2016-02-02T23:55:30+08:00 ] 159.8.94.69 /index.php
INFO: [ app_init ] --START--
INFO: Run Behavior\BuildLiteBehavior [ RunTime:0.000012s ]
INFO: [ app_init ] --END-- [ RunTime:0.000263s ]
INFO: [ app_begin ] --START--
INFO: Run Behavior\ReadHtmlCacheBehavior [ RunTime:0.000361s ]
INFO: [ app_begin ] --END-- [ RunTime:0.000400s ]
SQL: SHOW COLUMNS FROM `ec_channel` [ RunTime:0.0011s ]
SQL: SHOW COLUMNS FROM `ec_channel` [ RunTime:0.0008s ]
NOTIC: [8] Undefined index: modelType /userdata/www/syinix/App/Common/Model/BaseModel.class.php 第 206 行.
NOTIC: [8] Undefined index: field /userdata/www/syinix/App/Common/Model/BaseModel.class.php 第 224 行.
SQL: SELECT * FROM `ec_channel` WHERE `cid` = 0 LIMIT 1   [ RunTime:0.0003s ]
SQL: SHOW COLUMNS FROM `ec_goods_cats` [ RunTime:0.0007s ]
SQL: SHOW COLUMNS FROM `ec_ads` [ RunTime:0.0008s ]
SQL: SHOW COLUMNS FROM `ec_article_cats` [ RunTime:0.0007s ]
SQL: SHOW COLUMNS FROM `ec_goods` [ RunTime:0.0011s ]
SQL: SHOW COLUMNS FROM `ec_goods_cats` [ RunTime:0.0007s ]
SQL: SELECT * FROM `ec_goods_cats` WHERE ( catFlag=1 and parentId=0 )  [ RunTime:0.0004s ]
SQL: SELECT * FROM `ec_goods_cats` WHERE ( catFlag=1 and parentId=342 )  [ RunTime:0.0003s ]
SQL: SELECT * FROM `ec_goods_cats` WHERE ( catFlag=1 and parentId=343 )  [ RunTime:0.0002s ]
SQL: SELECT * FROM `ec_goods_cats` WHERE ( catFlag=1 and parentId=344 )  [ RunTime:0.0003s ]
SQL: SELECT * FROM `ec_goods_cats` WHERE ( catFlag=1 and parentId=345 )  [ RunTime:0.0002s ]
SQL: SELECT * FROM `ec_goods_cats` WHERE ( catFlag=1 and parentId=346 )  [ RunTime:0.0002s ]
SQL: SELECT * FROM `ec_goods_cats` WHERE ( catFlag=1 and parentId=347 )  [ RunTime:0.0002s ]
SQL: SELECT * FROM `ec_goods_cats` WHERE ( catFlag=1 and parentId=348 )  [ RunTime:0.0002s ]
SQL: SELECT * FROM `ec_goods_cats` WHERE ( catFlag=1 and parentId=357 )  [ RunTime:0.0002s ]
SQL: SHOW COLUMNS FROM `ec_article_cats` [ RunTime:0.0007s ]
SQL: SELECT * FROM `ec_article_cats` WHERE ( catFlag=1 and parentId=32 ) ORDER BY catSort asc,catId asc  [ RunTime:0.0003s ]
SQL: SHOW COLUMNS FROM `ec_ads` [ RunTime:0.0008s ]
SQL: SELECT * FROM `ec_ads` WHERE `adPositionId` = -1 ORDER BY adSort asc  [ RunTime:0.0004s ]
SQL: SHOW COLUMNS FROM `ec_goods` [ RunTime:0.0011s ]
SQL: SELECT * FROM `ec_goods` WHERE `goodsStatus` = 1 AND `goodsFlag` = 1 AND `isRecomm` = 1  [ RunTime:0.0005s ]
INFO: [ view_parse ] --START--
INFO: [ template_filter ] --START--
INFO: Run Behavior\ContentReplaceBehavior [ RunTime:0.000088s ]
INFO: [ template_filter ] --END-- [ RunTime:0.000130s ]
INFO: Run Behavior\ParseTemplateBehavior [ RunTime:0.018025s ]
INFO: [ view_parse ] --END-- [ RunTime:0.018065s ]
INFO: [ view_filter ] --START--
INFO: Run Behavior\WriteHtmlCacheBehavior [ RunTime:0.000117s ]
INFO: [ view_filter ] --END-- [ RunTime:0.000150s ]
INFO: [ app_end ] --START--
INFO: Run Behavior\ShowPageTraceBehavior [ RunTime:0.000354s ]
INFO: [ app_end ] --END-- [ RunTime:0.000405s ]

[ 2016-02-02T23:56:31+08:00 ] 159.8.94.69 /index.php
INFO: [ app_init ] --START--
INFO: Run Behavior\BuildLiteBehavior [ RunTime:0.000012s ]
INFO: [ app_init ] --END-- [ RunTime:0.000277s ]
INFO: [ app_begin ] --START--
INFO: Run Behavior\ReadHtmlCacheBehavior [ RunTime:0.000346s ]
INFO: [ app_begin ] --END-- [ RunTime:0.000385s ]
SQL: SHOW COLUMNS FROM `ec_channel` [ RunTime:0.0011s ]
SQL: SHOW COLUMNS FROM `ec_channel` [ RunTime:0.0008s ]
NOTIC: [8] Undefined index: modelType /userdata/www/syinix/App/Common/Model/BaseModel.class.php 第 206 行.
NOTIC: [8] Undefined index: field /userdata/www/syinix/App/Common/Model/BaseModel.class.php 第 224 行.
SQL: SELECT * FROM `ec_channel` WHERE `cid` = 0 LIMIT 1   [ RunTime:0.0003s ]
SQL: SHOW COLUMNS FROM `ec_goods_cats` [ RunTime:0.0007s ]
SQL: SHOW COLUMNS FROM `ec_ads` [ RunTime:0.0008s ]
SQL: SHOW COLUMNS FROM `ec_article_cats` [ RunTime:0.0007s ]
SQL: SHOW COLUMNS FROM `ec_goods` [ RunTime:0.0011s ]
SQL: SHOW COLUMNS FROM `ec_goods_cats` [ RunTime:0.0007s ]
SQL: SELECT * FROM `ec_goods_cats` WHERE ( catFlag=1 and parentId=0 )  [ RunTime:0.0004s ]
SQL: SELECT * FROM `ec_goods_cats` WHERE ( catFlag=1 and parentId=342 )  [ RunTime:0.0003s ]
SQL: SELECT * FROM `ec_goods_cats` WHERE ( catFlag=1 and parentId=343 )  [ RunTime:0.0003s ]
SQL: SELECT * FROM `ec_goods_cats` WHERE ( catFlag=1 and parentId=344 )  [ RunTime:0.0003s ]
SQL: SELECT * FROM `ec_goods_cats` WHERE ( catFlag=1 and parentId=345 )  [ RunTime:0.0002s ]
SQL: SELECT * FROM `ec_goods_cats` WHERE ( catFlag=1 and parentId=346 )  [ RunTime:0.0002s ]
SQL: SELECT * FROM `ec_goods_cats` WHERE ( catFlag=1 and parentId=347 )  [ RunTime:0.0002s ]
SQL: SELECT * FROM `ec_goods_cats` WHERE ( catFlag=1 and parentId=348 )  [ RunTime:0.0002s ]
SQL: SELECT * FROM `ec_goods_cats` WHERE ( catFlag=1 and parentId=357 )  [ RunTime:0.0002s ]
SQL: SHOW COLUMNS FROM `ec_article_cats` [ RunTime:0.0007s ]
SQL: SELECT * FROM `ec_article_cats` WHERE ( catFlag=1 and parentId=32 ) ORDER BY catSort asc,catId asc  [ RunTime:0.0003s ]
SQL: SHOW COLUMNS FROM `ec_ads` [ RunTime:0.0008s ]
SQL: SELECT * FROM `ec_ads` WHERE `adPositionId` = -1 ORDER BY adSort asc  [ RunTime:0.0004s ]
SQL: SHOW COLUMNS FROM `ec_goods` [ RunTime:0.0010s ]
SQL: SELECT * FROM `ec_goods` WHERE `goodsStatus` = 1 AND `goodsFlag` = 1 AND `isRecomm` = 1  [ RunTime:0.0006s ]
INFO: [ view_parse ] --START--
INFO: [ template_filter ] --START--
INFO: Run Behavior\ContentReplaceBehavior [ RunTime:0.000078s ]
INFO: [ template_filter ] --END-- [ RunTime:0.000128s ]
INFO: Run Behavior\ParseTemplateBehavior [ RunTime:0.019604s ]
INFO: [ view_parse ] --END-- [ RunTime:0.019652s ]
INFO: [ view_filter ] --START--
INFO: Run Behavior\WriteHtmlCacheBehavior [ RunTime:0.000119s ]
INFO: [ view_filter ] --END-- [ RunTime:0.000152s ]
INFO: [ app_end ] --START--
INFO: Run Behavior\ShowPageTraceBehavior [ RunTime:0.000363s ]
INFO: [ app_end ] --END-- [ RunTime:0.000409s ]

[ 2016-02-02T23:57:34+08:00 ] 159.8.94.69 /index.php
INFO: [ app_init ] --START--
INFO: Run Behavior\BuildLiteBehavior [ RunTime:0.000013s ]
INFO: [ app_init ] --END-- [ RunTime:0.000262s ]
INFO: [ app_begin ] --START--
INFO: Run Behavior\ReadHtmlCacheBehavior [ RunTime:0.000346s ]
INFO: [ app_begin ] --END-- [ RunTime:0.000396s ]
SQL: SHOW COLUMNS FROM `ec_channel` [ RunTime:0.0011s ]
SQL: SHOW COLUMNS FROM `ec_channel` [ RunTime:0.0008s ]
NOTIC: [8] Undefined index: modelType /userdata/www/syinix/App/Common/Model/BaseModel.class.php 第 206 行.
NOTIC: [8] Undefined index: field /userdata/www/syinix/App/Common/Model/BaseModel.class.php 第 224 行.
SQL: SELECT * FROM `ec_channel` WHERE `cid` = 0 LIMIT 1   [ RunTime:0.0003s ]
SQL: SHOW COLUMNS FROM `ec_goods_cats` [ RunTime:0.0007s ]
SQL: SHOW COLUMNS FROM `ec_ads` [ RunTime:0.0008s ]
SQL: SHOW COLUMNS FROM `ec_article_cats` [ RunTime:0.0007s ]
SQL: SHOW COLUMNS FROM `ec_goods` [ RunTime:0.0011s ]
SQL: SHOW COLUMNS FROM `ec_goods_cats` [ RunTime:0.0007s ]
SQL: SELECT * FROM `ec_goods_cats` WHERE ( catFlag=1 and parentId=0 )  [ RunTime:0.0004s ]
SQL: SELECT * FROM `ec_goods_cats` WHERE ( catFlag=1 and parentId=342 )  [ RunTime:0.0003s ]
SQL: SELECT * FROM `ec_goods_cats` WHERE ( catFlag=1 and parentId=343 )  [ RunTime:0.0003s ]
SQL: SELECT * FROM `ec_goods_cats` WHERE ( catFlag=1 and parentId=344 )  [ RunTime:0.0003s ]
SQL: SELECT * FROM `ec_goods_cats` WHERE ( catFlag=1 and parentId=345 )  [ RunTime:0.0002s ]
SQL: SELECT * FROM `ec_goods_cats` WHERE ( catFlag=1 and parentId=346 )  [ RunTime:0.0003s ]
SQL: SELECT * FROM `ec_goods_cats` WHERE ( catFlag=1 and parentId=347 )  [ RunTime:0.0002s ]
SQL: SELECT * FROM `ec_goods_cats` WHERE ( catFlag=1 and parentId=348 )  [ RunTime:0.0002s ]
SQL: SELECT * FROM `ec_goods_cats` WHERE ( catFlag=1 and parentId=357 )  [ RunTime:0.0002s ]
SQL: SHOW COLUMNS FROM `ec_article_cats` [ RunTime:0.0007s ]
SQL: SELECT * FROM `ec_article_cats` WHERE ( catFlag=1 and parentId=32 ) ORDER BY catSort asc,catId asc  [ RunTime:0.0003s ]
SQL: SHOW COLUMNS FROM `ec_ads` [ RunTime:0.0008s ]
SQL: SELECT * FROM `ec_ads` WHERE `adPositionId` = -1 ORDER BY adSort asc  [ RunTime:0.0004s ]
SQL: SHOW COLUMNS FROM `ec_goods` [ RunTime:0.0010s ]
SQL: SELECT * FROM `ec_goods` WHERE `goodsStatus` = 1 AND `goodsFlag` = 1 AND `isRecomm` = 1  [ RunTime:0.0005s ]
INFO: [ view_parse ] --START--
INFO: [ template_filter ] --START--
INFO: Run Behavior\ContentReplaceBehavior [ RunTime:0.000081s ]
INFO: [ template_filter ] --END-- [ RunTime:0.000122s ]
INFO: Run Behavior\ParseTemplateBehavior [ RunTime:0.018029s ]
INFO: [ view_parse ] --END-- [ RunTime:0.018068s ]
INFO: [ view_filter ] --START--
INFO: Run Behavior\WriteHtmlCacheBehavior [ RunTime:0.000118s ]
INFO: [ view_filter ] --END-- [ RunTime:0.000151s ]
INFO: [ app_end ] --START--
INFO: Run Behavior\ShowPageTraceBehavior [ RunTime:0.000350s ]
INFO: [ app_end ] --END-- [ RunTime:0.000387s ]

[ 2016-02-02T23:58:36+08:00 ] 159.8.94.69 /index.php
INFO: [ app_init ] --START--
INFO: Run Behavior\BuildLiteBehavior [ RunTime:0.000012s ]
INFO: [ app_init ] --END-- [ RunTime:0.000272s ]
INFO: [ app_begin ] --START--
INFO: Run Behavior\ReadHtmlCacheBehavior [ RunTime:0.000346s ]
INFO: [ app_begin ] --END-- [ RunTime:0.000385s ]
SQL: SHOW COLUMNS FROM `ec_channel` [ RunTime:0.0011s ]
SQL: SHOW COLUMNS FROM `ec_channel` [ RunTime:0.0008s ]
NOTIC: [8] Undefined index: modelType /userdata/www/syinix/App/Common/Model/BaseModel.class.php 第 206 行.
NOTIC: [8] Undefined index: field /userdata/www/syinix/App/Common/Model/BaseModel.class.php 第 224 行.
SQL: SELECT * FROM `ec_channel` WHERE `cid` = 0 LIMIT 1   [ RunTime:0.0003s ]
SQL: SHOW COLUMNS FROM `ec_goods_cats` [ RunTime:0.0007s ]
SQL: SHOW COLUMNS FROM `ec_ads` [ RunTime:0.0008s ]
SQL: SHOW COLUMNS FROM `ec_article_cats` [ RunTime:0.0007s ]
SQL: SHOW COLUMNS FROM `ec_goods` [ RunTime:0.0011s ]
SQL: SHOW COLUMNS FROM `ec_goods_cats` [ RunTime:0.0007s ]
SQL: SELECT * FROM `ec_goods_cats` WHERE ( catFlag=1 and parentId=0 )  [ RunTime:0.0004s ]
SQL: SELECT * FROM `ec_goods_cats` WHERE ( catFlag=1 and parentId=342 )  [ RunTime:0.0003s ]
SQL: SELECT * FROM `ec_goods_cats` WHERE ( catFlag=1 and parentId=343 )  [ RunTime:0.0002s ]
SQL: SELECT * FROM `ec_goods_cats` WHERE ( catFlag=1 and parentId=344 )  [ RunTime:0.0003s ]
SQL: SELECT * FROM `ec_goods_cats` WHERE ( catFlag=1 and parentId=345 )  [ RunTime:0.0002s ]
SQL: SELECT * FROM `ec_goods_cats` WHERE ( catFlag=1 and parentId=346 )  [ RunTime:0.0002s ]
SQL: SELECT * FROM `ec_goods_cats` WHERE ( catFlag=1 and parentId=347 )  [ RunTime:0.0002s ]
SQL: SELECT * FROM `ec_goods_cats` WHERE ( catFlag=1 and parentId=348 )  [ RunTime:0.0002s ]
SQL: SELECT * FROM `ec_goods_cats` WHERE ( catFlag=1 and parentId=357 )  [ RunTime:0.0002s ]
SQL: SHOW COLUMNS FROM `ec_article_cats` [ RunTime:0.0007s ]
SQL: SELECT * FROM `ec_article_cats` WHERE ( catFlag=1 and parentId=32 ) ORDER BY catSort asc,catId asc  [ RunTime:0.0003s ]
SQL: SHOW COLUMNS FROM `ec_ads` [ RunTime:0.0008s ]
SQL: SELECT * FROM `ec_ads` WHERE `adPositionId` = -1 ORDER BY adSort asc  [ RunTime:0.0004s ]
SQL: SHOW COLUMNS FROM `ec_goods` [ RunTime:0.0011s ]
SQL: SELECT * FROM `ec_goods` WHERE `goodsStatus` = 1 AND `goodsFlag` = 1 AND `isRecomm` = 1  [ RunTime:0.0005s ]
INFO: [ view_parse ] --START--
INFO: [ template_filter ] --START--
INFO: Run Behavior\ContentReplaceBehavior [ RunTime:0.000089s ]
INFO: [ template_filter ] --END-- [ RunTime:0.000131s ]
INFO: Run Behavior\ParseTemplateBehavior [ RunTime:0.018036s ]
INFO: [ view_parse ] --END-- [ RunTime:0.018077s ]
INFO: [ view_filter ] --START--
INFO: Run Behavior\WriteHtmlCacheBehavior [ RunTime:0.000118s ]
INFO: [ view_filter ] --END-- [ RunTime:0.000153s ]
INFO: [ app_end ] --START--
INFO: Run Behavior\ShowPageTraceBehavior [ RunTime:0.000363s ]
INFO: [ app_end ] --END-- [ RunTime:0.000401s ]

[ 2016-02-02T23:59:40+08:00 ] 159.8.94.69 /index.php
INFO: [ app_init ] --START--
INFO: Run Behavior\BuildLiteBehavior [ RunTime:0.000013s ]
INFO: [ app_init ] --END-- [ RunTime:0.000267s ]
INFO: [ app_begin ] --START--
INFO: Run Behavior\ReadHtmlCacheBehavior [ RunTime:0.000361s ]
INFO: [ app_begin ] --END-- [ RunTime:0.000401s ]
SQL: SHOW COLUMNS FROM `ec_channel` [ RunTime:0.0011s ]
SQL: SHOW COLUMNS FROM `ec_channel` [ RunTime:0.0008s ]
NOTIC: [8] Undefined index: modelType /userdata/www/syinix/App/Common/Model/BaseModel.class.php 第 206 行.
NOTIC: [8] Undefined index: field /userdata/www/syinix/App/Common/Model/BaseModel.class.php 第 224 行.
SQL: SELECT * FROM `ec_channel` WHERE `cid` = 0 LIMIT 1   [ RunTime:0.0003s ]
SQL: SHOW COLUMNS FROM `ec_goods_cats` [ RunTime:0.0007s ]
SQL: SHOW COLUMNS FROM `ec_ads` [ RunTime:0.0008s ]
SQL: SHOW COLUMNS FROM `ec_article_cats` [ RunTime:0.0007s ]
SQL: SHOW COLUMNS FROM `ec_goods` [ RunTime:0.0011s ]
SQL: SHOW COLUMNS FROM `ec_goods_cats` [ RunTime:0.0007s ]
SQL: SELECT * FROM `ec_goods_cats` WHERE ( catFlag=1 and parentId=0 )  [ RunTime:0.0004s ]
SQL: SELECT * FROM `ec_goods_cats` WHERE ( catFlag=1 and parentId=342 )  [ RunTime:0.0003s ]
SQL: SELECT * FROM `ec_goods_cats` WHERE ( catFlag=1 and parentId=343 )  [ RunTime:0.0002s ]
SQL: SELECT * FROM `ec_goods_cats` WHERE ( catFlag=1 and parentId=344 )  [ RunTime:0.0003s ]
SQL: SELECT * FROM `ec_goods_cats` WHERE ( catFlag=1 and parentId=345 )  [ RunTime:0.0002s ]
SQL: SELECT * FROM `ec_goods_cats` WHERE ( catFlag=1 and parentId=346 )  [ RunTime:0.0002s ]
SQL: SELECT * FROM `ec_goods_cats` WHERE ( catFlag=1 and parentId=347 )  [ RunTime:0.0002s ]
SQL: SELECT * FROM `ec_goods_cats` WHERE ( catFlag=1 and parentId=348 )  [ RunTime:0.0002s ]
SQL: SELECT * FROM `ec_goods_cats` WHERE ( catFlag=1 and parentId=357 )  [ RunTime:0.0002s ]
SQL: SHOW COLUMNS FROM `ec_article_cats` [ RunTime:0.0007s ]
SQL: SELECT * FROM `ec_article_cats` WHERE ( catFlag=1 and parentId=32 ) ORDER BY catSort asc,catId asc  [ RunTime:0.0003s ]
SQL: SHOW COLUMNS FROM `ec_ads` [ RunTime:0.0008s ]
SQL: SELECT * FROM `ec_ads` WHERE `adPositionId` = -1 ORDER BY adSort asc  [ RunTime:0.0004s ]
SQL: SHOW COLUMNS FROM `ec_goods` [ RunTime:0.0011s ]
SQL: SELECT * FROM `ec_goods` WHERE `goodsStatus` = 1 AND `goodsFlag` = 1 AND `isRecomm` = 1  [ RunTime:0.0005s ]
INFO: [ view_parse ] --START--
INFO: [ template_filter ] --START--
INFO: Run Behavior\ContentReplaceBehavior [ RunTime:0.000081s ]
INFO: [ template_filter ] --END-- [ RunTime:0.000122s ]
INFO: Run Behavior\ParseTemplateBehavior [ RunTime:0.018044s ]
INFO: [ view_parse ] --END-- [ RunTime:0.018084s ]
INFO: [ view_filter ] --START--
INFO: Run Behavior\WriteHtmlCacheBehavior [ RunTime:0.000116s ]
INFO: [ view_filter ] --END-- [ RunTime:0.000150s ]
INFO: [ app_end ] --START--
INFO: Run Behavior\ShowPageTraceBehavior [ RunTime:0.000362s ]
INFO: [ app_end ] --END-- [ RunTime:0.000418s ]

