[ 2016-02-19T23:29:20+08:00 ] 159.8.94.69 /index.php
INFO: [ app_init ] --START--
INFO: Run Behavior\BuildLiteBehavior [ RunTime:0.000012s ]
INFO: [ app_init ] --END-- [ RunTime:0.000267s ]
INFO: [ app_begin ] --START--
INFO: Run Behavior\ReadHtmlCacheBehavior [ RunTime:0.000340s ]
INFO: [ app_begin ] --END-- [ RunTime:0.000379s ]
SQL: SHOW COLUMNS FROM `ec_channel` [ RunTime:0.0011s ]
SQL: SHOW COLUMNS FROM `ec_channel` [ RunTime:0.0008s ]
NOTIC: [8] Undefined index: modelType /userdata/www/syinix/App/Common/Model/BaseModel.class.php 第 206 行.
NOTIC: [8] Undefined index: field /userdata/www/syinix/App/Common/Model/BaseModel.class.php 第 224 行.
SQL: SELECT * FROM `ec_channel` WHERE `cid` = 0 LIMIT 1   [ RunTime:0.0003s ]
SQL: SHOW COLUMNS FROM `ec_goods_cats` [ RunTime:0.0007s ]
SQL: SHOW COLUMNS FROM `ec_ads` [ RunTime:0.0008s ]
SQL: SHOW COLUMNS FROM `ec_article_cats` [ RunTime:0.0007s ]
SQL: SHOW COLUMNS FROM `ec_goods` [ RunTime:0.0011s ]
SQL: SHOW COLUMNS FROM `ec_goods_cats` [ RunTime:0.0007s ]
SQL: SELECT * FROM `ec_goods_cats` WHERE ( catFlag=1 and parentId=0 )  [ RunTime:0.0004s ]
SQL: SELECT * FROM `ec_goods_cats` WHERE ( catFlag=1 and parentId=342 )  [ RunTime:0.0003s ]
SQL: SELECT * FROM `ec_goods_cats` WHERE ( catFlag=1 and parentId=343 )  [ RunTime:0.0003s ]
SQL: SELECT * FROM `ec_goods_cats` WHERE ( catFlag=1 and parentId=344 )  [ RunTime:0.0003s ]
SQL: SELECT * FROM `ec_goods_cats` WHERE ( catFlag=1 and parentId=345 )  [ RunTime:0.0002s ]
SQL: SELECT * FROM `ec_goods_cats` WHERE ( catFlag=1 and parentId=346 )  [ RunTime:0.0002s ]
SQL: SELECT * FROM `ec_goods_cats` WHERE ( catFlag=1 and parentId=347 )  [ RunTime:0.0002s ]
SQL: SELECT * FROM `ec_goods_cats` WHERE ( catFlag=1 and parentId=348 )  [ RunTime:0.0002s ]
SQL: SELECT * FROM `ec_goods_cats` WHERE ( catFlag=1 and parentId=357 )  [ RunTime:0.0002s ]
SQL: SHOW COLUMNS FROM `ec_article_cats` [ RunTime:0.0007s ]
SQL: SELECT * FROM `ec_article_cats` WHERE ( catFlag=1 and parentId=32 ) ORDER BY catSort asc,catId asc  [ RunTime:0.0003s ]
SQL: SHOW COLUMNS FROM `ec_ads` [ RunTime:0.0008s ]
SQL: SELECT * FROM `ec_ads` WHERE `adPositionId` = -1 ORDER BY adSort asc  [ RunTime:0.0004s ]
SQL: SHOW COLUMNS FROM `ec_goods` [ RunTime:0.0010s ]
SQL: SELECT * FROM `ec_goods` WHERE `goodsStatus` = 1 AND `goodsFlag` = 1 AND `isRecomm` = 1  [ RunTime:0.0005s ]
INFO: [ view_parse ] --START--
INFO: [ template_filter ] --START--
INFO: Run Behavior\ContentReplaceBehavior [ RunTime:0.000078s ]
INFO: [ template_filter ] --END-- [ RunTime:0.000119s ]
INFO: Run Behavior\ParseTemplateBehavior [ RunTime:0.018029s ]
INFO: [ view_parse ] --END-- [ RunTime:0.018070s ]
INFO: [ view_filter ] --START--
INFO: Run Behavior\WriteHtmlCacheBehavior [ RunTime:0.000119s ]
INFO: [ view_filter ] --END-- [ RunTime:0.000153s ]
INFO: [ app_end ] --START--
INFO: Run Behavior\ShowPageTraceBehavior [ RunTime:0.000375s ]
INFO: [ app_end ] --END-- [ RunTime:0.000415s ]

[ 2016-02-19T23:30:21+08:00 ] 159.8.94.69 /index.php
INFO: [ app_init ] --START--
INFO: Run Behavior\BuildLiteBehavior [ RunTime:0.000013s ]
INFO: [ app_init ] --END-- [ RunTime:0.000280s ]
INFO: [ app_begin ] --START--
INFO: Run Behavior\ReadHtmlCacheBehavior [ RunTime:0.000350s ]
INFO: [ app_begin ] --END-- [ RunTime:0.000388s ]
SQL: SHOW COLUMNS FROM `ec_channel` [ RunTime:0.0010s ]
SQL: SHOW COLUMNS FROM `ec_channel` [ RunTime:0.0008s ]
NOTIC: [8] Undefined index: modelType /userdata/www/syinix/App/Common/Model/BaseModel.class.php 第 206 行.
NOTIC: [8] Undefined index: field /userdata/www/syinix/App/Common/Model/BaseModel.class.php 第 224 行.
SQL: SELECT * FROM `ec_channel` WHERE `cid` = 0 LIMIT 1   [ RunTime:0.0003s ]
SQL: SHOW COLUMNS FROM `ec_goods_cats` [ RunTime:0.0007s ]
SQL: SHOW COLUMNS FROM `ec_ads` [ RunTime:0.0008s ]
SQL: SHOW COLUMNS FROM `ec_article_cats` [ RunTime:0.0007s ]
SQL: SHOW COLUMNS FROM `ec_goods` [ RunTime:0.0011s ]
SQL: SHOW COLUMNS FROM `ec_goods_cats` [ RunTime:0.0007s ]
SQL: SELECT * FROM `ec_goods_cats` WHERE ( catFlag=1 and parentId=0 )  [ RunTime:0.0004s ]
SQL: SELECT * FROM `ec_goods_cats` WHERE ( catFlag=1 and parentId=342 )  [ RunTime:0.0003s ]
SQL: SELECT * FROM `ec_goods_cats` WHERE ( catFlag=1 and parentId=343 )  [ RunTime:0.0003s ]
SQL: SELECT * FROM `ec_goods_cats` WHERE ( catFlag=1 and parentId=344 )  [ RunTime:0.0003s ]
SQL: SELECT * FROM `ec_goods_cats` WHERE ( catFlag=1 and parentId=345 )  [ RunTime:0.0002s ]
SQL: SELECT * FROM `ec_goods_cats` WHERE ( catFlag=1 and parentId=346 )  [ RunTime:0.0003s ]
SQL: SELECT * FROM `ec_goods_cats` WHERE ( catFlag=1 and parentId=347 )  [ RunTime:0.0002s ]
SQL: SELECT * FROM `ec_goods_cats` WHERE ( catFlag=1 and parentId=348 )  [ RunTime:0.0002s ]
SQL: SELECT * FROM `ec_goods_cats` WHERE ( catFlag=1 and parentId=357 )  [ RunTime:0.0002s ]
SQL: SHOW COLUMNS FROM `ec_article_cats` [ RunTime:0.0007s ]
SQL: SELECT * FROM `ec_article_cats` WHERE ( catFlag=1 and parentId=32 ) ORDER BY catSort asc,catId asc  [ RunTime:0.0003s ]
SQL: SHOW COLUMNS FROM `ec_ads` [ RunTime:0.0008s ]
SQL: SELECT * FROM `ec_ads` WHERE `adPositionId` = -1 ORDER BY adSort asc  [ RunTime:0.0004s ]
SQL: SHOW COLUMNS FROM `ec_goods` [ RunTime:0.0010s ]
SQL: SELECT * FROM `ec_goods` WHERE `goodsStatus` = 1 AND `goodsFlag` = 1 AND `isRecomm` = 1  [ RunTime:0.0005s ]
INFO: [ view_parse ] --START--
INFO: [ template_filter ] --START--
INFO: Run Behavior\ContentReplaceBehavior [ RunTime:0.000081s ]
INFO: [ template_filter ] --END-- [ RunTime:0.000123s ]
INFO: Run Behavior\ParseTemplateBehavior [ RunTime:0.018129s ]
INFO: [ view_parse ] --END-- [ RunTime:0.018171s ]
INFO: [ view_filter ] --START--
INFO: Run Behavior\WriteHtmlCacheBehavior [ RunTime:0.000122s ]
INFO: [ view_filter ] --END-- [ RunTime:0.000155s ]
INFO: [ app_end ] --START--
INFO: Run Behavior\ShowPageTraceBehavior [ RunTime:0.000363s ]
INFO: [ app_end ] --END-- [ RunTime:0.000400s ]

[ 2016-02-19T23:31:23+08:00 ] 159.8.94.69 /index.php
INFO: [ app_init ] --START--
INFO: Run Behavior\BuildLiteBehavior [ RunTime:0.000013s ]
INFO: [ app_init ] --END-- [ RunTime:0.000276s ]
INFO: [ app_begin ] --START--
INFO: Run Behavior\ReadHtmlCacheBehavior [ RunTime:0.000379s ]
INFO: [ app_begin ] --END-- [ RunTime:0.000419s ]
SQL: SHOW COLUMNS FROM `ec_channel` [ RunTime:0.0011s ]
SQL: SHOW COLUMNS FROM `ec_channel` [ RunTime:0.0008s ]
NOTIC: [8] Undefined index: modelType /userdata/www/syinix/App/Common/Model/BaseModel.class.php 第 206 行.
NOTIC: [8] Undefined index: field /userdata/www/syinix/App/Common/Model/BaseModel.class.php 第 224 行.
SQL: SELECT * FROM `ec_channel` WHERE `cid` = 0 LIMIT 1   [ RunTime:0.0003s ]
SQL: SHOW COLUMNS FROM `ec_goods_cats` [ RunTime:0.0007s ]
SQL: SHOW COLUMNS FROM `ec_ads` [ RunTime:0.0008s ]
SQL: SHOW COLUMNS FROM `ec_article_cats` [ RunTime:0.0007s ]
SQL: SHOW COLUMNS FROM `ec_goods` [ RunTime:0.0011s ]
SQL: SHOW COLUMNS FROM `ec_goods_cats` [ RunTime:0.0007s ]
SQL: SELECT * FROM `ec_goods_cats` WHERE ( catFlag=1 and parentId=0 )  [ RunTime:0.0004s ]
SQL: SELECT * FROM `ec_goods_cats` WHERE ( catFlag=1 and parentId=342 )  [ RunTime:0.0003s ]
SQL: SELECT * FROM `ec_goods_cats` WHERE ( catFlag=1 and parentId=343 )  [ RunTime:0.0002s ]
SQL: SELECT * FROM `ec_goods_cats` WHERE ( catFlag=1 and parentId=344 )  [ RunTime:0.0003s ]
SQL: SELECT * FROM `ec_goods_cats` WHERE ( catFlag=1 and parentId=345 )  [ RunTime:0.0003s ]
SQL: SELECT * FROM `ec_goods_cats` WHERE ( catFlag=1 and parentId=346 )  [ RunTime:0.0002s ]
SQL: SELECT * FROM `ec_goods_cats` WHERE ( catFlag=1 and parentId=347 )  [ RunTime:0.0002s ]
SQL: SELECT * FROM `ec_goods_cats` WHERE ( catFlag=1 and parentId=348 )  [ RunTime:0.0002s ]
SQL: SELECT * FROM `ec_goods_cats` WHERE ( catFlag=1 and parentId=357 )  [ RunTime:0.0002s ]
SQL: SHOW COLUMNS FROM `ec_article_cats` [ RunTime:0.0007s ]
SQL: SELECT * FROM `ec_article_cats` WHERE ( catFlag=1 and parentId=32 ) ORDER BY catSort asc,catId asc  [ RunTime:0.0003s ]
SQL: SHOW COLUMNS FROM `ec_ads` [ RunTime:0.0008s ]
SQL: SELECT * FROM `ec_ads` WHERE `adPositionId` = -1 ORDER BY adSort asc  [ RunTime:0.0004s ]
SQL: SHOW COLUMNS FROM `ec_goods` [ RunTime:0.0011s ]
SQL: SELECT * FROM `ec_goods` WHERE `goodsStatus` = 1 AND `goodsFlag` = 1 AND `isRecomm` = 1  [ RunTime:0.0005s ]
INFO: [ view_parse ] --START--
INFO: [ template_filter ] --START--
INFO: Run Behavior\ContentReplaceBehavior [ RunTime:0.000114s ]
INFO: [ template_filter ] --END-- [ RunTime:0.000198s ]
INFO: Run Behavior\ParseTemplateBehavior [ RunTime:0.020009s ]
INFO: [ view_parse ] --END-- [ RunTime:0.020049s ]
INFO: [ view_filter ] --START--
INFO: Run Behavior\WriteHtmlCacheBehavior [ RunTime:0.000123s ]
INFO: [ view_filter ] --END-- [ RunTime:0.000156s ]
INFO: [ app_end ] --START--
INFO: Run Behavior\ShowPageTraceBehavior [ RunTime:0.000384s ]
INFO: [ app_end ] --END-- [ RunTime:0.000437s ]

[ 2016-02-19T23:32:30+08:00 ] 159.8.94.69 /index.php
INFO: [ app_init ] --START--
INFO: Run Behavior\BuildLiteBehavior [ RunTime:0.000012s ]
INFO: [ app_init ] --END-- [ RunTime:0.000300s ]
INFO: [ app_begin ] --START--
INFO: Run Behavior\ReadHtmlCacheBehavior [ RunTime:0.000545s ]
INFO: [ app_begin ] --END-- [ RunTime:0.000603s ]
SQL: SHOW COLUMNS FROM `ec_channel` [ RunTime:0.0011s ]
SQL: SHOW COLUMNS FROM `ec_channel` [ RunTime:0.0008s ]
NOTIC: [8] Undefined index: modelType /userdata/www/syinix/App/Common/Model/BaseModel.class.php 第 206 行.
NOTIC: [8] Undefined index: field /userdata/www/syinix/App/Common/Model/BaseModel.class.php 第 224 行.
SQL: SELECT * FROM `ec_channel` WHERE `cid` = 0 LIMIT 1   [ RunTime:0.0003s ]
SQL: SHOW COLUMNS FROM `ec_goods_cats` [ RunTime:0.0007s ]
SQL: SHOW COLUMNS FROM `ec_ads` [ RunTime:0.0008s ]
SQL: SHOW COLUMNS FROM `ec_article_cats` [ RunTime:0.0007s ]
SQL: SHOW COLUMNS FROM `ec_goods` [ RunTime:0.0011s ]
SQL: SHOW COLUMNS FROM `ec_goods_cats` [ RunTime:0.0007s ]
SQL: SELECT * FROM `ec_goods_cats` WHERE ( catFlag=1 and parentId=0 )  [ RunTime:0.0004s ]
SQL: SELECT * FROM `ec_goods_cats` WHERE ( catFlag=1 and parentId=342 )  [ RunTime:0.0003s ]
SQL: SELECT * FROM `ec_goods_cats` WHERE ( catFlag=1 and parentId=343 )  [ RunTime:0.0003s ]
SQL: SELECT * FROM `ec_goods_cats` WHERE ( catFlag=1 and parentId=344 )  [ RunTime:0.0003s ]
SQL: SELECT * FROM `ec_goods_cats` WHERE ( catFlag=1 and parentId=345 )  [ RunTime:0.0002s ]
SQL: SELECT * FROM `ec_goods_cats` WHERE ( catFlag=1 and parentId=346 )  [ RunTime:0.0002s ]
SQL: SELECT * FROM `ec_goods_cats` WHERE ( catFlag=1 and parentId=347 )  [ RunTime:0.0002s ]
SQL: SELECT * FROM `ec_goods_cats` WHERE ( catFlag=1 and parentId=348 )  [ RunTime:0.0002s ]
SQL: SELECT * FROM `ec_goods_cats` WHERE ( catFlag=1 and parentId=357 )  [ RunTime:0.0002s ]
SQL: SHOW COLUMNS FROM `ec_article_cats` [ RunTime:0.0007s ]
SQL: SELECT * FROM `ec_article_cats` WHERE ( catFlag=1 and parentId=32 ) ORDER BY catSort asc,catId asc  [ RunTime:0.0003s ]
SQL: SHOW COLUMNS FROM `ec_ads` [ RunTime:0.0008s ]
SQL: SELECT * FROM `ec_ads` WHERE `adPositionId` = -1 ORDER BY adSort asc  [ RunTime:0.0004s ]
SQL: SHOW COLUMNS FROM `ec_goods` [ RunTime:0.0011s ]
SQL: SELECT * FROM `ec_goods` WHERE `goodsStatus` = 1 AND `goodsFlag` = 1 AND `isRecomm` = 1  [ RunTime:0.0005s ]
INFO: [ view_parse ] --START--
INFO: [ template_filter ] --START--
INFO: Run Behavior\ContentReplaceBehavior [ RunTime:0.000079s ]
INFO: [ template_filter ] --END-- [ RunTime:0.000121s ]
INFO: Run Behavior\ParseTemplateBehavior [ RunTime:0.018078s ]
INFO: [ view_parse ] --END-- [ RunTime:0.018118s ]
INFO: [ view_filter ] --START--
INFO: Run Behavior\WriteHtmlCacheBehavior [ RunTime:0.000120s ]
INFO: [ view_filter ] --END-- [ RunTime:0.000154s ]
INFO: [ app_end ] --START--
INFO: Run Behavior\ShowPageTraceBehavior [ RunTime:0.000369s ]
INFO: [ app_end ] --END-- [ RunTime:0.000419s ]

[ 2016-02-19T23:33:32+08:00 ] 159.8.94.69 /index.php
INFO: [ app_init ] --START--
INFO: Run Behavior\BuildLiteBehavior [ RunTime:0.000013s ]
INFO: [ app_init ] --END-- [ RunTime:0.000277s ]
INFO: [ app_begin ] --START--
INFO: Run Behavior\ReadHtmlCacheBehavior [ RunTime:0.000345s ]
INFO: [ app_begin ] --END-- [ RunTime:0.000384s ]
SQL: SHOW COLUMNS FROM `ec_channel` [ RunTime:0.0011s ]
SQL: SHOW COLUMNS FROM `ec_channel` [ RunTime:0.0008s ]
NOTIC: [8] Undefined index: modelType /userdata/www/syinix/App/Common/Model/BaseModel.class.php 第 206 行.
NOTIC: [8] Undefined index: field /userdata/www/syinix/App/Common/Model/BaseModel.class.php 第 224 行.
SQL: SELECT * FROM `ec_channel` WHERE `cid` = 0 LIMIT 1   [ RunTime:0.0003s ]
SQL: SHOW COLUMNS FROM `ec_goods_cats` [ RunTime:0.0007s ]
SQL: SHOW COLUMNS FROM `ec_ads` [ RunTime:0.0008s ]
SQL: SHOW COLUMNS FROM `ec_article_cats` [ RunTime:0.0007s ]
SQL: SHOW COLUMNS FROM `ec_goods` [ RunTime:0.0011s ]
SQL: SHOW COLUMNS FROM `ec_goods_cats` [ RunTime:0.0007s ]
SQL: SELECT * FROM `ec_goods_cats` WHERE ( catFlag=1 and parentId=0 )  [ RunTime:0.0004s ]
SQL: SELECT * FROM `ec_goods_cats` WHERE ( catFlag=1 and parentId=342 )  [ RunTime:0.0003s ]
SQL: SELECT * FROM `ec_goods_cats` WHERE ( catFlag=1 and parentId=343 )  [ RunTime:0.0003s ]
SQL: SELECT * FROM `ec_goods_cats` WHERE ( catFlag=1 and parentId=344 )  [ RunTime:0.0003s ]
SQL: SELECT * FROM `ec_goods_cats` WHERE ( catFlag=1 and parentId=345 )  [ RunTime:0.0002s ]
SQL: SELECT * FROM `ec_goods_cats` WHERE ( catFlag=1 and parentId=346 )  [ RunTime:0.0003s ]
SQL: SELECT * FROM `ec_goods_cats` WHERE ( catFlag=1 and parentId=347 )  [ RunTime:0.0002s ]
SQL: SELECT * FROM `ec_goods_cats` WHERE ( catFlag=1 and parentId=348 )  [ RunTime:0.0002s ]
SQL: SELECT * FROM `ec_goods_cats` WHERE ( catFlag=1 and parentId=357 )  [ RunTime:0.0002s ]
SQL: SHOW COLUMNS FROM `ec_article_cats` [ RunTime:0.0007s ]
SQL: SELECT * FROM `ec_article_cats` WHERE ( catFlag=1 and parentId=32 ) ORDER BY catSort asc,catId asc  [ RunTime:0.0003s ]
SQL: SHOW COLUMNS FROM `ec_ads` [ RunTime:0.0008s ]
SQL: SELECT * FROM `ec_ads` WHERE `adPositionId` = -1 ORDER BY adSort asc  [ RunTime:0.0004s ]
SQL: SHOW COLUMNS FROM `ec_goods` [ RunTime:0.0011s ]
SQL: SELECT * FROM `ec_goods` WHERE `goodsStatus` = 1 AND `goodsFlag` = 1 AND `isRecomm` = 1  [ RunTime:0.0005s ]
INFO: [ view_parse ] --START--
INFO: [ template_filter ] --START--
INFO: Run Behavior\ContentReplaceBehavior [ RunTime:0.000081s ]
INFO: [ template_filter ] --END-- [ RunTime:0.000124s ]
INFO: Run Behavior\ParseTemplateBehavior [ RunTime:0.018123s ]
INFO: [ view_parse ] --END-- [ RunTime:0.018164s ]
INFO: [ view_filter ] --START--
INFO: Run Behavior\WriteHtmlCacheBehavior [ RunTime:0.000122s ]
INFO: [ view_filter ] --END-- [ RunTime:0.000156s ]
INFO: [ app_end ] --START--
INFO: Run Behavior\ShowPageTraceBehavior [ RunTime:0.000375s ]
INFO: [ app_end ] --END-- [ RunTime:0.000414s ]

[ 2016-02-19T23:34:34+08:00 ] 159.8.94.69 /index.php
INFO: [ app_init ] --START--
INFO: Run Behavior\BuildLiteBehavior [ RunTime:0.000013s ]
INFO: [ app_init ] --END-- [ RunTime:0.000263s ]
INFO: [ app_begin ] --START--
INFO: Run Behavior\ReadHtmlCacheBehavior [ RunTime:0.000342s ]
INFO: [ app_begin ] --END-- [ RunTime:0.000382s ]
SQL: SHOW COLUMNS FROM `ec_channel` [ RunTime:0.0011s ]
SQL: SHOW COLUMNS FROM `ec_channel` [ RunTime:0.0008s ]
NOTIC: [8] Undefined index: modelType /userdata/www/syinix/App/Common/Model/BaseModel.class.php 第 206 行.
NOTIC: [8] Undefined index: field /userdata/www/syinix/App/Common/Model/BaseModel.class.php 第 224 行.
SQL: SELECT * FROM `ec_channel` WHERE `cid` = 0 LIMIT 1   [ RunTime:0.0003s ]
SQL: SHOW COLUMNS FROM `ec_goods_cats` [ RunTime:0.0007s ]
SQL: SHOW COLUMNS FROM `ec_ads` [ RunTime:0.0008s ]
SQL: SHOW COLUMNS FROM `ec_article_cats` [ RunTime:0.0007s ]
SQL: SHOW COLUMNS FROM `ec_goods` [ RunTime:0.0011s ]
SQL: SHOW COLUMNS FROM `ec_goods_cats` [ RunTime:0.0007s ]
SQL: SELECT * FROM `ec_goods_cats` WHERE ( catFlag=1 and parentId=0 )  [ RunTime:0.0004s ]
SQL: SELECT * FROM `ec_goods_cats` WHERE ( catFlag=1 and parentId=342 )  [ RunTime:0.0003s ]
SQL: SELECT * FROM `ec_goods_cats` WHERE ( catFlag=1 and parentId=343 )  [ RunTime:0.0002s ]
SQL: SELECT * FROM `ec_goods_cats` WHERE ( catFlag=1 and parentId=344 )  [ RunTime:0.0003s ]
SQL: SELECT * FROM `ec_goods_cats` WHERE ( catFlag=1 and parentId=345 )  [ RunTime:0.0002s ]
SQL: SELECT * FROM `ec_goods_cats` WHERE ( catFlag=1 and parentId=346 )  [ RunTime:0.0002s ]
SQL: SELECT * FROM `ec_goods_cats` WHERE ( catFlag=1 and parentId=347 )  [ RunTime:0.0002s ]
SQL: SELECT * FROM `ec_goods_cats` WHERE ( catFlag=1 and parentId=348 )  [ RunTime:0.0002s ]
SQL: SELECT * FROM `ec_goods_cats` WHERE ( catFlag=1 and parentId=357 )  [ RunTime:0.0002s ]
SQL: SHOW COLUMNS FROM `ec_article_cats` [ RunTime:0.0007s ]
SQL: SELECT * FROM `ec_article_cats` WHERE ( catFlag=1 and parentId=32 ) ORDER BY catSort asc,catId asc  [ RunTime:0.0003s ]
SQL: SHOW COLUMNS FROM `ec_ads` [ RunTime:0.0008s ]
SQL: SELECT * FROM `ec_ads` WHERE `adPositionId` = -1 ORDER BY adSort asc  [ RunTime:0.0004s ]
SQL: SHOW COLUMNS FROM `ec_goods` [ RunTime:0.0011s ]
SQL: SELECT * FROM `ec_goods` WHERE `goodsStatus` = 1 AND `goodsFlag` = 1 AND `isRecomm` = 1  [ RunTime:0.0005s ]
INFO: [ view_parse ] --START--
INFO: [ template_filter ] --START--
INFO: Run Behavior\ContentReplaceBehavior [ RunTime:0.000077s ]
INFO: [ template_filter ] --END-- [ RunTime:0.000119s ]
INFO: Run Behavior\ParseTemplateBehavior [ RunTime:0.018056s ]
INFO: [ view_parse ] --END-- [ RunTime:0.018095s ]
INFO: [ view_filter ] --START--
INFO: Run Behavior\WriteHtmlCacheBehavior [ RunTime:0.000120s ]
INFO: [ view_filter ] --END-- [ RunTime:0.000153s ]
INFO: [ app_end ] --START--
INFO: Run Behavior\ShowPageTraceBehavior [ RunTime:0.000350s ]
INFO: [ app_end ] --END-- [ RunTime:0.000399s ]

[ 2016-02-19T23:35:37+08:00 ] 159.8.94.69 /index.php
INFO: [ app_init ] --START--
INFO: Run Behavior\BuildLiteBehavior [ RunTime:0.000012s ]
INFO: [ app_init ] --END-- [ RunTime:0.000268s ]
INFO: [ app_begin ] --START--
INFO: Run Behavior\ReadHtmlCacheBehavior [ RunTime:0.000348s ]
INFO: [ app_begin ] --END-- [ RunTime:0.000386s ]
SQL: SHOW COLUMNS FROM `ec_channel` [ RunTime:0.0011s ]
SQL: SHOW COLUMNS FROM `ec_channel` [ RunTime:0.0008s ]
NOTIC: [8] Undefined index: modelType /userdata/www/syinix/App/Common/Model/BaseModel.class.php 第 206 行.
NOTIC: [8] Undefined index: field /userdata/www/syinix/App/Common/Model/BaseModel.class.php 第 224 行.
SQL: SELECT * FROM `ec_channel` WHERE `cid` = 0 LIMIT 1   [ RunTime:0.0003s ]
SQL: SHOW COLUMNS FROM `ec_goods_cats` [ RunTime:0.0007s ]
SQL: SHOW COLUMNS FROM `ec_ads` [ RunTime:0.0008s ]
SQL: SHOW COLUMNS FROM `ec_article_cats` [ RunTime:0.0007s ]
SQL: SHOW COLUMNS FROM `ec_goods` [ RunTime:0.0011s ]
SQL: SHOW COLUMNS FROM `ec_goods_cats` [ RunTime:0.0007s ]
SQL: SELECT * FROM `ec_goods_cats` WHERE ( catFlag=1 and parentId=0 )  [ RunTime:0.0004s ]
SQL: SELECT * FROM `ec_goods_cats` WHERE ( catFlag=1 and parentId=342 )  [ RunTime:0.0003s ]
SQL: SELECT * FROM `ec_goods_cats` WHERE ( catFlag=1 and parentId=343 )  [ RunTime:0.0002s ]
SQL: SELECT * FROM `ec_goods_cats` WHERE ( catFlag=1 and parentId=344 )  [ RunTime:0.0003s ]
SQL: SELECT * FROM `ec_goods_cats` WHERE ( catFlag=1 and parentId=345 )  [ RunTime:0.0002s ]
SQL: SELECT * FROM `ec_goods_cats` WHERE ( catFlag=1 and parentId=346 )  [ RunTime:0.0002s ]
SQL: SELECT * FROM `ec_goods_cats` WHERE ( catFlag=1 and parentId=347 )  [ RunTime:0.0003s ]
SQL: SELECT * FROM `ec_goods_cats` WHERE ( catFlag=1 and parentId=348 )  [ RunTime:0.0002s ]
SQL: SELECT * FROM `ec_goods_cats` WHERE ( catFlag=1 and parentId=357 )  [ RunTime:0.0002s ]
SQL: SHOW COLUMNS FROM `ec_article_cats` [ RunTime:0.0007s ]
SQL: SELECT * FROM `ec_article_cats` WHERE ( catFlag=1 and parentId=32 ) ORDER BY catSort asc,catId asc  [ RunTime:0.0003s ]
SQL: SHOW COLUMNS FROM `ec_ads` [ RunTime:0.0008s ]
SQL: SELECT * FROM `ec_ads` WHERE `adPositionId` = -1 ORDER BY adSort asc  [ RunTime:0.0004s ]
SQL: SHOW COLUMNS FROM `ec_goods` [ RunTime:0.0010s ]
SQL: SELECT * FROM `ec_goods` WHERE `goodsStatus` = 1 AND `goodsFlag` = 1 AND `isRecomm` = 1  [ RunTime:0.0005s ]
INFO: [ view_parse ] --START--
INFO: [ template_filter ] --START--
INFO: Run Behavior\ContentReplaceBehavior [ RunTime:0.000079s ]
INFO: [ template_filter ] --END-- [ RunTime:0.000121s ]
INFO: Run Behavior\ParseTemplateBehavior [ RunTime:0.018108s ]
INFO: [ view_parse ] --END-- [ RunTime:0.018149s ]
INFO: [ view_filter ] --START--
INFO: Run Behavior\WriteHtmlCacheBehavior [ RunTime:0.000133s ]
INFO: [ view_filter ] --END-- [ RunTime:0.000166s ]
INFO: [ app_end ] --START--
INFO: Run Behavior\ShowPageTraceBehavior [ RunTime:0.000351s ]
INFO: [ app_end ] --END-- [ RunTime:0.000389s ]

[ 2016-02-19T23:36:44+08:00 ] 159.8.94.69 /index.php
INFO: [ app_init ] --START--
INFO: Run Behavior\BuildLiteBehavior [ RunTime:0.000013s ]
INFO: [ app_init ] --END-- [ RunTime:0.000264s ]
INFO: [ app_begin ] --START--
INFO: Run Behavior\ReadHtmlCacheBehavior [ RunTime:0.000344s ]
INFO: [ app_begin ] --END-- [ RunTime:0.000395s ]
SQL: SHOW COLUMNS FROM `ec_channel` [ RunTime:0.0011s ]
SQL: SHOW COLUMNS FROM `ec_channel` [ RunTime:0.0008s ]
NOTIC: [8] Undefined index: modelType /userdata/www/syinix/App/Common/Model/BaseModel.class.php 第 206 行.
NOTIC: [8] Undefined index: field /userdata/www/syinix/App/Common/Model/BaseModel.class.php 第 224 行.
SQL: SELECT * FROM `ec_channel` WHERE `cid` = 0 LIMIT 1   [ RunTime:0.0003s ]
SQL: SHOW COLUMNS FROM `ec_goods_cats` [ RunTime:0.0008s ]
SQL: SHOW COLUMNS FROM `ec_ads` [ RunTime:0.0008s ]
SQL: SHOW COLUMNS FROM `ec_article_cats` [ RunTime:0.0007s ]
SQL: SHOW COLUMNS FROM `ec_goods` [ RunTime:0.0012s ]
SQL: SHOW COLUMNS FROM `ec_goods_cats` [ RunTime:0.0007s ]
SQL: SELECT * FROM `ec_goods_cats` WHERE ( catFlag=1 and parentId=0 )  [ RunTime:0.0004s ]
SQL: SELECT * FROM `ec_goods_cats` WHERE ( catFlag=1 and parentId=342 )  [ RunTime:0.0003s ]
SQL: SELECT * FROM `ec_goods_cats` WHERE ( catFlag=1 and parentId=343 )  [ RunTime:0.0003s ]
SQL: SELECT * FROM `ec_goods_cats` WHERE ( catFlag=1 and parentId=344 )  [ RunTime:0.0003s ]
SQL: SELECT * FROM `ec_goods_cats` WHERE ( catFlag=1 and parentId=345 )  [ RunTime:0.0002s ]
SQL: SELECT * FROM `ec_goods_cats` WHERE ( catFlag=1 and parentId=346 )  [ RunTime:0.0003s ]
SQL: SELECT * FROM `ec_goods_cats` WHERE ( catFlag=1 and parentId=347 )  [ RunTime:0.0002s ]
SQL: SELECT * FROM `ec_goods_cats` WHERE ( catFlag=1 and parentId=348 )  [ RunTime:0.0002s ]
SQL: SELECT * FROM `ec_goods_cats` WHERE ( catFlag=1 and parentId=357 )  [ RunTime:0.0003s ]
SQL: SHOW COLUMNS FROM `ec_article_cats` [ RunTime:0.0007s ]
SQL: SELECT * FROM `ec_article_cats` WHERE ( catFlag=1 and parentId=32 ) ORDER BY catSort asc,catId asc  [ RunTime:0.0003s ]
SQL: SHOW COLUMNS FROM `ec_ads` [ RunTime:0.0008s ]
SQL: SELECT * FROM `ec_ads` WHERE `adPositionId` = -1 ORDER BY adSort asc  [ RunTime:0.0004s ]
SQL: SHOW COLUMNS FROM `ec_goods` [ RunTime:0.0011s ]
SQL: SELECT * FROM `ec_goods` WHERE `goodsStatus` = 1 AND `goodsFlag` = 1 AND `isRecomm` = 1  [ RunTime:0.0005s ]
INFO: [ view_parse ] --START--
INFO: [ template_filter ] --START--
INFO: Run Behavior\ContentReplaceBehavior [ RunTime:0.000079s ]
INFO: [ template_filter ] --END-- [ RunTime:0.000121s ]
INFO: Run Behavior\ParseTemplateBehavior [ RunTime:0.018266s ]
INFO: [ view_parse ] --END-- [ RunTime:0.018308s ]
INFO: [ view_filter ] --START--
INFO: Run Behavior\WriteHtmlCacheBehavior [ RunTime:0.000120s ]
INFO: [ view_filter ] --END-- [ RunTime:0.000154s ]
INFO: [ app_end ] --START--
INFO: Run Behavior\ShowPageTraceBehavior [ RunTime:0.000375s ]
INFO: [ app_end ] --END-- [ RunTime:0.000412s ]

[ 2016-02-19T23:37:34+08:00 ] 180.76.15.142 /
INFO: [ app_init ] --START--
INFO: Run Behavior\BuildLiteBehavior [ RunTime:0.000013s ]
INFO: [ app_init ] --END-- [ RunTime:0.000277s ]
INFO: [ app_begin ] --START--
INFO: Run Behavior\ReadHtmlCacheBehavior [ RunTime:0.000346s ]
INFO: [ app_begin ] --END-- [ RunTime:0.000386s ]
SQL: SHOW COLUMNS FROM `ec_channel` [ RunTime:0.0011s ]
SQL: SHOW COLUMNS FROM `ec_channel` [ RunTime:0.0008s ]
NOTIC: [8] Undefined index: modelType /userdata/www/syinix/App/Common/Model/BaseModel.class.php 第 206 行.
NOTIC: [8] Undefined index: field /userdata/www/syinix/App/Common/Model/BaseModel.class.php 第 224 行.
SQL: SELECT * FROM `ec_channel` WHERE `cid` = 0 LIMIT 1   [ RunTime:0.0003s ]
SQL: SHOW COLUMNS FROM `ec_goods_cats` [ RunTime:0.0007s ]
SQL: SHOW COLUMNS FROM `ec_ads` [ RunTime:0.0008s ]
SQL: SHOW COLUMNS FROM `ec_article_cats` [ RunTime:0.0007s ]
SQL: SHOW COLUMNS FROM `ec_goods` [ RunTime:0.0011s ]
SQL: SHOW COLUMNS FROM `ec_goods_cats` [ RunTime:0.0007s ]
SQL: SELECT * FROM `ec_goods_cats` WHERE ( catFlag=1 and parentId=0 )  [ RunTime:0.0004s ]
SQL: SELECT * FROM `ec_goods_cats` WHERE ( catFlag=1 and parentId=342 )  [ RunTime:0.0003s ]
SQL: SELECT * FROM `ec_goods_cats` WHERE ( catFlag=1 and parentId=343 )  [ RunTime:0.0002s ]
SQL: SELECT * FROM `ec_goods_cats` WHERE ( catFlag=1 and parentId=344 )  [ RunTime:0.0003s ]
SQL: SELECT * FROM `ec_goods_cats` WHERE ( catFlag=1 and parentId=345 )  [ RunTime:0.0002s ]
SQL: SELECT * FROM `ec_goods_cats` WHERE ( catFlag=1 and parentId=346 )  [ RunTime:0.0002s ]
SQL: SELECT * FROM `ec_goods_cats` WHERE ( catFlag=1 and parentId=347 )  [ RunTime:0.0002s ]
SQL: SELECT * FROM `ec_goods_cats` WHERE ( catFlag=1 and parentId=348 )  [ RunTime:0.0002s ]
SQL: SELECT * FROM `ec_goods_cats` WHERE ( catFlag=1 and parentId=357 )  [ RunTime:0.0002s ]
SQL: SHOW COLUMNS FROM `ec_article_cats` [ RunTime:0.0007s ]
SQL: SELECT * FROM `ec_article_cats` WHERE ( catFlag=1 and parentId=32 ) ORDER BY catSort asc,catId asc  [ RunTime:0.0003s ]
SQL: SHOW COLUMNS FROM `ec_ads` [ RunTime:0.0008s ]
SQL: SELECT * FROM `ec_ads` WHERE `adPositionId` = -1 ORDER BY adSort asc  [ RunTime:0.0004s ]
SQL: SHOW COLUMNS FROM `ec_goods` [ RunTime:0.0011s ]
SQL: SELECT * FROM `ec_goods` WHERE `goodsStatus` = 1 AND `goodsFlag` = 1 AND `isRecomm` = 1  [ RunTime:0.0007s ]
INFO: [ view_parse ] --START--
INFO: [ template_filter ] --START--
INFO: Run Behavior\ContentReplaceBehavior [ RunTime:0.000079s ]
INFO: [ template_filter ] --END-- [ RunTime:0.000121s ]
INFO: Run Behavior\ParseTemplateBehavior [ RunTime:0.018181s ]
INFO: [ view_parse ] --END-- [ RunTime:0.018222s ]
INFO: [ view_filter ] --START--
INFO: Run Behavior\WriteHtmlCacheBehavior [ RunTime:0.000130s ]
INFO: [ view_filter ] --END-- [ RunTime:0.000164s ]
INFO: [ app_end ] --START--
INFO: Run Behavior\ShowPageTraceBehavior [ RunTime:0.000352s ]
INFO: [ app_end ] --END-- [ RunTime:0.000389s ]

[ 2016-02-19T23:37:46+08:00 ] 159.8.94.69 /index.php
INFO: [ app_init ] --START--
INFO: Run Behavior\BuildLiteBehavior [ RunTime:0.000013s ]
INFO: [ app_init ] --END-- [ RunTime:0.000264s ]
INFO: [ app_begin ] --START--
INFO: Run Behavior\ReadHtmlCacheBehavior [ RunTime:0.000351s ]
INFO: [ app_begin ] --END-- [ RunTime:0.000390s ]
SQL: SHOW COLUMNS FROM `ec_channel` [ RunTime:0.0011s ]
SQL: SHOW COLUMNS FROM `ec_channel` [ RunTime:0.0008s ]
NOTIC: [8] Undefined index: modelType /userdata/www/syinix/App/Common/Model/BaseModel.class.php 第 206 行.
NOTIC: [8] Undefined index: field /userdata/www/syinix/App/Common/Model/BaseModel.class.php 第 224 行.
SQL: SELECT * FROM `ec_channel` WHERE `cid` = 0 LIMIT 1   [ RunTime:0.0003s ]
SQL: SHOW COLUMNS FROM `ec_goods_cats` [ RunTime:0.0008s ]
SQL: SHOW COLUMNS FROM `ec_ads` [ RunTime:0.0008s ]
SQL: SHOW COLUMNS FROM `ec_article_cats` [ RunTime:0.0007s ]
SQL: SHOW COLUMNS FROM `ec_goods` [ RunTime:0.0011s ]
SQL: SHOW COLUMNS FROM `ec_goods_cats` [ RunTime:0.0007s ]
SQL: SELECT * FROM `ec_goods_cats` WHERE ( catFlag=1 and parentId=0 )  [ RunTime:0.0004s ]
SQL: SELECT * FROM `ec_goods_cats` WHERE ( catFlag=1 and parentId=342 )  [ RunTime:0.0003s ]
SQL: SELECT * FROM `ec_goods_cats` WHERE ( catFlag=1 and parentId=343 )  [ RunTime:0.0002s ]
SQL: SELECT * FROM `ec_goods_cats` WHERE ( catFlag=1 and parentId=344 )  [ RunTime:0.0003s ]
SQL: SELECT * FROM `ec_goods_cats` WHERE ( catFlag=1 and parentId=345 )  [ RunTime:0.0002s ]
SQL: SELECT * FROM `ec_goods_cats` WHERE ( catFlag=1 and parentId=346 )  [ RunTime:0.0002s ]
SQL: SELECT * FROM `ec_goods_cats` WHERE ( catFlag=1 and parentId=347 )  [ RunTime:0.0002s ]
SQL: SELECT * FROM `ec_goods_cats` WHERE ( catFlag=1 and parentId=348 )  [ RunTime:0.0002s ]
SQL: SELECT * FROM `ec_goods_cats` WHERE ( catFlag=1 and parentId=357 )  [ RunTime:0.0002s ]
SQL: SHOW COLUMNS FROM `ec_article_cats` [ RunTime:0.0007s ]
SQL: SELECT * FROM `ec_article_cats` WHERE ( catFlag=1 and parentId=32 ) ORDER BY catSort asc,catId asc  [ RunTime:0.0003s ]
SQL: SHOW COLUMNS FROM `ec_ads` [ RunTime:0.0008s ]
SQL: SELECT * FROM `ec_ads` WHERE `adPositionId` = -1 ORDER BY adSort asc  [ RunTime:0.0004s ]
SQL: SHOW COLUMNS FROM `ec_goods` [ RunTime:0.0011s ]
SQL: SELECT * FROM `ec_goods` WHERE `goodsStatus` = 1 AND `goodsFlag` = 1 AND `isRecomm` = 1  [ RunTime:0.0005s ]
INFO: [ view_parse ] --START--
INFO: [ template_filter ] --START--
INFO: Run Behavior\ContentReplaceBehavior [ RunTime:0.000082s ]
INFO: [ template_filter ] --END-- [ RunTime:0.000135s ]
INFO: Run Behavior\ParseTemplateBehavior [ RunTime:0.018318s ]
INFO: [ view_parse ] --END-- [ RunTime:0.018359s ]
INFO: [ view_filter ] --START--
INFO: Run Behavior\WriteHtmlCacheBehavior [ RunTime:0.000124s ]
INFO: [ view_filter ] --END-- [ RunTime:0.000176s ]
INFO: [ app_end ] --START--
INFO: Run Behavior\ShowPageTraceBehavior [ RunTime:0.000365s ]
INFO: [ app_end ] --END-- [ RunTime:0.000402s ]

[ 2016-02-19T23:38:48+08:00 ] 159.8.94.69 /index.php
INFO: [ app_init ] --START--
INFO: Run Behavior\BuildLiteBehavior [ RunTime:0.000013s ]
INFO: [ app_init ] --END-- [ RunTime:0.000280s ]
INFO: [ app_begin ] --START--
INFO: Run Behavior\ReadHtmlCacheBehavior [ RunTime:0.000348s ]
INFO: [ app_begin ] --END-- [ RunTime:0.000387s ]
SQL: SHOW COLUMNS FROM `ec_channel` [ RunTime:0.0011s ]
SQL: SHOW COLUMNS FROM `ec_channel` [ RunTime:0.0008s ]
NOTIC: [8] Undefined index: modelType /userdata/www/syinix/App/Common/Model/BaseModel.class.php 第 206 行.
NOTIC: [8] Undefined index: field /userdata/www/syinix/App/Common/Model/BaseModel.class.php 第 224 行.
SQL: SELECT * FROM `ec_channel` WHERE `cid` = 0 LIMIT 1   [ RunTime:0.0003s ]
SQL: SHOW COLUMNS FROM `ec_goods_cats` [ RunTime:0.0008s ]
SQL: SHOW COLUMNS FROM `ec_ads` [ RunTime:0.0008s ]
SQL: SHOW COLUMNS FROM `ec_article_cats` [ RunTime:0.0007s ]
SQL: SHOW COLUMNS FROM `ec_goods` [ RunTime:0.0011s ]
SQL: SHOW COLUMNS FROM `ec_goods_cats` [ RunTime:0.0007s ]
SQL: SELECT * FROM `ec_goods_cats` WHERE ( catFlag=1 and parentId=0 )  [ RunTime:0.0004s ]
SQL: SELECT * FROM `ec_goods_cats` WHERE ( catFlag=1 and parentId=342 )  [ RunTime:0.0003s ]
SQL: SELECT * FROM `ec_goods_cats` WHERE ( catFlag=1 and parentId=343 )  [ RunTime:0.0002s ]
SQL: SELECT * FROM `ec_goods_cats` WHERE ( catFlag=1 and parentId=344 )  [ RunTime:0.0003s ]
SQL: SELECT * FROM `ec_goods_cats` WHERE ( catFlag=1 and parentId=345 )  [ RunTime:0.0002s ]
SQL: SELECT * FROM `ec_goods_cats` WHERE ( catFlag=1 and parentId=346 )  [ RunTime:0.0002s ]
SQL: SELECT * FROM `ec_goods_cats` WHERE ( catFlag=1 and parentId=347 )  [ RunTime:0.0002s ]
SQL: SELECT * FROM `ec_goods_cats` WHERE ( catFlag=1 and parentId=348 )  [ RunTime:0.0002s ]
SQL: SELECT * FROM `ec_goods_cats` WHERE ( catFlag=1 and parentId=357 )  [ RunTime:0.0002s ]
SQL: SHOW COLUMNS FROM `ec_article_cats` [ RunTime:0.0007s ]
SQL: SELECT * FROM `ec_article_cats` WHERE ( catFlag=1 and parentId=32 ) ORDER BY catSort asc,catId asc  [ RunTime:0.0003s ]
SQL: SHOW COLUMNS FROM `ec_ads` [ RunTime:0.0008s ]
SQL: SELECT * FROM `ec_ads` WHERE `adPositionId` = -1 ORDER BY adSort asc  [ RunTime:0.0004s ]
SQL: SHOW COLUMNS FROM `ec_goods` [ RunTime:0.0011s ]
SQL: SELECT * FROM `ec_goods` WHERE `goodsStatus` = 1 AND `goodsFlag` = 1 AND `isRecomm` = 1  [ RunTime:0.0005s ]
INFO: [ view_parse ] --START--
INFO: [ template_filter ] --START--
INFO: Run Behavior\ContentReplaceBehavior [ RunTime:0.000085s ]
INFO: [ template_filter ] --END-- [ RunTime:0.000129s ]
INFO: Run Behavior\ParseTemplateBehavior [ RunTime:0.018225s ]
INFO: [ view_parse ] --END-- [ RunTime:0.018266s ]
INFO: [ view_filter ] --START--
INFO: Run Behavior\WriteHtmlCacheBehavior [ RunTime:0.000121s ]
INFO: [ view_filter ] --END-- [ RunTime:0.000165s ]
INFO: [ app_end ] --START--
INFO: Run Behavior\ShowPageTraceBehavior [ RunTime:0.000366s ]
INFO: [ app_end ] --END-- [ RunTime:0.000404s ]

[ 2016-02-19T23:39:57+08:00 ] 159.8.94.69 /index.php
INFO: [ app_init ] --START--
INFO: Run Behavior\BuildLiteBehavior [ RunTime:0.000012s ]
INFO: [ app_init ] --END-- [ RunTime:0.000263s ]
INFO: [ app_begin ] --START--
INFO: Run Behavior\ReadHtmlCacheBehavior [ RunTime:0.000359s ]
INFO: [ app_begin ] --END-- [ RunTime:0.000398s ]
SQL: SHOW COLUMNS FROM `ec_channel` [ RunTime:0.0011s ]
SQL: SHOW COLUMNS FROM `ec_channel` [ RunTime:0.0008s ]
NOTIC: [8] Undefined index: modelType /userdata/www/syinix/App/Common/Model/BaseModel.class.php 第 206 行.
NOTIC: [8] Undefined index: field /userdata/www/syinix/App/Common/Model/BaseModel.class.php 第 224 行.
SQL: SELECT * FROM `ec_channel` WHERE `cid` = 0 LIMIT 1   [ RunTime:0.0003s ]
SQL: SHOW COLUMNS FROM `ec_goods_cats` [ RunTime:0.0007s ]
SQL: SHOW COLUMNS FROM `ec_ads` [ RunTime:0.0008s ]
SQL: SHOW COLUMNS FROM `ec_article_cats` [ RunTime:0.0007s ]
SQL: SHOW COLUMNS FROM `ec_goods` [ RunTime:0.0011s ]
SQL: SHOW COLUMNS FROM `ec_goods_cats` [ RunTime:0.0007s ]
SQL: SELECT * FROM `ec_goods_cats` WHERE ( catFlag=1 and parentId=0 )  [ RunTime:0.0004s ]
SQL: SELECT * FROM `ec_goods_cats` WHERE ( catFlag=1 and parentId=342 )  [ RunTime:0.0003s ]
SQL: SELECT * FROM `ec_goods_cats` WHERE ( catFlag=1 and parentId=343 )  [ RunTime:0.0002s ]
SQL: SELECT * FROM `ec_goods_cats` WHERE ( catFlag=1 and parentId=344 )  [ RunTime:0.0003s ]
SQL: SELECT * FROM `ec_goods_cats` WHERE ( catFlag=1 and parentId=345 )  [ RunTime:0.0003s ]
SQL: SELECT * FROM `ec_goods_cats` WHERE ( catFlag=1 and parentId=346 )  [ RunTime:0.0002s ]
SQL: SELECT * FROM `ec_goods_cats` WHERE ( catFlag=1 and parentId=347 )  [ RunTime:0.0002s ]
SQL: SELECT * FROM `ec_goods_cats` WHERE ( catFlag=1 and parentId=348 )  [ RunTime:0.0002s ]
SQL: SELECT * FROM `ec_goods_cats` WHERE ( catFlag=1 and parentId=357 )  [ RunTime:0.0002s ]
SQL: SHOW COLUMNS FROM `ec_article_cats` [ RunTime:0.0007s ]
SQL: SELECT * FROM `ec_article_cats` WHERE ( catFlag=1 and parentId=32 ) ORDER BY catSort asc,catId asc  [ RunTime:0.0003s ]
SQL: SHOW COLUMNS FROM `ec_ads` [ RunTime:0.0008s ]
SQL: SELECT * FROM `ec_ads` WHERE `adPositionId` = -1 ORDER BY adSort asc  [ RunTime:0.0004s ]
SQL: SHOW COLUMNS FROM `ec_goods` [ RunTime:0.0010s ]
SQL: SELECT * FROM `ec_goods` WHERE `goodsStatus` = 1 AND `goodsFlag` = 1 AND `isRecomm` = 1  [ RunTime:0.0005s ]
INFO: [ view_parse ] --START--
INFO: [ template_filter ] --START--
INFO: Run Behavior\ContentReplaceBehavior [ RunTime:0.000078s ]
INFO: [ template_filter ] --END-- [ RunTime:0.000120s ]
INFO: Run Behavior\ParseTemplateBehavior [ RunTime:0.018032s ]
INFO: [ view_parse ] --END-- [ RunTime:0.018072s ]
INFO: [ view_filter ] --START--
INFO: Run Behavior\WriteHtmlCacheBehavior [ RunTime:0.000119s ]
INFO: [ view_filter ] --END-- [ RunTime:0.000152s ]
INFO: [ app_end ] --START--
INFO: Run Behavior\ShowPageTraceBehavior [ RunTime:0.000370s ]
INFO: [ app_end ] --END-- [ RunTime:0.000409s ]

[ 2016-02-19T23:41:00+08:00 ] 159.8.94.69 /index.php
INFO: [ app_init ] --START--
INFO: Run Behavior\BuildLiteBehavior [ RunTime:0.000013s ]
INFO: [ app_init ] --END-- [ RunTime:0.000268s ]
INFO: [ app_begin ] --START--
INFO: Run Behavior\ReadHtmlCacheBehavior [ RunTime:0.000347s ]
INFO: [ app_begin ] --END-- [ RunTime:0.000387s ]
SQL: SHOW COLUMNS FROM `ec_channel` [ RunTime:0.0011s ]
SQL: SHOW COLUMNS FROM `ec_channel` [ RunTime:0.0008s ]
NOTIC: [8] Undefined index: modelType /userdata/www/syinix/App/Common/Model/BaseModel.class.php 第 206 行.
NOTIC: [8] Undefined index: field /userdata/www/syinix/App/Common/Model/BaseModel.class.php 第 224 行.
SQL: SELECT * FROM `ec_channel` WHERE `cid` = 0 LIMIT 1   [ RunTime:0.0003s ]
SQL: SHOW COLUMNS FROM `ec_goods_cats` [ RunTime:0.0007s ]
SQL: SHOW COLUMNS FROM `ec_ads` [ RunTime:0.0008s ]
SQL: SHOW COLUMNS FROM `ec_article_cats` [ RunTime:0.0007s ]
SQL: SHOW COLUMNS FROM `ec_goods` [ RunTime:0.0011s ]
SQL: SHOW COLUMNS FROM `ec_goods_cats` [ RunTime:0.0007s ]
SQL: SELECT * FROM `ec_goods_cats` WHERE ( catFlag=1 and parentId=0 )  [ RunTime:0.0004s ]
SQL: SELECT * FROM `ec_goods_cats` WHERE ( catFlag=1 and parentId=342 )  [ RunTime:0.0003s ]
SQL: SELECT * FROM `ec_goods_cats` WHERE ( catFlag=1 and parentId=343 )  [ RunTime:0.0002s ]
SQL: SELECT * FROM `ec_goods_cats` WHERE ( catFlag=1 and parentId=344 )  [ RunTime:0.0003s ]
SQL: SELECT * FROM `ec_goods_cats` WHERE ( catFlag=1 and parentId=345 )  [ RunTime:0.0002s ]
SQL: SELECT * FROM `ec_goods_cats` WHERE ( catFlag=1 and parentId=346 )  [ RunTime:0.0002s ]
SQL: SELECT * FROM `ec_goods_cats` WHERE ( catFlag=1 and parentId=347 )  [ RunTime:0.0002s ]
SQL: SELECT * FROM `ec_goods_cats` WHERE ( catFlag=1 and parentId=348 )  [ RunTime:0.0002s ]
SQL: SELECT * FROM `ec_goods_cats` WHERE ( catFlag=1 and parentId=357 )  [ RunTime:0.0002s ]
SQL: SHOW COLUMNS FROM `ec_article_cats` [ RunTime:0.0007s ]
SQL: SELECT * FROM `ec_article_cats` WHERE ( catFlag=1 and parentId=32 ) ORDER BY catSort asc,catId asc  [ RunTime:0.0003s ]
SQL: SHOW COLUMNS FROM `ec_ads` [ RunTime:0.0008s ]
SQL: SELECT * FROM `ec_ads` WHERE `adPositionId` = -1 ORDER BY adSort asc  [ RunTime:0.0004s ]
SQL: SHOW COLUMNS FROM `ec_goods` [ RunTime:0.0010s ]
SQL: SELECT * FROM `ec_goods` WHERE `goodsStatus` = 1 AND `goodsFlag` = 1 AND `isRecomm` = 1  [ RunTime:0.0005s ]
INFO: [ view_parse ] --START--
INFO: [ template_filter ] --START--
INFO: Run Behavior\ContentReplaceBehavior [ RunTime:0.000078s ]
INFO: [ template_filter ] --END-- [ RunTime:0.000119s ]
INFO: Run Behavior\ParseTemplateBehavior [ RunTime:0.018080s ]
INFO: [ view_parse ] --END-- [ RunTime:0.018134s ]
INFO: [ view_filter ] --START--
INFO: Run Behavior\WriteHtmlCacheBehavior [ RunTime:0.000119s ]
INFO: [ view_filter ] --END-- [ RunTime:0.000152s ]
INFO: [ app_end ] --START--
INFO: Run Behavior\ShowPageTraceBehavior [ RunTime:0.000354s ]
INFO: [ app_end ] --END-- [ RunTime:0.000404s ]

[ 2016-02-19T23:42:02+08:00 ] 159.8.94.69 /index.php
INFO: [ app_init ] --START--
INFO: Run Behavior\BuildLiteBehavior [ RunTime:0.000013s ]
INFO: [ app_init ] --END-- [ RunTime:0.000275s ]
INFO: [ app_begin ] --START--
INFO: Run Behavior\ReadHtmlCacheBehavior [ RunTime:0.000345s ]
INFO: [ app_begin ] --END-- [ RunTime:0.000384s ]
SQL: SHOW COLUMNS FROM `ec_channel` [ RunTime:0.0011s ]
SQL: SHOW COLUMNS FROM `ec_channel` [ RunTime:0.0008s ]
NOTIC: [8] Undefined index: modelType /userdata/www/syinix/App/Common/Model/BaseModel.class.php 第 206 行.
NOTIC: [8] Undefined index: field /userdata/www/syinix/App/Common/Model/BaseModel.class.php 第 224 行.
SQL: SELECT * FROM `ec_channel` WHERE `cid` = 0 LIMIT 1   [ RunTime:0.0003s ]
SQL: SHOW COLUMNS FROM `ec_goods_cats` [ RunTime:0.0007s ]
SQL: SHOW COLUMNS FROM `ec_ads` [ RunTime:0.0008s ]
SQL: SHOW COLUMNS FROM `ec_article_cats` [ RunTime:0.0007s ]
SQL: SHOW COLUMNS FROM `ec_goods` [ RunTime:0.0012s ]
SQL: SHOW COLUMNS FROM `ec_goods_cats` [ RunTime:0.0007s ]
SQL: SELECT * FROM `ec_goods_cats` WHERE ( catFlag=1 and parentId=0 )  [ RunTime:0.0004s ]
SQL: SELECT * FROM `ec_goods_cats` WHERE ( catFlag=1 and parentId=342 )  [ RunTime:0.0003s ]
SQL: SELECT * FROM `ec_goods_cats` WHERE ( catFlag=1 and parentId=343 )  [ RunTime:0.0002s ]
SQL: SELECT * FROM `ec_goods_cats` WHERE ( catFlag=1 and parentId=344 )  [ RunTime:0.0003s ]
SQL: SELECT * FROM `ec_goods_cats` WHERE ( catFlag=1 and parentId=345 )  [ RunTime:0.0002s ]
SQL: SELECT * FROM `ec_goods_cats` WHERE ( catFlag=1 and parentId=346 )  [ RunTime:0.0002s ]
SQL: SELECT * FROM `ec_goods_cats` WHERE ( catFlag=1 and parentId=347 )  [ RunTime:0.0003s ]
SQL: SELECT * FROM `ec_goods_cats` WHERE ( catFlag=1 and parentId=348 )  [ RunTime:0.0002s ]
SQL: SELECT * FROM `ec_goods_cats` WHERE ( catFlag=1 and parentId=357 )  [ RunTime:0.0002s ]
SQL: SHOW COLUMNS FROM `ec_article_cats` [ RunTime:0.0007s ]
SQL: SELECT * FROM `ec_article_cats` WHERE ( catFlag=1 and parentId=32 ) ORDER BY catSort asc,catId asc  [ RunTime:0.0003s ]
SQL: SHOW COLUMNS FROM `ec_ads` [ RunTime:0.0008s ]
SQL: SELECT * FROM `ec_ads` WHERE `adPositionId` = -1 ORDER BY adSort asc  [ RunTime:0.0004s ]
SQL: SHOW COLUMNS FROM `ec_goods` [ RunTime:0.0010s ]
SQL: SELECT * FROM `ec_goods` WHERE `goodsStatus` = 1 AND `goodsFlag` = 1 AND `isRecomm` = 1  [ RunTime:0.0005s ]
INFO: [ view_parse ] --START--
INFO: [ template_filter ] --START--
INFO: Run Behavior\ContentReplaceBehavior [ RunTime:0.000079s ]
INFO: [ template_filter ] --END-- [ RunTime:0.000120s ]
INFO: Run Behavior\ParseTemplateBehavior [ RunTime:0.018070s ]
INFO: [ view_parse ] --END-- [ RunTime:0.018111s ]
INFO: [ view_filter ] --START--
INFO: Run Behavior\WriteHtmlCacheBehavior [ RunTime:0.000130s ]
INFO: [ view_filter ] --END-- [ RunTime:0.000164s ]
INFO: [ app_end ] --START--
INFO: Run Behavior\ShowPageTraceBehavior [ RunTime:0.000353s ]
INFO: [ app_end ] --END-- [ RunTime:0.000390s ]

[ 2016-02-19T23:43:04+08:00 ] 159.8.94.69 /index.php
INFO: [ app_init ] --START--
INFO: Run Behavior\BuildLiteBehavior [ RunTime:0.000013s ]
INFO: [ app_init ] --END-- [ RunTime:0.000265s ]
INFO: [ app_begin ] --START--
INFO: Run Behavior\ReadHtmlCacheBehavior [ RunTime:0.000358s ]
INFO: [ app_begin ] --END-- [ RunTime:0.000397s ]
SQL: SHOW COLUMNS FROM `ec_channel` [ RunTime:0.0011s ]
SQL: SHOW COLUMNS FROM `ec_channel` [ RunTime:0.0008s ]
NOTIC: [8] Undefined index: modelType /userdata/www/syinix/App/Common/Model/BaseModel.class.php 第 206 行.
NOTIC: [8] Undefined index: field /userdata/www/syinix/App/Common/Model/BaseModel.class.php 第 224 行.
SQL: SELECT * FROM `ec_channel` WHERE `cid` = 0 LIMIT 1   [ RunTime:0.0003s ]
SQL: SHOW COLUMNS FROM `ec_goods_cats` [ RunTime:0.0007s ]
SQL: SHOW COLUMNS FROM `ec_ads` [ RunTime:0.0008s ]
SQL: SHOW COLUMNS FROM `ec_article_cats` [ RunTime:0.0007s ]
SQL: SHOW COLUMNS FROM `ec_goods` [ RunTime:0.0011s ]
SQL: SHOW COLUMNS FROM `ec_goods_cats` [ RunTime:0.0007s ]
SQL: SELECT * FROM `ec_goods_cats` WHERE ( catFlag=1 and parentId=0 )  [ RunTime:0.0004s ]
SQL: SELECT * FROM `ec_goods_cats` WHERE ( catFlag=1 and parentId=342 )  [ RunTime:0.0003s ]
SQL: SELECT * FROM `ec_goods_cats` WHERE ( catFlag=1 and parentId=343 )  [ RunTime:0.0002s ]
SQL: SELECT * FROM `ec_goods_cats` WHERE ( catFlag=1 and parentId=344 )  [ RunTime:0.0003s ]
SQL: SELECT * FROM `ec_goods_cats` WHERE ( catFlag=1 and parentId=345 )  [ RunTime:0.0002s ]
SQL: SELECT * FROM `ec_goods_cats` WHERE ( catFlag=1 and parentId=346 )  [ RunTime:0.0002s ]
SQL: SELECT * FROM `ec_goods_cats` WHERE ( catFlag=1 and parentId=347 )  [ RunTime:0.0002s ]
SQL: SELECT * FROM `ec_goods_cats` WHERE ( catFlag=1 and parentId=348 )  [ RunTime:0.0002s ]
SQL: SELECT * FROM `ec_goods_cats` WHERE ( catFlag=1 and parentId=357 )  [ RunTime:0.0002s ]
SQL: SHOW COLUMNS FROM `ec_article_cats` [ RunTime:0.0007s ]
SQL: SELECT * FROM `ec_article_cats` WHERE ( catFlag=1 and parentId=32 ) ORDER BY catSort asc,catId asc  [ RunTime:0.0003s ]
SQL: SHOW COLUMNS FROM `ec_ads` [ RunTime:0.0008s ]
SQL: SELECT * FROM `ec_ads` WHERE `adPositionId` = -1 ORDER BY adSort asc  [ RunTime:0.0004s ]
SQL: SHOW COLUMNS FROM `ec_goods` [ RunTime:0.0010s ]
SQL: SELECT * FROM `ec_goods` WHERE `goodsStatus` = 1 AND `goodsFlag` = 1 AND `isRecomm` = 1  [ RunTime:0.0005s ]
INFO: [ view_parse ] --START--
INFO: [ template_filter ] --START--
INFO: Run Behavior\ContentReplaceBehavior [ RunTime:0.000078s ]
INFO: [ template_filter ] --END-- [ RunTime:0.000120s ]
INFO: Run Behavior\ParseTemplateBehavior [ RunTime:0.018091s ]
INFO: [ view_parse ] --END-- [ RunTime:0.018132s ]
INFO: [ view_filter ] --START--
INFO: Run Behavior\WriteHtmlCacheBehavior [ RunTime:0.000131s ]
INFO: [ view_filter ] --END-- [ RunTime:0.000164s ]
INFO: [ app_end ] --START--
INFO: Run Behavior\ShowPageTraceBehavior [ RunTime:0.000357s ]
INFO: [ app_end ] --END-- [ RunTime:0.000412s ]

[ 2016-02-19T23:44:05+08:00 ] 159.8.94.69 /index.php
INFO: [ app_init ] --START--
INFO: Run Behavior\BuildLiteBehavior [ RunTime:0.000012s ]
INFO: [ app_init ] --END-- [ RunTime:0.000264s ]
INFO: [ app_begin ] --START--
INFO: Run Behavior\ReadHtmlCacheBehavior [ RunTime:0.000349s ]
INFO: [ app_begin ] --END-- [ RunTime:0.000388s ]
SQL: SHOW COLUMNS FROM `ec_channel` [ RunTime:0.0011s ]
SQL: SHOW COLUMNS FROM `ec_channel` [ RunTime:0.0008s ]
NOTIC: [8] Undefined index: modelType /userdata/www/syinix/App/Common/Model/BaseModel.class.php 第 206 行.
NOTIC: [8] Undefined index: field /userdata/www/syinix/App/Common/Model/BaseModel.class.php 第 224 行.
SQL: SELECT * FROM `ec_channel` WHERE `cid` = 0 LIMIT 1   [ RunTime:0.0003s ]
SQL: SHOW COLUMNS FROM `ec_goods_cats` [ RunTime:0.0007s ]
SQL: SHOW COLUMNS FROM `ec_ads` [ RunTime:0.0008s ]
SQL: SHOW COLUMNS FROM `ec_article_cats` [ RunTime:0.0007s ]
SQL: SHOW COLUMNS FROM `ec_goods` [ RunTime:0.0011s ]
SQL: SHOW COLUMNS FROM `ec_goods_cats` [ RunTime:0.0007s ]
SQL: SELECT * FROM `ec_goods_cats` WHERE ( catFlag=1 and parentId=0 )  [ RunTime:0.0004s ]
SQL: SELECT * FROM `ec_goods_cats` WHERE ( catFlag=1 and parentId=342 )  [ RunTime:0.0003s ]
SQL: SELECT * FROM `ec_goods_cats` WHERE ( catFlag=1 and parentId=343 )  [ RunTime:0.0002s ]
SQL: SELECT * FROM `ec_goods_cats` WHERE ( catFlag=1 and parentId=344 )  [ RunTime:0.0003s ]
SQL: SELECT * FROM `ec_goods_cats` WHERE ( catFlag=1 and parentId=345 )  [ RunTime:0.0002s ]
SQL: SELECT * FROM `ec_goods_cats` WHERE ( catFlag=1 and parentId=346 )  [ RunTime:0.0003s ]
SQL: SELECT * FROM `ec_goods_cats` WHERE ( catFlag=1 and parentId=347 )  [ RunTime:0.0002s ]
SQL: SELECT * FROM `ec_goods_cats` WHERE ( catFlag=1 and parentId=348 )  [ RunTime:0.0002s ]
SQL: SELECT * FROM `ec_goods_cats` WHERE ( catFlag=1 and parentId=357 )  [ RunTime:0.0002s ]
SQL: SHOW COLUMNS FROM `ec_article_cats` [ RunTime:0.0007s ]
SQL: SELECT * FROM `ec_article_cats` WHERE ( catFlag=1 and parentId=32 ) ORDER BY catSort asc,catId asc  [ RunTime:0.0003s ]
SQL: SHOW COLUMNS FROM `ec_ads` [ RunTime:0.0008s ]
SQL: SELECT * FROM `ec_ads` WHERE `adPositionId` = -1 ORDER BY adSort asc  [ RunTime:0.0004s ]
SQL: SHOW COLUMNS FROM `ec_goods` [ RunTime:0.0010s ]
SQL: SELECT * FROM `ec_goods` WHERE `goodsStatus` = 1 AND `goodsFlag` = 1 AND `isRecomm` = 1  [ RunTime:0.0005s ]
INFO: [ view_parse ] --START--
INFO: [ template_filter ] --START--
INFO: Run Behavior\ContentReplaceBehavior [ RunTime:0.000079s ]
INFO: [ template_filter ] --END-- [ RunTime:0.000120s ]
INFO: Run Behavior\ParseTemplateBehavior [ RunTime:0.018131s ]
INFO: [ view_parse ] --END-- [ RunTime:0.018172s ]
INFO: [ view_filter ] --START--
INFO: Run Behavior\WriteHtmlCacheBehavior [ RunTime:0.000119s ]
INFO: [ view_filter ] --END-- [ RunTime:0.000152s ]
INFO: [ app_end ] --START--
INFO: Run Behavior\ShowPageTraceBehavior [ RunTime:0.000358s ]
INFO: [ app_end ] --END-- [ RunTime:0.000405s ]

[ 2016-02-19T23:45:07+08:00 ] 159.8.94.69 /index.php
INFO: [ app_init ] --START--
INFO: Run Behavior\BuildLiteBehavior [ RunTime:0.000013s ]
INFO: [ app_init ] --END-- [ RunTime:0.000279s ]
INFO: [ app_begin ] --START--
INFO: Run Behavior\ReadHtmlCacheBehavior [ RunTime:0.000355s ]
INFO: [ app_begin ] --END-- [ RunTime:0.000393s ]
SQL: SHOW COLUMNS FROM `ec_channel` [ RunTime:0.0011s ]
SQL: SHOW COLUMNS FROM `ec_channel` [ RunTime:0.0008s ]
NOTIC: [8] Undefined index: modelType /userdata/www/syinix/App/Common/Model/BaseModel.class.php 第 206 行.
NOTIC: [8] Undefined index: field /userdata/www/syinix/App/Common/Model/BaseModel.class.php 第 224 行.
SQL: SELECT * FROM `ec_channel` WHERE `cid` = 0 LIMIT 1   [ RunTime:0.0003s ]
SQL: SHOW COLUMNS FROM `ec_goods_cats` [ RunTime:0.0007s ]
SQL: SHOW COLUMNS FROM `ec_ads` [ RunTime:0.0008s ]
SQL: SHOW COLUMNS FROM `ec_article_cats` [ RunTime:0.0007s ]
SQL: SHOW COLUMNS FROM `ec_goods` [ RunTime:0.0011s ]
SQL: SHOW COLUMNS FROM `ec_goods_cats` [ RunTime:0.0007s ]
SQL: SELECT * FROM `ec_goods_cats` WHERE ( catFlag=1 and parentId=0 )  [ RunTime:0.0004s ]
SQL: SELECT * FROM `ec_goods_cats` WHERE ( catFlag=1 and parentId=342 )  [ RunTime:0.0003s ]
SQL: SELECT * FROM `ec_goods_cats` WHERE ( catFlag=1 and parentId=343 )  [ RunTime:0.0002s ]
SQL: SELECT * FROM `ec_goods_cats` WHERE ( catFlag=1 and parentId=344 )  [ RunTime:0.0003s ]
SQL: SELECT * FROM `ec_goods_cats` WHERE ( catFlag=1 and parentId=345 )  [ RunTime:0.0002s ]
SQL: SELECT * FROM `ec_goods_cats` WHERE ( catFlag=1 and parentId=346 )  [ RunTime:0.0002s ]
SQL: SELECT * FROM `ec_goods_cats` WHERE ( catFlag=1 and parentId=347 )  [ RunTime:0.0002s ]
SQL: SELECT * FROM `ec_goods_cats` WHERE ( catFlag=1 and parentId=348 )  [ RunTime:0.0002s ]
SQL: SELECT * FROM `ec_goods_cats` WHERE ( catFlag=1 and parentId=357 )  [ RunTime:0.0002s ]
SQL: SHOW COLUMNS FROM `ec_article_cats` [ RunTime:0.0007s ]
SQL: SELECT * FROM `ec_article_cats` WHERE ( catFlag=1 and parentId=32 ) ORDER BY catSort asc,catId asc  [ RunTime:0.0003s ]
SQL: SHOW COLUMNS FROM `ec_ads` [ RunTime:0.0008s ]
SQL: SELECT * FROM `ec_ads` WHERE `adPositionId` = -1 ORDER BY adSort asc  [ RunTime:0.0004s ]
SQL: SHOW COLUMNS FROM `ec_goods` [ RunTime:0.0011s ]
SQL: SELECT * FROM `ec_goods` WHERE `goodsStatus` = 1 AND `goodsFlag` = 1 AND `isRecomm` = 1  [ RunTime:0.0005s ]
INFO: [ view_parse ] --START--
INFO: [ template_filter ] --START--
INFO: Run Behavior\ContentReplaceBehavior [ RunTime:0.000077s ]
INFO: [ template_filter ] --END-- [ RunTime:0.000119s ]
INFO: Run Behavior\ParseTemplateBehavior [ RunTime:0.018291s ]
INFO: [ view_parse ] --END-- [ RunTime:0.018343s ]
INFO: [ view_filter ] --START--
INFO: Run Behavior\WriteHtmlCacheBehavior [ RunTime:0.000120s ]
INFO: [ view_filter ] --END-- [ RunTime:0.000154s ]
INFO: [ app_end ] --START--
INFO: Run Behavior\ShowPageTraceBehavior [ RunTime:0.000381s ]
INFO: [ app_end ] --END-- [ RunTime:0.000435s ]

[ 2016-02-19T23:46:09+08:00 ] 159.8.94.69 /index.php
INFO: [ app_init ] --START--
INFO: Run Behavior\BuildLiteBehavior [ RunTime:0.000013s ]
INFO: [ app_init ] --END-- [ RunTime:0.000281s ]
INFO: [ app_begin ] --START--
INFO: Run Behavior\ReadHtmlCacheBehavior [ RunTime:0.000345s ]
INFO: [ app_begin ] --END-- [ RunTime:0.000384s ]
SQL: SHOW COLUMNS FROM `ec_channel` [ RunTime:0.0011s ]
SQL: SHOW COLUMNS FROM `ec_channel` [ RunTime:0.0008s ]
NOTIC: [8] Undefined index: modelType /userdata/www/syinix/App/Common/Model/BaseModel.class.php 第 206 行.
NOTIC: [8] Undefined index: field /userdata/www/syinix/App/Common/Model/BaseModel.class.php 第 224 行.
SQL: SELECT * FROM `ec_channel` WHERE `cid` = 0 LIMIT 1   [ RunTime:0.0003s ]
SQL: SHOW COLUMNS FROM `ec_goods_cats` [ RunTime:0.0007s ]
SQL: SHOW COLUMNS FROM `ec_ads` [ RunTime:0.0008s ]
SQL: SHOW COLUMNS FROM `ec_article_cats` [ RunTime:0.0007s ]
SQL: SHOW COLUMNS FROM `ec_goods` [ RunTime:0.0012s ]
SQL: SHOW COLUMNS FROM `ec_goods_cats` [ RunTime:0.0007s ]
SQL: SELECT * FROM `ec_goods_cats` WHERE ( catFlag=1 and parentId=0 )  [ RunTime:0.0004s ]
SQL: SELECT * FROM `ec_goods_cats` WHERE ( catFlag=1 and parentId=342 )  [ RunTime:0.0003s ]
SQL: SELECT * FROM `ec_goods_cats` WHERE ( catFlag=1 and parentId=343 )  [ RunTime:0.0002s ]
SQL: SELECT * FROM `ec_goods_cats` WHERE ( catFlag=1 and parentId=344 )  [ RunTime:0.0003s ]
SQL: SELECT * FROM `ec_goods_cats` WHERE ( catFlag=1 and parentId=345 )  [ RunTime:0.0003s ]
SQL: SELECT * FROM `ec_goods_cats` WHERE ( catFlag=1 and parentId=346 )  [ RunTime:0.0002s ]
SQL: SELECT * FROM `ec_goods_cats` WHERE ( catFlag=1 and parentId=347 )  [ RunTime:0.0002s ]
SQL: SELECT * FROM `ec_goods_cats` WHERE ( catFlag=1 and parentId=348 )  [ RunTime:0.0003s ]
SQL: SELECT * FROM `ec_goods_cats` WHERE ( catFlag=1 and parentId=357 )  [ RunTime:0.0002s ]
SQL: SHOW COLUMNS FROM `ec_article_cats` [ RunTime:0.0007s ]
SQL: SELECT * FROM `ec_article_cats` WHERE ( catFlag=1 and parentId=32 ) ORDER BY catSort asc,catId asc  [ RunTime:0.0003s ]
SQL: SHOW COLUMNS FROM `ec_ads` [ RunTime:0.0008s ]
SQL: SELECT * FROM `ec_ads` WHERE `adPositionId` = -1 ORDER BY adSort asc  [ RunTime:0.0004s ]
SQL: SHOW COLUMNS FROM `ec_goods` [ RunTime:0.0010s ]
SQL: SELECT * FROM `ec_goods` WHERE `goodsStatus` = 1 AND `goodsFlag` = 1 AND `isRecomm` = 1  [ RunTime:0.0005s ]
INFO: [ view_parse ] --START--
INFO: [ template_filter ] --START--
INFO: Run Behavior\ContentReplaceBehavior [ RunTime:0.000077s ]
INFO: [ template_filter ] --END-- [ RunTime:0.000119s ]
INFO: Run Behavior\ParseTemplateBehavior [ RunTime:0.018092s ]
INFO: [ view_parse ] --END-- [ RunTime:0.018133s ]
INFO: [ view_filter ] --START--
INFO: Run Behavior\WriteHtmlCacheBehavior [ RunTime:0.000121s ]
INFO: [ view_filter ] --END-- [ RunTime:0.000154s ]
INFO: [ app_end ] --START--
INFO: Run Behavior\ShowPageTraceBehavior [ RunTime:0.000359s ]
INFO: [ app_end ] --END-- [ RunTime:0.000403s ]

[ 2016-02-19T23:47:16+08:00 ] 159.8.94.69 /index.php
INFO: [ app_init ] --START--
INFO: Run Behavior\BuildLiteBehavior [ RunTime:0.000013s ]
INFO: [ app_init ] --END-- [ RunTime:0.000266s ]
INFO: [ app_begin ] --START--
INFO: Run Behavior\ReadHtmlCacheBehavior [ RunTime:0.000357s ]
INFO: [ app_begin ] --END-- [ RunTime:0.000396s ]
SQL: SHOW COLUMNS FROM `ec_channel` [ RunTime:0.0011s ]
SQL: SHOW COLUMNS FROM `ec_channel` [ RunTime:0.0008s ]
NOTIC: [8] Undefined index: modelType /userdata/www/syinix/App/Common/Model/BaseModel.class.php 第 206 行.
NOTIC: [8] Undefined index: field /userdata/www/syinix/App/Common/Model/BaseModel.class.php 第 224 行.
SQL: SELECT * FROM `ec_channel` WHERE `cid` = 0 LIMIT 1   [ RunTime:0.0003s ]
SQL: SHOW COLUMNS FROM `ec_goods_cats` [ RunTime:0.0007s ]
SQL: SHOW COLUMNS FROM `ec_ads` [ RunTime:0.0008s ]
SQL: SHOW COLUMNS FROM `ec_article_cats` [ RunTime:0.0007s ]
SQL: SHOW COLUMNS FROM `ec_goods` [ RunTime:0.0011s ]
SQL: SHOW COLUMNS FROM `ec_goods_cats` [ RunTime:0.0007s ]
SQL: SELECT * FROM `ec_goods_cats` WHERE ( catFlag=1 and parentId=0 )  [ RunTime:0.0004s ]
SQL: SELECT * FROM `ec_goods_cats` WHERE ( catFlag=1 and parentId=342 )  [ RunTime:0.0003s ]
SQL: SELECT * FROM `ec_goods_cats` WHERE ( catFlag=1 and parentId=343 )  [ RunTime:0.0002s ]
SQL: SELECT * FROM `ec_goods_cats` WHERE ( catFlag=1 and parentId=344 )  [ RunTime:0.0003s ]
SQL: SELECT * FROM `ec_goods_cats` WHERE ( catFlag=1 and parentId=345 )  [ RunTime:0.0003s ]
SQL: SELECT * FROM `ec_goods_cats` WHERE ( catFlag=1 and parentId=346 )  [ RunTime:0.0002s ]
SQL: SELECT * FROM `ec_goods_cats` WHERE ( catFlag=1 and parentId=347 )  [ RunTime:0.0002s ]
SQL: SELECT * FROM `ec_goods_cats` WHERE ( catFlag=1 and parentId=348 )  [ RunTime:0.0002s ]
SQL: SELECT * FROM `ec_goods_cats` WHERE ( catFlag=1 and parentId=357 )  [ RunTime:0.0002s ]
SQL: SHOW COLUMNS FROM `ec_article_cats` [ RunTime:0.0007s ]
SQL: SELECT * FROM `ec_article_cats` WHERE ( catFlag=1 and parentId=32 ) ORDER BY catSort asc,catId asc  [ RunTime:0.0003s ]
SQL: SHOW COLUMNS FROM `ec_ads` [ RunTime:0.0008s ]
SQL: SELECT * FROM `ec_ads` WHERE `adPositionId` = -1 ORDER BY adSort asc  [ RunTime:0.0004s ]
SQL: SHOW COLUMNS FROM `ec_goods` [ RunTime:0.0011s ]
SQL: SELECT * FROM `ec_goods` WHERE `goodsStatus` = 1 AND `goodsFlag` = 1 AND `isRecomm` = 1  [ RunTime:0.0005s ]
INFO: [ view_parse ] --START--
INFO: [ template_filter ] --START--
INFO: Run Behavior\ContentReplaceBehavior [ RunTime:0.000081s ]
INFO: [ template_filter ] --END-- [ RunTime:0.000123s ]
INFO: Run Behavior\ParseTemplateBehavior [ RunTime:0.018071s ]
INFO: [ view_parse ] --END-- [ RunTime:0.018112s ]
INFO: [ view_filter ] --START--
INFO: Run Behavior\WriteHtmlCacheBehavior [ RunTime:0.000121s ]
INFO: [ view_filter ] --END-- [ RunTime:0.000154s ]
INFO: [ app_end ] --START--
INFO: Run Behavior\ShowPageTraceBehavior [ RunTime:0.000366s ]
INFO: [ app_end ] --END-- [ RunTime:0.000410s ]

[ 2016-02-19T23:48:18+08:00 ] 159.8.94.69 /index.php
INFO: [ app_init ] --START--
INFO: Run Behavior\BuildLiteBehavior [ RunTime:0.000013s ]
INFO: [ app_init ] --END-- [ RunTime:0.000267s ]
INFO: [ app_begin ] --START--
INFO: Run Behavior\ReadHtmlCacheBehavior [ RunTime:0.000358s ]
INFO: [ app_begin ] --END-- [ RunTime:0.000398s ]
SQL: SHOW COLUMNS FROM `ec_channel` [ RunTime:0.0011s ]
SQL: SHOW COLUMNS FROM `ec_channel` [ RunTime:0.0008s ]
NOTIC: [8] Undefined index: modelType /userdata/www/syinix/App/Common/Model/BaseModel.class.php 第 206 行.
NOTIC: [8] Undefined index: field /userdata/www/syinix/App/Common/Model/BaseModel.class.php 第 224 行.
SQL: SELECT * FROM `ec_channel` WHERE `cid` = 0 LIMIT 1   [ RunTime:0.0003s ]
SQL: SHOW COLUMNS FROM `ec_goods_cats` [ RunTime:0.0007s ]
SQL: SHOW COLUMNS FROM `ec_ads` [ RunTime:0.0008s ]
SQL: SHOW COLUMNS FROM `ec_article_cats` [ RunTime:0.0007s ]
SQL: SHOW COLUMNS FROM `ec_goods` [ RunTime:0.0011s ]
SQL: SHOW COLUMNS FROM `ec_goods_cats` [ RunTime:0.0007s ]
SQL: SELECT * FROM `ec_goods_cats` WHERE ( catFlag=1 and parentId=0 )  [ RunTime:0.0004s ]
SQL: SELECT * FROM `ec_goods_cats` WHERE ( catFlag=1 and parentId=342 )  [ RunTime:0.0003s ]
SQL: SELECT * FROM `ec_goods_cats` WHERE ( catFlag=1 and parentId=343 )  [ RunTime:0.0003s ]
SQL: SELECT * FROM `ec_goods_cats` WHERE ( catFlag=1 and parentId=344 )  [ RunTime:0.0003s ]
SQL: SELECT * FROM `ec_goods_cats` WHERE ( catFlag=1 and parentId=345 )  [ RunTime:0.0002s ]
SQL: SELECT * FROM `ec_goods_cats` WHERE ( catFlag=1 and parentId=346 )  [ RunTime:0.0003s ]
SQL: SELECT * FROM `ec_goods_cats` WHERE ( catFlag=1 and parentId=347 )  [ RunTime:0.0002s ]
SQL: SELECT * FROM `ec_goods_cats` WHERE ( catFlag=1 and parentId=348 )  [ RunTime:0.0002s ]
SQL: SELECT * FROM `ec_goods_cats` WHERE ( catFlag=1 and parentId=357 )  [ RunTime:0.0002s ]
SQL: SHOW COLUMNS FROM `ec_article_cats` [ RunTime:0.0007s ]
SQL: SELECT * FROM `ec_article_cats` WHERE ( catFlag=1 and parentId=32 ) ORDER BY catSort asc,catId asc  [ RunTime:0.0003s ]
SQL: SHOW COLUMNS FROM `ec_ads` [ RunTime:0.0008s ]
SQL: SELECT * FROM `ec_ads` WHERE `adPositionId` = -1 ORDER BY adSort asc  [ RunTime:0.0004s ]
SQL: SHOW COLUMNS FROM `ec_goods` [ RunTime:0.0010s ]
SQL: SELECT * FROM `ec_goods` WHERE `goodsStatus` = 1 AND `goodsFlag` = 1 AND `isRecomm` = 1  [ RunTime:0.0005s ]
INFO: [ view_parse ] --START--
INFO: [ template_filter ] --START--
INFO: Run Behavior\ContentReplaceBehavior [ RunTime:0.000078s ]
INFO: [ template_filter ] --END-- [ RunTime:0.000119s ]
INFO: Run Behavior\ParseTemplateBehavior [ RunTime:0.018017s ]
INFO: [ view_parse ] --END-- [ RunTime:0.018058s ]
INFO: [ view_filter ] --START--
INFO: Run Behavior\WriteHtmlCacheBehavior [ RunTime:0.000118s ]
INFO: [ view_filter ] --END-- [ RunTime:0.000152s ]
INFO: [ app_end ] --START--
INFO: Run Behavior\ShowPageTraceBehavior [ RunTime:0.000355s ]
INFO: [ app_end ] --END-- [ RunTime:0.000406s ]

[ 2016-02-19T23:49:21+08:00 ] 159.8.94.69 /index.php
INFO: [ app_init ] --START--
INFO: Run Behavior\BuildLiteBehavior [ RunTime:0.000012s ]
INFO: [ app_init ] --END-- [ RunTime:0.000258s ]
INFO: [ app_begin ] --START--
INFO: Run Behavior\ReadHtmlCacheBehavior [ RunTime:0.000362s ]
INFO: [ app_begin ] --END-- [ RunTime:0.000401s ]
SQL: SHOW COLUMNS FROM `ec_channel` [ RunTime:0.0010s ]
SQL: SHOW COLUMNS FROM `ec_channel` [ RunTime:0.0008s ]
NOTIC: [8] Undefined index: modelType /userdata/www/syinix/App/Common/Model/BaseModel.class.php 第 206 行.
NOTIC: [8] Undefined index: field /userdata/www/syinix/App/Common/Model/BaseModel.class.php 第 224 行.
SQL: SELECT * FROM `ec_channel` WHERE `cid` = 0 LIMIT 1   [ RunTime:0.0003s ]
SQL: SHOW COLUMNS FROM `ec_goods_cats` [ RunTime:0.0007s ]
SQL: SHOW COLUMNS FROM `ec_ads` [ RunTime:0.0008s ]
SQL: SHOW COLUMNS FROM `ec_article_cats` [ RunTime:0.0007s ]
SQL: SHOW COLUMNS FROM `ec_goods` [ RunTime:0.0011s ]
SQL: SHOW COLUMNS FROM `ec_goods_cats` [ RunTime:0.0007s ]
SQL: SELECT * FROM `ec_goods_cats` WHERE ( catFlag=1 and parentId=0 )  [ RunTime:0.0004s ]
SQL: SELECT * FROM `ec_goods_cats` WHERE ( catFlag=1 and parentId=342 )  [ RunTime:0.0003s ]
SQL: SELECT * FROM `ec_goods_cats` WHERE ( catFlag=1 and parentId=343 )  [ RunTime:0.0002s ]
SQL: SELECT * FROM `ec_goods_cats` WHERE ( catFlag=1 and parentId=344 )  [ RunTime:0.0003s ]
SQL: SELECT * FROM `ec_goods_cats` WHERE ( catFlag=1 and parentId=345 )  [ RunTime:0.0003s ]
SQL: SELECT * FROM `ec_goods_cats` WHERE ( catFlag=1 and parentId=346 )  [ RunTime:0.0002s ]
SQL: SELECT * FROM `ec_goods_cats` WHERE ( catFlag=1 and parentId=347 )  [ RunTime:0.0002s ]
SQL: SELECT * FROM `ec_goods_cats` WHERE ( catFlag=1 and parentId=348 )  [ RunTime:0.0002s ]
SQL: SELECT * FROM `ec_goods_cats` WHERE ( catFlag=1 and parentId=357 )  [ RunTime:0.0002s ]
SQL: SHOW COLUMNS FROM `ec_article_cats` [ RunTime:0.0007s ]
SQL: SELECT * FROM `ec_article_cats` WHERE ( catFlag=1 and parentId=32 ) ORDER BY catSort asc,catId asc  [ RunTime:0.0003s ]
SQL: SHOW COLUMNS FROM `ec_ads` [ RunTime:0.0008s ]
SQL: SELECT * FROM `ec_ads` WHERE `adPositionId` = -1 ORDER BY adSort asc  [ RunTime:0.0004s ]
SQL: SHOW COLUMNS FROM `ec_goods` [ RunTime:0.0011s ]
SQL: SELECT * FROM `ec_goods` WHERE `goodsStatus` = 1 AND `goodsFlag` = 1 AND `isRecomm` = 1  [ RunTime:0.0005s ]
INFO: [ view_parse ] --START--
INFO: [ template_filter ] --START--
INFO: Run Behavior\ContentReplaceBehavior [ RunTime:0.000078s ]
INFO: [ template_filter ] --END-- [ RunTime:0.000120s ]
INFO: Run Behavior\ParseTemplateBehavior [ RunTime:0.018096s ]
INFO: [ view_parse ] --END-- [ RunTime:0.018136s ]
INFO: [ view_filter ] --START--
INFO: Run Behavior\WriteHtmlCacheBehavior [ RunTime:0.000120s ]
INFO: [ view_filter ] --END-- [ RunTime:0.000153s ]
INFO: [ app_end ] --START--
INFO: Run Behavior\ShowPageTraceBehavior [ RunTime:0.000368s ]
INFO: [ app_end ] --END-- [ RunTime:0.000418s ]

[ 2016-02-19T23:50:22+08:00 ] 159.8.94.69 /index.php
INFO: [ app_init ] --START--
INFO: Run Behavior\BuildLiteBehavior [ RunTime:0.000013s ]
INFO: [ app_init ] --END-- [ RunTime:0.000266s ]
INFO: [ app_begin ] --START--
INFO: Run Behavior\ReadHtmlCacheBehavior [ RunTime:0.000361s ]
INFO: [ app_begin ] --END-- [ RunTime:0.000401s ]
SQL: SHOW COLUMNS FROM `ec_channel` [ RunTime:0.0010s ]
SQL: SHOW COLUMNS FROM `ec_channel` [ RunTime:0.0008s ]
NOTIC: [8] Undefined index: modelType /userdata/www/syinix/App/Common/Model/BaseModel.class.php 第 206 行.
NOTIC: [8] Undefined index: field /userdata/www/syinix/App/Common/Model/BaseModel.class.php 第 224 行.
SQL: SELECT * FROM `ec_channel` WHERE `cid` = 0 LIMIT 1   [ RunTime:0.0003s ]
SQL: SHOW COLUMNS FROM `ec_goods_cats` [ RunTime:0.0007s ]
SQL: SHOW COLUMNS FROM `ec_ads` [ RunTime:0.0008s ]
SQL: SHOW COLUMNS FROM `ec_article_cats` [ RunTime:0.0007s ]
SQL: SHOW COLUMNS FROM `ec_goods` [ RunTime:0.0011s ]
SQL: SHOW COLUMNS FROM `ec_goods_cats` [ RunTime:0.0007s ]
SQL: SELECT * FROM `ec_goods_cats` WHERE ( catFlag=1 and parentId=0 )  [ RunTime:0.0004s ]
SQL: SELECT * FROM `ec_goods_cats` WHERE ( catFlag=1 and parentId=342 )  [ RunTime:0.0003s ]
SQL: SELECT * FROM `ec_goods_cats` WHERE ( catFlag=1 and parentId=343 )  [ RunTime:0.0002s ]
SQL: SELECT * FROM `ec_goods_cats` WHERE ( catFlag=1 and parentId=344 )  [ RunTime:0.0003s ]
SQL: SELECT * FROM `ec_goods_cats` WHERE ( catFlag=1 and parentId=345 )  [ RunTime:0.0002s ]
SQL: SELECT * FROM `ec_goods_cats` WHERE ( catFlag=1 and parentId=346 )  [ RunTime:0.0002s ]
SQL: SELECT * FROM `ec_goods_cats` WHERE ( catFlag=1 and parentId=347 )  [ RunTime:0.0002s ]
SQL: SELECT * FROM `ec_goods_cats` WHERE ( catFlag=1 and parentId=348 )  [ RunTime:0.0002s ]
SQL: SELECT * FROM `ec_goods_cats` WHERE ( catFlag=1 and parentId=357 )  [ RunTime:0.0002s ]
SQL: SHOW COLUMNS FROM `ec_article_cats` [ RunTime:0.0007s ]
SQL: SELECT * FROM `ec_article_cats` WHERE ( catFlag=1 and parentId=32 ) ORDER BY catSort asc,catId asc  [ RunTime:0.0003s ]
SQL: SHOW COLUMNS FROM `ec_ads` [ RunTime:0.0008s ]
SQL: SELECT * FROM `ec_ads` WHERE `adPositionId` = -1 ORDER BY adSort asc  [ RunTime:0.0004s ]
SQL: SHOW COLUMNS FROM `ec_goods` [ RunTime:0.0011s ]
SQL: SELECT * FROM `ec_goods` WHERE `goodsStatus` = 1 AND `goodsFlag` = 1 AND `isRecomm` = 1  [ RunTime:0.0005s ]
INFO: [ view_parse ] --START--
INFO: [ template_filter ] --START--
INFO: Run Behavior\ContentReplaceBehavior [ RunTime:0.000079s ]
INFO: [ template_filter ] --END-- [ RunTime:0.000121s ]
INFO: Run Behavior\ParseTemplateBehavior [ RunTime:0.018156s ]
INFO: [ view_parse ] --END-- [ RunTime:0.018209s ]
INFO: [ view_filter ] --START--
INFO: Run Behavior\WriteHtmlCacheBehavior [ RunTime:0.000119s ]
INFO: [ view_filter ] --END-- [ RunTime:0.000153s ]
INFO: [ app_end ] --START--
INFO: Run Behavior\ShowPageTraceBehavior [ RunTime:0.000371s ]
INFO: [ app_end ] --END-- [ RunTime:0.000417s ]

[ 2016-02-19T23:51:24+08:00 ] 159.8.94.69 /index.php
INFO: [ app_init ] --START--
INFO: Run Behavior\BuildLiteBehavior [ RunTime:0.000013s ]
INFO: [ app_init ] --END-- [ RunTime:0.000267s ]
INFO: [ app_begin ] --START--
INFO: Run Behavior\ReadHtmlCacheBehavior [ RunTime:0.000361s ]
INFO: [ app_begin ] --END-- [ RunTime:0.000400s ]
SQL: SHOW COLUMNS FROM `ec_channel` [ RunTime:0.0011s ]
SQL: SHOW COLUMNS FROM `ec_channel` [ RunTime:0.0008s ]
NOTIC: [8] Undefined index: modelType /userdata/www/syinix/App/Common/Model/BaseModel.class.php 第 206 行.
NOTIC: [8] Undefined index: field /userdata/www/syinix/App/Common/Model/BaseModel.class.php 第 224 行.
SQL: SELECT * FROM `ec_channel` WHERE `cid` = 0 LIMIT 1   [ RunTime:0.0003s ]
SQL: SHOW COLUMNS FROM `ec_goods_cats` [ RunTime:0.0007s ]
SQL: SHOW COLUMNS FROM `ec_ads` [ RunTime:0.0008s ]
SQL: SHOW COLUMNS FROM `ec_article_cats` [ RunTime:0.0007s ]
SQL: SHOW COLUMNS FROM `ec_goods` [ RunTime:0.0011s ]
SQL: SHOW COLUMNS FROM `ec_goods_cats` [ RunTime:0.0007s ]
SQL: SELECT * FROM `ec_goods_cats` WHERE ( catFlag=1 and parentId=0 )  [ RunTime:0.0004s ]
SQL: SELECT * FROM `ec_goods_cats` WHERE ( catFlag=1 and parentId=342 )  [ RunTime:0.0003s ]
SQL: SELECT * FROM `ec_goods_cats` WHERE ( catFlag=1 and parentId=343 )  [ RunTime:0.0002s ]
SQL: SELECT * FROM `ec_goods_cats` WHERE ( catFlag=1 and parentId=344 )  [ RunTime:0.0003s ]
SQL: SELECT * FROM `ec_goods_cats` WHERE ( catFlag=1 and parentId=345 )  [ RunTime:0.0002s ]
SQL: SELECT * FROM `ec_goods_cats` WHERE ( catFlag=1 and parentId=346 )  [ RunTime:0.0002s ]
SQL: SELECT * FROM `ec_goods_cats` WHERE ( catFlag=1 and parentId=347 )  [ RunTime:0.0003s ]
SQL: SELECT * FROM `ec_goods_cats` WHERE ( catFlag=1 and parentId=348 )  [ RunTime:0.0002s ]
SQL: SELECT * FROM `ec_goods_cats` WHERE ( catFlag=1 and parentId=357 )  [ RunTime:0.0002s ]
SQL: SHOW COLUMNS FROM `ec_article_cats` [ RunTime:0.0007s ]
SQL: SELECT * FROM `ec_article_cats` WHERE ( catFlag=1 and parentId=32 ) ORDER BY catSort asc,catId asc  [ RunTime:0.0003s ]
SQL: SHOW COLUMNS FROM `ec_ads` [ RunTime:0.0008s ]
SQL: SELECT * FROM `ec_ads` WHERE `adPositionId` = -1 ORDER BY adSort asc  [ RunTime:0.0004s ]
SQL: SHOW COLUMNS FROM `ec_goods` [ RunTime:0.0010s ]
SQL: SELECT * FROM `ec_goods` WHERE `goodsStatus` = 1 AND `goodsFlag` = 1 AND `isRecomm` = 1  [ RunTime:0.0005s ]
INFO: [ view_parse ] --START--
INFO: [ template_filter ] --START--
INFO: Run Behavior\ContentReplaceBehavior [ RunTime:0.000080s ]
INFO: [ template_filter ] --END-- [ RunTime:0.000120s ]
INFO: Run Behavior\ParseTemplateBehavior [ RunTime:0.018202s ]
INFO: [ view_parse ] --END-- [ RunTime:0.018255s ]
INFO: [ view_filter ] --START--
INFO: Run Behavior\WriteHtmlCacheBehavior [ RunTime:0.000121s ]
INFO: [ view_filter ] --END-- [ RunTime:0.000155s ]
INFO: [ app_end ] --START--
INFO: Run Behavior\ShowPageTraceBehavior [ RunTime:0.000357s ]
INFO: [ app_end ] --END-- [ RunTime:0.000405s ]

[ 2016-02-19T23:52:26+08:00 ] 159.8.94.69 /index.php
INFO: [ app_init ] --START--
INFO: Run Behavior\BuildLiteBehavior [ RunTime:0.000013s ]
INFO: [ app_init ] --END-- [ RunTime:0.000275s ]
INFO: [ app_begin ] --START--
INFO: Run Behavior\ReadHtmlCacheBehavior [ RunTime:0.000343s ]
INFO: [ app_begin ] --END-- [ RunTime:0.000382s ]
SQL: SHOW COLUMNS FROM `ec_channel` [ RunTime:0.0010s ]
SQL: SHOW COLUMNS FROM `ec_channel` [ RunTime:0.0008s ]
NOTIC: [8] Undefined index: modelType /userdata/www/syinix/App/Common/Model/BaseModel.class.php 第 206 行.
NOTIC: [8] Undefined index: field /userdata/www/syinix/App/Common/Model/BaseModel.class.php 第 224 行.
SQL: SELECT * FROM `ec_channel` WHERE `cid` = 0 LIMIT 1   [ RunTime:0.0003s ]
SQL: SHOW COLUMNS FROM `ec_goods_cats` [ RunTime:0.0007s ]
SQL: SHOW COLUMNS FROM `ec_ads` [ RunTime:0.0008s ]
SQL: SHOW COLUMNS FROM `ec_article_cats` [ RunTime:0.0007s ]
SQL: SHOW COLUMNS FROM `ec_goods` [ RunTime:0.0011s ]
SQL: SHOW COLUMNS FROM `ec_goods_cats` [ RunTime:0.0007s ]
SQL: SELECT * FROM `ec_goods_cats` WHERE ( catFlag=1 and parentId=0 )  [ RunTime:0.0004s ]
SQL: SELECT * FROM `ec_goods_cats` WHERE ( catFlag=1 and parentId=342 )  [ RunTime:0.0003s ]
SQL: SELECT * FROM `ec_goods_cats` WHERE ( catFlag=1 and parentId=343 )  [ RunTime:0.0002s ]
SQL: SELECT * FROM `ec_goods_cats` WHERE ( catFlag=1 and parentId=344 )  [ RunTime:0.0003s ]
SQL: SELECT * FROM `ec_goods_cats` WHERE ( catFlag=1 and parentId=345 )  [ RunTime:0.0003s ]
SQL: SELECT * FROM `ec_goods_cats` WHERE ( catFlag=1 and parentId=346 )  [ RunTime:0.0002s ]
SQL: SELECT * FROM `ec_goods_cats` WHERE ( catFlag=1 and parentId=347 )  [ RunTime:0.0002s ]
SQL: SELECT * FROM `ec_goods_cats` WHERE ( catFlag=1 and parentId=348 )  [ RunTime:0.0002s ]
SQL: SELECT * FROM `ec_goods_cats` WHERE ( catFlag=1 and parentId=357 )  [ RunTime:0.0002s ]
SQL: SHOW COLUMNS FROM `ec_article_cats` [ RunTime:0.0007s ]
SQL: SELECT * FROM `ec_article_cats` WHERE ( catFlag=1 and parentId=32 ) ORDER BY catSort asc,catId asc  [ RunTime:0.0003s ]
SQL: SHOW COLUMNS FROM `ec_ads` [ RunTime:0.0008s ]
SQL: SELECT * FROM `ec_ads` WHERE `adPositionId` = -1 ORDER BY adSort asc  [ RunTime:0.0004s ]
SQL: SHOW COLUMNS FROM `ec_goods` [ RunTime:0.0011s ]
SQL: SELECT * FROM `ec_goods` WHERE `goodsStatus` = 1 AND `goodsFlag` = 1 AND `isRecomm` = 1  [ RunTime:0.0005s ]
INFO: [ view_parse ] --START--
INFO: [ template_filter ] --START--
INFO: Run Behavior\ContentReplaceBehavior [ RunTime:0.000078s ]
INFO: [ template_filter ] --END-- [ RunTime:0.000133s ]
INFO: Run Behavior\ParseTemplateBehavior [ RunTime:0.018081s ]
INFO: [ view_parse ] --END-- [ RunTime:0.018121s ]
INFO: [ view_filter ] --START--
INFO: Run Behavior\WriteHtmlCacheBehavior [ RunTime:0.000120s ]
INFO: [ view_filter ] --END-- [ RunTime:0.000154s ]
INFO: [ app_end ] --START--
INFO: Run Behavior\ShowPageTraceBehavior [ RunTime:0.000367s ]
INFO: [ app_end ] --END-- [ RunTime:0.000404s ]

[ 2016-02-19T23:53:31+08:00 ] 159.8.94.69 /index.php
INFO: [ app_init ] --START--
INFO: Run Behavior\BuildLiteBehavior [ RunTime:0.000012s ]
INFO: [ app_init ] --END-- [ RunTime:0.000263s ]
INFO: [ app_begin ] --START--
INFO: Run Behavior\ReadHtmlCacheBehavior [ RunTime:0.000363s ]
INFO: [ app_begin ] --END-- [ RunTime:0.000402s ]
SQL: SHOW COLUMNS FROM `ec_channel` [ RunTime:0.0011s ]
SQL: SHOW COLUMNS FROM `ec_channel` [ RunTime:0.0008s ]
NOTIC: [8] Undefined index: modelType /userdata/www/syinix/App/Common/Model/BaseModel.class.php 第 206 行.
NOTIC: [8] Undefined index: field /userdata/www/syinix/App/Common/Model/BaseModel.class.php 第 224 行.
SQL: SELECT * FROM `ec_channel` WHERE `cid` = 0 LIMIT 1   [ RunTime:0.0003s ]
SQL: SHOW COLUMNS FROM `ec_goods_cats` [ RunTime:0.0007s ]
SQL: SHOW COLUMNS FROM `ec_ads` [ RunTime:0.0008s ]
SQL: SHOW COLUMNS FROM `ec_article_cats` [ RunTime:0.0007s ]
SQL: SHOW COLUMNS FROM `ec_goods` [ RunTime:0.0011s ]
SQL: SHOW COLUMNS FROM `ec_goods_cats` [ RunTime:0.0007s ]
SQL: SELECT * FROM `ec_goods_cats` WHERE ( catFlag=1 and parentId=0 )  [ RunTime:0.0004s ]
SQL: SELECT * FROM `ec_goods_cats` WHERE ( catFlag=1 and parentId=342 )  [ RunTime:0.0003s ]
SQL: SELECT * FROM `ec_goods_cats` WHERE ( catFlag=1 and parentId=343 )  [ RunTime:0.0002s ]
SQL: SELECT * FROM `ec_goods_cats` WHERE ( catFlag=1 and parentId=344 )  [ RunTime:0.0003s ]
SQL: SELECT * FROM `ec_goods_cats` WHERE ( catFlag=1 and parentId=345 )  [ RunTime:0.0002s ]
SQL: SELECT * FROM `ec_goods_cats` WHERE ( catFlag=1 and parentId=346 )  [ RunTime:0.0002s ]
SQL: SELECT * FROM `ec_goods_cats` WHERE ( catFlag=1 and parentId=347 )  [ RunTime:0.0002s ]
SQL: SELECT * FROM `ec_goods_cats` WHERE ( catFlag=1 and parentId=348 )  [ RunTime:0.0002s ]
SQL: SELECT * FROM `ec_goods_cats` WHERE ( catFlag=1 and parentId=357 )  [ RunTime:0.0002s ]
SQL: SHOW COLUMNS FROM `ec_article_cats` [ RunTime:0.0007s ]
SQL: SELECT * FROM `ec_article_cats` WHERE ( catFlag=1 and parentId=32 ) ORDER BY catSort asc,catId asc  [ RunTime:0.0003s ]
SQL: SHOW COLUMNS FROM `ec_ads` [ RunTime:0.0008s ]
SQL: SELECT * FROM `ec_ads` WHERE `adPositionId` = -1 ORDER BY adSort asc  [ RunTime:0.0004s ]
SQL: SHOW COLUMNS FROM `ec_goods` [ RunTime:0.0010s ]
SQL: SELECT * FROM `ec_goods` WHERE `goodsStatus` = 1 AND `goodsFlag` = 1 AND `isRecomm` = 1  [ RunTime:0.0005s ]
INFO: [ view_parse ] --START--
INFO: [ template_filter ] --START--
INFO: Run Behavior\ContentReplaceBehavior [ RunTime:0.000077s ]
INFO: [ template_filter ] --END-- [ RunTime:0.000119s ]
INFO: Run Behavior\ParseTemplateBehavior [ RunTime:0.018048s ]
INFO: [ view_parse ] --END-- [ RunTime:0.018088s ]
INFO: [ view_filter ] --START--
INFO: Run Behavior\WriteHtmlCacheBehavior [ RunTime:0.000118s ]
INFO: [ view_filter ] --END-- [ RunTime:0.000152s ]
INFO: [ app_end ] --START--
INFO: Run Behavior\ShowPageTraceBehavior [ RunTime:0.000357s ]
INFO: [ app_end ] --END-- [ RunTime:0.000401s ]

[ 2016-02-19T23:54:32+08:00 ] 159.8.94.69 /index.php
INFO: [ app_init ] --START--
INFO: Run Behavior\BuildLiteBehavior [ RunTime:0.000013s ]
INFO: [ app_init ] --END-- [ RunTime:0.000277s ]
INFO: [ app_begin ] --START--
INFO: Run Behavior\ReadHtmlCacheBehavior [ RunTime:0.000348s ]
INFO: [ app_begin ] --END-- [ RunTime:0.000388s ]
SQL: SHOW COLUMNS FROM `ec_channel` [ RunTime:0.0012s ]
SQL: SHOW COLUMNS FROM `ec_channel` [ RunTime:0.0008s ]
NOTIC: [8] Undefined index: modelType /userdata/www/syinix/App/Common/Model/BaseModel.class.php 第 206 行.
NOTIC: [8] Undefined index: field /userdata/www/syinix/App/Common/Model/BaseModel.class.php 第 224 行.
SQL: SELECT * FROM `ec_channel` WHERE `cid` = 0 LIMIT 1   [ RunTime:0.0003s ]
SQL: SHOW COLUMNS FROM `ec_goods_cats` [ RunTime:0.0007s ]
SQL: SHOW COLUMNS FROM `ec_ads` [ RunTime:0.0008s ]
SQL: SHOW COLUMNS FROM `ec_article_cats` [ RunTime:0.0007s ]
SQL: SHOW COLUMNS FROM `ec_goods` [ RunTime:0.0011s ]
SQL: SHOW COLUMNS FROM `ec_goods_cats` [ RunTime:0.0007s ]
SQL: SELECT * FROM `ec_goods_cats` WHERE ( catFlag=1 and parentId=0 )  [ RunTime:0.0004s ]
SQL: SELECT * FROM `ec_goods_cats` WHERE ( catFlag=1 and parentId=342 )  [ RunTime:0.0003s ]
SQL: SELECT * FROM `ec_goods_cats` WHERE ( catFlag=1 and parentId=343 )  [ RunTime:0.0003s ]
SQL: SELECT * FROM `ec_goods_cats` WHERE ( catFlag=1 and parentId=344 )  [ RunTime:0.0003s ]
SQL: SELECT * FROM `ec_goods_cats` WHERE ( catFlag=1 and parentId=345 )  [ RunTime:0.0002s ]
SQL: SELECT * FROM `ec_goods_cats` WHERE ( catFlag=1 and parentId=346 )  [ RunTime:0.0003s ]
SQL: SELECT * FROM `ec_goods_cats` WHERE ( catFlag=1 and parentId=347 )  [ RunTime:0.0002s ]
SQL: SELECT * FROM `ec_goods_cats` WHERE ( catFlag=1 and parentId=348 )  [ RunTime:0.0002s ]
SQL: SELECT * FROM `ec_goods_cats` WHERE ( catFlag=1 and parentId=357 )  [ RunTime:0.0002s ]
SQL: SHOW COLUMNS FROM `ec_article_cats` [ RunTime:0.0007s ]
SQL: SELECT * FROM `ec_article_cats` WHERE ( catFlag=1 and parentId=32 ) ORDER BY catSort asc,catId asc  [ RunTime:0.0003s ]
SQL: SHOW COLUMNS FROM `ec_ads` [ RunTime:0.0008s ]
SQL: SELECT * FROM `ec_ads` WHERE `adPositionId` = -1 ORDER BY adSort asc  [ RunTime:0.0004s ]
SQL: SHOW COLUMNS FROM `ec_goods` [ RunTime:0.0011s ]
SQL: SELECT * FROM `ec_goods` WHERE `goodsStatus` = 1 AND `goodsFlag` = 1 AND `isRecomm` = 1  [ RunTime:0.0005s ]
INFO: [ view_parse ] --START--
INFO: [ template_filter ] --START--
INFO: Run Behavior\ContentReplaceBehavior [ RunTime:0.000082s ]
INFO: [ template_filter ] --END-- [ RunTime:0.000125s ]
INFO: Run Behavior\ParseTemplateBehavior [ RunTime:0.018170s ]
INFO: [ view_parse ] --END-- [ RunTime:0.018210s ]
INFO: [ view_filter ] --START--
INFO: Run Behavior\WriteHtmlCacheBehavior [ RunTime:0.000122s ]
INFO: [ view_filter ] --END-- [ RunTime:0.000155s ]
INFO: [ app_end ] --START--
INFO: Run Behavior\ShowPageTraceBehavior [ RunTime:0.000374s ]
INFO: [ app_end ] --END-- [ RunTime:0.000413s ]

[ 2016-02-19T23:55:34+08:00 ] 159.8.94.69 /index.php
INFO: [ app_init ] --START--
INFO: Run Behavior\BuildLiteBehavior [ RunTime:0.000012s ]
INFO: [ app_init ] --END-- [ RunTime:0.000265s ]
INFO: [ app_begin ] --START--
INFO: Run Behavior\ReadHtmlCacheBehavior [ RunTime:0.000389s ]
INFO: [ app_begin ] --END-- [ RunTime:0.000428s ]
SQL: SHOW COLUMNS FROM `ec_channel` [ RunTime:0.0011s ]
SQL: SHOW COLUMNS FROM `ec_channel` [ RunTime:0.0009s ]
NOTIC: [8] Undefined index: modelType /userdata/www/syinix/App/Common/Model/BaseModel.class.php 第 206 行.
NOTIC: [8] Undefined index: field /userdata/www/syinix/App/Common/Model/BaseModel.class.php 第 224 行.
SQL: SELECT * FROM `ec_channel` WHERE `cid` = 0 LIMIT 1   [ RunTime:0.0017s ]
SQL: SHOW COLUMNS FROM `ec_goods_cats` [ RunTime:0.0008s ]
SQL: SHOW COLUMNS FROM `ec_ads` [ RunTime:0.0009s ]
SQL: SHOW COLUMNS FROM `ec_article_cats` [ RunTime:0.0007s ]
SQL: SHOW COLUMNS FROM `ec_goods` [ RunTime:0.0012s ]
SQL: SHOW COLUMNS FROM `ec_goods_cats` [ RunTime:0.0008s ]
SQL: SELECT * FROM `ec_goods_cats` WHERE ( catFlag=1 and parentId=0 )  [ RunTime:0.0004s ]
SQL: SELECT * FROM `ec_goods_cats` WHERE ( catFlag=1 and parentId=342 )  [ RunTime:0.0003s ]
SQL: SELECT * FROM `ec_goods_cats` WHERE ( catFlag=1 and parentId=343 )  [ RunTime:0.0002s ]
SQL: SELECT * FROM `ec_goods_cats` WHERE ( catFlag=1 and parentId=344 )  [ RunTime:0.0003s ]
SQL: SELECT * FROM `ec_goods_cats` WHERE ( catFlag=1 and parentId=345 )  [ RunTime:0.0003s ]
SQL: SELECT * FROM `ec_goods_cats` WHERE ( catFlag=1 and parentId=346 )  [ RunTime:0.0003s ]
SQL: SELECT * FROM `ec_goods_cats` WHERE ( catFlag=1 and parentId=347 )  [ RunTime:0.0002s ]
SQL: SELECT * FROM `ec_goods_cats` WHERE ( catFlag=1 and parentId=348 )  [ RunTime:0.0003s ]
SQL: SELECT * FROM `ec_goods_cats` WHERE ( catFlag=1 and parentId=357 )  [ RunTime:0.0002s ]
SQL: SHOW COLUMNS FROM `ec_article_cats` [ RunTime:0.0008s ]
SQL: SELECT * FROM `ec_article_cats` WHERE ( catFlag=1 and parentId=32 ) ORDER BY catSort asc,catId asc  [ RunTime:0.0003s ]
SQL: SHOW COLUMNS FROM `ec_ads` [ RunTime:0.0009s ]
SQL: SELECT * FROM `ec_ads` WHERE `adPositionId` = -1 ORDER BY adSort asc  [ RunTime:0.0004s ]
SQL: SHOW COLUMNS FROM `ec_goods` [ RunTime:0.0011s ]
SQL: SELECT * FROM `ec_goods` WHERE `goodsStatus` = 1 AND `goodsFlag` = 1 AND `isRecomm` = 1  [ RunTime:0.0006s ]
INFO: [ view_parse ] --START--
INFO: [ template_filter ] --START--
INFO: Run Behavior\ContentReplaceBehavior [ RunTime:0.000099s ]
INFO: [ template_filter ] --END-- [ RunTime:0.000144s ]
INFO: Run Behavior\ParseTemplateBehavior [ RunTime:0.019126s ]
INFO: [ view_parse ] --END-- [ RunTime:0.019167s ]
INFO: [ view_filter ] --START--
INFO: Run Behavior\WriteHtmlCacheBehavior [ RunTime:0.000127s ]
INFO: [ view_filter ] --END-- [ RunTime:0.000160s ]
INFO: [ app_end ] --START--
INFO: Run Behavior\ShowPageTraceBehavior [ RunTime:0.000388s ]
INFO: [ app_end ] --END-- [ RunTime:0.000429s ]

[ 2016-02-19T23:56:36+08:00 ] 159.8.94.69 /index.php
INFO: [ app_init ] --START--
INFO: Run Behavior\BuildLiteBehavior [ RunTime:0.000013s ]
INFO: [ app_init ] --END-- [ RunTime:0.000281s ]
INFO: [ app_begin ] --START--
INFO: Run Behavior\ReadHtmlCacheBehavior [ RunTime:0.000363s ]
INFO: [ app_begin ] --END-- [ RunTime:0.000402s ]
SQL: SHOW COLUMNS FROM `ec_channel` [ RunTime:0.0012s ]
SQL: SHOW COLUMNS FROM `ec_channel` [ RunTime:0.0008s ]
NOTIC: [8] Undefined index: modelType /userdata/www/syinix/App/Common/Model/BaseModel.class.php 第 206 行.
NOTIC: [8] Undefined index: field /userdata/www/syinix/App/Common/Model/BaseModel.class.php 第 224 行.
SQL: SELECT * FROM `ec_channel` WHERE `cid` = 0 LIMIT 1   [ RunTime:0.0003s ]
SQL: SHOW COLUMNS FROM `ec_goods_cats` [ RunTime:0.0007s ]
SQL: SHOW COLUMNS FROM `ec_ads` [ RunTime:0.0008s ]
SQL: SHOW COLUMNS FROM `ec_article_cats` [ RunTime:0.0007s ]
SQL: SHOW COLUMNS FROM `ec_goods` [ RunTime:0.0011s ]
SQL: SHOW COLUMNS FROM `ec_goods_cats` [ RunTime:0.0007s ]
SQL: SELECT * FROM `ec_goods_cats` WHERE ( catFlag=1 and parentId=0 )  [ RunTime:0.0004s ]
SQL: SELECT * FROM `ec_goods_cats` WHERE ( catFlag=1 and parentId=342 )  [ RunTime:0.0003s ]
SQL: SELECT * FROM `ec_goods_cats` WHERE ( catFlag=1 and parentId=343 )  [ RunTime:0.0002s ]
SQL: SELECT * FROM `ec_goods_cats` WHERE ( catFlag=1 and parentId=344 )  [ RunTime:0.0003s ]
SQL: SELECT * FROM `ec_goods_cats` WHERE ( catFlag=1 and parentId=345 )  [ RunTime:0.0002s ]
SQL: SELECT * FROM `ec_goods_cats` WHERE ( catFlag=1 and parentId=346 )  [ RunTime:0.0002s ]
SQL: SELECT * FROM `ec_goods_cats` WHERE ( catFlag=1 and parentId=347 )  [ RunTime:0.0002s ]
SQL: SELECT * FROM `ec_goods_cats` WHERE ( catFlag=1 and parentId=348 )  [ RunTime:0.0002s ]
SQL: SELECT * FROM `ec_goods_cats` WHERE ( catFlag=1 and parentId=357 )  [ RunTime:0.0002s ]
SQL: SHOW COLUMNS FROM `ec_article_cats` [ RunTime:0.0007s ]
SQL: SELECT * FROM `ec_article_cats` WHERE ( catFlag=1 and parentId=32 ) ORDER BY catSort asc,catId asc  [ RunTime:0.0003s ]
SQL: SHOW COLUMNS FROM `ec_ads` [ RunTime:0.0008s ]
SQL: SELECT * FROM `ec_ads` WHERE `adPositionId` = -1 ORDER BY adSort asc  [ RunTime:0.0004s ]
SQL: SHOW COLUMNS FROM `ec_goods` [ RunTime:0.0011s ]
SQL: SELECT * FROM `ec_goods` WHERE `goodsStatus` = 1 AND `goodsFlag` = 1 AND `isRecomm` = 1  [ RunTime:0.0005s ]
INFO: [ view_parse ] --START--
INFO: [ template_filter ] --START--
INFO: Run Behavior\ContentReplaceBehavior [ RunTime:0.000083s ]
INFO: [ template_filter ] --END-- [ RunTime:0.000126s ]
INFO: Run Behavior\ParseTemplateBehavior [ RunTime:0.018153s ]
INFO: [ view_parse ] --END-- [ RunTime:0.018195s ]
INFO: [ view_filter ] --START--
INFO: Run Behavior\WriteHtmlCacheBehavior [ RunTime:0.000121s ]
INFO: [ view_filter ] --END-- [ RunTime:0.000155s ]
INFO: [ app_end ] --START--
INFO: Run Behavior\ShowPageTraceBehavior [ RunTime:0.000364s ]
INFO: [ app_end ] --END-- [ RunTime:0.000402s ]

[ 2016-02-19T23:57:39+08:00 ] 159.8.94.69 /index.php
INFO: [ app_init ] --START--
INFO: Run Behavior\BuildLiteBehavior [ RunTime:0.000012s ]
INFO: [ app_init ] --END-- [ RunTime:0.000265s ]
INFO: [ app_begin ] --START--
INFO: Run Behavior\ReadHtmlCacheBehavior [ RunTime:0.000363s ]
INFO: [ app_begin ] --END-- [ RunTime:0.000404s ]
SQL: SHOW COLUMNS FROM `ec_channel` [ RunTime:0.0011s ]
SQL: SHOW COLUMNS FROM `ec_channel` [ RunTime:0.0008s ]
NOTIC: [8] Undefined index: modelType /userdata/www/syinix/App/Common/Model/BaseModel.class.php 第 206 行.
NOTIC: [8] Undefined index: field /userdata/www/syinix/App/Common/Model/BaseModel.class.php 第 224 行.
SQL: SELECT * FROM `ec_channel` WHERE `cid` = 0 LIMIT 1   [ RunTime:0.0003s ]
SQL: SHOW COLUMNS FROM `ec_goods_cats` [ RunTime:0.0008s ]
SQL: SHOW COLUMNS FROM `ec_ads` [ RunTime:0.0008s ]
SQL: SHOW COLUMNS FROM `ec_article_cats` [ RunTime:0.0007s ]
SQL: SHOW COLUMNS FROM `ec_goods` [ RunTime:0.0011s ]
SQL: SHOW COLUMNS FROM `ec_goods_cats` [ RunTime:0.0007s ]
SQL: SELECT * FROM `ec_goods_cats` WHERE ( catFlag=1 and parentId=0 )  [ RunTime:0.0004s ]
SQL: SELECT * FROM `ec_goods_cats` WHERE ( catFlag=1 and parentId=342 )  [ RunTime:0.0003s ]
SQL: SELECT * FROM `ec_goods_cats` WHERE ( catFlag=1 and parentId=343 )  [ RunTime:0.0002s ]
SQL: SELECT * FROM `ec_goods_cats` WHERE ( catFlag=1 and parentId=344 )  [ RunTime:0.0003s ]
SQL: SELECT * FROM `ec_goods_cats` WHERE ( catFlag=1 and parentId=345 )  [ RunTime:0.0002s ]
SQL: SELECT * FROM `ec_goods_cats` WHERE ( catFlag=1 and parentId=346 )  [ RunTime:0.0002s ]
SQL: SELECT * FROM `ec_goods_cats` WHERE ( catFlag=1 and parentId=347 )  [ RunTime:0.0002s ]
SQL: SELECT * FROM `ec_goods_cats` WHERE ( catFlag=1 and parentId=348 )  [ RunTime:0.0002s ]
SQL: SELECT * FROM `ec_goods_cats` WHERE ( catFlag=1 and parentId=357 )  [ RunTime:0.0002s ]
SQL: SHOW COLUMNS FROM `ec_article_cats` [ RunTime:0.0007s ]
SQL: SELECT * FROM `ec_article_cats` WHERE ( catFlag=1 and parentId=32 ) ORDER BY catSort asc,catId asc  [ RunTime:0.0003s ]
SQL: SHOW COLUMNS FROM `ec_ads` [ RunTime:0.0008s ]
SQL: SELECT * FROM `ec_ads` WHERE `adPositionId` = -1 ORDER BY adSort asc  [ RunTime:0.0004s ]
SQL: SHOW COLUMNS FROM `ec_goods` [ RunTime:0.0011s ]
SQL: SELECT * FROM `ec_goods` WHERE `goodsStatus` = 1 AND `goodsFlag` = 1 AND `isRecomm` = 1  [ RunTime:0.0005s ]
INFO: [ view_parse ] --START--
INFO: [ template_filter ] --START--
INFO: Run Behavior\ContentReplaceBehavior [ RunTime:0.000078s ]
INFO: [ template_filter ] --END-- [ RunTime:0.000120s ]
INFO: Run Behavior\ParseTemplateBehavior [ RunTime:0.018201s ]
INFO: [ view_parse ] --END-- [ RunTime:0.018241s ]
INFO: [ view_filter ] --START--
INFO: Run Behavior\WriteHtmlCacheBehavior [ RunTime:0.000121s ]
INFO: [ view_filter ] --END-- [ RunTime:0.000155s ]
INFO: [ app_end ] --START--
INFO: Run Behavior\ShowPageTraceBehavior [ RunTime:0.000360s ]
INFO: [ app_end ] --END-- [ RunTime:0.000405s ]

[ 2016-02-19T23:58:42+08:00 ] 159.8.94.69 /index.php
INFO: [ app_init ] --START--
INFO: Run Behavior\BuildLiteBehavior [ RunTime:0.000017s ]
INFO: [ app_init ] --END-- [ RunTime:0.000283s ]
INFO: [ app_begin ] --START--
INFO: Run Behavior\ReadHtmlCacheBehavior [ RunTime:0.000348s ]
INFO: [ app_begin ] --END-- [ RunTime:0.000387s ]
SQL: SHOW COLUMNS FROM `ec_channel` [ RunTime:0.0011s ]
SQL: SHOW COLUMNS FROM `ec_channel` [ RunTime:0.0008s ]
NOTIC: [8] Undefined index: modelType /userdata/www/syinix/App/Common/Model/BaseModel.class.php 第 206 行.
NOTIC: [8] Undefined index: field /userdata/www/syinix/App/Common/Model/BaseModel.class.php 第 224 行.
SQL: SELECT * FROM `ec_channel` WHERE `cid` = 0 LIMIT 1   [ RunTime:0.0003s ]
SQL: SHOW COLUMNS FROM `ec_goods_cats` [ RunTime:0.0008s ]
SQL: SHOW COLUMNS FROM `ec_ads` [ RunTime:0.0008s ]
SQL: SHOW COLUMNS FROM `ec_article_cats` [ RunTime:0.0007s ]
SQL: SHOW COLUMNS FROM `ec_goods` [ RunTime:0.0011s ]
SQL: SHOW COLUMNS FROM `ec_goods_cats` [ RunTime:0.0007s ]
SQL: SELECT * FROM `ec_goods_cats` WHERE ( catFlag=1 and parentId=0 )  [ RunTime:0.0004s ]
SQL: SELECT * FROM `ec_goods_cats` WHERE ( catFlag=1 and parentId=342 )  [ RunTime:0.0003s ]
SQL: SELECT * FROM `ec_goods_cats` WHERE ( catFlag=1 and parentId=343 )  [ RunTime:0.0002s ]
SQL: SELECT * FROM `ec_goods_cats` WHERE ( catFlag=1 and parentId=344 )  [ RunTime:0.0003s ]
SQL: SELECT * FROM `ec_goods_cats` WHERE ( catFlag=1 and parentId=345 )  [ RunTime:0.0002s ]
SQL: SELECT * FROM `ec_goods_cats` WHERE ( catFlag=1 and parentId=346 )  [ RunTime:0.0002s ]
SQL: SELECT * FROM `ec_goods_cats` WHERE ( catFlag=1 and parentId=347 )  [ RunTime:0.0003s ]
SQL: SELECT * FROM `ec_goods_cats` WHERE ( catFlag=1 and parentId=348 )  [ RunTime:0.0002s ]
SQL: SELECT * FROM `ec_goods_cats` WHERE ( catFlag=1 and parentId=357 )  [ RunTime:0.0002s ]
SQL: SHOW COLUMNS FROM `ec_article_cats` [ RunTime:0.0007s ]
SQL: SELECT * FROM `ec_article_cats` WHERE ( catFlag=1 and parentId=32 ) ORDER BY catSort asc,catId asc  [ RunTime:0.0003s ]
SQL: SHOW COLUMNS FROM `ec_ads` [ RunTime:0.0008s ]
SQL: SELECT * FROM `ec_ads` WHERE `adPositionId` = -1 ORDER BY adSort asc  [ RunTime:0.0004s ]
SQL: SHOW COLUMNS FROM `ec_goods` [ RunTime:0.0011s ]
SQL: SELECT * FROM `ec_goods` WHERE `goodsStatus` = 1 AND `goodsFlag` = 1 AND `isRecomm` = 1  [ RunTime:0.0005s ]
INFO: [ view_parse ] --START--
INFO: [ template_filter ] --START--
INFO: Run Behavior\ContentReplaceBehavior [ RunTime:0.000082s ]
INFO: [ template_filter ] --END-- [ RunTime:0.000125s ]
INFO: Run Behavior\ParseTemplateBehavior [ RunTime:0.018245s ]
INFO: [ view_parse ] --END-- [ RunTime:0.018286s ]
INFO: [ view_filter ] --START--
INFO: Run Behavior\WriteHtmlCacheBehavior [ RunTime:0.000123s ]
INFO: [ view_filter ] --END-- [ RunTime:0.000158s ]
INFO: [ app_end ] --START--
INFO: Run Behavior\ShowPageTraceBehavior [ RunTime:0.000362s ]
INFO: [ app_end ] --END-- [ RunTime:0.000400s ]

[ 2016-02-19T23:59:44+08:00 ] 159.8.94.69 /index.php
INFO: [ app_init ] --START--
INFO: Run Behavior\BuildLiteBehavior [ RunTime:0.000012s ]
INFO: [ app_init ] --END-- [ RunTime:0.000266s ]
INFO: [ app_begin ] --START--
INFO: Run Behavior\ReadHtmlCacheBehavior [ RunTime:0.000362s ]
INFO: [ app_begin ] --END-- [ RunTime:0.000401s ]
SQL: SHOW COLUMNS FROM `ec_channel` [ RunTime:0.0012s ]
SQL: SHOW COLUMNS FROM `ec_channel` [ RunTime:0.0008s ]
NOTIC: [8] Undefined index: modelType /userdata/www/syinix/App/Common/Model/BaseModel.class.php 第 206 行.
NOTIC: [8] Undefined index: field /userdata/www/syinix/App/Common/Model/BaseModel.class.php 第 224 行.
SQL: SELECT * FROM `ec_channel` WHERE `cid` = 0 LIMIT 1   [ RunTime:0.0003s ]
SQL: SHOW COLUMNS FROM `ec_goods_cats` [ RunTime:0.0007s ]
SQL: SHOW COLUMNS FROM `ec_ads` [ RunTime:0.0008s ]
SQL: SHOW COLUMNS FROM `ec_article_cats` [ RunTime:0.0007s ]
SQL: SHOW COLUMNS FROM `ec_goods` [ RunTime:0.0011s ]
SQL: SHOW COLUMNS FROM `ec_goods_cats` [ RunTime:0.0007s ]
SQL: SELECT * FROM `ec_goods_cats` WHERE ( catFlag=1 and parentId=0 )  [ RunTime:0.0004s ]
SQL: SELECT * FROM `ec_goods_cats` WHERE ( catFlag=1 and parentId=342 )  [ RunTime:0.0003s ]
SQL: SELECT * FROM `ec_goods_cats` WHERE ( catFlag=1 and parentId=343 )  [ RunTime:0.0002s ]
SQL: SELECT * FROM `ec_goods_cats` WHERE ( catFlag=1 and parentId=344 )  [ RunTime:0.0003s ]
SQL: SELECT * FROM `ec_goods_cats` WHERE ( catFlag=1 and parentId=345 )  [ RunTime:0.0003s ]
SQL: SELECT * FROM `ec_goods_cats` WHERE ( catFlag=1 and parentId=346 )  [ RunTime:0.0002s ]
SQL: SELECT * FROM `ec_goods_cats` WHERE ( catFlag=1 and parentId=347 )  [ RunTime:0.0002s ]
SQL: SELECT * FROM `ec_goods_cats` WHERE ( catFlag=1 and parentId=348 )  [ RunTime:0.0003s ]
SQL: SELECT * FROM `ec_goods_cats` WHERE ( catFlag=1 and parentId=357 )  [ RunTime:0.0002s ]
SQL: SHOW COLUMNS FROM `ec_article_cats` [ RunTime:0.0007s ]
SQL: SELECT * FROM `ec_article_cats` WHERE ( catFlag=1 and parentId=32 ) ORDER BY catSort asc,catId asc  [ RunTime:0.0003s ]
SQL: SHOW COLUMNS FROM `ec_ads` [ RunTime:0.0008s ]
SQL: SELECT * FROM `ec_ads` WHERE `adPositionId` = -1 ORDER BY adSort asc  [ RunTime:0.0004s ]
SQL: SHOW COLUMNS FROM `ec_goods` [ RunTime:0.0010s ]
SQL: SELECT * FROM `ec_goods` WHERE `goodsStatus` = 1 AND `goodsFlag` = 1 AND `isRecomm` = 1  [ RunTime:0.0005s ]
INFO: [ view_parse ] --START--
INFO: [ template_filter ] --START--
INFO: Run Behavior\ContentReplaceBehavior [ RunTime:0.000082s ]
INFO: [ template_filter ] --END-- [ RunTime:0.000125s ]
INFO: Run Behavior\ParseTemplateBehavior [ RunTime:0.018287s ]
INFO: [ view_parse ] --END-- [ RunTime:0.018329s ]
INFO: [ view_filter ] --START--
INFO: Run Behavior\WriteHtmlCacheBehavior [ RunTime:0.000123s ]
INFO: [ view_filter ] --END-- [ RunTime:0.000167s ]
INFO: [ app_end ] --START--
INFO: Run Behavior\ShowPageTraceBehavior [ RunTime:0.000363s ]
INFO: [ app_end ] --END-- [ RunTime:0.000401s ]

