[ 2016-01-29T23:33:57+08:00 ] 159.8.94.69 /index.php
INFO: [ app_init ] --START--
INFO: Run Behavior\BuildLiteBehavior [ RunTime:0.000012s ]
INFO: [ app_init ] --END-- [ RunTime:0.000265s ]
INFO: [ app_begin ] --START--
INFO: Run Behavior\ReadHtmlCacheBehavior [ RunTime:0.000359s ]
INFO: [ app_begin ] --END-- [ RunTime:0.000397s ]
SQL: SHOW COLUMNS FROM `ec_channel` [ RunTime:0.0011s ]
SQL: SHOW COLUMNS FROM `ec_channel` [ RunTime:0.0008s ]
NOTIC: [8] Undefined index: modelType /userdata/www/syinix/App/Common/Model/BaseModel.class.php 第 206 行.
NOTIC: [8] Undefined index: field /userdata/www/syinix/App/Common/Model/BaseModel.class.php 第 224 行.
SQL: SELECT * FROM `ec_channel` WHERE `cid` = 0 LIMIT 1   [ RunTime:0.0003s ]
SQL: SHOW COLUMNS FROM `ec_goods_cats` [ RunTime:0.0007s ]
SQL: SHOW COLUMNS FROM `ec_ads` [ RunTime:0.0008s ]
SQL: SHOW COLUMNS FROM `ec_article_cats` [ RunTime:0.0007s ]
SQL: SHOW COLUMNS FROM `ec_goods` [ RunTime:0.0011s ]
SQL: SHOW COLUMNS FROM `ec_goods_cats` [ RunTime:0.0007s ]
SQL: SELECT * FROM `ec_goods_cats` WHERE ( catFlag=1 and parentId=0 )  [ RunTime:0.0004s ]
SQL: SELECT * FROM `ec_goods_cats` WHERE ( catFlag=1 and parentId=342 )  [ RunTime:0.0003s ]
SQL: SELECT * FROM `ec_goods_cats` WHERE ( catFlag=1 and parentId=343 )  [ RunTime:0.0002s ]
SQL: SELECT * FROM `ec_goods_cats` WHERE ( catFlag=1 and parentId=344 )  [ RunTime:0.0003s ]
SQL: SELECT * FROM `ec_goods_cats` WHERE ( catFlag=1 and parentId=345 )  [ RunTime:0.0002s ]
SQL: SELECT * FROM `ec_goods_cats` WHERE ( catFlag=1 and parentId=346 )  [ RunTime:0.0002s ]
SQL: SELECT * FROM `ec_goods_cats` WHERE ( catFlag=1 and parentId=347 )  [ RunTime:0.0002s ]
SQL: SELECT * FROM `ec_goods_cats` WHERE ( catFlag=1 and parentId=348 )  [ RunTime:0.0002s ]
SQL: SELECT * FROM `ec_goods_cats` WHERE ( catFlag=1 and parentId=357 )  [ RunTime:0.0002s ]
SQL: SHOW COLUMNS FROM `ec_article_cats` [ RunTime:0.0007s ]
SQL: SELECT * FROM `ec_article_cats` WHERE ( catFlag=1 and parentId=32 ) ORDER BY catSort asc,catId asc  [ RunTime:0.0003s ]
SQL: SHOW COLUMNS FROM `ec_ads` [ RunTime:0.0008s ]
SQL: SELECT * FROM `ec_ads` WHERE `adPositionId` = -1 ORDER BY adSort asc  [ RunTime:0.0004s ]
SQL: SHOW COLUMNS FROM `ec_goods` [ RunTime:0.0011s ]
SQL: SELECT * FROM `ec_goods` WHERE `goodsStatus` = 1 AND `goodsFlag` = 1 AND `isRecomm` = 1  [ RunTime:0.0005s ]
INFO: [ view_parse ] --START--
INFO: [ template_filter ] --START--
INFO: Run Behavior\ContentReplaceBehavior [ RunTime:0.000088s ]
INFO: [ template_filter ] --END-- [ RunTime:0.000130s ]
INFO: Run Behavior\ParseTemplateBehavior [ RunTime:0.018077s ]
INFO: [ view_parse ] --END-- [ RunTime:0.018118s ]
INFO: [ view_filter ] --START--
INFO: Run Behavior\WriteHtmlCacheBehavior [ RunTime:0.000117s ]
INFO: [ view_filter ] --END-- [ RunTime:0.000150s ]
INFO: [ app_end ] --START--
INFO: Run Behavior\ShowPageTraceBehavior [ RunTime:0.000354s ]
INFO: [ app_end ] --END-- [ RunTime:0.000405s ]

[ 2016-01-29T23:34:59+08:00 ] 159.8.94.69 /index.php
INFO: [ app_init ] --START--
INFO: Run Behavior\BuildLiteBehavior [ RunTime:0.000012s ]
INFO: [ app_init ] --END-- [ RunTime:0.000265s ]
INFO: [ app_begin ] --START--
INFO: Run Behavior\ReadHtmlCacheBehavior [ RunTime:0.000354s ]
INFO: [ app_begin ] --END-- [ RunTime:0.000393s ]
SQL: SHOW COLUMNS FROM `ec_channel` [ RunTime:0.0010s ]
SQL: SHOW COLUMNS FROM `ec_channel` [ RunTime:0.0008s ]
NOTIC: [8] Undefined index: modelType /userdata/www/syinix/App/Common/Model/BaseModel.class.php 第 206 行.
NOTIC: [8] Undefined index: field /userdata/www/syinix/App/Common/Model/BaseModel.class.php 第 224 行.
SQL: SELECT * FROM `ec_channel` WHERE `cid` = 0 LIMIT 1   [ RunTime:0.0003s ]
SQL: SHOW COLUMNS FROM `ec_goods_cats` [ RunTime:0.0007s ]
SQL: SHOW COLUMNS FROM `ec_ads` [ RunTime:0.0008s ]
SQL: SHOW COLUMNS FROM `ec_article_cats` [ RunTime:0.0007s ]
SQL: SHOW COLUMNS FROM `ec_goods` [ RunTime:0.0011s ]
SQL: SHOW COLUMNS FROM `ec_goods_cats` [ RunTime:0.0007s ]
SQL: SELECT * FROM `ec_goods_cats` WHERE ( catFlag=1 and parentId=0 )  [ RunTime:0.0004s ]
SQL: SELECT * FROM `ec_goods_cats` WHERE ( catFlag=1 and parentId=342 )  [ RunTime:0.0003s ]
SQL: SELECT * FROM `ec_goods_cats` WHERE ( catFlag=1 and parentId=343 )  [ RunTime:0.0002s ]
SQL: SELECT * FROM `ec_goods_cats` WHERE ( catFlag=1 and parentId=344 )  [ RunTime:0.0003s ]
SQL: SELECT * FROM `ec_goods_cats` WHERE ( catFlag=1 and parentId=345 )  [ RunTime:0.0002s ]
SQL: SELECT * FROM `ec_goods_cats` WHERE ( catFlag=1 and parentId=346 )  [ RunTime:0.0002s ]
SQL: SELECT * FROM `ec_goods_cats` WHERE ( catFlag=1 and parentId=347 )  [ RunTime:0.0002s ]
SQL: SELECT * FROM `ec_goods_cats` WHERE ( catFlag=1 and parentId=348 )  [ RunTime:0.0002s ]
SQL: SELECT * FROM `ec_goods_cats` WHERE ( catFlag=1 and parentId=357 )  [ RunTime:0.0002s ]
SQL: SHOW COLUMNS FROM `ec_article_cats` [ RunTime:0.0007s ]
SQL: SELECT * FROM `ec_article_cats` WHERE ( catFlag=1 and parentId=32 ) ORDER BY catSort asc,catId asc  [ RunTime:0.0003s ]
SQL: SHOW COLUMNS FROM `ec_ads` [ RunTime:0.0008s ]
SQL: SELECT * FROM `ec_ads` WHERE `adPositionId` = -1 ORDER BY adSort asc  [ RunTime:0.0004s ]
SQL: SHOW COLUMNS FROM `ec_goods` [ RunTime:0.0011s ]
SQL: SELECT * FROM `ec_goods` WHERE `goodsStatus` = 1 AND `goodsFlag` = 1 AND `isRecomm` = 1  [ RunTime:0.0005s ]
INFO: [ view_parse ] --START--
INFO: [ template_filter ] --START--
INFO: Run Behavior\ContentReplaceBehavior [ RunTime:0.000085s ]
INFO: [ template_filter ] --END-- [ RunTime:0.000131s ]
INFO: Run Behavior\ParseTemplateBehavior [ RunTime:0.018411s ]
INFO: [ view_parse ] --END-- [ RunTime:0.018454s ]
INFO: [ view_filter ] --START--
INFO: Run Behavior\WriteHtmlCacheBehavior [ RunTime:0.000126s ]
INFO: [ view_filter ] --END-- [ RunTime:0.000160s ]
INFO: [ app_end ] --START--
INFO: Run Behavior\ShowPageTraceBehavior [ RunTime:0.000391s ]
INFO: [ app_end ] --END-- [ RunTime:0.000436s ]

[ 2016-01-29T23:36:01+08:00 ] 159.8.94.69 /index.php
INFO: [ app_init ] --START--
INFO: Run Behavior\BuildLiteBehavior [ RunTime:0.000013s ]
INFO: [ app_init ] --END-- [ RunTime:0.000266s ]
INFO: [ app_begin ] --START--
INFO: Run Behavior\ReadHtmlCacheBehavior [ RunTime:0.000364s ]
INFO: [ app_begin ] --END-- [ RunTime:0.000403s ]
SQL: SHOW COLUMNS FROM `ec_channel` [ RunTime:0.0011s ]
SQL: SHOW COLUMNS FROM `ec_channel` [ RunTime:0.0008s ]
NOTIC: [8] Undefined index: modelType /userdata/www/syinix/App/Common/Model/BaseModel.class.php 第 206 行.
NOTIC: [8] Undefined index: field /userdata/www/syinix/App/Common/Model/BaseModel.class.php 第 224 行.
SQL: SELECT * FROM `ec_channel` WHERE `cid` = 0 LIMIT 1   [ RunTime:0.0003s ]
SQL: SHOW COLUMNS FROM `ec_goods_cats` [ RunTime:0.0007s ]
SQL: SHOW COLUMNS FROM `ec_ads` [ RunTime:0.0008s ]
SQL: SHOW COLUMNS FROM `ec_article_cats` [ RunTime:0.0007s ]
SQL: SHOW COLUMNS FROM `ec_goods` [ RunTime:0.0011s ]
SQL: SHOW COLUMNS FROM `ec_goods_cats` [ RunTime:0.0007s ]
SQL: SELECT * FROM `ec_goods_cats` WHERE ( catFlag=1 and parentId=0 )  [ RunTime:0.0004s ]
SQL: SELECT * FROM `ec_goods_cats` WHERE ( catFlag=1 and parentId=342 )  [ RunTime:0.0003s ]
SQL: SELECT * FROM `ec_goods_cats` WHERE ( catFlag=1 and parentId=343 )  [ RunTime:0.0002s ]
SQL: SELECT * FROM `ec_goods_cats` WHERE ( catFlag=1 and parentId=344 )  [ RunTime:0.0003s ]
SQL: SELECT * FROM `ec_goods_cats` WHERE ( catFlag=1 and parentId=345 )  [ RunTime:0.0003s ]
SQL: SELECT * FROM `ec_goods_cats` WHERE ( catFlag=1 and parentId=346 )  [ RunTime:0.0002s ]
SQL: SELECT * FROM `ec_goods_cats` WHERE ( catFlag=1 and parentId=347 )  [ RunTime:0.0002s ]
SQL: SELECT * FROM `ec_goods_cats` WHERE ( catFlag=1 and parentId=348 )  [ RunTime:0.0002s ]
SQL: SELECT * FROM `ec_goods_cats` WHERE ( catFlag=1 and parentId=357 )  [ RunTime:0.0002s ]
SQL: SHOW COLUMNS FROM `ec_article_cats` [ RunTime:0.0007s ]
SQL: SELECT * FROM `ec_article_cats` WHERE ( catFlag=1 and parentId=32 ) ORDER BY catSort asc,catId asc  [ RunTime:0.0003s ]
SQL: SHOW COLUMNS FROM `ec_ads` [ RunTime:0.0008s ]
SQL: SELECT * FROM `ec_ads` WHERE `adPositionId` = -1 ORDER BY adSort asc  [ RunTime:0.0004s ]
SQL: SHOW COLUMNS FROM `ec_goods` [ RunTime:0.0010s ]
SQL: SELECT * FROM `ec_goods` WHERE `goodsStatus` = 1 AND `goodsFlag` = 1 AND `isRecomm` = 1  [ RunTime:0.0005s ]
INFO: [ view_parse ] --START--
INFO: [ template_filter ] --START--
INFO: Run Behavior\ContentReplaceBehavior [ RunTime:0.000081s ]
INFO: [ template_filter ] --END-- [ RunTime:0.000123s ]
INFO: Run Behavior\ParseTemplateBehavior [ RunTime:0.018107s ]
INFO: [ view_parse ] --END-- [ RunTime:0.018148s ]
INFO: [ view_filter ] --START--
INFO: Run Behavior\WriteHtmlCacheBehavior [ RunTime:0.000120s ]
INFO: [ view_filter ] --END-- [ RunTime:0.000153s ]
INFO: [ app_end ] --START--
INFO: Run Behavior\ShowPageTraceBehavior [ RunTime:0.000382s ]
INFO: [ app_end ] --END-- [ RunTime:0.000422s ]

[ 2016-01-29T23:37:03+08:00 ] 159.8.94.69 /index.php
INFO: [ app_init ] --START--
INFO: Run Behavior\BuildLiteBehavior [ RunTime:0.000012s ]
INFO: [ app_init ] --END-- [ RunTime:0.000259s ]
INFO: [ app_begin ] --START--
INFO: Run Behavior\ReadHtmlCacheBehavior [ RunTime:0.000348s ]
INFO: [ app_begin ] --END-- [ RunTime:0.000397s ]
SQL: SHOW COLUMNS FROM `ec_channel` [ RunTime:0.0011s ]
SQL: SHOW COLUMNS FROM `ec_channel` [ RunTime:0.0008s ]
NOTIC: [8] Undefined index: modelType /userdata/www/syinix/App/Common/Model/BaseModel.class.php 第 206 行.
NOTIC: [8] Undefined index: field /userdata/www/syinix/App/Common/Model/BaseModel.class.php 第 224 行.
SQL: SELECT * FROM `ec_channel` WHERE `cid` = 0 LIMIT 1   [ RunTime:0.0003s ]
SQL: SHOW COLUMNS FROM `ec_goods_cats` [ RunTime:0.0007s ]
SQL: SHOW COLUMNS FROM `ec_ads` [ RunTime:0.0008s ]
SQL: SHOW COLUMNS FROM `ec_article_cats` [ RunTime:0.0007s ]
SQL: SHOW COLUMNS FROM `ec_goods` [ RunTime:0.0011s ]
SQL: SHOW COLUMNS FROM `ec_goods_cats` [ RunTime:0.0007s ]
SQL: SELECT * FROM `ec_goods_cats` WHERE ( catFlag=1 and parentId=0 )  [ RunTime:0.0004s ]
SQL: SELECT * FROM `ec_goods_cats` WHERE ( catFlag=1 and parentId=342 )  [ RunTime:0.0003s ]
SQL: SELECT * FROM `ec_goods_cats` WHERE ( catFlag=1 and parentId=343 )  [ RunTime:0.0002s ]
SQL: SELECT * FROM `ec_goods_cats` WHERE ( catFlag=1 and parentId=344 )  [ RunTime:0.0003s ]
SQL: SELECT * FROM `ec_goods_cats` WHERE ( catFlag=1 and parentId=345 )  [ RunTime:0.0003s ]
SQL: SELECT * FROM `ec_goods_cats` WHERE ( catFlag=1 and parentId=346 )  [ RunTime:0.0004s ]
SQL: SELECT * FROM `ec_goods_cats` WHERE ( catFlag=1 and parentId=347 )  [ RunTime:0.0003s ]
SQL: SELECT * FROM `ec_goods_cats` WHERE ( catFlag=1 and parentId=348 )  [ RunTime:0.0002s ]
SQL: SELECT * FROM `ec_goods_cats` WHERE ( catFlag=1 and parentId=357 )  [ RunTime:0.0002s ]
SQL: SHOW COLUMNS FROM `ec_article_cats` [ RunTime:0.0007s ]
SQL: SELECT * FROM `ec_article_cats` WHERE ( catFlag=1 and parentId=32 ) ORDER BY catSort asc,catId asc  [ RunTime:0.0003s ]
SQL: SHOW COLUMNS FROM `ec_ads` [ RunTime:0.0008s ]
SQL: SELECT * FROM `ec_ads` WHERE `adPositionId` = -1 ORDER BY adSort asc  [ RunTime:0.0004s ]
SQL: SHOW COLUMNS FROM `ec_goods` [ RunTime:0.0010s ]
SQL: SELECT * FROM `ec_goods` WHERE `goodsStatus` = 1 AND `goodsFlag` = 1 AND `isRecomm` = 1  [ RunTime:0.0005s ]
INFO: [ view_parse ] --START--
INFO: [ template_filter ] --START--
INFO: Run Behavior\ContentReplaceBehavior [ RunTime:0.000079s ]
INFO: [ template_filter ] --END-- [ RunTime:0.000120s ]
INFO: Run Behavior\ParseTemplateBehavior [ RunTime:0.018041s ]
INFO: [ view_parse ] --END-- [ RunTime:0.018082s ]
INFO: [ view_filter ] --START--
INFO: Run Behavior\WriteHtmlCacheBehavior [ RunTime:0.000128s ]
INFO: [ view_filter ] --END-- [ RunTime:0.000161s ]
INFO: [ app_end ] --START--
INFO: Run Behavior\ShowPageTraceBehavior [ RunTime:0.000359s ]
INFO: [ app_end ] --END-- [ RunTime:0.000405s ]

[ 2016-01-29T23:38:05+08:00 ] 159.8.94.69 /index.php
INFO: [ app_init ] --START--
INFO: Run Behavior\BuildLiteBehavior [ RunTime:0.000013s ]
INFO: [ app_init ] --END-- [ RunTime:0.000265s ]
INFO: [ app_begin ] --START--
INFO: Run Behavior\ReadHtmlCacheBehavior [ RunTime:0.000357s ]
INFO: [ app_begin ] --END-- [ RunTime:0.000396s ]
SQL: SHOW COLUMNS FROM `ec_channel` [ RunTime:0.0011s ]
SQL: SHOW COLUMNS FROM `ec_channel` [ RunTime:0.0008s ]
NOTIC: [8] Undefined index: modelType /userdata/www/syinix/App/Common/Model/BaseModel.class.php 第 206 行.
NOTIC: [8] Undefined index: field /userdata/www/syinix/App/Common/Model/BaseModel.class.php 第 224 行.
SQL: SELECT * FROM `ec_channel` WHERE `cid` = 0 LIMIT 1   [ RunTime:0.0003s ]
SQL: SHOW COLUMNS FROM `ec_goods_cats` [ RunTime:0.0007s ]
SQL: SHOW COLUMNS FROM `ec_ads` [ RunTime:0.0008s ]
SQL: SHOW COLUMNS FROM `ec_article_cats` [ RunTime:0.0007s ]
SQL: SHOW COLUMNS FROM `ec_goods` [ RunTime:0.0011s ]
SQL: SHOW COLUMNS FROM `ec_goods_cats` [ RunTime:0.0007s ]
SQL: SELECT * FROM `ec_goods_cats` WHERE ( catFlag=1 and parentId=0 )  [ RunTime:0.0004s ]
SQL: SELECT * FROM `ec_goods_cats` WHERE ( catFlag=1 and parentId=342 )  [ RunTime:0.0003s ]
SQL: SELECT * FROM `ec_goods_cats` WHERE ( catFlag=1 and parentId=343 )  [ RunTime:0.0002s ]
SQL: SELECT * FROM `ec_goods_cats` WHERE ( catFlag=1 and parentId=344 )  [ RunTime:0.0003s ]
SQL: SELECT * FROM `ec_goods_cats` WHERE ( catFlag=1 and parentId=345 )  [ RunTime:0.0002s ]
SQL: SELECT * FROM `ec_goods_cats` WHERE ( catFlag=1 and parentId=346 )  [ RunTime:0.0002s ]
SQL: SELECT * FROM `ec_goods_cats` WHERE ( catFlag=1 and parentId=347 )  [ RunTime:0.0002s ]
SQL: SELECT * FROM `ec_goods_cats` WHERE ( catFlag=1 and parentId=348 )  [ RunTime:0.0002s ]
SQL: SELECT * FROM `ec_goods_cats` WHERE ( catFlag=1 and parentId=357 )  [ RunTime:0.0002s ]
SQL: SHOW COLUMNS FROM `ec_article_cats` [ RunTime:0.0007s ]
SQL: SELECT * FROM `ec_article_cats` WHERE ( catFlag=1 and parentId=32 ) ORDER BY catSort asc,catId asc  [ RunTime:0.0003s ]
SQL: SHOW COLUMNS FROM `ec_ads` [ RunTime:0.0008s ]
SQL: SELECT * FROM `ec_ads` WHERE `adPositionId` = -1 ORDER BY adSort asc  [ RunTime:0.0004s ]
SQL: SHOW COLUMNS FROM `ec_goods` [ RunTime:0.0010s ]
SQL: SELECT * FROM `ec_goods` WHERE `goodsStatus` = 1 AND `goodsFlag` = 1 AND `isRecomm` = 1  [ RunTime:0.0005s ]
INFO: [ view_parse ] --START--
INFO: [ template_filter ] --START--
INFO: Run Behavior\ContentReplaceBehavior [ RunTime:0.000078s ]
INFO: [ template_filter ] --END-- [ RunTime:0.000119s ]
INFO: Run Behavior\ParseTemplateBehavior [ RunTime:0.018113s ]
INFO: [ view_parse ] --END-- [ RunTime:0.018152s ]
INFO: [ view_filter ] --START--
INFO: Run Behavior\WriteHtmlCacheBehavior [ RunTime:0.000117s ]
INFO: [ view_filter ] --END-- [ RunTime:0.000152s ]
INFO: [ app_end ] --START--
INFO: Run Behavior\ShowPageTraceBehavior [ RunTime:0.000353s ]
INFO: [ app_end ] --END-- [ RunTime:0.000391s ]

[ 2016-01-29T23:39:08+08:00 ] 159.8.94.69 /index.php
INFO: [ app_init ] --START--
INFO: Run Behavior\BuildLiteBehavior [ RunTime:0.000013s ]
INFO: [ app_init ] --END-- [ RunTime:0.000279s ]
INFO: [ app_begin ] --START--
INFO: Run Behavior\ReadHtmlCacheBehavior [ RunTime:0.000345s ]
INFO: [ app_begin ] --END-- [ RunTime:0.000384s ]
SQL: SHOW COLUMNS FROM `ec_channel` [ RunTime:0.0011s ]
SQL: SHOW COLUMNS FROM `ec_channel` [ RunTime:0.0008s ]
NOTIC: [8] Undefined index: modelType /userdata/www/syinix/App/Common/Model/BaseModel.class.php 第 206 行.
NOTIC: [8] Undefined index: field /userdata/www/syinix/App/Common/Model/BaseModel.class.php 第 224 行.
SQL: SELECT * FROM `ec_channel` WHERE `cid` = 0 LIMIT 1   [ RunTime:0.0003s ]
SQL: SHOW COLUMNS FROM `ec_goods_cats` [ RunTime:0.0007s ]
SQL: SHOW COLUMNS FROM `ec_ads` [ RunTime:0.0008s ]
SQL: SHOW COLUMNS FROM `ec_article_cats` [ RunTime:0.0007s ]
SQL: SHOW COLUMNS FROM `ec_goods` [ RunTime:0.0011s ]
SQL: SHOW COLUMNS FROM `ec_goods_cats` [ RunTime:0.0007s ]
SQL: SELECT * FROM `ec_goods_cats` WHERE ( catFlag=1 and parentId=0 )  [ RunTime:0.0004s ]
SQL: SELECT * FROM `ec_goods_cats` WHERE ( catFlag=1 and parentId=342 )  [ RunTime:0.0003s ]
SQL: SELECT * FROM `ec_goods_cats` WHERE ( catFlag=1 and parentId=343 )  [ RunTime:0.0003s ]
SQL: SELECT * FROM `ec_goods_cats` WHERE ( catFlag=1 and parentId=344 )  [ RunTime:0.0003s ]
SQL: SELECT * FROM `ec_goods_cats` WHERE ( catFlag=1 and parentId=345 )  [ RunTime:0.0002s ]
SQL: SELECT * FROM `ec_goods_cats` WHERE ( catFlag=1 and parentId=346 )  [ RunTime:0.0003s ]
SQL: SELECT * FROM `ec_goods_cats` WHERE ( catFlag=1 and parentId=347 )  [ RunTime:0.0002s ]
SQL: SELECT * FROM `ec_goods_cats` WHERE ( catFlag=1 and parentId=348 )  [ RunTime:0.0002s ]
SQL: SELECT * FROM `ec_goods_cats` WHERE ( catFlag=1 and parentId=357 )  [ RunTime:0.0002s ]
SQL: SHOW COLUMNS FROM `ec_article_cats` [ RunTime:0.0007s ]
SQL: SELECT * FROM `ec_article_cats` WHERE ( catFlag=1 and parentId=32 ) ORDER BY catSort asc,catId asc  [ RunTime:0.0003s ]
SQL: SHOW COLUMNS FROM `ec_ads` [ RunTime:0.0008s ]
SQL: SELECT * FROM `ec_ads` WHERE `adPositionId` = -1 ORDER BY adSort asc  [ RunTime:0.0004s ]
SQL: SHOW COLUMNS FROM `ec_goods` [ RunTime:0.0011s ]
SQL: SELECT * FROM `ec_goods` WHERE `goodsStatus` = 1 AND `goodsFlag` = 1 AND `isRecomm` = 1  [ RunTime:0.0005s ]
INFO: [ view_parse ] --START--
INFO: [ template_filter ] --START--
INFO: Run Behavior\ContentReplaceBehavior [ RunTime:0.000081s ]
INFO: [ template_filter ] --END-- [ RunTime:0.000124s ]
INFO: Run Behavior\ParseTemplateBehavior [ RunTime:0.018284s ]
INFO: [ view_parse ] --END-- [ RunTime:0.018326s ]
INFO: [ view_filter ] --START--
INFO: Run Behavior\WriteHtmlCacheBehavior [ RunTime:0.000121s ]
INFO: [ view_filter ] --END-- [ RunTime:0.000154s ]
INFO: [ app_end ] --START--
INFO: Run Behavior\ShowPageTraceBehavior [ RunTime:0.000378s ]
INFO: [ app_end ] --END-- [ RunTime:0.000417s ]

[ 2016-01-29T23:40:12+08:00 ] 159.8.94.69 /index.php
INFO: [ app_init ] --START--
INFO: Run Behavior\BuildLiteBehavior [ RunTime:0.000012s ]
INFO: [ app_init ] --END-- [ RunTime:0.000257s ]
INFO: [ app_begin ] --START--
INFO: Run Behavior\ReadHtmlCacheBehavior [ RunTime:0.000359s ]
INFO: [ app_begin ] --END-- [ RunTime:0.000398s ]
SQL: SHOW COLUMNS FROM `ec_channel` [ RunTime:0.0010s ]
SQL: SHOW COLUMNS FROM `ec_channel` [ RunTime:0.0008s ]
NOTIC: [8] Undefined index: modelType /userdata/www/syinix/App/Common/Model/BaseModel.class.php 第 206 行.
NOTIC: [8] Undefined index: field /userdata/www/syinix/App/Common/Model/BaseModel.class.php 第 224 行.
SQL: SELECT * FROM `ec_channel` WHERE `cid` = 0 LIMIT 1   [ RunTime:0.0003s ]
SQL: SHOW COLUMNS FROM `ec_goods_cats` [ RunTime:0.0007s ]
SQL: SHOW COLUMNS FROM `ec_ads` [ RunTime:0.0008s ]
SQL: SHOW COLUMNS FROM `ec_article_cats` [ RunTime:0.0007s ]
SQL: SHOW COLUMNS FROM `ec_goods` [ RunTime:0.0011s ]
SQL: SHOW COLUMNS FROM `ec_goods_cats` [ RunTime:0.0007s ]
SQL: SELECT * FROM `ec_goods_cats` WHERE ( catFlag=1 and parentId=0 )  [ RunTime:0.0004s ]
SQL: SELECT * FROM `ec_goods_cats` WHERE ( catFlag=1 and parentId=342 )  [ RunTime:0.0003s ]
SQL: SELECT * FROM `ec_goods_cats` WHERE ( catFlag=1 and parentId=343 )  [ RunTime:0.0002s ]
SQL: SELECT * FROM `ec_goods_cats` WHERE ( catFlag=1 and parentId=344 )  [ RunTime:0.0003s ]
SQL: SELECT * FROM `ec_goods_cats` WHERE ( catFlag=1 and parentId=345 )  [ RunTime:0.0003s ]
SQL: SELECT * FROM `ec_goods_cats` WHERE ( catFlag=1 and parentId=346 )  [ RunTime:0.0002s ]
SQL: SELECT * FROM `ec_goods_cats` WHERE ( catFlag=1 and parentId=347 )  [ RunTime:0.0002s ]
SQL: SELECT * FROM `ec_goods_cats` WHERE ( catFlag=1 and parentId=348 )  [ RunTime:0.0002s ]
SQL: SELECT * FROM `ec_goods_cats` WHERE ( catFlag=1 and parentId=357 )  [ RunTime:0.0002s ]
SQL: SHOW COLUMNS FROM `ec_article_cats` [ RunTime:0.0007s ]
SQL: SELECT * FROM `ec_article_cats` WHERE ( catFlag=1 and parentId=32 ) ORDER BY catSort asc,catId asc  [ RunTime:0.0003s ]
SQL: SHOW COLUMNS FROM `ec_ads` [ RunTime:0.0008s ]
SQL: SELECT * FROM `ec_ads` WHERE `adPositionId` = -1 ORDER BY adSort asc  [ RunTime:0.0004s ]
SQL: SHOW COLUMNS FROM `ec_goods` [ RunTime:0.0010s ]
SQL: SELECT * FROM `ec_goods` WHERE `goodsStatus` = 1 AND `goodsFlag` = 1 AND `isRecomm` = 1  [ RunTime:0.0005s ]
INFO: [ view_parse ] --START--
INFO: [ template_filter ] --START--
INFO: Run Behavior\ContentReplaceBehavior [ RunTime:0.000077s ]
INFO: [ template_filter ] --END-- [ RunTime:0.000119s ]
INFO: Run Behavior\ParseTemplateBehavior [ RunTime:0.018050s ]
INFO: [ view_parse ] --END-- [ RunTime:0.018091s ]
INFO: [ view_filter ] --START--
INFO: Run Behavior\WriteHtmlCacheBehavior [ RunTime:0.000117s ]
INFO: [ view_filter ] --END-- [ RunTime:0.000152s ]
INFO: [ app_end ] --START--
INFO: Run Behavior\ShowPageTraceBehavior [ RunTime:0.000369s ]
INFO: [ app_end ] --END-- [ RunTime:0.000412s ]

[ 2016-01-29T23:41:15+08:00 ] 159.8.94.69 /index.php
INFO: [ app_init ] --START--
INFO: Run Behavior\BuildLiteBehavior [ RunTime:0.000012s ]
INFO: [ app_init ] --END-- [ RunTime:0.000269s ]
INFO: [ app_begin ] --START--
INFO: Run Behavior\ReadHtmlCacheBehavior [ RunTime:0.000345s ]
INFO: [ app_begin ] --END-- [ RunTime:0.000383s ]
SQL: SHOW COLUMNS FROM `ec_channel` [ RunTime:0.0010s ]
SQL: SHOW COLUMNS FROM `ec_channel` [ RunTime:0.0008s ]
NOTIC: [8] Undefined index: modelType /userdata/www/syinix/App/Common/Model/BaseModel.class.php 第 206 行.
NOTIC: [8] Undefined index: field /userdata/www/syinix/App/Common/Model/BaseModel.class.php 第 224 行.
SQL: SELECT * FROM `ec_channel` WHERE `cid` = 0 LIMIT 1   [ RunTime:0.0003s ]
SQL: SHOW COLUMNS FROM `ec_goods_cats` [ RunTime:0.0007s ]
SQL: SHOW COLUMNS FROM `ec_ads` [ RunTime:0.0008s ]
SQL: SHOW COLUMNS FROM `ec_article_cats` [ RunTime:0.0007s ]
SQL: SHOW COLUMNS FROM `ec_goods` [ RunTime:0.0011s ]
SQL: SHOW COLUMNS FROM `ec_goods_cats` [ RunTime:0.0007s ]
SQL: SELECT * FROM `ec_goods_cats` WHERE ( catFlag=1 and parentId=0 )  [ RunTime:0.0004s ]
SQL: SELECT * FROM `ec_goods_cats` WHERE ( catFlag=1 and parentId=342 )  [ RunTime:0.0003s ]
SQL: SELECT * FROM `ec_goods_cats` WHERE ( catFlag=1 and parentId=343 )  [ RunTime:0.0002s ]
SQL: SELECT * FROM `ec_goods_cats` WHERE ( catFlag=1 and parentId=344 )  [ RunTime:0.0003s ]
SQL: SELECT * FROM `ec_goods_cats` WHERE ( catFlag=1 and parentId=345 )  [ RunTime:0.0002s ]
SQL: SELECT * FROM `ec_goods_cats` WHERE ( catFlag=1 and parentId=346 )  [ RunTime:0.0002s ]
SQL: SELECT * FROM `ec_goods_cats` WHERE ( catFlag=1 and parentId=347 )  [ RunTime:0.0003s ]
SQL: SELECT * FROM `ec_goods_cats` WHERE ( catFlag=1 and parentId=348 )  [ RunTime:0.0002s ]
SQL: SELECT * FROM `ec_goods_cats` WHERE ( catFlag=1 and parentId=357 )  [ RunTime:0.0002s ]
SQL: SHOW COLUMNS FROM `ec_article_cats` [ RunTime:0.0007s ]
SQL: SELECT * FROM `ec_article_cats` WHERE ( catFlag=1 and parentId=32 ) ORDER BY catSort asc,catId asc  [ RunTime:0.0003s ]
SQL: SHOW COLUMNS FROM `ec_ads` [ RunTime:0.0008s ]
SQL: SELECT * FROM `ec_ads` WHERE `adPositionId` = -1 ORDER BY adSort asc  [ RunTime:0.0004s ]
SQL: SHOW COLUMNS FROM `ec_goods` [ RunTime:0.0010s ]
SQL: SELECT * FROM `ec_goods` WHERE `goodsStatus` = 1 AND `goodsFlag` = 1 AND `isRecomm` = 1  [ RunTime:0.0005s ]
INFO: [ view_parse ] --START--
INFO: [ template_filter ] --START--
INFO: Run Behavior\ContentReplaceBehavior [ RunTime:0.000083s ]
INFO: [ template_filter ] --END-- [ RunTime:0.000126s ]
INFO: Run Behavior\ParseTemplateBehavior [ RunTime:0.018186s ]
INFO: [ view_parse ] --END-- [ RunTime:0.018227s ]
INFO: [ view_filter ] --START--
INFO: Run Behavior\WriteHtmlCacheBehavior [ RunTime:0.000142s ]
INFO: [ view_filter ] --END-- [ RunTime:0.000176s ]
INFO: [ app_end ] --START--
INFO: Run Behavior\ShowPageTraceBehavior [ RunTime:0.000363s ]
INFO: [ app_end ] --END-- [ RunTime:0.000400s ]

[ 2016-01-29T23:42:15+08:00 ] 159.8.94.69 /index.php
INFO: [ app_init ] --START--
INFO: Run Behavior\BuildLiteBehavior [ RunTime:0.000012s ]
INFO: [ app_init ] --END-- [ RunTime:0.000270s ]
INFO: [ app_begin ] --START--
INFO: Run Behavior\ReadHtmlCacheBehavior [ RunTime:0.000345s ]
INFO: [ app_begin ] --END-- [ RunTime:0.000384s ]
SQL: SHOW COLUMNS FROM `ec_channel` [ RunTime:0.0010s ]
SQL: SHOW COLUMNS FROM `ec_channel` [ RunTime:0.0008s ]
NOTIC: [8] Undefined index: modelType /userdata/www/syinix/App/Common/Model/BaseModel.class.php 第 206 行.
SQL: SHOW COLUMNS FROM `ec_goods_cats` [ RunTime:0.0007s ]
SQL: SHOW COLUMNS FROM `ec_ads` [ RunTime:0.0008s ]
SQL: SHOW COLUMNS FROM `ec_article_cats` [ RunTime:0.0007s ]
SQL: SHOW COLUMNS FROM `ec_goods` [ RunTime:0.0011s ]
SQL: SHOW COLUMNS FROM `ec_goods_cats` [ RunTime:0.0007s ]
SQL: SELECT * FROM `ec_goods_cats` WHERE ( catFlag=1 and parentId=0 )  [ RunTime:0.0004s ]
SQL: SELECT * FROM `ec_goods_cats` WHERE ( catFlag=1 and parentId=342 )  [ RunTime:0.0003s ]
SQL: SELECT * FROM `ec_goods_cats` WHERE ( catFlag=1 and parentId=343 )  [ RunTime:0.0002s ]
SQL: SELECT * FROM `ec_goods_cats` WHERE ( catFlag=1 and parentId=344 )  [ RunTime:0.0003s ]
SQL: SELECT * FROM `ec_goods_cats` WHERE ( catFlag=1 and parentId=345 )  [ RunTime:0.0002s ]
SQL: SELECT * FROM `ec_goods_cats` WHERE ( catFlag=1 and parentId=346 )  [ RunTime:0.0002s ]
SQL: SELECT * FROM `ec_goods_cats` WHERE ( catFlag=1 and parentId=347 )  [ RunTime:0.0002s ]
SQL: SELECT * FROM `ec_goods_cats` WHERE ( catFlag=1 and parentId=348 )  [ RunTime:0.0002s ]
SQL: SELECT * FROM `ec_goods_cats` WHERE ( catFlag=1 and parentId=357 )  [ RunTime:0.0002s ]
SQL: SHOW COLUMNS FROM `ec_article_cats` [ RunTime:0.0007s ]
SQL: SELECT * FROM `ec_article_cats` WHERE ( catFlag=1 and parentId=32 ) ORDER BY catSort asc,catId asc  [ RunTime:0.0003s ]
SQL: SHOW COLUMNS FROM `ec_ads` [ RunTime:0.0008s ]
SQL: SELECT * FROM `ec_ads` WHERE `adPositionId` = -1 ORDER BY adSort asc  [ RunTime:0.0004s ]
SQL: SHOW COLUMNS FROM `ec_goods` [ RunTime:0.0010s ]
SQL: SELECT * FROM `ec_goods` WHERE `goodsStatus` = 1 AND `goodsFlag` = 1 AND `isRecomm` = 1  [ RunTime:0.0005s ]
INFO: [ view_parse ] --START--
INFO: [ template_filter ] --START--
INFO: Run Behavior\ContentReplaceBehavior [ RunTime:0.000082s ]
INFO: [ template_filter ] --END-- [ RunTime:0.000122s ]
INFO: Run Behavior\ParseTemplateBehavior [ RunTime:0.018136s ]
INFO: [ view_parse ] --END-- [ RunTime:0.018177s ]
INFO: [ view_filter ] --START--
INFO: Run Behavior\WriteHtmlCacheBehavior [ RunTime:0.000117s ]
INFO: [ view_filter ] --END-- [ RunTime:0.000150s ]
INFO: [ app_end ] --START--
INFO: Run Behavior\ShowPageTraceBehavior [ RunTime:0.000364s ]
INFO: [ app_end ] --END-- [ RunTime:0.000403s ]

[ 2016-01-29T23:43:18+08:00 ] 159.8.94.69 /index.php
INFO: [ app_init ] --START--
INFO: Run Behavior\BuildLiteBehavior [ RunTime:0.000013s ]
INFO: [ app_init ] --END-- [ RunTime:0.000275s ]
INFO: [ app_begin ] --START--
INFO: Run Behavior\ReadHtmlCacheBehavior [ RunTime:0.000350s ]
INFO: [ app_begin ] --END-- [ RunTime:0.000389s ]
SQL: SHOW COLUMNS FROM `ec_channel` [ RunTime:0.0011s ]
SQL: SHOW COLUMNS FROM `ec_channel` [ RunTime:0.0008s ]
NOTIC: [8] Undefined index: modelType /userdata/www/syinix/App/Common/Model/BaseModel.class.php 第 206 行.
NOTIC: [8] Undefined index: field /userdata/www/syinix/App/Common/Model/BaseModel.class.php 第 224 行.
SQL: SELECT * FROM `ec_channel` WHERE `cid` = 0 LIMIT 1   [ RunTime:0.0003s ]
SQL: SHOW COLUMNS FROM `ec_goods_cats` [ RunTime:0.0007s ]
SQL: SHOW COLUMNS FROM `ec_ads` [ RunTime:0.0008s ]
SQL: SHOW COLUMNS FROM `ec_article_cats` [ RunTime:0.0007s ]
SQL: SHOW COLUMNS FROM `ec_goods` [ RunTime:0.0011s ]
SQL: SHOW COLUMNS FROM `ec_goods_cats` [ RunTime:0.0007s ]
SQL: SELECT * FROM `ec_goods_cats` WHERE ( catFlag=1 and parentId=0 )  [ RunTime:0.0004s ]
SQL: SELECT * FROM `ec_goods_cats` WHERE ( catFlag=1 and parentId=342 )  [ RunTime:0.0003s ]
SQL: SELECT * FROM `ec_goods_cats` WHERE ( catFlag=1 and parentId=343 )  [ RunTime:0.0002s ]
SQL: SELECT * FROM `ec_goods_cats` WHERE ( catFlag=1 and parentId=344 )  [ RunTime:0.0003s ]
SQL: SELECT * FROM `ec_goods_cats` WHERE ( catFlag=1 and parentId=345 )  [ RunTime:0.0002s ]
SQL: SELECT * FROM `ec_goods_cats` WHERE ( catFlag=1 and parentId=346 )  [ RunTime:0.0002s ]
SQL: SELECT * FROM `ec_goods_cats` WHERE ( catFlag=1 and parentId=347 )  [ RunTime:0.0002s ]
SQL: SELECT * FROM `ec_goods_cats` WHERE ( catFlag=1 and parentId=348 )  [ RunTime:0.0002s ]
SQL: SELECT * FROM `ec_goods_cats` WHERE ( catFlag=1 and parentId=357 )  [ RunTime:0.0002s ]
SQL: SHOW COLUMNS FROM `ec_article_cats` [ RunTime:0.0007s ]
SQL: SELECT * FROM `ec_article_cats` WHERE ( catFlag=1 and parentId=32 ) ORDER BY catSort asc,catId asc  [ RunTime:0.0003s ]
SQL: SHOW COLUMNS FROM `ec_ads` [ RunTime:0.0008s ]
SQL: SELECT * FROM `ec_ads` WHERE `adPositionId` = -1 ORDER BY adSort asc  [ RunTime:0.0004s ]
SQL: SHOW COLUMNS FROM `ec_goods` [ RunTime:0.0010s ]
SQL: SELECT * FROM `ec_goods` WHERE `goodsStatus` = 1 AND `goodsFlag` = 1 AND `isRecomm` = 1  [ RunTime:0.0005s ]
INFO: [ view_parse ] --START--
INFO: [ template_filter ] --START--
INFO: Run Behavior\ContentReplaceBehavior [ RunTime:0.000082s ]
INFO: [ template_filter ] --END-- [ RunTime:0.000126s ]
INFO: Run Behavior\ParseTemplateBehavior [ RunTime:0.018313s ]
INFO: [ view_parse ] --END-- [ RunTime:0.018355s ]
INFO: [ view_filter ] --START--
INFO: Run Behavior\WriteHtmlCacheBehavior [ RunTime:0.000121s ]
INFO: [ view_filter ] --END-- [ RunTime:0.000155s ]
INFO: [ app_end ] --START--
INFO: Run Behavior\ShowPageTraceBehavior [ RunTime:0.000363s ]
INFO: [ app_end ] --END-- [ RunTime:0.000402s ]

[ 2016-01-29T23:44:21+08:00 ] 159.8.94.69 /index.php
INFO: [ app_init ] --START--
INFO: Run Behavior\BuildLiteBehavior [ RunTime:0.000012s ]
INFO: [ app_init ] --END-- [ RunTime:0.000262s ]
INFO: [ app_begin ] --START--
INFO: Run Behavior\ReadHtmlCacheBehavior [ RunTime:0.000359s ]
INFO: [ app_begin ] --END-- [ RunTime:0.000399s ]
SQL: SHOW COLUMNS FROM `ec_channel` [ RunTime:0.0011s ]
SQL: SHOW COLUMNS FROM `ec_channel` [ RunTime:0.0008s ]
NOTIC: [8] Undefined index: modelType /userdata/www/syinix/App/Common/Model/BaseModel.class.php 第 206 行.
NOTIC: [8] Undefined index: field /userdata/www/syinix/App/Common/Model/BaseModel.class.php 第 224 行.
SQL: SELECT * FROM `ec_channel` WHERE `cid` = 0 LIMIT 1   [ RunTime:0.0003s ]
SQL: SHOW COLUMNS FROM `ec_goods_cats` [ RunTime:0.0007s ]
SQL: SHOW COLUMNS FROM `ec_ads` [ RunTime:0.0008s ]
SQL: SHOW COLUMNS FROM `ec_article_cats` [ RunTime:0.0007s ]
SQL: SHOW COLUMNS FROM `ec_goods` [ RunTime:0.0011s ]
SQL: SHOW COLUMNS FROM `ec_goods_cats` [ RunTime:0.0007s ]
SQL: SELECT * FROM `ec_goods_cats` WHERE ( catFlag=1 and parentId=0 )  [ RunTime:0.0004s ]
SQL: SELECT * FROM `ec_goods_cats` WHERE ( catFlag=1 and parentId=342 )  [ RunTime:0.0003s ]
SQL: SELECT * FROM `ec_goods_cats` WHERE ( catFlag=1 and parentId=343 )  [ RunTime:0.0002s ]
SQL: SELECT * FROM `ec_goods_cats` WHERE ( catFlag=1 and parentId=344 )  [ RunTime:0.0003s ]
SQL: SELECT * FROM `ec_goods_cats` WHERE ( catFlag=1 and parentId=345 )  [ RunTime:0.0002s ]
SQL: SELECT * FROM `ec_goods_cats` WHERE ( catFlag=1 and parentId=346 )  [ RunTime:0.0002s ]
SQL: SELECT * FROM `ec_goods_cats` WHERE ( catFlag=1 and parentId=347 )  [ RunTime:0.0002s ]
SQL: SELECT * FROM `ec_goods_cats` WHERE ( catFlag=1 and parentId=348 )  [ RunTime:0.0002s ]
SQL: SELECT * FROM `ec_goods_cats` WHERE ( catFlag=1 and parentId=357 )  [ RunTime:0.0002s ]
SQL: SHOW COLUMNS FROM `ec_article_cats` [ RunTime:0.0007s ]
SQL: SELECT * FROM `ec_article_cats` WHERE ( catFlag=1 and parentId=32 ) ORDER BY catSort asc,catId asc  [ RunTime:0.0003s ]
SQL: SHOW COLUMNS FROM `ec_ads` [ RunTime:0.0008s ]
SQL: SELECT * FROM `ec_ads` WHERE `adPositionId` = -1 ORDER BY adSort asc  [ RunTime:0.0004s ]
SQL: SHOW COLUMNS FROM `ec_goods` [ RunTime:0.0010s ]
SQL: SELECT * FROM `ec_goods` WHERE `goodsStatus` = 1 AND `goodsFlag` = 1 AND `isRecomm` = 1  [ RunTime:0.0005s ]
INFO: [ view_parse ] --START--
INFO: [ template_filter ] --START--
INFO: Run Behavior\ContentReplaceBehavior [ RunTime:0.000080s ]
INFO: [ template_filter ] --END-- [ RunTime:0.000121s ]
INFO: Run Behavior\ParseTemplateBehavior [ RunTime:0.018038s ]
INFO: [ view_parse ] --END-- [ RunTime:0.018078s ]
INFO: [ view_filter ] --START--
INFO: Run Behavior\WriteHtmlCacheBehavior [ RunTime:0.000118s ]
INFO: [ view_filter ] --END-- [ RunTime:0.000152s ]
INFO: [ app_end ] --START--
INFO: Run Behavior\ShowPageTraceBehavior [ RunTime:0.000358s ]
INFO: [ app_end ] --END-- [ RunTime:0.000402s ]

[ 2016-01-29T23:45:22+08:00 ] 159.8.94.69 /index.php
INFO: [ app_init ] --START--
INFO: Run Behavior\BuildLiteBehavior [ RunTime:0.000012s ]
INFO: [ app_init ] --END-- [ RunTime:0.000260s ]
INFO: [ app_begin ] --START--
INFO: Run Behavior\ReadHtmlCacheBehavior [ RunTime:0.000344s ]
INFO: [ app_begin ] --END-- [ RunTime:0.000384s ]
SQL: SHOW COLUMNS FROM `ec_channel` [ RunTime:0.0011s ]
SQL: SHOW COLUMNS FROM `ec_channel` [ RunTime:0.0008s ]
NOTIC: [8] Undefined index: modelType /userdata/www/syinix/App/Common/Model/BaseModel.class.php 第 206 行.
NOTIC: [8] Undefined index: field /userdata/www/syinix/App/Common/Model/BaseModel.class.php 第 224 行.
SQL: SELECT * FROM `ec_channel` WHERE `cid` = 0 LIMIT 1   [ RunTime:0.0003s ]
SQL: SHOW COLUMNS FROM `ec_goods_cats` [ RunTime:0.0007s ]
SQL: SHOW COLUMNS FROM `ec_ads` [ RunTime:0.0008s ]
SQL: SHOW COLUMNS FROM `ec_article_cats` [ RunTime:0.0007s ]
SQL: SHOW COLUMNS FROM `ec_goods` [ RunTime:0.0011s ]
SQL: SHOW COLUMNS FROM `ec_goods_cats` [ RunTime:0.0007s ]
SQL: SELECT * FROM `ec_goods_cats` WHERE ( catFlag=1 and parentId=0 )  [ RunTime:0.0004s ]
SQL: SELECT * FROM `ec_goods_cats` WHERE ( catFlag=1 and parentId=342 )  [ RunTime:0.0003s ]
SQL: SELECT * FROM `ec_goods_cats` WHERE ( catFlag=1 and parentId=343 )  [ RunTime:0.0003s ]
SQL: SELECT * FROM `ec_goods_cats` WHERE ( catFlag=1 and parentId=344 )  [ RunTime:0.0003s ]
SQL: SELECT * FROM `ec_goods_cats` WHERE ( catFlag=1 and parentId=345 )  [ RunTime:0.0002s ]
SQL: SELECT * FROM `ec_goods_cats` WHERE ( catFlag=1 and parentId=346 )  [ RunTime:0.0003s ]
SQL: SELECT * FROM `ec_goods_cats` WHERE ( catFlag=1 and parentId=347 )  [ RunTime:0.0002s ]
SQL: SELECT * FROM `ec_goods_cats` WHERE ( catFlag=1 and parentId=348 )  [ RunTime:0.0002s ]
SQL: SELECT * FROM `ec_goods_cats` WHERE ( catFlag=1 and parentId=357 )  [ RunTime:0.0002s ]
SQL: SHOW COLUMNS FROM `ec_article_cats` [ RunTime:0.0007s ]
SQL: SELECT * FROM `ec_article_cats` WHERE ( catFlag=1 and parentId=32 ) ORDER BY catSort asc,catId asc  [ RunTime:0.0003s ]
SQL: SHOW COLUMNS FROM `ec_ads` [ RunTime:0.0008s ]
SQL: SELECT * FROM `ec_ads` WHERE `adPositionId` = -1 ORDER BY adSort asc  [ RunTime:0.0004s ]
SQL: SHOW COLUMNS FROM `ec_goods` [ RunTime:0.0010s ]
SQL: SELECT * FROM `ec_goods` WHERE `goodsStatus` = 1 AND `goodsFlag` = 1 AND `isRecomm` = 1  [ RunTime:0.0005s ]
INFO: [ view_parse ] --START--
INFO: [ template_filter ] --START--
INFO: Run Behavior\ContentReplaceBehavior [ RunTime:0.000078s ]
INFO: [ template_filter ] --END-- [ RunTime:0.000120s ]
INFO: Run Behavior\ParseTemplateBehavior [ RunTime:0.018126s ]
INFO: [ view_parse ] --END-- [ RunTime:0.018167s ]
INFO: [ view_filter ] --START--
INFO: Run Behavior\WriteHtmlCacheBehavior [ RunTime:0.000118s ]
INFO: [ view_filter ] --END-- [ RunTime:0.000151s ]
INFO: [ app_end ] --START--
INFO: Run Behavior\ShowPageTraceBehavior [ RunTime:0.000373s ]
INFO: [ app_end ] --END-- [ RunTime:0.000411s ]

[ 2016-01-29T23:46:25+08:00 ] 159.8.94.69 /index.php
INFO: [ app_init ] --START--
INFO: Run Behavior\BuildLiteBehavior [ RunTime:0.000013s ]
INFO: [ app_init ] --END-- [ RunTime:0.000277s ]
INFO: [ app_begin ] --START--
INFO: Run Behavior\ReadHtmlCacheBehavior [ RunTime:0.000359s ]
INFO: [ app_begin ] --END-- [ RunTime:0.000398s ]
SQL: SHOW COLUMNS FROM `ec_channel` [ RunTime:0.0011s ]
SQL: SHOW COLUMNS FROM `ec_channel` [ RunTime:0.0008s ]
NOTIC: [8] Undefined index: modelType /userdata/www/syinix/App/Common/Model/BaseModel.class.php 第 206 行.
NOTIC: [8] Undefined index: field /userdata/www/syinix/App/Common/Model/BaseModel.class.php 第 224 行.
SQL: SELECT * FROM `ec_channel` WHERE `cid` = 0 LIMIT 1   [ RunTime:0.0003s ]
SQL: SHOW COLUMNS FROM `ec_goods_cats` [ RunTime:0.0007s ]
SQL: SHOW COLUMNS FROM `ec_ads` [ RunTime:0.0008s ]
SQL: SHOW COLUMNS FROM `ec_article_cats` [ RunTime:0.0007s ]
SQL: SHOW COLUMNS FROM `ec_goods` [ RunTime:0.0012s ]
SQL: SHOW COLUMNS FROM `ec_goods_cats` [ RunTime:0.0007s ]
SQL: SELECT * FROM `ec_goods_cats` WHERE ( catFlag=1 and parentId=0 )  [ RunTime:0.0004s ]
SQL: SELECT * FROM `ec_goods_cats` WHERE ( catFlag=1 and parentId=342 )  [ RunTime:0.0003s ]
SQL: SELECT * FROM `ec_goods_cats` WHERE ( catFlag=1 and parentId=343 )  [ RunTime:0.0002s ]
SQL: SELECT * FROM `ec_goods_cats` WHERE ( catFlag=1 and parentId=344 )  [ RunTime:0.0003s ]
SQL: SELECT * FROM `ec_goods_cats` WHERE ( catFlag=1 and parentId=345 )  [ RunTime:0.0002s ]
SQL: SELECT * FROM `ec_goods_cats` WHERE ( catFlag=1 and parentId=346 )  [ RunTime:0.0002s ]
SQL: SELECT * FROM `ec_goods_cats` WHERE ( catFlag=1 and parentId=347 )  [ RunTime:0.0003s ]
SQL: SELECT * FROM `ec_goods_cats` WHERE ( catFlag=1 and parentId=348 )  [ RunTime:0.0002s ]
SQL: SELECT * FROM `ec_goods_cats` WHERE ( catFlag=1 and parentId=357 )  [ RunTime:0.0002s ]
SQL: SHOW COLUMNS FROM `ec_article_cats` [ RunTime:0.0007s ]
SQL: SELECT * FROM `ec_article_cats` WHERE ( catFlag=1 and parentId=32 ) ORDER BY catSort asc,catId asc  [ RunTime:0.0003s ]
SQL: SHOW COLUMNS FROM `ec_ads` [ RunTime:0.0008s ]
SQL: SELECT * FROM `ec_ads` WHERE `adPositionId` = -1 ORDER BY adSort asc  [ RunTime:0.0004s ]
SQL: SHOW COLUMNS FROM `ec_goods` [ RunTime:0.0011s ]
SQL: SELECT * FROM `ec_goods` WHERE `goodsStatus` = 1 AND `goodsFlag` = 1 AND `isRecomm` = 1  [ RunTime:0.0005s ]
INFO: [ view_parse ] --START--
INFO: [ template_filter ] --START--
INFO: Run Behavior\ContentReplaceBehavior [ RunTime:0.000078s ]
INFO: [ template_filter ] --END-- [ RunTime:0.000119s ]
INFO: Run Behavior\ParseTemplateBehavior [ RunTime:0.018420s ]
INFO: [ view_parse ] --END-- [ RunTime:0.018462s ]
INFO: [ view_filter ] --START--
INFO: Run Behavior\WriteHtmlCacheBehavior [ RunTime:0.000120s ]
INFO: [ view_filter ] --END-- [ RunTime:0.000154s ]
INFO: [ app_end ] --START--
INFO: Run Behavior\ShowPageTraceBehavior [ RunTime:0.000378s ]
INFO: [ app_end ] --END-- [ RunTime:0.000416s ]

[ 2016-01-29T23:47:28+08:00 ] 159.8.94.69 /index.php
INFO: [ app_init ] --START--
INFO: Run Behavior\BuildLiteBehavior [ RunTime:0.000013s ]
INFO: [ app_init ] --END-- [ RunTime:0.000265s ]
INFO: [ app_begin ] --START--
INFO: Run Behavior\ReadHtmlCacheBehavior [ RunTime:0.000347s ]
INFO: [ app_begin ] --END-- [ RunTime:0.000386s ]
SQL: SHOW COLUMNS FROM `ec_channel` [ RunTime:0.0011s ]
SQL: SHOW COLUMNS FROM `ec_channel` [ RunTime:0.0008s ]
NOTIC: [8] Undefined index: modelType /userdata/www/syinix/App/Common/Model/BaseModel.class.php 第 206 行.
NOTIC: [8] Undefined index: field /userdata/www/syinix/App/Common/Model/BaseModel.class.php 第 224 行.
SQL: SELECT * FROM `ec_channel` WHERE `cid` = 0 LIMIT 1   [ RunTime:0.0003s ]
SQL: SHOW COLUMNS FROM `ec_goods_cats` [ RunTime:0.0007s ]
SQL: SHOW COLUMNS FROM `ec_ads` [ RunTime:0.0008s ]
SQL: SHOW COLUMNS FROM `ec_article_cats` [ RunTime:0.0007s ]
SQL: SHOW COLUMNS FROM `ec_goods` [ RunTime:0.0011s ]
SQL: SHOW COLUMNS FROM `ec_goods_cats` [ RunTime:0.0007s ]
SQL: SELECT * FROM `ec_goods_cats` WHERE ( catFlag=1 and parentId=0 )  [ RunTime:0.0004s ]
SQL: SELECT * FROM `ec_goods_cats` WHERE ( catFlag=1 and parentId=342 )  [ RunTime:0.0003s ]
SQL: SELECT * FROM `ec_goods_cats` WHERE ( catFlag=1 and parentId=343 )  [ RunTime:0.0002s ]
SQL: SELECT * FROM `ec_goods_cats` WHERE ( catFlag=1 and parentId=344 )  [ RunTime:0.0003s ]
SQL: SELECT * FROM `ec_goods_cats` WHERE ( catFlag=1 and parentId=345 )  [ RunTime:0.0002s ]
SQL: SELECT * FROM `ec_goods_cats` WHERE ( catFlag=1 and parentId=346 )  [ RunTime:0.0002s ]
SQL: SELECT * FROM `ec_goods_cats` WHERE ( catFlag=1 and parentId=347 )  [ RunTime:0.0002s ]
SQL: SELECT * FROM `ec_goods_cats` WHERE ( catFlag=1 and parentId=348 )  [ RunTime:0.0002s ]
SQL: SELECT * FROM `ec_goods_cats` WHERE ( catFlag=1 and parentId=357 )  [ RunTime:0.0002s ]
SQL: SHOW COLUMNS FROM `ec_article_cats` [ RunTime:0.0007s ]
SQL: SELECT * FROM `ec_article_cats` WHERE ( catFlag=1 and parentId=32 ) ORDER BY catSort asc,catId asc  [ RunTime:0.0003s ]
SQL: SHOW COLUMNS FROM `ec_ads` [ RunTime:0.0008s ]
SQL: SELECT * FROM `ec_ads` WHERE `adPositionId` = -1 ORDER BY adSort asc  [ RunTime:0.0004s ]
SQL: SHOW COLUMNS FROM `ec_goods` [ RunTime:0.0010s ]
SQL: SELECT * FROM `ec_goods` WHERE `goodsStatus` = 1 AND `goodsFlag` = 1 AND `isRecomm` = 1  [ RunTime:0.0005s ]
INFO: [ view_parse ] --START--
INFO: [ template_filter ] --START--
INFO: Run Behavior\ContentReplaceBehavior [ RunTime:0.000078s ]
INFO: [ template_filter ] --END-- [ RunTime:0.000119s ]
INFO: Run Behavior\ParseTemplateBehavior [ RunTime:0.018074s ]
INFO: [ view_parse ] --END-- [ RunTime:0.018116s ]
INFO: [ view_filter ] --START--
INFO: Run Behavior\WriteHtmlCacheBehavior [ RunTime:0.000118s ]
INFO: [ view_filter ] --END-- [ RunTime:0.000152s ]
INFO: [ app_end ] --START--
INFO: Run Behavior\ShowPageTraceBehavior [ RunTime:0.000353s ]
INFO: [ app_end ] --END-- [ RunTime:0.000404s ]

[ 2016-01-29T23:47:35+08:00 ] 2.33.212.77 /
INFO: [ app_init ] --START--
INFO: Run Behavior\BuildLiteBehavior [ RunTime:0.000012s ]
INFO: [ app_init ] --END-- [ RunTime:0.000267s ]
INFO: [ app_begin ] --START--
INFO: Run Behavior\ReadHtmlCacheBehavior [ RunTime:0.000357s ]
INFO: [ app_begin ] --END-- [ RunTime:0.000397s ]
SQL: SHOW COLUMNS FROM `ec_channel` [ RunTime:0.0011s ]
SQL: SHOW COLUMNS FROM `ec_channel` [ RunTime:0.0008s ]
NOTIC: [8] Undefined index: modelType /userdata/www/syinix/App/Common/Model/BaseModel.class.php 第 206 行.
NOTIC: [8] Undefined index: field /userdata/www/syinix/App/Common/Model/BaseModel.class.php 第 224 行.
SQL: SELECT * FROM `ec_channel` WHERE `cid` = 0 LIMIT 1   [ RunTime:0.0003s ]
SQL: SHOW COLUMNS FROM `ec_goods_cats` [ RunTime:0.0008s ]
SQL: SHOW COLUMNS FROM `ec_ads` [ RunTime:0.0008s ]
SQL: SHOW COLUMNS FROM `ec_article_cats` [ RunTime:0.0007s ]
SQL: SHOW COLUMNS FROM `ec_goods` [ RunTime:0.0011s ]
SQL: SHOW COLUMNS FROM `ec_goods_cats` [ RunTime:0.0007s ]
SQL: SELECT * FROM `ec_goods_cats` WHERE ( catFlag=1 and parentId=0 )  [ RunTime:0.0004s ]
SQL: SELECT * FROM `ec_goods_cats` WHERE ( catFlag=1 and parentId=342 )  [ RunTime:0.0003s ]
SQL: SELECT * FROM `ec_goods_cats` WHERE ( catFlag=1 and parentId=343 )  [ RunTime:0.0002s ]
SQL: SELECT * FROM `ec_goods_cats` WHERE ( catFlag=1 and parentId=344 )  [ RunTime:0.0003s ]
SQL: SELECT * FROM `ec_goods_cats` WHERE ( catFlag=1 and parentId=345 )  [ RunTime:0.0002s ]
SQL: SELECT * FROM `ec_goods_cats` WHERE ( catFlag=1 and parentId=346 )  [ RunTime:0.0002s ]
SQL: SELECT * FROM `ec_goods_cats` WHERE ( catFlag=1 and parentId=347 )  [ RunTime:0.0003s ]
SQL: SELECT * FROM `ec_goods_cats` WHERE ( catFlag=1 and parentId=348 )  [ RunTime:0.0002s ]
SQL: SELECT * FROM `ec_goods_cats` WHERE ( catFlag=1 and parentId=357 )  [ RunTime:0.0002s ]
SQL: SHOW COLUMNS FROM `ec_article_cats` [ RunTime:0.0007s ]
SQL: SELECT * FROM `ec_article_cats` WHERE ( catFlag=1 and parentId=32 ) ORDER BY catSort asc,catId asc  [ RunTime:0.0003s ]
SQL: SHOW COLUMNS FROM `ec_ads` [ RunTime:0.0008s ]
SQL: SELECT * FROM `ec_ads` WHERE `adPositionId` = -1 ORDER BY adSort asc  [ RunTime:0.0004s ]
SQL: SHOW COLUMNS FROM `ec_goods` [ RunTime:0.0010s ]
SQL: SELECT * FROM `ec_goods` WHERE `goodsStatus` = 1 AND `goodsFlag` = 1 AND `isRecomm` = 1  [ RunTime:0.0005s ]
INFO: [ view_parse ] --START--
INFO: [ template_filter ] --START--
INFO: Run Behavior\ContentReplaceBehavior [ RunTime:0.000077s ]
INFO: [ template_filter ] --END-- [ RunTime:0.000119s ]
INFO: Run Behavior\ParseTemplateBehavior [ RunTime:0.018051s ]
INFO: [ view_parse ] --END-- [ RunTime:0.018093s ]
INFO: [ view_filter ] --START--
INFO: Run Behavior\WriteHtmlCacheBehavior [ RunTime:0.000119s ]
INFO: [ view_filter ] --END-- [ RunTime:0.000152s ]
INFO: [ app_end ] --START--
INFO: Run Behavior\ShowPageTraceBehavior [ RunTime:0.000350s ]
INFO: [ app_end ] --END-- [ RunTime:0.000388s ]

[ 2016-01-29T23:48:30+08:00 ] 159.8.94.69 /index.php
INFO: [ app_init ] --START--
INFO: Run Behavior\BuildLiteBehavior [ RunTime:0.000013s ]
INFO: [ app_init ] --END-- [ RunTime:0.000263s ]
INFO: [ app_begin ] --START--
INFO: Run Behavior\ReadHtmlCacheBehavior [ RunTime:0.000357s ]
INFO: [ app_begin ] --END-- [ RunTime:0.000396s ]
SQL: SHOW COLUMNS FROM `ec_channel` [ RunTime:0.0011s ]
SQL: SHOW COLUMNS FROM `ec_channel` [ RunTime:0.0008s ]
NOTIC: [8] Undefined index: modelType /userdata/www/syinix/App/Common/Model/BaseModel.class.php 第 206 行.
NOTIC: [8] Undefined index: field /userdata/www/syinix/App/Common/Model/BaseModel.class.php 第 224 行.
SQL: SELECT * FROM `ec_channel` WHERE `cid` = 0 LIMIT 1   [ RunTime:0.0003s ]
SQL: SHOW COLUMNS FROM `ec_goods_cats` [ RunTime:0.0007s ]
SQL: SHOW COLUMNS FROM `ec_ads` [ RunTime:0.0008s ]
SQL: SHOW COLUMNS FROM `ec_article_cats` [ RunTime:0.0007s ]
SQL: SHOW COLUMNS FROM `ec_goods` [ RunTime:0.0011s ]
SQL: SHOW COLUMNS FROM `ec_goods_cats` [ RunTime:0.0007s ]
SQL: SELECT * FROM `ec_goods_cats` WHERE ( catFlag=1 and parentId=0 )  [ RunTime:0.0004s ]
SQL: SELECT * FROM `ec_goods_cats` WHERE ( catFlag=1 and parentId=342 )  [ RunTime:0.0003s ]
SQL: SELECT * FROM `ec_goods_cats` WHERE ( catFlag=1 and parentId=343 )  [ RunTime:0.0002s ]
SQL: SELECT * FROM `ec_goods_cats` WHERE ( catFlag=1 and parentId=344 )  [ RunTime:0.0003s ]
SQL: SELECT * FROM `ec_goods_cats` WHERE ( catFlag=1 and parentId=345 )  [ RunTime:0.0002s ]
SQL: SELECT * FROM `ec_goods_cats` WHERE ( catFlag=1 and parentId=346 )  [ RunTime:0.0002s ]
SQL: SELECT * FROM `ec_goods_cats` WHERE ( catFlag=1 and parentId=347 )  [ RunTime:0.0002s ]
SQL: SELECT * FROM `ec_goods_cats` WHERE ( catFlag=1 and parentId=348 )  [ RunTime:0.0002s ]
SQL: SELECT * FROM `ec_goods_cats` WHERE ( catFlag=1 and parentId=357 )  [ RunTime:0.0002s ]
SQL: SHOW COLUMNS FROM `ec_article_cats` [ RunTime:0.0007s ]
SQL: SELECT * FROM `ec_article_cats` WHERE ( catFlag=1 and parentId=32 ) ORDER BY catSort asc,catId asc  [ RunTime:0.0003s ]
SQL: SHOW COLUMNS FROM `ec_ads` [ RunTime:0.0008s ]
SQL: SELECT * FROM `ec_ads` WHERE `adPositionId` = -1 ORDER BY adSort asc  [ RunTime:0.0004s ]
SQL: SHOW COLUMNS FROM `ec_goods` [ RunTime:0.0010s ]
SQL: SELECT * FROM `ec_goods` WHERE `goodsStatus` = 1 AND `goodsFlag` = 1 AND `isRecomm` = 1  [ RunTime:0.0005s ]
INFO: [ view_parse ] --START--
INFO: [ template_filter ] --START--
INFO: Run Behavior\ContentReplaceBehavior [ RunTime:0.000078s ]
INFO: [ template_filter ] --END-- [ RunTime:0.000120s ]
INFO: Run Behavior\ParseTemplateBehavior [ RunTime:0.018000s ]
INFO: [ view_parse ] --END-- [ RunTime:0.018040s ]
INFO: [ view_filter ] --START--
INFO: Run Behavior\WriteHtmlCacheBehavior [ RunTime:0.000118s ]
INFO: [ view_filter ] --END-- [ RunTime:0.000152s ]
INFO: [ app_end ] --START--
INFO: Run Behavior\ShowPageTraceBehavior [ RunTime:0.000365s ]
INFO: [ app_end ] --END-- [ RunTime:0.000411s ]

[ 2016-01-29T23:49:32+08:00 ] 159.8.94.69 /index.php
INFO: [ app_init ] --START--
INFO: Run Behavior\BuildLiteBehavior [ RunTime:0.000014s ]
INFO: [ app_init ] --END-- [ RunTime:0.000274s ]
INFO: [ app_begin ] --START--
INFO: Run Behavior\ReadHtmlCacheBehavior [ RunTime:0.000349s ]
INFO: [ app_begin ] --END-- [ RunTime:0.000389s ]
SQL: SHOW COLUMNS FROM `ec_channel` [ RunTime:0.0011s ]
SQL: SHOW COLUMNS FROM `ec_channel` [ RunTime:0.0008s ]
NOTIC: [8] Undefined index: modelType /userdata/www/syinix/App/Common/Model/BaseModel.class.php 第 206 行.
NOTIC: [8] Undefined index: field /userdata/www/syinix/App/Common/Model/BaseModel.class.php 第 224 行.
SQL: SELECT * FROM `ec_channel` WHERE `cid` = 0 LIMIT 1   [ RunTime:0.0003s ]
SQL: SHOW COLUMNS FROM `ec_goods_cats` [ RunTime:0.0007s ]
SQL: SHOW COLUMNS FROM `ec_ads` [ RunTime:0.0008s ]
SQL: SHOW COLUMNS FROM `ec_article_cats` [ RunTime:0.0007s ]
SQL: SHOW COLUMNS FROM `ec_goods` [ RunTime:0.0011s ]
SQL: SHOW COLUMNS FROM `ec_goods_cats` [ RunTime:0.0007s ]
SQL: SELECT * FROM `ec_goods_cats` WHERE ( catFlag=1 and parentId=0 )  [ RunTime:0.0004s ]
SQL: SELECT * FROM `ec_goods_cats` WHERE ( catFlag=1 and parentId=342 )  [ RunTime:0.0003s ]
SQL: SELECT * FROM `ec_goods_cats` WHERE ( catFlag=1 and parentId=343 )  [ RunTime:0.0002s ]
SQL: SELECT * FROM `ec_goods_cats` WHERE ( catFlag=1 and parentId=344 )  [ RunTime:0.0003s ]
SQL: SELECT * FROM `ec_goods_cats` WHERE ( catFlag=1 and parentId=345 )  [ RunTime:0.0002s ]
SQL: SELECT * FROM `ec_goods_cats` WHERE ( catFlag=1 and parentId=346 )  [ RunTime:0.0003s ]
SQL: SELECT * FROM `ec_goods_cats` WHERE ( catFlag=1 and parentId=347 )  [ RunTime:0.0003s ]
SQL: SELECT * FROM `ec_goods_cats` WHERE ( catFlag=1 and parentId=348 )  [ RunTime:0.0002s ]
SQL: SELECT * FROM `ec_goods_cats` WHERE ( catFlag=1 and parentId=357 )  [ RunTime:0.0003s ]
SQL: SHOW COLUMNS FROM `ec_article_cats` [ RunTime:0.0007s ]
SQL: SELECT * FROM `ec_article_cats` WHERE ( catFlag=1 and parentId=32 ) ORDER BY catSort asc,catId asc  [ RunTime:0.0003s ]
SQL: SHOW COLUMNS FROM `ec_ads` [ RunTime:0.0008s ]
SQL: SELECT * FROM `ec_ads` WHERE `adPositionId` = -1 ORDER BY adSort asc  [ RunTime:0.0004s ]
SQL: SHOW COLUMNS FROM `ec_goods` [ RunTime:0.0010s ]
SQL: SELECT * FROM `ec_goods` WHERE `goodsStatus` = 1 AND `goodsFlag` = 1 AND `isRecomm` = 1  [ RunTime:0.0005s ]
INFO: [ view_parse ] --START--
INFO: [ template_filter ] --START--
INFO: Run Behavior\ContentReplaceBehavior [ RunTime:0.000079s ]
INFO: [ template_filter ] --END-- [ RunTime:0.000121s ]
INFO: Run Behavior\ParseTemplateBehavior [ RunTime:0.018148s ]
INFO: [ view_parse ] --END-- [ RunTime:0.018188s ]
INFO: [ view_filter ] --START--
INFO: Run Behavior\WriteHtmlCacheBehavior [ RunTime:0.000119s ]
INFO: [ view_filter ] --END-- [ RunTime:0.000152s ]
INFO: [ app_end ] --START--
INFO: Run Behavior\ShowPageTraceBehavior [ RunTime:0.000358s ]
INFO: [ app_end ] --END-- [ RunTime:0.000409s ]

[ 2016-01-29T23:50:35+08:00 ] 159.8.94.69 /index.php
INFO: [ app_init ] --START--
INFO: Run Behavior\BuildLiteBehavior [ RunTime:0.000012s ]
INFO: [ app_init ] --END-- [ RunTime:0.000264s ]
INFO: [ app_begin ] --START--
INFO: Run Behavior\ReadHtmlCacheBehavior [ RunTime:0.000362s ]
INFO: [ app_begin ] --END-- [ RunTime:0.000401s ]
SQL: SHOW COLUMNS FROM `ec_channel` [ RunTime:0.0011s ]
SQL: SHOW COLUMNS FROM `ec_channel` [ RunTime:0.0008s ]
NOTIC: [8] Undefined index: modelType /userdata/www/syinix/App/Common/Model/BaseModel.class.php 第 206 行.
NOTIC: [8] Undefined index: field /userdata/www/syinix/App/Common/Model/BaseModel.class.php 第 224 行.
SQL: SELECT * FROM `ec_channel` WHERE `cid` = 0 LIMIT 1   [ RunTime:0.0003s ]
SQL: SHOW COLUMNS FROM `ec_goods_cats` [ RunTime:0.0007s ]
SQL: SHOW COLUMNS FROM `ec_ads` [ RunTime:0.0008s ]
SQL: SHOW COLUMNS FROM `ec_article_cats` [ RunTime:0.0007s ]
SQL: SHOW COLUMNS FROM `ec_goods` [ RunTime:0.0011s ]
SQL: SHOW COLUMNS FROM `ec_goods_cats` [ RunTime:0.0007s ]
SQL: SELECT * FROM `ec_goods_cats` WHERE ( catFlag=1 and parentId=0 )  [ RunTime:0.0004s ]
SQL: SELECT * FROM `ec_goods_cats` WHERE ( catFlag=1 and parentId=342 )  [ RunTime:0.0003s ]
SQL: SELECT * FROM `ec_goods_cats` WHERE ( catFlag=1 and parentId=343 )  [ RunTime:0.0002s ]
SQL: SELECT * FROM `ec_goods_cats` WHERE ( catFlag=1 and parentId=344 )  [ RunTime:0.0003s ]
SQL: SELECT * FROM `ec_goods_cats` WHERE ( catFlag=1 and parentId=345 )  [ RunTime:0.0003s ]
SQL: SELECT * FROM `ec_goods_cats` WHERE ( catFlag=1 and parentId=346 )  [ RunTime:0.0002s ]
SQL: SELECT * FROM `ec_goods_cats` WHERE ( catFlag=1 and parentId=347 )  [ RunTime:0.0002s ]
SQL: SELECT * FROM `ec_goods_cats` WHERE ( catFlag=1 and parentId=348 )  [ RunTime:0.0002s ]
SQL: SELECT * FROM `ec_goods_cats` WHERE ( catFlag=1 and parentId=357 )  [ RunTime:0.0002s ]
SQL: SHOW COLUMNS FROM `ec_article_cats` [ RunTime:0.0007s ]
SQL: SELECT * FROM `ec_article_cats` WHERE ( catFlag=1 and parentId=32 ) ORDER BY catSort asc,catId asc  [ RunTime:0.0003s ]
SQL: SHOW COLUMNS FROM `ec_ads` [ RunTime:0.0008s ]
SQL: SELECT * FROM `ec_ads` WHERE `adPositionId` = -1 ORDER BY adSort asc  [ RunTime:0.0004s ]
SQL: SHOW COLUMNS FROM `ec_goods` [ RunTime:0.0010s ]
SQL: SELECT * FROM `ec_goods` WHERE `goodsStatus` = 1 AND `goodsFlag` = 1 AND `isRecomm` = 1  [ RunTime:0.0005s ]
INFO: [ view_parse ] --START--
INFO: [ template_filter ] --START--
INFO: Run Behavior\ContentReplaceBehavior [ RunTime:0.000078s ]
INFO: [ template_filter ] --END-- [ RunTime:0.000119s ]
INFO: Run Behavior\ParseTemplateBehavior [ RunTime:0.018063s ]
INFO: [ view_parse ] --END-- [ RunTime:0.018103s ]
INFO: [ view_filter ] --START--
INFO: Run Behavior\WriteHtmlCacheBehavior [ RunTime:0.000120s ]
INFO: [ view_filter ] --END-- [ RunTime:0.000153s ]
INFO: [ app_end ] --START--
INFO: Run Behavior\ShowPageTraceBehavior [ RunTime:0.000367s ]
INFO: [ app_end ] --END-- [ RunTime:0.000404s ]

[ 2016-01-29T23:51:38+08:00 ] 159.8.94.69 /index.php
INFO: [ app_init ] --START--
INFO: Run Behavior\BuildLiteBehavior [ RunTime:0.000011s ]
INFO: [ app_init ] --END-- [ RunTime:0.000259s ]
INFO: [ app_begin ] --START--
INFO: Run Behavior\ReadHtmlCacheBehavior [ RunTime:0.000346s ]
INFO: [ app_begin ] --END-- [ RunTime:0.000397s ]
SQL: SHOW COLUMNS FROM `ec_channel` [ RunTime:0.0011s ]
SQL: SHOW COLUMNS FROM `ec_channel` [ RunTime:0.0008s ]
NOTIC: [8] Undefined index: modelType /userdata/www/syinix/App/Common/Model/BaseModel.class.php 第 206 行.
NOTIC: [8] Undefined index: field /userdata/www/syinix/App/Common/Model/BaseModel.class.php 第 224 行.
SQL: SELECT * FROM `ec_channel` WHERE `cid` = 0 LIMIT 1   [ RunTime:0.0003s ]
SQL: SHOW COLUMNS FROM `ec_goods_cats` [ RunTime:0.0007s ]
SQL: SHOW COLUMNS FROM `ec_ads` [ RunTime:0.0009s ]
SQL: SHOW COLUMNS FROM `ec_article_cats` [ RunTime:0.0007s ]
SQL: SHOW COLUMNS FROM `ec_goods` [ RunTime:0.0011s ]
SQL: SHOW COLUMNS FROM `ec_goods_cats` [ RunTime:0.0007s ]
SQL: SELECT * FROM `ec_goods_cats` WHERE ( catFlag=1 and parentId=0 )  [ RunTime:0.0004s ]
SQL: SELECT * FROM `ec_goods_cats` WHERE ( catFlag=1 and parentId=342 )  [ RunTime:0.0003s ]
SQL: SELECT * FROM `ec_goods_cats` WHERE ( catFlag=1 and parentId=343 )  [ RunTime:0.0002s ]
SQL: SELECT * FROM `ec_goods_cats` WHERE ( catFlag=1 and parentId=344 )  [ RunTime:0.0003s ]
SQL: SELECT * FROM `ec_goods_cats` WHERE ( catFlag=1 and parentId=345 )  [ RunTime:0.0002s ]
SQL: SELECT * FROM `ec_goods_cats` WHERE ( catFlag=1 and parentId=346 )  [ RunTime:0.0002s ]
SQL: SELECT * FROM `ec_goods_cats` WHERE ( catFlag=1 and parentId=347 )  [ RunTime:0.0003s ]
SQL: SELECT * FROM `ec_goods_cats` WHERE ( catFlag=1 and parentId=348 )  [ RunTime:0.0002s ]
SQL: SELECT * FROM `ec_goods_cats` WHERE ( catFlag=1 and parentId=357 )  [ RunTime:0.0002s ]
SQL: SHOW COLUMNS FROM `ec_article_cats` [ RunTime:0.0007s ]
SQL: SELECT * FROM `ec_article_cats` WHERE ( catFlag=1 and parentId=32 ) ORDER BY catSort asc,catId asc  [ RunTime:0.0003s ]
SQL: SHOW COLUMNS FROM `ec_ads` [ RunTime:0.0008s ]
SQL: SELECT * FROM `ec_ads` WHERE `adPositionId` = -1 ORDER BY adSort asc  [ RunTime:0.0004s ]
SQL: SHOW COLUMNS FROM `ec_goods` [ RunTime:0.0011s ]
SQL: SELECT * FROM `ec_goods` WHERE `goodsStatus` = 1 AND `goodsFlag` = 1 AND `isRecomm` = 1  [ RunTime:0.0005s ]
INFO: [ view_parse ] --START--
INFO: [ template_filter ] --START--
INFO: Run Behavior\ContentReplaceBehavior [ RunTime:0.000083s ]
INFO: [ template_filter ] --END-- [ RunTime:0.000126s ]
INFO: Run Behavior\ParseTemplateBehavior [ RunTime:0.018379s ]
INFO: [ view_parse ] --END-- [ RunTime:0.018420s ]
INFO: [ view_filter ] --START--
INFO: Run Behavior\WriteHtmlCacheBehavior [ RunTime:0.000122s ]
INFO: [ view_filter ] --END-- [ RunTime:0.000156s ]
INFO: [ app_end ] --START--
INFO: Run Behavior\ShowPageTraceBehavior [ RunTime:0.000368s ]
INFO: [ app_end ] --END-- [ RunTime:0.000408s ]

[ 2016-01-29T23:52:39+08:00 ] 159.8.94.69 /index.php
INFO: [ app_init ] --START--
INFO: Run Behavior\BuildLiteBehavior [ RunTime:0.000013s ]
INFO: [ app_init ] --END-- [ RunTime:0.000269s ]
INFO: [ app_begin ] --START--
INFO: Run Behavior\ReadHtmlCacheBehavior [ RunTime:0.000344s ]
INFO: [ app_begin ] --END-- [ RunTime:0.000383s ]
SQL: SHOW COLUMNS FROM `ec_channel` [ RunTime:0.0011s ]
SQL: SHOW COLUMNS FROM `ec_channel` [ RunTime:0.0008s ]
NOTIC: [8] Undefined index: modelType /userdata/www/syinix/App/Common/Model/BaseModel.class.php 第 206 行.
NOTIC: [8] Undefined index: field /userdata/www/syinix/App/Common/Model/BaseModel.class.php 第 224 行.
SQL: SELECT * FROM `ec_channel` WHERE `cid` = 0 LIMIT 1   [ RunTime:0.0003s ]
SQL: SHOW COLUMNS FROM `ec_goods_cats` [ RunTime:0.0007s ]
SQL: SHOW COLUMNS FROM `ec_ads` [ RunTime:0.0008s ]
SQL: SHOW COLUMNS FROM `ec_article_cats` [ RunTime:0.0007s ]
SQL: SHOW COLUMNS FROM `ec_goods` [ RunTime:0.0011s ]
SQL: SHOW COLUMNS FROM `ec_goods_cats` [ RunTime:0.0007s ]
SQL: SELECT * FROM `ec_goods_cats` WHERE ( catFlag=1 and parentId=0 )  [ RunTime:0.0004s ]
SQL: SELECT * FROM `ec_goods_cats` WHERE ( catFlag=1 and parentId=342 )  [ RunTime:0.0003s ]
SQL: SELECT * FROM `ec_goods_cats` WHERE ( catFlag=1 and parentId=343 )  [ RunTime:0.0002s ]
SQL: SELECT * FROM `ec_goods_cats` WHERE ( catFlag=1 and parentId=344 )  [ RunTime:0.0003s ]
SQL: SELECT * FROM `ec_goods_cats` WHERE ( catFlag=1 and parentId=345 )  [ RunTime:0.0003s ]
SQL: SELECT * FROM `ec_goods_cats` WHERE ( catFlag=1 and parentId=346 )  [ RunTime:0.0002s ]
SQL: SELECT * FROM `ec_goods_cats` WHERE ( catFlag=1 and parentId=347 )  [ RunTime:0.0002s ]
SQL: SELECT * FROM `ec_goods_cats` WHERE ( catFlag=1 and parentId=348 )  [ RunTime:0.0002s ]
SQL: SELECT * FROM `ec_goods_cats` WHERE ( catFlag=1 and parentId=357 )  [ RunTime:0.0002s ]
SQL: SHOW COLUMNS FROM `ec_article_cats` [ RunTime:0.0007s ]
SQL: SELECT * FROM `ec_article_cats` WHERE ( catFlag=1 and parentId=32 ) ORDER BY catSort asc,catId asc  [ RunTime:0.0003s ]
SQL: SHOW COLUMNS FROM `ec_ads` [ RunTime:0.0008s ]
SQL: SELECT * FROM `ec_ads` WHERE `adPositionId` = -1 ORDER BY adSort asc  [ RunTime:0.0004s ]
SQL: SHOW COLUMNS FROM `ec_goods` [ RunTime:0.0010s ]
SQL: SELECT * FROM `ec_goods` WHERE `goodsStatus` = 1 AND `goodsFlag` = 1 AND `isRecomm` = 1  [ RunTime:0.0005s ]
INFO: [ view_parse ] --START--
INFO: [ template_filter ] --START--
INFO: Run Behavior\ContentReplaceBehavior [ RunTime:0.000078s ]
INFO: [ template_filter ] --END-- [ RunTime:0.000120s ]
INFO: Run Behavior\ParseTemplateBehavior [ RunTime:0.018142s ]
INFO: [ view_parse ] --END-- [ RunTime:0.018183s ]
INFO: [ view_filter ] --START--
INFO: Run Behavior\WriteHtmlCacheBehavior [ RunTime:0.000119s ]
INFO: [ view_filter ] --END-- [ RunTime:0.000153s ]
INFO: [ app_end ] --START--
INFO: Run Behavior\ShowPageTraceBehavior [ RunTime:0.000368s ]
INFO: [ app_end ] --END-- [ RunTime:0.000406s ]

[ 2016-01-29T23:53:41+08:00 ] 159.8.94.69 /index.php
INFO: [ app_init ] --START--
INFO: Run Behavior\BuildLiteBehavior [ RunTime:0.000013s ]
INFO: [ app_init ] --END-- [ RunTime:0.000262s ]
INFO: [ app_begin ] --START--
INFO: Run Behavior\ReadHtmlCacheBehavior [ RunTime:0.000347s ]
INFO: [ app_begin ] --END-- [ RunTime:0.000385s ]
SQL: SHOW COLUMNS FROM `ec_channel` [ RunTime:0.0011s ]
SQL: SHOW COLUMNS FROM `ec_channel` [ RunTime:0.0008s ]
NOTIC: [8] Undefined index: modelType /userdata/www/syinix/App/Common/Model/BaseModel.class.php 第 206 行.
NOTIC: [8] Undefined index: field /userdata/www/syinix/App/Common/Model/BaseModel.class.php 第 224 行.
SQL: SELECT * FROM `ec_channel` WHERE `cid` = 0 LIMIT 1   [ RunTime:0.0003s ]
SQL: SHOW COLUMNS FROM `ec_goods_cats` [ RunTime:0.0007s ]
SQL: SHOW COLUMNS FROM `ec_ads` [ RunTime:0.0008s ]
SQL: SHOW COLUMNS FROM `ec_article_cats` [ RunTime:0.0007s ]
SQL: SHOW COLUMNS FROM `ec_goods` [ RunTime:0.0011s ]
SQL: SHOW COLUMNS FROM `ec_goods_cats` [ RunTime:0.0007s ]
SQL: SELECT * FROM `ec_goods_cats` WHERE ( catFlag=1 and parentId=0 )  [ RunTime:0.0004s ]
SQL: SELECT * FROM `ec_goods_cats` WHERE ( catFlag=1 and parentId=342 )  [ RunTime:0.0003s ]
SQL: SELECT * FROM `ec_goods_cats` WHERE ( catFlag=1 and parentId=343 )  [ RunTime:0.0002s ]
SQL: SELECT * FROM `ec_goods_cats` WHERE ( catFlag=1 and parentId=344 )  [ RunTime:0.0003s ]
SQL: SELECT * FROM `ec_goods_cats` WHERE ( catFlag=1 and parentId=345 )  [ RunTime:0.0002s ]
SQL: SELECT * FROM `ec_goods_cats` WHERE ( catFlag=1 and parentId=346 )  [ RunTime:0.0003s ]
SQL: SELECT * FROM `ec_goods_cats` WHERE ( catFlag=1 and parentId=347 )  [ RunTime:0.0002s ]
SQL: SELECT * FROM `ec_goods_cats` WHERE ( catFlag=1 and parentId=348 )  [ RunTime:0.0002s ]
SQL: SELECT * FROM `ec_goods_cats` WHERE ( catFlag=1 and parentId=357 )  [ RunTime:0.0002s ]
SQL: SHOW COLUMNS FROM `ec_article_cats` [ RunTime:0.0007s ]
SQL: SELECT * FROM `ec_article_cats` WHERE ( catFlag=1 and parentId=32 ) ORDER BY catSort asc,catId asc  [ RunTime:0.0003s ]
SQL: SHOW COLUMNS FROM `ec_ads` [ RunTime:0.0008s ]
SQL: SELECT * FROM `ec_ads` WHERE `adPositionId` = -1 ORDER BY adSort asc  [ RunTime:0.0004s ]
SQL: SHOW COLUMNS FROM `ec_goods` [ RunTime:0.0010s ]
SQL: SELECT * FROM `ec_goods` WHERE `goodsStatus` = 1 AND `goodsFlag` = 1 AND `isRecomm` = 1  [ RunTime:0.0005s ]
INFO: [ view_parse ] --START--
INFO: [ template_filter ] --START--
INFO: Run Behavior\ContentReplaceBehavior [ RunTime:0.000078s ]
INFO: [ template_filter ] --END-- [ RunTime:0.000119s ]
INFO: Run Behavior\ParseTemplateBehavior [ RunTime:0.017994s ]
INFO: [ view_parse ] --END-- [ RunTime:0.018034s ]
INFO: [ view_filter ] --START--
INFO: Run Behavior\WriteHtmlCacheBehavior [ RunTime:0.000128s ]
INFO: [ view_filter ] --END-- [ RunTime:0.000162s ]
INFO: [ app_end ] --START--
INFO: Run Behavior\ShowPageTraceBehavior [ RunTime:0.000362s ]
INFO: [ app_end ] --END-- [ RunTime:0.000411s ]

[ 2016-01-29T23:54:44+08:00 ] 159.8.94.69 /index.php
INFO: [ app_init ] --START--
INFO: Run Behavior\BuildLiteBehavior [ RunTime:0.000012s ]
INFO: [ app_init ] --END-- [ RunTime:0.000262s ]
INFO: [ app_begin ] --START--
INFO: Run Behavior\ReadHtmlCacheBehavior [ RunTime:0.000344s ]
INFO: [ app_begin ] --END-- [ RunTime:0.000384s ]
SQL: SHOW COLUMNS FROM `ec_channel` [ RunTime:0.0011s ]
SQL: SHOW COLUMNS FROM `ec_channel` [ RunTime:0.0008s ]
NOTIC: [8] Undefined index: modelType /userdata/www/syinix/App/Common/Model/BaseModel.class.php 第 206 行.
NOTIC: [8] Undefined index: field /userdata/www/syinix/App/Common/Model/BaseModel.class.php 第 224 行.
SQL: SELECT * FROM `ec_channel` WHERE `cid` = 0 LIMIT 1   [ RunTime:0.0003s ]
SQL: SHOW COLUMNS FROM `ec_goods_cats` [ RunTime:0.0008s ]
SQL: SHOW COLUMNS FROM `ec_ads` [ RunTime:0.0008s ]
SQL: SHOW COLUMNS FROM `ec_article_cats` [ RunTime:0.0007s ]
SQL: SHOW COLUMNS FROM `ec_goods` [ RunTime:0.0011s ]
SQL: SHOW COLUMNS FROM `ec_goods_cats` [ RunTime:0.0008s ]
SQL: SELECT * FROM `ec_goods_cats` WHERE ( catFlag=1 and parentId=0 )  [ RunTime:0.0004s ]
SQL: SELECT * FROM `ec_goods_cats` WHERE ( catFlag=1 and parentId=342 )  [ RunTime:0.0003s ]
SQL: SELECT * FROM `ec_goods_cats` WHERE ( catFlag=1 and parentId=343 )  [ RunTime:0.0002s ]
SQL: SELECT * FROM `ec_goods_cats` WHERE ( catFlag=1 and parentId=344 )  [ RunTime:0.0003s ]
SQL: SELECT * FROM `ec_goods_cats` WHERE ( catFlag=1 and parentId=345 )  [ RunTime:0.0003s ]
SQL: SELECT * FROM `ec_goods_cats` WHERE ( catFlag=1 and parentId=346 )  [ RunTime:0.0002s ]
SQL: SELECT * FROM `ec_goods_cats` WHERE ( catFlag=1 and parentId=347 )  [ RunTime:0.0002s ]
SQL: SELECT * FROM `ec_goods_cats` WHERE ( catFlag=1 and parentId=348 )  [ RunTime:0.0003s ]
SQL: SELECT * FROM `ec_goods_cats` WHERE ( catFlag=1 and parentId=357 )  [ RunTime:0.0002s ]
SQL: SHOW COLUMNS FROM `ec_article_cats` [ RunTime:0.0007s ]
SQL: SELECT * FROM `ec_article_cats` WHERE ( catFlag=1 and parentId=32 ) ORDER BY catSort asc,catId asc  [ RunTime:0.0003s ]
SQL: SHOW COLUMNS FROM `ec_ads` [ RunTime:0.0008s ]
SQL: SELECT * FROM `ec_ads` WHERE `adPositionId` = -1 ORDER BY adSort asc  [ RunTime:0.0004s ]
SQL: SHOW COLUMNS FROM `ec_goods` [ RunTime:0.0011s ]
SQL: SELECT * FROM `ec_goods` WHERE `goodsStatus` = 1 AND `goodsFlag` = 1 AND `isRecomm` = 1  [ RunTime:0.0006s ]
INFO: [ view_parse ] --START--
INFO: [ template_filter ] --START--
INFO: Run Behavior\ContentReplaceBehavior [ RunTime:0.000080s ]
INFO: [ template_filter ] --END-- [ RunTime:0.000121s ]
INFO: Run Behavior\ParseTemplateBehavior [ RunTime:0.019195s ]
INFO: [ view_parse ] --END-- [ RunTime:0.019236s ]
INFO: [ view_filter ] --START--
INFO: Run Behavior\WriteHtmlCacheBehavior [ RunTime:0.000121s ]
INFO: [ view_filter ] --END-- [ RunTime:0.000154s ]
INFO: [ app_end ] --START--
INFO: Run Behavior\ShowPageTraceBehavior [ RunTime:0.000379s ]
INFO: [ app_end ] --END-- [ RunTime:0.000426s ]

[ 2016-01-29T23:55:47+08:00 ] 159.8.94.69 /index.php
INFO: [ app_init ] --START--
INFO: Run Behavior\BuildLiteBehavior [ RunTime:0.000012s ]
INFO: [ app_init ] --END-- [ RunTime:0.000267s ]
INFO: [ app_begin ] --START--
INFO: Run Behavior\ReadHtmlCacheBehavior [ RunTime:0.000357s ]
INFO: [ app_begin ] --END-- [ RunTime:0.000396s ]
SQL: SHOW COLUMNS FROM `ec_channel` [ RunTime:0.0011s ]
SQL: SHOW COLUMNS FROM `ec_channel` [ RunTime:0.0008s ]
NOTIC: [8] Undefined index: modelType /userdata/www/syinix/App/Common/Model/BaseModel.class.php 第 206 行.
NOTIC: [8] Undefined index: field /userdata/www/syinix/App/Common/Model/BaseModel.class.php 第 224 行.
SQL: SELECT * FROM `ec_channel` WHERE `cid` = 0 LIMIT 1   [ RunTime:0.0003s ]
SQL: SHOW COLUMNS FROM `ec_goods_cats` [ RunTime:0.0007s ]
SQL: SHOW COLUMNS FROM `ec_ads` [ RunTime:0.0008s ]
SQL: SHOW COLUMNS FROM `ec_article_cats` [ RunTime:0.0007s ]
SQL: SHOW COLUMNS FROM `ec_goods` [ RunTime:0.0011s ]
SQL: SHOW COLUMNS FROM `ec_goods_cats` [ RunTime:0.0007s ]
SQL: SELECT * FROM `ec_goods_cats` WHERE ( catFlag=1 and parentId=0 )  [ RunTime:0.0004s ]
SQL: SELECT * FROM `ec_goods_cats` WHERE ( catFlag=1 and parentId=342 )  [ RunTime:0.0003s ]
SQL: SELECT * FROM `ec_goods_cats` WHERE ( catFlag=1 and parentId=343 )  [ RunTime:0.0002s ]
SQL: SELECT * FROM `ec_goods_cats` WHERE ( catFlag=1 and parentId=344 )  [ RunTime:0.0003s ]
SQL: SELECT * FROM `ec_goods_cats` WHERE ( catFlag=1 and parentId=345 )  [ RunTime:0.0002s ]
SQL: SELECT * FROM `ec_goods_cats` WHERE ( catFlag=1 and parentId=346 )  [ RunTime:0.0002s ]
SQL: SELECT * FROM `ec_goods_cats` WHERE ( catFlag=1 and parentId=347 )  [ RunTime:0.0002s ]
SQL: SELECT * FROM `ec_goods_cats` WHERE ( catFlag=1 and parentId=348 )  [ RunTime:0.0002s ]
SQL: SELECT * FROM `ec_goods_cats` WHERE ( catFlag=1 and parentId=357 )  [ RunTime:0.0002s ]
SQL: SHOW COLUMNS FROM `ec_article_cats` [ RunTime:0.0007s ]
SQL: SELECT * FROM `ec_article_cats` WHERE ( catFlag=1 and parentId=32 ) ORDER BY catSort asc,catId asc  [ RunTime:0.0003s ]
SQL: SHOW COLUMNS FROM `ec_ads` [ RunTime:0.0008s ]
SQL: SELECT * FROM `ec_ads` WHERE `adPositionId` = -1 ORDER BY adSort asc  [ RunTime:0.0004s ]
SQL: SHOW COLUMNS FROM `ec_goods` [ RunTime:0.0011s ]
SQL: SELECT * FROM `ec_goods` WHERE `goodsStatus` = 1 AND `goodsFlag` = 1 AND `isRecomm` = 1  [ RunTime:0.0005s ]
INFO: [ view_parse ] --START--
INFO: [ template_filter ] --START--
INFO: Run Behavior\ContentReplaceBehavior [ RunTime:0.000078s ]
INFO: [ template_filter ] --END-- [ RunTime:0.000119s ]
INFO: Run Behavior\ParseTemplateBehavior [ RunTime:0.018094s ]
INFO: [ view_parse ] --END-- [ RunTime:0.018135s ]
INFO: [ view_filter ] --START--
INFO: Run Behavior\WriteHtmlCacheBehavior [ RunTime:0.000118s ]
INFO: [ view_filter ] --END-- [ RunTime:0.000152s ]
INFO: [ app_end ] --START--
INFO: Run Behavior\ShowPageTraceBehavior [ RunTime:0.000357s ]
INFO: [ app_end ] --END-- [ RunTime:0.000400s ]

[ 2016-01-29T23:56:50+08:00 ] 159.8.94.69 /index.php
INFO: [ app_init ] --START--
INFO: Run Behavior\BuildLiteBehavior [ RunTime:0.000013s ]
INFO: [ app_init ] --END-- [ RunTime:0.000262s ]
INFO: [ app_begin ] --START--
INFO: Run Behavior\ReadHtmlCacheBehavior [ RunTime:0.000343s ]
INFO: [ app_begin ] --END-- [ RunTime:0.000382s ]
SQL: SHOW COLUMNS FROM `ec_channel` [ RunTime:0.0010s ]
SQL: SHOW COLUMNS FROM `ec_channel` [ RunTime:0.0008s ]
NOTIC: [8] Undefined index: modelType /userdata/www/syinix/App/Common/Model/BaseModel.class.php 第 206 行.
NOTIC: [8] Undefined index: field /userdata/www/syinix/App/Common/Model/BaseModel.class.php 第 224 行.
SQL: SELECT * FROM `ec_channel` WHERE `cid` = 0 LIMIT 1   [ RunTime:0.0003s ]
SQL: SHOW COLUMNS FROM `ec_goods_cats` [ RunTime:0.0007s ]
SQL: SHOW COLUMNS FROM `ec_ads` [ RunTime:0.0008s ]
SQL: SHOW COLUMNS FROM `ec_article_cats` [ RunTime:0.0007s ]
SQL: SHOW COLUMNS FROM `ec_goods` [ RunTime:0.0011s ]
SQL: SHOW COLUMNS FROM `ec_goods_cats` [ RunTime:0.0007s ]
SQL: SELECT * FROM `ec_goods_cats` WHERE ( catFlag=1 and parentId=0 )  [ RunTime:0.0004s ]
SQL: SELECT * FROM `ec_goods_cats` WHERE ( catFlag=1 and parentId=342 )  [ RunTime:0.0003s ]
SQL: SELECT * FROM `ec_goods_cats` WHERE ( catFlag=1 and parentId=343 )  [ RunTime:0.0002s ]
SQL: SELECT * FROM `ec_goods_cats` WHERE ( catFlag=1 and parentId=344 )  [ RunTime:0.0003s ]
SQL: SELECT * FROM `ec_goods_cats` WHERE ( catFlag=1 and parentId=345 )  [ RunTime:0.0002s ]
SQL: SELECT * FROM `ec_goods_cats` WHERE ( catFlag=1 and parentId=346 )  [ RunTime:0.0002s ]
SQL: SELECT * FROM `ec_goods_cats` WHERE ( catFlag=1 and parentId=347 )  [ RunTime:0.0002s ]
SQL: SELECT * FROM `ec_goods_cats` WHERE ( catFlag=1 and parentId=348 )  [ RunTime:0.0002s ]
SQL: SELECT * FROM `ec_goods_cats` WHERE ( catFlag=1 and parentId=357 )  [ RunTime:0.0002s ]
SQL: SHOW COLUMNS FROM `ec_article_cats` [ RunTime:0.0007s ]
SQL: SELECT * FROM `ec_article_cats` WHERE ( catFlag=1 and parentId=32 ) ORDER BY catSort asc,catId asc  [ RunTime:0.0003s ]
SQL: SHOW COLUMNS FROM `ec_ads` [ RunTime:0.0008s ]
SQL: SELECT * FROM `ec_ads` WHERE `adPositionId` = -1 ORDER BY adSort asc  [ RunTime:0.0004s ]
SQL: SHOW COLUMNS FROM `ec_goods` [ RunTime:0.0010s ]
SQL: SELECT * FROM `ec_goods` WHERE `goodsStatus` = 1 AND `goodsFlag` = 1 AND `isRecomm` = 1  [ RunTime:0.0005s ]
INFO: [ view_parse ] --START--
INFO: [ template_filter ] --START--
INFO: Run Behavior\ContentReplaceBehavior [ RunTime:0.000087s ]
INFO: [ template_filter ] --END-- [ RunTime:0.000129s ]
INFO: Run Behavior\ParseTemplateBehavior [ RunTime:0.018042s ]
INFO: [ view_parse ] --END-- [ RunTime:0.018082s ]
INFO: [ view_filter ] --START--
INFO: Run Behavior\WriteHtmlCacheBehavior [ RunTime:0.000117s ]
INFO: [ view_filter ] --END-- [ RunTime:0.000151s ]
INFO: [ app_end ] --START--
INFO: Run Behavior\ShowPageTraceBehavior [ RunTime:0.000356s ]
INFO: [ app_end ] --END-- [ RunTime:0.000406s ]

[ 2016-01-29T23:57:52+08:00 ] 159.8.94.69 /index.php
INFO: [ app_init ] --START--
INFO: Run Behavior\BuildLiteBehavior [ RunTime:0.000012s ]
INFO: [ app_init ] --END-- [ RunTime:0.000277s ]
INFO: [ app_begin ] --START--
INFO: Run Behavior\ReadHtmlCacheBehavior [ RunTime:0.000345s ]
INFO: [ app_begin ] --END-- [ RunTime:0.000383s ]
SQL: SHOW COLUMNS FROM `ec_channel` [ RunTime:0.0011s ]
SQL: SHOW COLUMNS FROM `ec_channel` [ RunTime:0.0008s ]
NOTIC: [8] Undefined index: modelType /userdata/www/syinix/App/Common/Model/BaseModel.class.php 第 206 行.
NOTIC: [8] Undefined index: field /userdata/www/syinix/App/Common/Model/BaseModel.class.php 第 224 行.
SQL: SELECT * FROM `ec_channel` WHERE `cid` = 0 LIMIT 1   [ RunTime:0.0003s ]
SQL: SHOW COLUMNS FROM `ec_goods_cats` [ RunTime:0.0007s ]
SQL: SHOW COLUMNS FROM `ec_ads` [ RunTime:0.0008s ]
SQL: SHOW COLUMNS FROM `ec_article_cats` [ RunTime:0.0007s ]
SQL: SHOW COLUMNS FROM `ec_goods` [ RunTime:0.0011s ]
SQL: SHOW COLUMNS FROM `ec_goods_cats` [ RunTime:0.0007s ]
SQL: SELECT * FROM `ec_goods_cats` WHERE ( catFlag=1 and parentId=0 )  [ RunTime:0.0004s ]
SQL: SELECT * FROM `ec_goods_cats` WHERE ( catFlag=1 and parentId=342 )  [ RunTime:0.0003s ]
SQL: SELECT * FROM `ec_goods_cats` WHERE ( catFlag=1 and parentId=343 )  [ RunTime:0.0002s ]
SQL: SELECT * FROM `ec_goods_cats` WHERE ( catFlag=1 and parentId=344 )  [ RunTime:0.0003s ]
SQL: SELECT * FROM `ec_goods_cats` WHERE ( catFlag=1 and parentId=345 )  [ RunTime:0.0003s ]
SQL: SELECT * FROM `ec_goods_cats` WHERE ( catFlag=1 and parentId=346 )  [ RunTime:0.0002s ]
SQL: SELECT * FROM `ec_goods_cats` WHERE ( catFlag=1 and parentId=347 )  [ RunTime:0.0002s ]
SQL: SELECT * FROM `ec_goods_cats` WHERE ( catFlag=1 and parentId=348 )  [ RunTime:0.0002s ]
SQL: SELECT * FROM `ec_goods_cats` WHERE ( catFlag=1 and parentId=357 )  [ RunTime:0.0002s ]
SQL: SHOW COLUMNS FROM `ec_article_cats` [ RunTime:0.0007s ]
SQL: SELECT * FROM `ec_article_cats` WHERE ( catFlag=1 and parentId=32 ) ORDER BY catSort asc,catId asc  [ RunTime:0.0003s ]
SQL: SHOW COLUMNS FROM `ec_ads` [ RunTime:0.0008s ]
SQL: SELECT * FROM `ec_ads` WHERE `adPositionId` = -1 ORDER BY adSort asc  [ RunTime:0.0004s ]
SQL: SHOW COLUMNS FROM `ec_goods` [ RunTime:0.0011s ]
SQL: SELECT * FROM `ec_goods` WHERE `goodsStatus` = 1 AND `goodsFlag` = 1 AND `isRecomm` = 1  [ RunTime:0.0005s ]
INFO: [ view_parse ] --START--
INFO: [ template_filter ] --START--
INFO: Run Behavior\ContentReplaceBehavior [ RunTime:0.000078s ]
INFO: [ template_filter ] --END-- [ RunTime:0.000120s ]
INFO: Run Behavior\ParseTemplateBehavior [ RunTime:0.018192s ]
INFO: [ view_parse ] --END-- [ RunTime:0.018233s ]
INFO: [ view_filter ] --START--
INFO: Run Behavior\WriteHtmlCacheBehavior [ RunTime:0.000120s ]
INFO: [ view_filter ] --END-- [ RunTime:0.000154s ]
INFO: [ app_end ] --START--
INFO: Run Behavior\ShowPageTraceBehavior [ RunTime:0.000353s ]
INFO: [ app_end ] --END-- [ RunTime:0.000402s ]

[ 2016-01-29T23:58:54+08:00 ] 159.8.94.69 /index.php
INFO: [ app_init ] --START--
INFO: Run Behavior\BuildLiteBehavior [ RunTime:0.000013s ]
INFO: [ app_init ] --END-- [ RunTime:0.000275s ]
INFO: [ app_begin ] --START--
INFO: Run Behavior\ReadHtmlCacheBehavior [ RunTime:0.000341s ]
INFO: [ app_begin ] --END-- [ RunTime:0.000380s ]
SQL: SHOW COLUMNS FROM `ec_channel` [ RunTime:0.0010s ]
SQL: SHOW COLUMNS FROM `ec_channel` [ RunTime:0.0008s ]
NOTIC: [8] Undefined index: modelType /userdata/www/syinix/App/Common/Model/BaseModel.class.php 第 206 行.
NOTIC: [8] Undefined index: field /userdata/www/syinix/App/Common/Model/BaseModel.class.php 第 224 行.
SQL: SELECT * FROM `ec_channel` WHERE `cid` = 0 LIMIT 1   [ RunTime:0.0003s ]
SQL: SHOW COLUMNS FROM `ec_goods_cats` [ RunTime:0.0007s ]
SQL: SHOW COLUMNS FROM `ec_ads` [ RunTime:0.0008s ]
SQL: SHOW COLUMNS FROM `ec_article_cats` [ RunTime:0.0007s ]
SQL: SHOW COLUMNS FROM `ec_goods` [ RunTime:0.0011s ]
SQL: SHOW COLUMNS FROM `ec_goods_cats` [ RunTime:0.0007s ]
SQL: SELECT * FROM `ec_goods_cats` WHERE ( catFlag=1 and parentId=0 )  [ RunTime:0.0004s ]
SQL: SELECT * FROM `ec_goods_cats` WHERE ( catFlag=1 and parentId=342 )  [ RunTime:0.0003s ]
SQL: SELECT * FROM `ec_goods_cats` WHERE ( catFlag=1 and parentId=343 )  [ RunTime:0.0003s ]
SQL: SELECT * FROM `ec_goods_cats` WHERE ( catFlag=1 and parentId=344 )  [ RunTime:0.0003s ]
SQL: SELECT * FROM `ec_goods_cats` WHERE ( catFlag=1 and parentId=345 )  [ RunTime:0.0002s ]
SQL: SELECT * FROM `ec_goods_cats` WHERE ( catFlag=1 and parentId=346 )  [ RunTime:0.0003s ]
SQL: SELECT * FROM `ec_goods_cats` WHERE ( catFlag=1 and parentId=347 )  [ RunTime:0.0002s ]
SQL: SELECT * FROM `ec_goods_cats` WHERE ( catFlag=1 and parentId=348 )  [ RunTime:0.0002s ]
SQL: SELECT * FROM `ec_goods_cats` WHERE ( catFlag=1 and parentId=357 )  [ RunTime:0.0002s ]
SQL: SHOW COLUMNS FROM `ec_article_cats` [ RunTime:0.0007s ]
SQL: SELECT * FROM `ec_article_cats` WHERE ( catFlag=1 and parentId=32 ) ORDER BY catSort asc,catId asc  [ RunTime:0.0003s ]
SQL: SHOW COLUMNS FROM `ec_ads` [ RunTime:0.0008s ]
SQL: SELECT * FROM `ec_ads` WHERE `adPositionId` = -1 ORDER BY adSort asc  [ RunTime:0.0004s ]
SQL: SHOW COLUMNS FROM `ec_goods` [ RunTime:0.0010s ]
SQL: SELECT * FROM `ec_goods` WHERE `goodsStatus` = 1 AND `goodsFlag` = 1 AND `isRecomm` = 1  [ RunTime:0.0005s ]
INFO: [ view_parse ] --START--
INFO: [ template_filter ] --START--
INFO: Run Behavior\ContentReplaceBehavior [ RunTime:0.000077s ]
INFO: [ template_filter ] --END-- [ RunTime:0.000118s ]
INFO: Run Behavior\ParseTemplateBehavior [ RunTime:0.018092s ]
INFO: [ view_parse ] --END-- [ RunTime:0.018132s ]
INFO: [ view_filter ] --START--
INFO: Run Behavior\WriteHtmlCacheBehavior [ RunTime:0.000118s ]
INFO: [ view_filter ] --END-- [ RunTime:0.000152s ]
INFO: [ app_end ] --START--
INFO: Run Behavior\ShowPageTraceBehavior [ RunTime:0.000373s ]
INFO: [ app_end ] --END-- [ RunTime:0.000419s ]

[ 2016-01-29T23:59:56+08:00 ] 159.8.94.69 /index.php
INFO: [ app_init ] --START--
INFO: Run Behavior\BuildLiteBehavior [ RunTime:0.000012s ]
INFO: [ app_init ] --END-- [ RunTime:0.000265s ]
INFO: [ app_begin ] --START--
INFO: Run Behavior\ReadHtmlCacheBehavior [ RunTime:0.000346s ]
INFO: [ app_begin ] --END-- [ RunTime:0.000384s ]
SQL: SHOW COLUMNS FROM `ec_channel` [ RunTime:0.0011s ]
SQL: SHOW COLUMNS FROM `ec_channel` [ RunTime:0.0008s ]
NOTIC: [8] Undefined index: modelType /userdata/www/syinix/App/Common/Model/BaseModel.class.php 第 206 行.
NOTIC: [8] Undefined index: field /userdata/www/syinix/App/Common/Model/BaseModel.class.php 第 224 行.
SQL: SELECT * FROM `ec_channel` WHERE `cid` = 0 LIMIT 1   [ RunTime:0.0003s ]
SQL: SHOW COLUMNS FROM `ec_goods_cats` [ RunTime:0.0007s ]
SQL: SHOW COLUMNS FROM `ec_ads` [ RunTime:0.0008s ]
SQL: SHOW COLUMNS FROM `ec_article_cats` [ RunTime:0.0007s ]
SQL: SHOW COLUMNS FROM `ec_goods` [ RunTime:0.0011s ]
SQL: SHOW COLUMNS FROM `ec_goods_cats` [ RunTime:0.0007s ]
SQL: SELECT * FROM `ec_goods_cats` WHERE ( catFlag=1 and parentId=0 )  [ RunTime:0.0004s ]
SQL: SELECT * FROM `ec_goods_cats` WHERE ( catFlag=1 and parentId=342 )  [ RunTime:0.0003s ]
SQL: SELECT * FROM `ec_goods_cats` WHERE ( catFlag=1 and parentId=343 )  [ RunTime:0.0002s ]
SQL: SELECT * FROM `ec_goods_cats` WHERE ( catFlag=1 and parentId=344 )  [ RunTime:0.0003s ]
SQL: SELECT * FROM `ec_goods_cats` WHERE ( catFlag=1 and parentId=345 )  [ RunTime:0.0002s ]
SQL: SELECT * FROM `ec_goods_cats` WHERE ( catFlag=1 and parentId=346 )  [ RunTime:0.0002s ]
SQL: SELECT * FROM `ec_goods_cats` WHERE ( catFlag=1 and parentId=347 )  [ RunTime:0.0002s ]
SQL: SELECT * FROM `ec_goods_cats` WHERE ( catFlag=1 and parentId=348 )  [ RunTime:0.0002s ]
SQL: SELECT * FROM `ec_goods_cats` WHERE ( catFlag=1 and parentId=357 )  [ RunTime:0.0002s ]
SQL: SHOW COLUMNS FROM `ec_article_cats` [ RunTime:0.0007s ]
SQL: SELECT * FROM `ec_article_cats` WHERE ( catFlag=1 and parentId=32 ) ORDER BY catSort asc,catId asc  [ RunTime:0.0003s ]
SQL: SHOW COLUMNS FROM `ec_ads` [ RunTime:0.0008s ]
SQL: SELECT * FROM `ec_ads` WHERE `adPositionId` = -1 ORDER BY adSort asc  [ RunTime:0.0004s ]
SQL: SHOW COLUMNS FROM `ec_goods` [ RunTime:0.0010s ]
SQL: SELECT * FROM `ec_goods` WHERE `goodsStatus` = 1 AND `goodsFlag` = 1 AND `isRecomm` = 1  [ RunTime:0.0005s ]
INFO: [ view_parse ] --START--
INFO: [ template_filter ] --START--
INFO: Run Behavior\ContentReplaceBehavior [ RunTime:0.000078s ]
INFO: [ template_filter ] --END-- [ RunTime:0.000120s ]
INFO: Run Behavior\ParseTemplateBehavior [ RunTime:0.018118s ]
INFO: [ view_parse ] --END-- [ RunTime:0.018159s ]
INFO: [ view_filter ] --START--
INFO: Run Behavior\WriteHtmlCacheBehavior [ RunTime:0.000119s ]
INFO: [ view_filter ] --END-- [ RunTime:0.000153s ]
INFO: [ app_end ] --START--
INFO: Run Behavior\ShowPageTraceBehavior [ RunTime:0.000363s ]
INFO: [ app_end ] --END-- [ RunTime:0.000403s ]

